{"context":"NestFactory","level":"info","message":"Starting Nest application...","timestamp":"2025-10-09T10:12:46.640Z"}
{"context":"InstanceLoader","level":"info","message":"AppModule dependencies initialized","timestamp":"2025-10-09T10:12:46.670Z"}
{"context":"InstanceLoader","level":"info","message":"MongooseModule dependencies initialized","timestamp":"2025-10-09T10:12:46.671Z"}
{"context":"InstanceLoader","level":"info","message":"PassportModule dependencies initialized","timestamp":"2025-10-09T10:12:46.672Z"}
{"context":"InstanceLoader","level":"info","message":"HttpModule dependencies initialized","timestamp":"2025-10-09T10:12:46.673Z"}
{"context":"InstanceLoader","level":"info","message":"ConfigHostModule dependencies initialized","timestamp":"2025-10-09T10:12:46.674Z"}
{"context":"InstanceLoader","level":"info","message":"ServeStaticModule dependencies initialized","timestamp":"2025-10-09T10:12:46.675Z"}
{"context":"InstanceLoader","level":"info","message":"ConfigModule dependencies initialized","timestamp":"2025-10-09T10:12:46.676Z"}
{"context":"InstanceLoader","level":"info","message":"ConfigModule dependencies initialized","timestamp":"2025-10-09T10:12:46.677Z"}
{"context":"InstanceLoader","level":"info","message":"JwtModule dependencies initialized","timestamp":"2025-10-09T10:12:46.718Z"}
{"context":"InstanceLoader","level":"info","message":"MongooseCoreModule dependencies initialized","timestamp":"2025-10-09T10:12:46.738Z"}
{"context":"InstanceLoader","level":"info","message":"MongooseModule dependencies initialized","timestamp":"2025-10-09T10:12:46.772Z"}
{"context":"InstanceLoader","level":"info","message":"MongooseModule dependencies initialized","timestamp":"2025-10-09T10:12:46.773Z"}
{"context":"InstanceLoader","level":"info","message":"MongooseModule dependencies initialized","timestamp":"2025-10-09T10:12:46.774Z"}
{"context":"InstanceLoader","level":"info","message":"MenuModule dependencies initialized","timestamp":"2025-10-09T10:12:46.780Z"}
{"context":"InstanceLoader","level":"info","message":"OrderModule dependencies initialized","timestamp":"2025-10-09T10:12:46.784Z"}
{"context":"InstanceLoader","level":"info","message":"UserModule dependencies initialized","timestamp":"2025-10-09T10:12:46.790Z"}
{"context":"RoutesResolver","level":"info","message":"MenuController {/menu}:","timestamp":"2025-10-09T10:12:46.806Z"}
{"context":"RouterExplorer","level":"info","message":"Mapped {/menu, GET} route","timestamp":"2025-10-09T10:12:46.812Z"}
{"context":"RoutesResolver","level":"info","message":"OrderController {/order}:","timestamp":"2025-10-09T10:12:46.813Z"}
{"context":"RouterExplorer","level":"info","message":"Mapped {/order, POST} route","timestamp":"2025-10-09T10:12:46.815Z"}
{"context":"RoutesResolver","level":"info","message":"UserController {/user}:","timestamp":"2025-10-09T10:12:46.815Z"}
{"context":"RouterExplorer","level":"info","message":"Mapped {/user/register, POST} route","timestamp":"2025-10-09T10:12:46.817Z"}
{"context":"RouterExplorer","level":"info","message":"Mapped {/user/login, POST} route","timestamp":"2025-10-09T10:12:46.817Z"}
{"context":"RouterExplorer","level":"info","message":"Mapped {/user/profile, GET} route","timestamp":"2025-10-09T10:12:46.820Z"}
{"context":"NestApplication","level":"info","message":"Nest application successfully started","timestamp":"2025-10-09T10:12:46.827Z"}
{"level":"info","message":"Application is running on: http://[::1]:3001","timestamp":"2025-10-09T10:12:46.841Z"}
{"context":"ExceptionsHandler","level":"error","message":"ENOENT: no such file or directory, stat 'D:\\Code\\react\\resto-qrcode-backend\\public\\index.html'","stack":["Error: ENOENT: no such file or directory, stat 'D:\\Code\\react\\resto-qrcode-backend\\public\\index.html'"],"timestamp":"2025-10-09T10:18:07.848Z"}
{"context":"ExceptionsHandler","level":"error","message":"ENOENT: no such file or directory, stat 'D:\\Code\\react\\resto-qrcode-backend\\public\\index.html'","stack":["Error: ENOENT: no such file or directory, stat 'D:\\Code\\react\\resto-qrcode-backend\\public\\index.html'"],"timestamp":"2025-10-09T10:18:07.864Z"}
{"context":"ExceptionsHandler","level":"error","message":"ENOENT: no such file or directory, stat 'D:\\Code\\react\\resto-qrcode-backend\\public\\index.html'","stack":["Error: ENOENT: no such file or directory, stat 'D:\\Code\\react\\resto-qrcode-backend\\public\\index.html'"],"timestamp":"2025-10-09T10:18:23.916Z"}
{"context":"ExceptionsHandler","level":"error","message":"ENOENT: no such file or directory, stat 'D:\\Code\\react\\resto-qrcode-backend\\public\\index.html'","stack":["Error: ENOENT: no such file or directory, stat 'D:\\Code\\react\\resto-qrcode-backend\\public\\index.html'"],"timestamp":"2025-10-09T10:18:23.924Z"}
{"context":"ExceptionsHandler","level":"error","message":"ENOENT: no such file or directory, stat 'D:\\Code\\react\\resto-qrcode-backend\\public\\index.html'","stack":["Error: ENOENT: no such file or directory, stat 'D:\\Code\\react\\resto-qrcode-backend\\public\\index.html'"],"timestamp":"2025-10-09T10:25:57.688Z"}
{"context":"ExceptionsHandler","level":"error","message":"ENOENT: no such file or directory, stat 'D:\\Code\\react\\resto-qrcode-backend\\public\\index.html'","stack":["Error: ENOENT: no such file or directory, stat 'D:\\Code\\react\\resto-qrcode-backend\\public\\index.html'"],"timestamp":"2025-10-09T10:25:57.702Z"}
{"context":"ExceptionsHandler","level":"error","message":"ENOENT: no such file or directory, stat 'D:\\Code\\react\\resto-qrcode-backend\\public\\index.html'","stack":["Error: ENOENT: no such file or directory, stat 'D:\\Code\\react\\resto-qrcode-backend\\public\\index.html'"],"timestamp":"2025-10-09T10:26:04.928Z"}
{"context":"ExceptionsHandler","level":"error","message":"ENOENT: no such file or directory, stat 'D:\\Code\\react\\resto-qrcode-backend\\public\\index.html'","stack":["Error: ENOENT: no such file or directory, stat 'D:\\Code\\react\\resto-qrcode-backend\\public\\index.html'"],"timestamp":"2025-10-09T10:26:08.873Z"}
{"context":"ExceptionsHandler","level":"error","message":"ENOENT: no such file or directory, stat 'D:\\Code\\react\\resto-qrcode-backend\\public\\index.html'","stack":["Error: ENOENT: no such file or directory, stat 'D:\\Code\\react\\resto-qrcode-backend\\public\\index.html'"],"timestamp":"2025-10-09T10:27:28.515Z"}
{"context":"NestFactory","level":"info","message":"Starting Nest application...","timestamp":"2025-10-09T10:27:56.690Z"}
{"context":"InstanceLoader","level":"info","message":"AppModule dependencies initialized","timestamp":"2025-10-09T10:27:56.722Z"}
{"context":"InstanceLoader","level":"info","message":"MongooseModule dependencies initialized","timestamp":"2025-10-09T10:27:56.724Z"}
{"context":"InstanceLoader","level":"info","message":"PassportModule dependencies initialized","timestamp":"2025-10-09T10:27:56.725Z"}
{"context":"InstanceLoader","level":"info","message":"HttpModule dependencies initialized","timestamp":"2025-10-09T10:27:56.726Z"}
{"context":"InstanceLoader","level":"info","message":"ConfigHostModule dependencies initialized","timestamp":"2025-10-09T10:27:56.727Z"}
{"context":"InstanceLoader","level":"info","message":"ServeStaticModule dependencies initialized","timestamp":"2025-10-09T10:27:56.728Z"}
{"context":"InstanceLoader","level":"info","message":"ConfigModule dependencies initialized","timestamp":"2025-10-09T10:27:56.729Z"}
{"context":"InstanceLoader","level":"info","message":"ConfigModule dependencies initialized","timestamp":"2025-10-09T10:27:56.732Z"}
{"context":"InstanceLoader","level":"info","message":"JwtModule dependencies initialized","timestamp":"2025-10-09T10:27:56.784Z"}
{"context":"InstanceLoader","level":"info","message":"MongooseCoreModule dependencies initialized","timestamp":"2025-10-09T10:27:56.812Z"}
{"context":"InstanceLoader","level":"info","message":"MongooseModule dependencies initialized","timestamp":"2025-10-09T10:27:56.827Z"}
{"context":"InstanceLoader","level":"info","message":"MongooseModule dependencies initialized","timestamp":"2025-10-09T10:27:56.828Z"}
{"context":"InstanceLoader","level":"info","message":"MongooseModule dependencies initialized","timestamp":"2025-10-09T10:27:56.830Z"}
{"context":"InstanceLoader","level":"info","message":"MenuModule dependencies initialized","timestamp":"2025-10-09T10:27:56.832Z"}
{"context":"InstanceLoader","level":"info","message":"OrderModule dependencies initialized","timestamp":"2025-10-09T10:27:56.833Z"}
{"context":"InstanceLoader","level":"info","message":"UserModule dependencies initialized","timestamp":"2025-10-09T10:27:56.835Z"}
{"context":"RoutesResolver","level":"info","message":"MenuController {/menu}:","timestamp":"2025-10-09T10:27:56.847Z"}
{"context":"RouterExplorer","level":"info","message":"Mapped {/menu, GET} route","timestamp":"2025-10-09T10:27:56.853Z"}
{"context":"RoutesResolver","level":"info","message":"OrderController {/order}:","timestamp":"2025-10-09T10:27:56.854Z"}
{"context":"RouterExplorer","level":"info","message":"Mapped {/order, POST} route","timestamp":"2025-10-09T10:27:56.856Z"}
{"context":"RoutesResolver","level":"info","message":"UserController {/user}:","timestamp":"2025-10-09T10:27:56.857Z"}
{"context":"RouterExplorer","level":"info","message":"Mapped {/user/register, POST} route","timestamp":"2025-10-09T10:27:56.859Z"}
{"context":"RouterExplorer","level":"info","message":"Mapped {/user/login, POST} route","timestamp":"2025-10-09T10:27:56.867Z"}
{"context":"RouterExplorer","level":"info","message":"Mapped {/user/profile, GET} route","timestamp":"2025-10-09T10:27:56.869Z"}
{"context":"NestApplication","level":"info","message":"Nest application successfully started","timestamp":"2025-10-09T10:27:56.877Z"}
{"level":"info","message":"Application is running on: http://[::1]:3001","timestamp":"2025-10-09T10:27:56.892Z"}
{"context":"ExceptionsHandler","level":"error","message":"ENOENT: no such file or directory, stat 'D:\\Code\\react\\resto-qrcode-backend\\public\\index.html'","stack":["Error: ENOENT: no such file or directory, stat 'D:\\Code\\react\\resto-qrcode-backend\\public\\index.html'"],"timestamp":"2025-10-09T10:27:56.987Z"}
{"context":"ExceptionsHandler","level":"error","message":"ENOENT: no such file or directory, stat 'D:\\Code\\react\\resto-qrcode-backend\\public\\index.html'","stack":["Error: ENOENT: no such file or directory, stat 'D:\\Code\\react\\resto-qrcode-backend\\public\\index.html'"],"timestamp":"2025-10-09T10:28:25.058Z"}
{"context":"ExceptionsHandler","level":"error","message":"ENOENT: no such file or directory, stat 'D:\\Code\\react\\resto-qrcode-backend\\public\\index.html'","stack":["Error: ENOENT: no such file or directory, stat 'D:\\Code\\react\\resto-qrcode-backend\\public\\index.html'"],"timestamp":"2025-10-09T10:28:57.149Z"}
{"context":"ExceptionsHandler","level":"error","message":"ENOENT: no such file or directory, stat 'D:\\Code\\react\\resto-qrcode-backend\\public\\index.html'","stack":["Error: ENOENT: no such file or directory, stat 'D:\\Code\\react\\resto-qrcode-backend\\public\\index.html'"],"timestamp":"2025-10-09T10:28:57.338Z"}
{"context":"ExceptionsHandler","level":"error","message":"ENOENT: no such file or directory, stat 'D:\\Code\\react\\resto-qrcode-backend\\public\\index.html'","stack":["Error: ENOENT: no such file or directory, stat 'D:\\Code\\react\\resto-qrcode-backend\\public\\index.html'"],"timestamp":"2025-10-09T10:32:37.745Z"}
{"context":"NestFactory","level":"info","message":"Starting Nest application...","timestamp":"2025-10-09T10:35:18.069Z"}
{"context":"InstanceLoader","level":"info","message":"AppModule dependencies initialized","timestamp":"2025-10-09T10:35:18.110Z"}
{"context":"InstanceLoader","level":"info","message":"MongooseModule dependencies initialized","timestamp":"2025-10-09T10:35:18.113Z"}
{"context":"InstanceLoader","level":"info","message":"PassportModule dependencies initialized","timestamp":"2025-10-09T10:35:18.114Z"}
{"context":"InstanceLoader","level":"info","message":"HttpModule dependencies initialized","timestamp":"2025-10-09T10:35:18.115Z"}
{"context":"InstanceLoader","level":"info","message":"ConfigHostModule dependencies initialized","timestamp":"2025-10-09T10:35:18.117Z"}
{"context":"InstanceLoader","level":"info","message":"ServeStaticModule dependencies initialized","timestamp":"2025-10-09T10:35:18.119Z"}
{"context":"InstanceLoader","level":"info","message":"ConfigModule dependencies initialized","timestamp":"2025-10-09T10:35:18.119Z"}
{"context":"InstanceLoader","level":"info","message":"ConfigModule dependencies initialized","timestamp":"2025-10-09T10:35:18.121Z"}
{"context":"InstanceLoader","level":"info","message":"JwtModule dependencies initialized","timestamp":"2025-10-09T10:35:18.164Z"}
{"context":"InstanceLoader","level":"info","message":"MongooseCoreModule dependencies initialized","timestamp":"2025-10-09T10:35:18.191Z"}
{"context":"InstanceLoader","level":"info","message":"MongooseModule dependencies initialized","timestamp":"2025-10-09T10:35:18.210Z"}
{"context":"InstanceLoader","level":"info","message":"MongooseModule dependencies initialized","timestamp":"2025-10-09T10:35:18.211Z"}
{"context":"InstanceLoader","level":"info","message":"MongooseModule dependencies initialized","timestamp":"2025-10-09T10:35:18.212Z"}
{"context":"InstanceLoader","level":"info","message":"MenuModule dependencies initialized","timestamp":"2025-10-09T10:35:18.215Z"}
{"context":"InstanceLoader","level":"info","message":"OrderModule dependencies initialized","timestamp":"2025-10-09T10:35:18.216Z"}
{"context":"InstanceLoader","level":"info","message":"UserModule dependencies initialized","timestamp":"2025-10-09T10:35:18.218Z"}
{"context":"RoutesResolver","level":"info","message":"MenuController {/menu}:","timestamp":"2025-10-09T10:35:18.228Z"}
{"context":"RouterExplorer","level":"info","message":"Mapped {/menu, GET} route","timestamp":"2025-10-09T10:35:18.231Z"}
{"context":"RoutesResolver","level":"info","message":"OrderController {/order}:","timestamp":"2025-10-09T10:35:18.231Z"}
{"context":"RouterExplorer","level":"info","message":"Mapped {/order, POST} route","timestamp":"2025-10-09T10:35:18.232Z"}
{"context":"RoutesResolver","level":"info","message":"UserController {/user}:","timestamp":"2025-10-09T10:35:18.233Z"}
{"context":"RouterExplorer","level":"info","message":"Mapped {/user/register, POST} route","timestamp":"2025-10-09T10:35:18.237Z"}
{"context":"RouterExplorer","level":"info","message":"Mapped {/user/login, POST} route","timestamp":"2025-10-09T10:35:18.240Z"}
{"context":"RouterExplorer","level":"info","message":"Mapped {/user/profile, GET} route","timestamp":"2025-10-09T10:35:18.243Z"}
{"context":"NestApplication","level":"info","message":"Nest application successfully started","timestamp":"2025-10-09T10:35:18.252Z"}
{"level":"info","message":"Application is running on: http://[::1]:3001","timestamp":"2025-10-09T10:35:18.262Z"}
{"context":"ExceptionsHandler","level":"error","message":"ENOENT: no such file or directory, stat 'D:\\Code\\react\\resto-qrcode-backend\\public\\index.html'","stack":["Error: ENOENT: no such file or directory, stat 'D:\\Code\\react\\resto-qrcode-backend\\public\\index.html'"],"timestamp":"2025-10-09T10:35:36.641Z"}
{"context":"ExceptionsHandler","level":"error","message":"ENOENT: no such file or directory, stat 'D:\\Code\\react\\resto-qrcode-backend\\public\\index.html'","stack":["Error: ENOENT: no such file or directory, stat 'D:\\Code\\react\\resto-qrcode-backend\\public\\index.html'"],"timestamp":"2025-10-09T10:35:44.152Z"}
{"context":"ExceptionsHandler","level":"error","message":"ENOENT: no such file or directory, stat 'D:\\Code\\react\\resto-qrcode-backend\\public\\index.html'","stack":["Error: ENOENT: no such file or directory, stat 'D:\\Code\\react\\resto-qrcode-backend\\public\\index.html'"],"timestamp":"2025-10-09T10:37:02.413Z"}
{"context":"NestFactory","level":"info","message":"Starting Nest application...","timestamp":"2025-10-09T10:38:11.962Z"}
{"context":"InstanceLoader","level":"info","message":"AppModule dependencies initialized","timestamp":"2025-10-09T10:38:11.989Z"}
{"context":"InstanceLoader","level":"info","message":"MongooseModule dependencies initialized","timestamp":"2025-10-09T10:38:11.991Z"}
{"context":"InstanceLoader","level":"info","message":"PassportModule dependencies initialized","timestamp":"2025-10-09T10:38:11.992Z"}
{"context":"InstanceLoader","level":"info","message":"HttpModule dependencies initialized","timestamp":"2025-10-09T10:38:11.993Z"}
{"context":"InstanceLoader","level":"info","message":"ConfigHostModule dependencies initialized","timestamp":"2025-10-09T10:38:11.994Z"}
{"context":"InstanceLoader","level":"info","message":"ServeStaticModule dependencies initialized","timestamp":"2025-10-09T10:38:11.994Z"}
{"context":"InstanceLoader","level":"info","message":"ConfigModule dependencies initialized","timestamp":"2025-10-09T10:38:11.995Z"}
{"context":"InstanceLoader","level":"info","message":"ConfigModule dependencies initialized","timestamp":"2025-10-09T10:38:11.996Z"}
{"context":"InstanceLoader","level":"info","message":"JwtModule dependencies initialized","timestamp":"2025-10-09T10:38:12.038Z"}
{"context":"InstanceLoader","level":"info","message":"MongooseCoreModule dependencies initialized","timestamp":"2025-10-09T10:38:12.059Z"}
{"context":"InstanceLoader","level":"info","message":"MongooseModule dependencies initialized","timestamp":"2025-10-09T10:38:12.068Z"}
{"context":"InstanceLoader","level":"info","message":"MongooseModule dependencies initialized","timestamp":"2025-10-09T10:38:12.069Z"}
{"context":"InstanceLoader","level":"info","message":"MongooseModule dependencies initialized","timestamp":"2025-10-09T10:38:12.070Z"}
{"context":"InstanceLoader","level":"info","message":"MenuModule dependencies initialized","timestamp":"2025-10-09T10:38:12.072Z"}
{"context":"InstanceLoader","level":"info","message":"OrderModule dependencies initialized","timestamp":"2025-10-09T10:38:12.073Z"}
{"context":"InstanceLoader","level":"info","message":"UserModule dependencies initialized","timestamp":"2025-10-09T10:38:12.074Z"}
{"context":"RoutesResolver","level":"info","message":"MenuController {/menu}:","timestamp":"2025-10-09T10:38:12.084Z"}
{"context":"RouterExplorer","level":"info","message":"Mapped {/menu, GET} route","timestamp":"2025-10-09T10:38:12.090Z"}
{"context":"RoutesResolver","level":"info","message":"OrderController {/order}:","timestamp":"2025-10-09T10:38:12.091Z"}
{"context":"RouterExplorer","level":"info","message":"Mapped {/order, POST} route","timestamp":"2025-10-09T10:38:12.093Z"}
{"context":"RouterExplorer","level":"info","message":"Mapped {/order/:year/:month, GET} route","timestamp":"2025-10-09T10:38:12.094Z"}
{"context":"RoutesResolver","level":"info","message":"UserController {/user}:","timestamp":"2025-10-09T10:38:12.094Z"}
{"context":"RouterExplorer","level":"info","message":"Mapped {/user/register, POST} route","timestamp":"2025-10-09T10:38:12.095Z"}
{"context":"RouterExplorer","level":"info","message":"Mapped {/user/login, POST} route","timestamp":"2025-10-09T10:38:12.096Z"}
{"context":"RouterExplorer","level":"info","message":"Mapped {/user/profile, GET} route","timestamp":"2025-10-09T10:38:12.097Z"}
{"context":"NestApplication","level":"info","message":"Nest application successfully started","timestamp":"2025-10-09T10:38:12.101Z"}
{"level":"info","message":"Application is running on: http://[::1]:3001","timestamp":"2025-10-09T10:38:12.113Z"}
{"context":"OrderService","level":"info","message":"Searching for orders between 2025-09-30T17:00:00.000Z and 2025-10-31T17:00:00.000Z","timestamp":"2025-10-09T10:38:57.478Z"}
{"context":"OrderService","level":"info","message":"Searching for orders between 2025-09-30T17:00:00.000Z and 2025-10-31T17:00:00.000Z","timestamp":"2025-10-09T10:40:59.263Z"}
{"context":"NestFactory","level":"info","message":"Starting Nest application...","timestamp":"2025-10-09T10:41:41.712Z"}
{"context":"InstanceLoader","level":"info","message":"AppModule dependencies initialized","timestamp":"2025-10-09T10:41:41.745Z"}
{"context":"InstanceLoader","level":"info","message":"MongooseModule dependencies initialized","timestamp":"2025-10-09T10:41:41.747Z"}
{"context":"InstanceLoader","level":"info","message":"PassportModule dependencies initialized","timestamp":"2025-10-09T10:41:41.748Z"}
{"context":"InstanceLoader","level":"info","message":"HttpModule dependencies initialized","timestamp":"2025-10-09T10:41:41.749Z"}
{"context":"InstanceLoader","level":"info","message":"ConfigHostModule dependencies initialized","timestamp":"2025-10-09T10:41:41.750Z"}
{"context":"InstanceLoader","level":"info","message":"ServeStaticModule dependencies initialized","timestamp":"2025-10-09T10:41:41.751Z"}
{"context":"InstanceLoader","level":"info","message":"ConfigModule dependencies initialized","timestamp":"2025-10-09T10:41:41.751Z"}
{"context":"InstanceLoader","level":"info","message":"ConfigModule dependencies initialized","timestamp":"2025-10-09T10:41:41.752Z"}
{"context":"InstanceLoader","level":"info","message":"JwtModule dependencies initialized","timestamp":"2025-10-09T10:41:41.788Z"}
{"context":"InstanceLoader","level":"info","message":"MongooseCoreModule dependencies initialized","timestamp":"2025-10-09T10:41:41.814Z"}
{"context":"InstanceLoader","level":"info","message":"MongooseModule dependencies initialized","timestamp":"2025-10-09T10:41:41.824Z"}
{"context":"InstanceLoader","level":"info","message":"MongooseModule dependencies initialized","timestamp":"2025-10-09T10:41:41.825Z"}
{"context":"InstanceLoader","level":"info","message":"MongooseModule dependencies initialized","timestamp":"2025-10-09T10:41:41.825Z"}
{"context":"InstanceLoader","level":"info","message":"MenuModule dependencies initialized","timestamp":"2025-10-09T10:41:41.826Z"}
{"context":"InstanceLoader","level":"info","message":"OrderModule dependencies initialized","timestamp":"2025-10-09T10:41:41.827Z"}
{"context":"InstanceLoader","level":"info","message":"UserModule dependencies initialized","timestamp":"2025-10-09T10:41:41.828Z"}
{"context":"RoutesResolver","level":"info","message":"MenuController {/menu}:","timestamp":"2025-10-09T10:41:41.834Z"}
{"context":"RouterExplorer","level":"info","message":"Mapped {/menu, GET} route","timestamp":"2025-10-09T10:41:41.841Z"}
{"context":"RoutesResolver","level":"info","message":"OrderController {/order}:","timestamp":"2025-10-09T10:41:41.841Z"}
{"context":"RouterExplorer","level":"info","message":"Mapped {/order, POST} route","timestamp":"2025-10-09T10:41:41.843Z"}
{"context":"RouterExplorer","level":"info","message":"Mapped {/order/:year/:month, GET} route","timestamp":"2025-10-09T10:41:41.844Z"}
{"context":"RoutesResolver","level":"info","message":"UserController {/user}:","timestamp":"2025-10-09T10:41:41.844Z"}
{"context":"RouterExplorer","level":"info","message":"Mapped {/user/register, POST} route","timestamp":"2025-10-09T10:41:41.845Z"}
{"context":"RouterExplorer","level":"info","message":"Mapped {/user/login, POST} route","timestamp":"2025-10-09T10:41:41.845Z"}
{"context":"RouterExplorer","level":"info","message":"Mapped {/user/profile, GET} route","timestamp":"2025-10-09T10:41:41.846Z"}
{"context":"NestApplication","level":"info","message":"Nest application successfully started","timestamp":"2025-10-09T10:41:41.851Z"}
{"level":"info","message":"Application is running on: http://[::1]:3001","timestamp":"2025-10-09T10:41:41.863Z"}
