{"context":"NestFactory","level":"info","message":"Starting Nest application...","timestamp":"2025-10-29T10:33:43.972Z"}
{"context":"InstanceLoader","level":"info","message":"AppModule dependencies initialized","timestamp":"2025-10-29T10:33:44.024Z"}
{"context":"InstanceLoader","level":"info","message":"MongooseModule dependencies initialized","timestamp":"2025-10-29T10:33:44.026Z"}
{"context":"InstanceLoader","level":"info","message":"PassportModule dependencies initialized","timestamp":"2025-10-29T10:33:44.028Z"}
{"context":"InstanceLoader","level":"info","message":"ConfigHostModule dependencies initialized","timestamp":"2025-10-29T10:33:44.031Z"}
{"context":"InstanceLoader","level":"info","message":"HttpModule dependencies initialized","timestamp":"2025-10-29T10:33:44.032Z"}
{"context":"InstanceLoader","level":"info","message":"ConfigModule dependencies initialized","timestamp":"2025-10-29T10:33:44.038Z"}
{"context":"InstanceLoader","level":"info","message":"ConfigModule dependencies initialized","timestamp":"2025-10-29T10:33:44.039Z"}
{"context":"InstanceLoader","level":"info","message":"ServeStaticModule dependencies initialized","timestamp":"2025-10-29T10:33:44.041Z"}
{"context":"InstanceLoader","level":"info","message":"JwtModule dependencies initialized","timestamp":"2025-10-29T10:33:44.107Z"}
{"context":"InstanceLoader","level":"info","message":"MongooseCoreModule dependencies initialized","timestamp":"2025-10-29T10:33:44.189Z"}
{"context":"InstanceLoader","level":"info","message":"MongooseModule dependencies initialized","timestamp":"2025-10-29T10:33:44.192Z"}
{"context":"InstanceLoader","level":"info","message":"MongooseModule dependencies initialized","timestamp":"2025-10-29T10:33:44.193Z"}
{"context":"InstanceLoader","level":"info","message":"MongooseModule dependencies initialized","timestamp":"2025-10-29T10:33:44.193Z"}
{"context":"InstanceLoader","level":"info","message":"MongooseModule dependencies initialized","timestamp":"2025-10-29T10:33:44.194Z"}
{"context":"InstanceLoader","level":"info","message":"StokModule dependencies initialized","timestamp":"2025-10-29T10:33:44.199Z"}
{"context":"InstanceLoader","level":"info","message":"OrderModule dependencies initialized","timestamp":"2025-10-29T10:33:44.201Z"}
{"context":"InstanceLoader","level":"info","message":"MenuModule dependencies initialized","timestamp":"2025-10-29T10:33:44.202Z"}
{"context":"InstanceLoader","level":"info","message":"UserModule dependencies initialized","timestamp":"2025-10-29T10:33:44.204Z"}
{"context":"RoutesResolver","level":"info","message":"MenuController {/menu}:","timestamp":"2025-10-29T10:33:44.217Z"}
{"context":"RouterExplorer","level":"info","message":"Mapped {/menu, POST} route","timestamp":"2025-10-29T10:33:44.229Z"}
{"context":"RouterExplorer","level":"info","message":"Mapped {/menu, GET} route","timestamp":"2025-10-29T10:33:44.232Z"}
{"context":"RouterExplorer","level":"info","message":"Mapped {/menu/:id, PUT} route","timestamp":"2025-10-29T10:33:44.235Z"}
{"context":"RouterExplorer","level":"info","message":"Mapped {/menu/:id, DELETE} route","timestamp":"2025-10-29T10:33:44.238Z"}
{"context":"RoutesResolver","level":"info","message":"OrderController {/order}:","timestamp":"2025-10-29T10:33:44.239Z"}
{"context":"RouterExplorer","level":"info","message":"Mapped {/order, POST} route","timestamp":"2025-10-29T10:33:44.240Z"}
{"context":"RouterExplorer","level":"info","message":"Mapped {/order/:year/:month, GET} route","timestamp":"2025-10-29T10:33:44.242Z"}
{"context":"RoutesResolver","level":"info","message":"UserController {/user}:","timestamp":"2025-10-29T10:33:44.243Z"}
{"context":"RouterExplorer","level":"info","message":"Mapped {/user/register, POST} route","timestamp":"2025-10-29T10:33:44.245Z"}
{"context":"RouterExplorer","level":"info","message":"Mapped {/user/login, POST} route","timestamp":"2025-10-29T10:33:44.246Z"}
{"context":"RouterExplorer","level":"info","message":"Mapped {/user/profile, GET} route","timestamp":"2025-10-29T10:33:44.250Z"}
{"context":"RouterExplorer","level":"info","message":"Mapped {/user, GET} route","timestamp":"2025-10-29T10:33:44.251Z"}
{"context":"RouterExplorer","level":"info","message":"Mapped {/user/:id, GET} route","timestamp":"2025-10-29T10:33:44.253Z"}
{"context":"RouterExplorer","level":"info","message":"Mapped {/user/:id, PUT} route","timestamp":"2025-10-29T10:33:44.255Z"}
{"context":"RouterExplorer","level":"info","message":"Mapped {/user/:id, DELETE} route","timestamp":"2025-10-29T10:33:44.255Z"}
{"context":"RoutesResolver","level":"info","message":"StokController {/stok}:","timestamp":"2025-10-29T10:33:44.256Z"}
{"context":"RouterExplorer","level":"info","message":"Mapped {/stok, POST} route","timestamp":"2025-10-29T10:33:44.258Z"}
{"context":"RouterExplorer","level":"info","message":"Mapped {/stok, GET} route","timestamp":"2025-10-29T10:33:44.259Z"}
{"context":"RouterExplorer","level":"info","message":"Mapped {/stok/:id, PUT} route","timestamp":"2025-10-29T10:33:44.260Z"}
{"context":"RouterExplorer","level":"info","message":"Mapped {/stok/:id, DELETE} route","timestamp":"2025-10-29T10:33:44.261Z"}
{"context":"NestApplication","level":"info","message":"Nest application successfully started","timestamp":"2025-10-29T10:33:44.272Z"}
{"level":"info","message":"Application is running on: http://[::1]:3001","timestamp":"2025-10-29T10:33:44.287Z"}
{"context":"OrderService","level":"info","message":"Order successfully saved with ID: 11a9b468-aa68-4e77-aeef-7faf301d4c32","timestamp":"2025-10-29T10:35:20.240Z"}
{"context":"OrderService","level":"info","message":"Sending WhatsApp message for order 11a9b468-aa68-4e77-aeef-7faf301d4c32 to 62","timestamp":"2025-10-29T10:35:20.257Z"}
{"context":"OrderService","level":"error","message":"Failed to send WhatsApp message for order 11a9b468-aa68-4e77-aeef-7faf301d4c32","stack":["AggregateError: Error\n    at Function.AxiosError.from (D:\\Code\\react\\baksopedasnikmat\\resto-qrcode-backend\\node_modules\\axios\\lib\\core\\AxiosError.js:96:14)\n    at RedirectableRequest.handleRequestError (D:\\Code\\react\\baksopedasnikmat\\resto-qrcode-backend\\node_modules\\axios\\lib\\adapters\\http.js:638:25)\n    at RedirectableRequest.emit (node:events:519:28)\n    at eventHandlers.<computed> (D:\\Code\\react\\baksopedasnikmat\\resto-qrcode-backend\\node_modules\\follow-redirects\\index.js:49:24)\n    at ClientRequest.emit (node:events:519:28)\n    at emitErrorEvent (node:_http_client:105:11)\n    at Socket.socketErrorListener (node:_http_client:518:5)\n    at Socket.emit (node:events:519:28)\n    at emitErrorNT (node:internal/streams/destroy:170:8)\n    at emitErrorCloseNT (node:internal/streams/destroy:129:3)\n    at Axios.request (D:\\Code\\react\\baksopedasnikmat\\resto-qrcode-backend\\node_modules\\axios\\lib\\core\\Axios.js:45:41)\n    at process.processTicksAndRejections (node:internal/process/task_queues:105:5)"],"timestamp":"2025-10-29T10:35:20.346Z"}
{"context":"OrderService","level":"info","message":"Order successfully saved with ID: d998b821-cd5d-42e2-ab40-35b38ae95857","timestamp":"2025-10-29T10:35:33.533Z"}
{"context":"OrderService","level":"info","message":"Sending WhatsApp message for order d998b821-cd5d-42e2-ab40-35b38ae95857 to 62","timestamp":"2025-10-29T10:35:33.537Z"}
{"context":"OrderService","level":"error","message":"Failed to send WhatsApp message for order d998b821-cd5d-42e2-ab40-35b38ae95857","stack":["AggregateError: Error\n    at Function.AxiosError.from (D:\\Code\\react\\baksopedasnikmat\\resto-qrcode-backend\\node_modules\\axios\\lib\\core\\AxiosError.js:96:14)\n    at RedirectableRequest.handleRequestError (D:\\Code\\react\\baksopedasnikmat\\resto-qrcode-backend\\node_modules\\axios\\lib\\adapters\\http.js:638:25)\n    at RedirectableRequest.emit (node:events:519:28)\n    at eventHandlers.<computed> (D:\\Code\\react\\baksopedasnikmat\\resto-qrcode-backend\\node_modules\\follow-redirects\\index.js:49:24)\n    at ClientRequest.emit (node:events:519:28)\n    at emitErrorEvent (node:_http_client:105:11)\n    at Socket.socketErrorListener (node:_http_client:518:5)\n    at Socket.emit (node:events:519:28)\n    at emitErrorNT (node:internal/streams/destroy:170:8)\n    at emitErrorCloseNT (node:internal/streams/destroy:129:3)\n    at Axios.request (D:\\Code\\react\\baksopedasnikmat\\resto-qrcode-backend\\node_modules\\axios\\lib\\core\\Axios.js:45:41)\n    at process.processTicksAndRejections (node:internal/process/task_queues:105:5)"],"timestamp":"2025-10-29T10:35:33.546Z"}
{"context":"NestFactory","level":"info","message":"Starting Nest application...","timestamp":"2025-10-29T11:59:19.643Z"}
{"context":"InstanceLoader","level":"info","message":"AppModule dependencies initialized","timestamp":"2025-10-29T11:59:19.677Z"}
{"context":"InstanceLoader","level":"info","message":"MongooseModule dependencies initialized","timestamp":"2025-10-29T11:59:19.680Z"}
{"context":"InstanceLoader","level":"info","message":"PassportModule dependencies initialized","timestamp":"2025-10-29T11:59:19.681Z"}
{"context":"InstanceLoader","level":"info","message":"ConfigHostModule dependencies initialized","timestamp":"2025-10-29T11:59:19.683Z"}
{"context":"InstanceLoader","level":"info","message":"HttpModule dependencies initialized","timestamp":"2025-10-29T11:59:19.684Z"}
{"context":"InstanceLoader","level":"info","message":"ConfigModule dependencies initialized","timestamp":"2025-10-29T11:59:19.686Z"}
{"context":"InstanceLoader","level":"info","message":"ConfigModule dependencies initialized","timestamp":"2025-10-29T11:59:19.687Z"}
{"context":"InstanceLoader","level":"info","message":"ServeStaticModule dependencies initialized","timestamp":"2025-10-29T11:59:19.688Z"}
{"context":"InstanceLoader","level":"info","message":"JwtModule dependencies initialized","timestamp":"2025-10-29T11:59:19.732Z"}
{"context":"InstanceLoader","level":"info","message":"MongooseCoreModule dependencies initialized","timestamp":"2025-10-29T11:59:19.789Z"}
{"context":"InstanceLoader","level":"info","message":"MongooseModule dependencies initialized","timestamp":"2025-10-29T11:59:19.792Z"}
{"context":"InstanceLoader","level":"info","message":"MongooseModule dependencies initialized","timestamp":"2025-10-29T11:59:19.792Z"}
{"context":"InstanceLoader","level":"info","message":"MongooseModule dependencies initialized","timestamp":"2025-10-29T11:59:19.793Z"}
{"context":"InstanceLoader","level":"info","message":"MongooseModule dependencies initialized","timestamp":"2025-10-29T11:59:19.793Z"}
{"context":"InstanceLoader","level":"info","message":"StokModule dependencies initialized","timestamp":"2025-10-29T11:59:19.796Z"}
{"context":"InstanceLoader","level":"info","message":"OrderModule dependencies initialized","timestamp":"2025-10-29T11:59:19.796Z"}
{"context":"InstanceLoader","level":"info","message":"MenuModule dependencies initialized","timestamp":"2025-10-29T11:59:19.797Z"}
{"context":"InstanceLoader","level":"info","message":"UserModule dependencies initialized","timestamp":"2025-10-29T11:59:19.797Z"}
{"context":"RoutesResolver","level":"info","message":"MenuController {/menu}:","timestamp":"2025-10-29T11:59:19.805Z"}
{"context":"RouterExplorer","level":"info","message":"Mapped {/menu, POST} route","timestamp":"2025-10-29T11:59:19.811Z"}
{"context":"RouterExplorer","level":"info","message":"Mapped {/menu, GET} route","timestamp":"2025-10-29T11:59:19.812Z"}
{"context":"RouterExplorer","level":"info","message":"Mapped {/menu/:id, PUT} route","timestamp":"2025-10-29T11:59:19.815Z"}
{"context":"RouterExplorer","level":"info","message":"Mapped {/menu/:id, DELETE} route","timestamp":"2025-10-29T11:59:19.816Z"}
{"context":"RoutesResolver","level":"info","message":"OrderController {/order}:","timestamp":"2025-10-29T11:59:19.816Z"}
{"context":"RouterExplorer","level":"info","message":"Mapped {/order, POST} route","timestamp":"2025-10-29T11:59:19.817Z"}
{"context":"RouterExplorer","level":"info","message":"Mapped {/order/:year/:month, GET} route","timestamp":"2025-10-29T11:59:19.818Z"}
{"context":"RoutesResolver","level":"info","message":"UserController {/user}:","timestamp":"2025-10-29T11:59:19.818Z"}
{"context":"RouterExplorer","level":"info","message":"Mapped {/user/register, POST} route","timestamp":"2025-10-29T11:59:19.820Z"}
{"context":"RouterExplorer","level":"info","message":"Mapped {/user/login, POST} route","timestamp":"2025-10-29T11:59:19.820Z"}
{"context":"RouterExplorer","level":"info","message":"Mapped {/user/profile, GET} route","timestamp":"2025-10-29T11:59:19.822Z"}
{"context":"RouterExplorer","level":"info","message":"Mapped {/user, GET} route","timestamp":"2025-10-29T11:59:19.823Z"}
{"context":"RouterExplorer","level":"info","message":"Mapped {/user/:id, GET} route","timestamp":"2025-10-29T11:59:19.824Z"}
{"context":"RouterExplorer","level":"info","message":"Mapped {/user/:id, PUT} route","timestamp":"2025-10-29T11:59:19.825Z"}
{"context":"RouterExplorer","level":"info","message":"Mapped {/user/:id, DELETE} route","timestamp":"2025-10-29T11:59:19.825Z"}
{"context":"RoutesResolver","level":"info","message":"StokController {/stok}:","timestamp":"2025-10-29T11:59:19.826Z"}
{"context":"RouterExplorer","level":"info","message":"Mapped {/stok, POST} route","timestamp":"2025-10-29T11:59:19.827Z"}
{"context":"RouterExplorer","level":"info","message":"Mapped {/stok, GET} route","timestamp":"2025-10-29T11:59:19.828Z"}
{"context":"RouterExplorer","level":"info","message":"Mapped {/stok/:id, PUT} route","timestamp":"2025-10-29T11:59:19.829Z"}
{"context":"RouterExplorer","level":"info","message":"Mapped {/stok/:id, DELETE} route","timestamp":"2025-10-29T11:59:19.831Z"}
{"context":"NestApplication","level":"info","message":"Nest application successfully started","timestamp":"2025-10-29T11:59:19.838Z"}
{"level":"info","message":"Application is running on: http://[::1]:3001","timestamp":"2025-10-29T11:59:19.849Z"}
{"context":"NestFactory","level":"info","message":"Starting Nest application...","timestamp":"2025-10-29T11:59:23.631Z"}
{"context":"InstanceLoader","level":"info","message":"AppModule dependencies initialized","timestamp":"2025-10-29T11:59:23.659Z"}
{"context":"InstanceLoader","level":"info","message":"MongooseModule dependencies initialized","timestamp":"2025-10-29T11:59:23.659Z"}
{"context":"InstanceLoader","level":"info","message":"PassportModule dependencies initialized","timestamp":"2025-10-29T11:59:23.660Z"}
{"context":"InstanceLoader","level":"info","message":"ConfigHostModule dependencies initialized","timestamp":"2025-10-29T11:59:23.661Z"}
{"context":"InstanceLoader","level":"info","message":"HttpModule dependencies initialized","timestamp":"2025-10-29T11:59:23.662Z"}
{"context":"InstanceLoader","level":"info","message":"ConfigModule dependencies initialized","timestamp":"2025-10-29T11:59:23.664Z"}
{"context":"InstanceLoader","level":"info","message":"ConfigModule dependencies initialized","timestamp":"2025-10-29T11:59:23.664Z"}
{"context":"InstanceLoader","level":"info","message":"ServeStaticModule dependencies initialized","timestamp":"2025-10-29T11:59:23.666Z"}
{"context":"InstanceLoader","level":"info","message":"JwtModule dependencies initialized","timestamp":"2025-10-29T11:59:23.694Z"}
{"context":"InstanceLoader","level":"info","message":"MongooseCoreModule dependencies initialized","timestamp":"2025-10-29T11:59:23.725Z"}
{"context":"InstanceLoader","level":"info","message":"MongooseModule dependencies initialized","timestamp":"2025-10-29T11:59:23.726Z"}
{"context":"InstanceLoader","level":"info","message":"MongooseModule dependencies initialized","timestamp":"2025-10-29T11:59:23.726Z"}
{"context":"InstanceLoader","level":"info","message":"MongooseModule dependencies initialized","timestamp":"2025-10-29T11:59:23.726Z"}
{"context":"InstanceLoader","level":"info","message":"MongooseModule dependencies initialized","timestamp":"2025-10-29T11:59:23.727Z"}
{"context":"InstanceLoader","level":"info","message":"StokModule dependencies initialized","timestamp":"2025-10-29T11:59:23.729Z"}
{"context":"InstanceLoader","level":"info","message":"OrderModule dependencies initialized","timestamp":"2025-10-29T11:59:23.730Z"}
{"context":"InstanceLoader","level":"info","message":"MenuModule dependencies initialized","timestamp":"2025-10-29T11:59:23.730Z"}
{"context":"InstanceLoader","level":"info","message":"UserModule dependencies initialized","timestamp":"2025-10-29T11:59:23.731Z"}
{"context":"RoutesResolver","level":"info","message":"MenuController {/menu}:","timestamp":"2025-10-29T11:59:23.735Z"}
{"context":"RouterExplorer","level":"info","message":"Mapped {/menu, POST} route","timestamp":"2025-10-29T11:59:23.739Z"}
{"context":"RouterExplorer","level":"info","message":"Mapped {/menu, GET} route","timestamp":"2025-10-29T11:59:23.740Z"}
{"context":"RouterExplorer","level":"info","message":"Mapped {/menu/:id, PUT} route","timestamp":"2025-10-29T11:59:23.742Z"}
{"context":"RouterExplorer","level":"info","message":"Mapped {/menu/:id, DELETE} route","timestamp":"2025-10-29T11:59:23.743Z"}
{"context":"RoutesResolver","level":"info","message":"OrderController {/order}:","timestamp":"2025-10-29T11:59:23.743Z"}
{"context":"RouterExplorer","level":"info","message":"Mapped {/order, POST} route","timestamp":"2025-10-29T11:59:23.744Z"}
{"context":"RouterExplorer","level":"info","message":"Mapped {/order/:year/:month, GET} route","timestamp":"2025-10-29T11:59:23.745Z"}
{"context":"RoutesResolver","level":"info","message":"UserController {/user}:","timestamp":"2025-10-29T11:59:23.746Z"}
{"context":"RouterExplorer","level":"info","message":"Mapped {/user/register, POST} route","timestamp":"2025-10-29T11:59:23.747Z"}
{"context":"RouterExplorer","level":"info","message":"Mapped {/user/login, POST} route","timestamp":"2025-10-29T11:59:23.747Z"}
{"context":"RouterExplorer","level":"info","message":"Mapped {/user/profile, GET} route","timestamp":"2025-10-29T11:59:23.748Z"}
{"context":"RouterExplorer","level":"info","message":"Mapped {/user, GET} route","timestamp":"2025-10-29T11:59:23.749Z"}
{"context":"RouterExplorer","level":"info","message":"Mapped {/user/:id, GET} route","timestamp":"2025-10-29T11:59:23.750Z"}
{"context":"RouterExplorer","level":"info","message":"Mapped {/user/:id, PUT} route","timestamp":"2025-10-29T11:59:23.750Z"}
{"context":"RouterExplorer","level":"info","message":"Mapped {/user/:id, DELETE} route","timestamp":"2025-10-29T11:59:23.751Z"}
{"context":"RoutesResolver","level":"info","message":"StokController {/stok}:","timestamp":"2025-10-29T11:59:23.751Z"}
{"context":"RouterExplorer","level":"info","message":"Mapped {/stok, POST} route","timestamp":"2025-10-29T11:59:23.752Z"}
{"context":"RouterExplorer","level":"info","message":"Mapped {/stok, GET} route","timestamp":"2025-10-29T11:59:23.753Z"}
{"context":"RouterExplorer","level":"info","message":"Mapped {/stok/:id, PUT} route","timestamp":"2025-10-29T11:59:23.754Z"}
{"context":"RouterExplorer","level":"info","message":"Mapped {/stok/:id, DELETE} route","timestamp":"2025-10-29T11:59:23.754Z"}
{"context":"NestApplication","level":"info","message":"Nest application successfully started","timestamp":"2025-10-29T11:59:23.759Z"}
{"level":"info","message":"Application is running on: http://[::1]:3001","timestamp":"2025-10-29T11:59:23.767Z"}
{"context":"NestFactory","level":"info","message":"Starting Nest application...","timestamp":"2025-10-29T12:03:11.968Z"}
{"context":"InstanceLoader","level":"info","message":"AppModule dependencies initialized","timestamp":"2025-10-29T12:03:12.000Z"}
{"context":"InstanceLoader","level":"info","message":"MongooseModule dependencies initialized","timestamp":"2025-10-29T12:03:12.000Z"}
{"context":"InstanceLoader","level":"info","message":"PassportModule dependencies initialized","timestamp":"2025-10-29T12:03:12.002Z"}
{"context":"InstanceLoader","level":"info","message":"ConfigHostModule dependencies initialized","timestamp":"2025-10-29T12:03:12.004Z"}
{"context":"InstanceLoader","level":"info","message":"HttpModule dependencies initialized","timestamp":"2025-10-29T12:03:12.005Z"}
{"context":"InstanceLoader","level":"info","message":"ConfigModule dependencies initialized","timestamp":"2025-10-29T12:03:12.007Z"}
{"context":"InstanceLoader","level":"info","message":"ConfigModule dependencies initialized","timestamp":"2025-10-29T12:03:12.007Z"}
{"context":"InstanceLoader","level":"info","message":"ServeStaticModule dependencies initialized","timestamp":"2025-10-29T12:03:12.008Z"}
{"context":"InstanceLoader","level":"info","message":"JwtModule dependencies initialized","timestamp":"2025-10-29T12:03:12.043Z"}
{"context":"InstanceLoader","level":"info","message":"MongooseCoreModule dependencies initialized","timestamp":"2025-10-29T12:03:12.074Z"}
{"context":"InstanceLoader","level":"info","message":"MongooseModule dependencies initialized","timestamp":"2025-10-29T12:03:12.075Z"}
{"context":"InstanceLoader","level":"info","message":"MongooseModule dependencies initialized","timestamp":"2025-10-29T12:03:12.075Z"}
{"context":"InstanceLoader","level":"info","message":"MongooseModule dependencies initialized","timestamp":"2025-10-29T12:03:12.076Z"}
{"context":"InstanceLoader","level":"info","message":"MongooseModule dependencies initialized","timestamp":"2025-10-29T12:03:12.076Z"}
{"context":"InstanceLoader","level":"info","message":"StokModule dependencies initialized","timestamp":"2025-10-29T12:03:12.081Z"}
{"context":"InstanceLoader","level":"info","message":"OrderModule dependencies initialized","timestamp":"2025-10-29T12:03:12.082Z"}
{"context":"InstanceLoader","level":"info","message":"MenuModule dependencies initialized","timestamp":"2025-10-29T12:03:12.083Z"}
{"context":"InstanceLoader","level":"info","message":"UserModule dependencies initialized","timestamp":"2025-10-29T12:03:12.083Z"}
{"context":"RoutesResolver","level":"info","message":"MenuController {/menu}:","timestamp":"2025-10-29T12:03:12.090Z"}
{"context":"RouterExplorer","level":"info","message":"Mapped {/menu, POST} route","timestamp":"2025-10-29T12:03:12.096Z"}
{"context":"RouterExplorer","level":"info","message":"Mapped {/menu, GET} route","timestamp":"2025-10-29T12:03:12.097Z"}
{"context":"RouterExplorer","level":"info","message":"Mapped {/menu/:id, PUT} route","timestamp":"2025-10-29T12:03:12.099Z"}
{"context":"RouterExplorer","level":"info","message":"Mapped {/menu/:id, DELETE} route","timestamp":"2025-10-29T12:03:12.100Z"}
{"context":"RoutesResolver","level":"info","message":"OrderController {/order}:","timestamp":"2025-10-29T12:03:12.100Z"}
{"context":"RouterExplorer","level":"info","message":"Mapped {/order, POST} route","timestamp":"2025-10-29T12:03:12.101Z"}
{"context":"RouterExplorer","level":"info","message":"Mapped {/order/:year/:month, GET} route","timestamp":"2025-10-29T12:03:12.102Z"}
{"context":"RoutesResolver","level":"info","message":"UserController {/user}:","timestamp":"2025-10-29T12:03:12.103Z"}
{"context":"RouterExplorer","level":"info","message":"Mapped {/user/register, POST} route","timestamp":"2025-10-29T12:03:12.105Z"}
{"context":"RouterExplorer","level":"info","message":"Mapped {/user/login, POST} route","timestamp":"2025-10-29T12:03:12.105Z"}
{"context":"RouterExplorer","level":"info","message":"Mapped {/user/profile, GET} route","timestamp":"2025-10-29T12:03:12.107Z"}
{"context":"RouterExplorer","level":"info","message":"Mapped {/user, GET} route","timestamp":"2025-10-29T12:03:12.107Z"}
{"context":"RouterExplorer","level":"info","message":"Mapped {/user/:id, GET} route","timestamp":"2025-10-29T12:03:12.108Z"}
{"context":"RouterExplorer","level":"info","message":"Mapped {/user/:id, PUT} route","timestamp":"2025-10-29T12:03:12.109Z"}
{"context":"RouterExplorer","level":"info","message":"Mapped {/user/:id, DELETE} route","timestamp":"2025-10-29T12:03:12.110Z"}
{"context":"RoutesResolver","level":"info","message":"StokController {/stok}:","timestamp":"2025-10-29T12:03:12.110Z"}
{"context":"RouterExplorer","level":"info","message":"Mapped {/stok, POST} route","timestamp":"2025-10-29T12:03:12.112Z"}
{"context":"RouterExplorer","level":"info","message":"Mapped {/stok, GET} route","timestamp":"2025-10-29T12:03:12.113Z"}
{"context":"RouterExplorer","level":"info","message":"Mapped {/stok/:id, PUT} route","timestamp":"2025-10-29T12:03:12.113Z"}
{"context":"RouterExplorer","level":"info","message":"Mapped {/stok/:id, DELETE} route","timestamp":"2025-10-29T12:03:12.115Z"}
{"context":"NestApplication","level":"info","message":"Nest application successfully started","timestamp":"2025-10-29T12:03:12.122Z"}
{"level":"info","message":"Application is running on: http://[::1]:3001","timestamp":"2025-10-29T12:03:12.135Z"}
{"context":"NestFactory","level":"info","message":"Starting Nest application...","timestamp":"2025-10-29T12:03:18.221Z"}
{"context":"InstanceLoader","level":"info","message":"AppModule dependencies initialized","timestamp":"2025-10-29T12:03:18.247Z"}
{"context":"InstanceLoader","level":"info","message":"MongooseModule dependencies initialized","timestamp":"2025-10-29T12:03:18.248Z"}
{"context":"InstanceLoader","level":"info","message":"PassportModule dependencies initialized","timestamp":"2025-10-29T12:03:18.249Z"}
{"context":"InstanceLoader","level":"info","message":"ConfigHostModule dependencies initialized","timestamp":"2025-10-29T12:03:18.250Z"}
{"context":"InstanceLoader","level":"info","message":"HttpModule dependencies initialized","timestamp":"2025-10-29T12:03:18.250Z"}
{"context":"InstanceLoader","level":"info","message":"ConfigModule dependencies initialized","timestamp":"2025-10-29T12:03:18.252Z"}
{"context":"InstanceLoader","level":"info","message":"ConfigModule dependencies initialized","timestamp":"2025-10-29T12:03:18.253Z"}
{"context":"InstanceLoader","level":"info","message":"ServeStaticModule dependencies initialized","timestamp":"2025-10-29T12:03:18.254Z"}
{"context":"InstanceLoader","level":"info","message":"JwtModule dependencies initialized","timestamp":"2025-10-29T12:03:18.287Z"}
{"context":"InstanceLoader","level":"info","message":"MongooseCoreModule dependencies initialized","timestamp":"2025-10-29T12:03:18.317Z"}
{"context":"InstanceLoader","level":"info","message":"MongooseModule dependencies initialized","timestamp":"2025-10-29T12:03:18.319Z"}
{"context":"InstanceLoader","level":"info","message":"MongooseModule dependencies initialized","timestamp":"2025-10-29T12:03:18.319Z"}
{"context":"InstanceLoader","level":"info","message":"MongooseModule dependencies initialized","timestamp":"2025-10-29T12:03:18.320Z"}
{"context":"InstanceLoader","level":"info","message":"MongooseModule dependencies initialized","timestamp":"2025-10-29T12:03:18.320Z"}
{"context":"InstanceLoader","level":"info","message":"StokModule dependencies initialized","timestamp":"2025-10-29T12:03:18.321Z"}
{"context":"InstanceLoader","level":"info","message":"OrderModule dependencies initialized","timestamp":"2025-10-29T12:03:18.322Z"}
{"context":"InstanceLoader","level":"info","message":"MenuModule dependencies initialized","timestamp":"2025-10-29T12:03:18.322Z"}
{"context":"InstanceLoader","level":"info","message":"UserModule dependencies initialized","timestamp":"2025-10-29T12:03:18.323Z"}
{"context":"RoutesResolver","level":"info","message":"MenuController {/menu}:","timestamp":"2025-10-29T12:03:18.328Z"}
{"context":"RouterExplorer","level":"info","message":"Mapped {/menu, POST} route","timestamp":"2025-10-29T12:03:18.333Z"}
{"context":"RouterExplorer","level":"info","message":"Mapped {/menu, GET} route","timestamp":"2025-10-29T12:03:18.334Z"}
{"context":"RouterExplorer","level":"info","message":"Mapped {/menu/:id, PUT} route","timestamp":"2025-10-29T12:03:18.335Z"}
{"context":"RouterExplorer","level":"info","message":"Mapped {/menu/:id, DELETE} route","timestamp":"2025-10-29T12:03:18.336Z"}
{"context":"RoutesResolver","level":"info","message":"OrderController {/order}:","timestamp":"2025-10-29T12:03:18.337Z"}
{"context":"RouterExplorer","level":"info","message":"Mapped {/order, POST} route","timestamp":"2025-10-29T12:03:18.337Z"}
{"context":"RouterExplorer","level":"info","message":"Mapped {/order/:year/:month, GET} route","timestamp":"2025-10-29T12:03:18.338Z"}
{"context":"RoutesResolver","level":"info","message":"UserController {/user}:","timestamp":"2025-10-29T12:03:18.338Z"}
{"context":"RouterExplorer","level":"info","message":"Mapped {/user/register, POST} route","timestamp":"2025-10-29T12:03:18.339Z"}
{"context":"RouterExplorer","level":"info","message":"Mapped {/user/login, POST} route","timestamp":"2025-10-29T12:03:18.340Z"}
{"context":"RouterExplorer","level":"info","message":"Mapped {/user/profile, GET} route","timestamp":"2025-10-29T12:03:18.341Z"}
{"context":"RouterExplorer","level":"info","message":"Mapped {/user, GET} route","timestamp":"2025-10-29T12:03:18.342Z"}
{"context":"RouterExplorer","level":"info","message":"Mapped {/user/:id, GET} route","timestamp":"2025-10-29T12:03:18.343Z"}
{"context":"RouterExplorer","level":"info","message":"Mapped {/user/:id, PUT} route","timestamp":"2025-10-29T12:03:18.343Z"}
{"context":"RouterExplorer","level":"info","message":"Mapped {/user/:id, DELETE} route","timestamp":"2025-10-29T12:03:18.343Z"}
{"context":"RoutesResolver","level":"info","message":"StokController {/stok}:","timestamp":"2025-10-29T12:03:18.343Z"}
{"context":"RouterExplorer","level":"info","message":"Mapped {/stok, POST} route","timestamp":"2025-10-29T12:03:18.344Z"}
{"context":"RouterExplorer","level":"info","message":"Mapped {/stok, GET} route","timestamp":"2025-10-29T12:03:18.345Z"}
{"context":"RouterExplorer","level":"info","message":"Mapped {/stok/:id, PUT} route","timestamp":"2025-10-29T12:03:18.346Z"}
{"context":"RouterExplorer","level":"info","message":"Mapped {/stok/:id, DELETE} route","timestamp":"2025-10-29T12:03:18.347Z"}
{"context":"NestApplication","level":"info","message":"Nest application successfully started","timestamp":"2025-10-29T12:03:18.354Z"}
{"level":"info","message":"Application is running on: http://[::1]:3001","timestamp":"2025-10-29T12:03:18.362Z"}
{"context":"NestFactory","level":"info","message":"Starting Nest application...","timestamp":"2025-10-29T12:03:32.518Z"}
{"context":"InstanceLoader","level":"info","message":"MongooseModule dependencies initialized","timestamp":"2025-10-29T12:03:32.545Z"}
{"context":"InstanceLoader","level":"info","message":"PassportModule dependencies initialized","timestamp":"2025-10-29T12:03:32.545Z"}
{"context":"InstanceLoader","level":"info","message":"ConfigHostModule dependencies initialized","timestamp":"2025-10-29T12:03:32.547Z"}
{"context":"InstanceLoader","level":"info","message":"HttpModule dependencies initialized","timestamp":"2025-10-29T12:03:32.548Z"}
{"context":"InstanceLoader","level":"info","message":"ConfigModule dependencies initialized","timestamp":"2025-10-29T12:03:32.551Z"}
{"context":"InstanceLoader","level":"info","message":"ConfigModule dependencies initialized","timestamp":"2025-10-29T12:03:32.551Z"}
{"context":"InstanceLoader","level":"info","message":"ServeStaticModule dependencies initialized","timestamp":"2025-10-29T12:03:32.552Z"}
{"context":"InstanceLoader","level":"info","message":"AppModule dependencies initialized","timestamp":"2025-10-29T12:03:32.587Z"}
{"context":"InstanceLoader","level":"info","message":"JwtModule dependencies initialized","timestamp":"2025-10-29T12:03:32.589Z"}
{"context":"InstanceLoader","level":"info","message":"MongooseCoreModule dependencies initialized","timestamp":"2025-10-29T12:03:32.616Z"}
{"context":"InstanceLoader","level":"info","message":"MongooseModule dependencies initialized","timestamp":"2025-10-29T12:03:32.617Z"}
{"context":"InstanceLoader","level":"info","message":"MongooseModule dependencies initialized","timestamp":"2025-10-29T12:03:32.617Z"}
{"context":"InstanceLoader","level":"info","message":"MongooseModule dependencies initialized","timestamp":"2025-10-29T12:03:32.618Z"}
{"context":"InstanceLoader","level":"info","message":"MongooseModule dependencies initialized","timestamp":"2025-10-29T12:03:32.618Z"}
{"context":"InstanceLoader","level":"info","message":"StokModule dependencies initialized","timestamp":"2025-10-29T12:03:32.620Z"}
{"context":"InstanceLoader","level":"info","message":"OrderModule dependencies initialized","timestamp":"2025-10-29T12:03:32.621Z"}
{"context":"InstanceLoader","level":"info","message":"MenuModule dependencies initialized","timestamp":"2025-10-29T12:03:32.621Z"}
{"context":"InstanceLoader","level":"info","message":"UserModule dependencies initialized","timestamp":"2025-10-29T12:03:32.621Z"}
{"context":"RoutesResolver","level":"info","message":"MenuController {/menu}:","timestamp":"2025-10-29T12:03:32.627Z"}
{"context":"RouterExplorer","level":"info","message":"Mapped {/menu, POST} route","timestamp":"2025-10-29T12:03:32.632Z"}
{"context":"RouterExplorer","level":"info","message":"Mapped {/menu, GET} route","timestamp":"2025-10-29T12:03:32.634Z"}
{"context":"RouterExplorer","level":"info","message":"Mapped {/menu/:id, PUT} route","timestamp":"2025-10-29T12:03:32.635Z"}
{"context":"RouterExplorer","level":"info","message":"Mapped {/menu/:id, DELETE} route","timestamp":"2025-10-29T12:03:32.636Z"}
{"context":"RoutesResolver","level":"info","message":"OrderController {/order}:","timestamp":"2025-10-29T12:03:32.637Z"}
{"context":"RouterExplorer","level":"info","message":"Mapped {/order, POST} route","timestamp":"2025-10-29T12:03:32.637Z"}
{"context":"RouterExplorer","level":"info","message":"Mapped {/order/:year/:month, GET} route","timestamp":"2025-10-29T12:03:32.638Z"}
{"context":"RoutesResolver","level":"info","message":"UserController {/user}:","timestamp":"2025-10-29T12:03:32.639Z"}
{"context":"RouterExplorer","level":"info","message":"Mapped {/user/register, POST} route","timestamp":"2025-10-29T12:03:32.640Z"}
{"context":"RouterExplorer","level":"info","message":"Mapped {/user/login, POST} route","timestamp":"2025-10-29T12:03:32.640Z"}
{"context":"RouterExplorer","level":"info","message":"Mapped {/user/profile, GET} route","timestamp":"2025-10-29T12:03:32.642Z"}
{"context":"RouterExplorer","level":"info","message":"Mapped {/user, GET} route","timestamp":"2025-10-29T12:03:32.642Z"}
{"context":"RouterExplorer","level":"info","message":"Mapped {/user/:id, GET} route","timestamp":"2025-10-29T12:03:32.643Z"}
{"context":"RouterExplorer","level":"info","message":"Mapped {/user/:id, PUT} route","timestamp":"2025-10-29T12:03:32.644Z"}
{"context":"RouterExplorer","level":"info","message":"Mapped {/user/:id, DELETE} route","timestamp":"2025-10-29T12:03:32.644Z"}
{"context":"RoutesResolver","level":"info","message":"StokController {/stok}:","timestamp":"2025-10-29T12:03:32.645Z"}
{"context":"RouterExplorer","level":"info","message":"Mapped {/stok, POST} route","timestamp":"2025-10-29T12:03:32.647Z"}
{"context":"RouterExplorer","level":"info","message":"Mapped {/stok, GET} route","timestamp":"2025-10-29T12:03:32.648Z"}
{"context":"RouterExplorer","level":"info","message":"Mapped {/stok/:id, PUT} route","timestamp":"2025-10-29T12:03:32.649Z"}
{"context":"RouterExplorer","level":"info","message":"Mapped {/stok/:id, DELETE} route","timestamp":"2025-10-29T12:03:32.649Z"}
{"context":"NestApplication","level":"info","message":"Nest application successfully started","timestamp":"2025-10-29T12:03:32.655Z"}
{"level":"info","message":"Application is running on: http://[::1]:3001","timestamp":"2025-10-29T12:03:32.663Z"}
{"context":"NestFactory","level":"info","message":"Starting Nest application...","timestamp":"2025-10-29T12:03:46.891Z"}
{"context":"InstanceLoader","level":"info","message":"MongooseModule dependencies initialized","timestamp":"2025-10-29T12:03:46.921Z"}
{"context":"InstanceLoader","level":"info","message":"PassportModule dependencies initialized","timestamp":"2025-10-29T12:03:46.922Z"}
{"context":"InstanceLoader","level":"info","message":"ConfigHostModule dependencies initialized","timestamp":"2025-10-29T12:03:46.924Z"}
{"context":"InstanceLoader","level":"info","message":"HttpModule dependencies initialized","timestamp":"2025-10-29T12:03:46.925Z"}
{"context":"InstanceLoader","level":"info","message":"ConfigModule dependencies initialized","timestamp":"2025-10-29T12:03:46.927Z"}
{"context":"InstanceLoader","level":"info","message":"ConfigModule dependencies initialized","timestamp":"2025-10-29T12:03:46.928Z"}
{"context":"InstanceLoader","level":"info","message":"ServeStaticModule dependencies initialized","timestamp":"2025-10-29T12:03:46.928Z"}
{"context":"InstanceLoader","level":"info","message":"AppModule dependencies initialized","timestamp":"2025-10-29T12:03:46.965Z"}
{"context":"InstanceLoader","level":"info","message":"JwtModule dependencies initialized","timestamp":"2025-10-29T12:03:46.966Z"}
{"context":"InstanceLoader","level":"info","message":"MongooseCoreModule dependencies initialized","timestamp":"2025-10-29T12:03:46.996Z"}
{"context":"InstanceLoader","level":"info","message":"MongooseModule dependencies initialized","timestamp":"2025-10-29T12:03:46.997Z"}
{"context":"InstanceLoader","level":"info","message":"MongooseModule dependencies initialized","timestamp":"2025-10-29T12:03:46.998Z"}
{"context":"InstanceLoader","level":"info","message":"MongooseModule dependencies initialized","timestamp":"2025-10-29T12:03:46.998Z"}
{"context":"InstanceLoader","level":"info","message":"MongooseModule dependencies initialized","timestamp":"2025-10-29T12:03:46.999Z"}
{"context":"InstanceLoader","level":"info","message":"StokModule dependencies initialized","timestamp":"2025-10-29T12:03:47.002Z"}
{"context":"InstanceLoader","level":"info","message":"OrderModule dependencies initialized","timestamp":"2025-10-29T12:03:47.002Z"}
{"context":"InstanceLoader","level":"info","message":"MenuModule dependencies initialized","timestamp":"2025-10-29T12:03:47.003Z"}
{"context":"InstanceLoader","level":"info","message":"UserModule dependencies initialized","timestamp":"2025-10-29T12:03:47.003Z"}
{"context":"RoutesResolver","level":"info","message":"MenuController {/menu}:","timestamp":"2025-10-29T12:03:47.008Z"}
{"context":"RouterExplorer","level":"info","message":"Mapped {/menu, POST} route","timestamp":"2025-10-29T12:03:47.013Z"}
{"context":"RouterExplorer","level":"info","message":"Mapped {/menu, GET} route","timestamp":"2025-10-29T12:03:47.015Z"}
{"context":"RouterExplorer","level":"info","message":"Mapped {/menu/:id, PUT} route","timestamp":"2025-10-29T12:03:47.016Z"}
{"context":"RouterExplorer","level":"info","message":"Mapped {/menu/:id, DELETE} route","timestamp":"2025-10-29T12:03:47.017Z"}
{"context":"RoutesResolver","level":"info","message":"OrderController {/order}:","timestamp":"2025-10-29T12:03:47.017Z"}
{"context":"RouterExplorer","level":"info","message":"Mapped {/order, POST} route","timestamp":"2025-10-29T12:03:47.018Z"}
{"context":"RouterExplorer","level":"info","message":"Mapped {/order/:year/:month, GET} route","timestamp":"2025-10-29T12:03:47.019Z"}
{"context":"RoutesResolver","level":"info","message":"UserController {/user}:","timestamp":"2025-10-29T12:03:47.019Z"}
{"context":"RouterExplorer","level":"info","message":"Mapped {/user/register, POST} route","timestamp":"2025-10-29T12:03:47.020Z"}
{"context":"RouterExplorer","level":"info","message":"Mapped {/user/login, POST} route","timestamp":"2025-10-29T12:03:47.021Z"}
{"context":"RouterExplorer","level":"info","message":"Mapped {/user/profile, GET} route","timestamp":"2025-10-29T12:03:47.022Z"}
{"context":"RouterExplorer","level":"info","message":"Mapped {/user, GET} route","timestamp":"2025-10-29T12:03:47.023Z"}
{"context":"RouterExplorer","level":"info","message":"Mapped {/user/:id, GET} route","timestamp":"2025-10-29T12:03:47.024Z"}
{"context":"RouterExplorer","level":"info","message":"Mapped {/user/:id, PUT} route","timestamp":"2025-10-29T12:03:47.024Z"}
{"context":"RouterExplorer","level":"info","message":"Mapped {/user/:id, DELETE} route","timestamp":"2025-10-29T12:03:47.024Z"}
{"context":"RoutesResolver","level":"info","message":"StokController {/stok}:","timestamp":"2025-10-29T12:03:47.025Z"}
{"context":"RouterExplorer","level":"info","message":"Mapped {/stok, POST} route","timestamp":"2025-10-29T12:03:47.025Z"}
{"context":"RouterExplorer","level":"info","message":"Mapped {/stok, GET} route","timestamp":"2025-10-29T12:03:47.026Z"}
{"context":"RouterExplorer","level":"info","message":"Mapped {/stok/:id, PUT} route","timestamp":"2025-10-29T12:03:47.026Z"}
{"context":"RouterExplorer","level":"info","message":"Mapped {/stok/:id, DELETE} route","timestamp":"2025-10-29T12:03:47.027Z"}
{"context":"NestApplication","level":"info","message":"Nest application successfully started","timestamp":"2025-10-29T12:03:47.034Z"}
{"level":"info","message":"Application is running on: http://[::1]:3001","timestamp":"2025-10-29T12:03:47.044Z"}
{"context":"NestFactory","level":"info","message":"Starting Nest application...","timestamp":"2025-10-29T12:06:19.666Z"}
{"context":"InstanceLoader","level":"info","message":"MongooseModule dependencies initialized","timestamp":"2025-10-29T12:06:19.695Z"}
{"context":"InstanceLoader","level":"info","message":"PassportModule dependencies initialized","timestamp":"2025-10-29T12:06:19.696Z"}
{"context":"InstanceLoader","level":"info","message":"ConfigHostModule dependencies initialized","timestamp":"2025-10-29T12:06:19.698Z"}
{"context":"InstanceLoader","level":"info","message":"HttpModule dependencies initialized","timestamp":"2025-10-29T12:06:19.699Z"}
{"context":"InstanceLoader","level":"info","message":"ConfigModule dependencies initialized","timestamp":"2025-10-29T12:06:19.702Z"}
{"context":"InstanceLoader","level":"info","message":"ConfigModule dependencies initialized","timestamp":"2025-10-29T12:06:19.702Z"}
{"context":"InstanceLoader","level":"info","message":"ServeStaticModule dependencies initialized","timestamp":"2025-10-29T12:06:19.703Z"}
{"context":"InstanceLoader","level":"info","message":"AppModule dependencies initialized","timestamp":"2025-10-29T12:06:19.740Z"}
{"context":"InstanceLoader","level":"info","message":"JwtModule dependencies initialized","timestamp":"2025-10-29T12:06:19.741Z"}
{"context":"InstanceLoader","level":"info","message":"MongooseCoreModule dependencies initialized","timestamp":"2025-10-29T12:06:19.788Z"}
{"context":"InstanceLoader","level":"info","message":"MongooseModule dependencies initialized","timestamp":"2025-10-29T12:06:19.789Z"}
{"context":"InstanceLoader","level":"info","message":"MongooseModule dependencies initialized","timestamp":"2025-10-29T12:06:19.789Z"}
{"context":"InstanceLoader","level":"info","message":"MongooseModule dependencies initialized","timestamp":"2025-10-29T12:06:19.790Z"}
{"context":"InstanceLoader","level":"info","message":"MongooseModule dependencies initialized","timestamp":"2025-10-29T12:06:19.791Z"}
{"context":"InstanceLoader","level":"info","message":"StokModule dependencies initialized","timestamp":"2025-10-29T12:06:19.795Z"}
{"context":"InstanceLoader","level":"info","message":"OrderModule dependencies initialized","timestamp":"2025-10-29T12:06:19.796Z"}
{"context":"InstanceLoader","level":"info","message":"MenuModule dependencies initialized","timestamp":"2025-10-29T12:06:19.796Z"}
{"context":"InstanceLoader","level":"info","message":"UserModule dependencies initialized","timestamp":"2025-10-29T12:06:19.797Z"}
{"context":"RoutesResolver","level":"info","message":"MenuController {/menu}:","timestamp":"2025-10-29T12:06:19.807Z"}
{"context":"RouterExplorer","level":"info","message":"Mapped {/menu, POST} route","timestamp":"2025-10-29T12:06:19.814Z"}
{"context":"RouterExplorer","level":"info","message":"Mapped {/menu, GET} route","timestamp":"2025-10-29T12:06:19.816Z"}
{"context":"RouterExplorer","level":"info","message":"Mapped {/menu/:id, PUT} route","timestamp":"2025-10-29T12:06:19.817Z"}
{"context":"RouterExplorer","level":"info","message":"Mapped {/menu/:id, DELETE} route","timestamp":"2025-10-29T12:06:19.819Z"}
{"context":"RoutesResolver","level":"info","message":"OrderController {/order}:","timestamp":"2025-10-29T12:06:19.819Z"}
{"context":"RouterExplorer","level":"info","message":"Mapped {/order, POST} route","timestamp":"2025-10-29T12:06:19.821Z"}
{"context":"RouterExplorer","level":"info","message":"Mapped {/order/:year/:month, GET} route","timestamp":"2025-10-29T12:06:19.822Z"}
{"context":"RoutesResolver","level":"info","message":"UserController {/user}:","timestamp":"2025-10-29T12:06:19.822Z"}
{"context":"RouterExplorer","level":"info","message":"Mapped {/user/register, POST} route","timestamp":"2025-10-29T12:06:19.823Z"}
{"context":"RouterExplorer","level":"info","message":"Mapped {/user/login, POST} route","timestamp":"2025-10-29T12:06:19.823Z"}
{"context":"RouterExplorer","level":"info","message":"Mapped {/user/profile, GET} route","timestamp":"2025-10-29T12:06:19.825Z"}
{"context":"RouterExplorer","level":"info","message":"Mapped {/user, GET} route","timestamp":"2025-10-29T12:06:19.826Z"}
{"context":"RouterExplorer","level":"info","message":"Mapped {/user/:id, GET} route","timestamp":"2025-10-29T12:06:19.828Z"}
{"context":"RouterExplorer","level":"info","message":"Mapped {/user/:id, PUT} route","timestamp":"2025-10-29T12:06:19.829Z"}
{"context":"RouterExplorer","level":"info","message":"Mapped {/user/:id, DELETE} route","timestamp":"2025-10-29T12:06:19.830Z"}
{"context":"RoutesResolver","level":"info","message":"StokController {/stok}:","timestamp":"2025-10-29T12:06:19.830Z"}
{"context":"RouterExplorer","level":"info","message":"Mapped {/stok, POST} route","timestamp":"2025-10-29T12:06:19.832Z"}
{"context":"RouterExplorer","level":"info","message":"Mapped {/stok, GET} route","timestamp":"2025-10-29T12:06:19.833Z"}
{"context":"RouterExplorer","level":"info","message":"Mapped {/stok/:id, PUT} route","timestamp":"2025-10-29T12:06:19.834Z"}
{"context":"RouterExplorer","level":"info","message":"Mapped {/stok/:id, DELETE} route","timestamp":"2025-10-29T12:06:19.834Z"}
{"context":"NestApplication","level":"info","message":"Nest application successfully started","timestamp":"2025-10-29T12:06:19.842Z"}
{"level":"info","message":"Application is running on: http://[::1]:3001","timestamp":"2025-10-29T12:06:19.852Z"}
{"context":"NestFactory","level":"info","message":"Starting Nest application...","timestamp":"2025-10-29T12:06:29.259Z"}
{"context":"InstanceLoader","level":"info","message":"MongooseModule dependencies initialized","timestamp":"2025-10-29T12:06:29.289Z"}
{"context":"InstanceLoader","level":"info","message":"PassportModule dependencies initialized","timestamp":"2025-10-29T12:06:29.291Z"}
{"context":"InstanceLoader","level":"info","message":"ConfigHostModule dependencies initialized","timestamp":"2025-10-29T12:06:29.293Z"}
{"context":"InstanceLoader","level":"info","message":"HttpModule dependencies initialized","timestamp":"2025-10-29T12:06:29.294Z"}
{"context":"InstanceLoader","level":"info","message":"ConfigModule dependencies initialized","timestamp":"2025-10-29T12:06:29.298Z"}
{"context":"InstanceLoader","level":"info","message":"ConfigModule dependencies initialized","timestamp":"2025-10-29T12:06:29.299Z"}
{"context":"InstanceLoader","level":"info","message":"ServeStaticModule dependencies initialized","timestamp":"2025-10-29T12:06:29.300Z"}
{"context":"InstanceLoader","level":"info","message":"AppModule dependencies initialized","timestamp":"2025-10-29T12:06:29.339Z"}
{"context":"InstanceLoader","level":"info","message":"JwtModule dependencies initialized","timestamp":"2025-10-29T12:06:29.341Z"}
{"context":"InstanceLoader","level":"info","message":"MongooseCoreModule dependencies initialized","timestamp":"2025-10-29T12:06:29.376Z"}
{"context":"InstanceLoader","level":"info","message":"MongooseModule dependencies initialized","timestamp":"2025-10-29T12:06:29.378Z"}
{"context":"InstanceLoader","level":"info","message":"MongooseModule dependencies initialized","timestamp":"2025-10-29T12:06:29.378Z"}
{"context":"InstanceLoader","level":"info","message":"MongooseModule dependencies initialized","timestamp":"2025-10-29T12:06:29.379Z"}
{"context":"InstanceLoader","level":"info","message":"MongooseModule dependencies initialized","timestamp":"2025-10-29T12:06:29.379Z"}
{"context":"InstanceLoader","level":"info","message":"StokModule dependencies initialized","timestamp":"2025-10-29T12:06:29.382Z"}
{"context":"InstanceLoader","level":"info","message":"OrderModule dependencies initialized","timestamp":"2025-10-29T12:06:29.383Z"}
{"context":"InstanceLoader","level":"info","message":"MenuModule dependencies initialized","timestamp":"2025-10-29T12:06:29.384Z"}
{"context":"InstanceLoader","level":"info","message":"UserModule dependencies initialized","timestamp":"2025-10-29T12:06:29.384Z"}
{"context":"RoutesResolver","level":"info","message":"MenuController {/menu}:","timestamp":"2025-10-29T12:06:29.392Z"}
{"context":"RouterExplorer","level":"info","message":"Mapped {/menu, POST} route","timestamp":"2025-10-29T12:06:29.399Z"}
{"context":"RouterExplorer","level":"info","message":"Mapped {/menu, GET} route","timestamp":"2025-10-29T12:06:29.400Z"}
{"context":"RouterExplorer","level":"info","message":"Mapped {/menu/:id, PUT} route","timestamp":"2025-10-29T12:06:29.402Z"}
{"context":"RouterExplorer","level":"info","message":"Mapped {/menu/:id, DELETE} route","timestamp":"2025-10-29T12:06:29.403Z"}
{"context":"RoutesResolver","level":"info","message":"OrderController {/order}:","timestamp":"2025-10-29T12:06:29.403Z"}
{"context":"RouterExplorer","level":"info","message":"Mapped {/order, POST} route","timestamp":"2025-10-29T12:06:29.404Z"}
{"context":"RouterExplorer","level":"info","message":"Mapped {/order/:year/:month, GET} route","timestamp":"2025-10-29T12:06:29.405Z"}
{"context":"RoutesResolver","level":"info","message":"UserController {/user}:","timestamp":"2025-10-29T12:06:29.405Z"}
{"context":"RouterExplorer","level":"info","message":"Mapped {/user/register, POST} route","timestamp":"2025-10-29T12:06:29.406Z"}
{"context":"RouterExplorer","level":"info","message":"Mapped {/user/login, POST} route","timestamp":"2025-10-29T12:06:29.407Z"}
{"context":"RouterExplorer","level":"info","message":"Mapped {/user/profile, GET} route","timestamp":"2025-10-29T12:06:29.409Z"}
{"context":"RouterExplorer","level":"info","message":"Mapped {/user, GET} route","timestamp":"2025-10-29T12:06:29.409Z"}
{"context":"RouterExplorer","level":"info","message":"Mapped {/user/:id, GET} route","timestamp":"2025-10-29T12:06:29.410Z"}
{"context":"RouterExplorer","level":"info","message":"Mapped {/user/:id, PUT} route","timestamp":"2025-10-29T12:06:29.411Z"}
{"context":"RouterExplorer","level":"info","message":"Mapped {/user/:id, DELETE} route","timestamp":"2025-10-29T12:06:29.411Z"}
{"context":"RoutesResolver","level":"info","message":"StokController {/stok}:","timestamp":"2025-10-29T12:06:29.411Z"}
{"context":"RouterExplorer","level":"info","message":"Mapped {/stok, POST} route","timestamp":"2025-10-29T12:06:29.413Z"}
{"context":"RouterExplorer","level":"info","message":"Mapped {/stok, GET} route","timestamp":"2025-10-29T12:06:29.414Z"}
{"context":"RouterExplorer","level":"info","message":"Mapped {/stok/:id, PUT} route","timestamp":"2025-10-29T12:06:29.415Z"}
{"context":"RouterExplorer","level":"info","message":"Mapped {/stok/:id, DELETE} route","timestamp":"2025-10-29T12:06:29.416Z"}
{"context":"NestApplication","level":"info","message":"Nest application successfully started","timestamp":"2025-10-29T12:06:29.423Z"}
{"level":"info","message":"Application is running on: http://[::1]:3001","timestamp":"2025-10-29T12:06:29.435Z"}
{"context":"OrderService","level":"info","message":"Order successfully saved with ID: 0d6194a9-7ba1-4150-a050-65dcbda1db24","timestamp":"2025-10-29T12:06:46.940Z"}
{"context":"OrderService","level":"info","message":"Sending WhatsApp message for order 0d6194a9-7ba1-4150-a050-65dcbda1db24 to 1","timestamp":"2025-10-29T12:06:46.948Z"}
{"context":"OrderService","level":"error","message":"Failed to send WhatsApp message for order 0d6194a9-7ba1-4150-a050-65dcbda1db24","stack":["AggregateError: Error\n    at Function.AxiosError.from (D:\\Code\\react\\baksopedasnikmat\\resto-qrcode-backend\\node_modules\\axios\\lib\\core\\AxiosError.js:96:14)\n    at RedirectableRequest.handleRequestError (D:\\Code\\react\\baksopedasnikmat\\resto-qrcode-backend\\node_modules\\axios\\lib\\adapters\\http.js:638:25)\n    at RedirectableRequest.emit (node:events:519:28)\n    at eventHandlers.<computed> (D:\\Code\\react\\baksopedasnikmat\\resto-qrcode-backend\\node_modules\\follow-redirects\\index.js:49:24)\n    at ClientRequest.emit (node:events:519:28)\n    at emitErrorEvent (node:_http_client:105:11)\n    at Socket.socketErrorListener (node:_http_client:518:5)\n    at Socket.emit (node:events:519:28)\n    at emitErrorNT (node:internal/streams/destroy:170:8)\n    at emitErrorCloseNT (node:internal/streams/destroy:129:3)\n    at Axios.request (D:\\Code\\react\\baksopedasnikmat\\resto-qrcode-backend\\node_modules\\axios\\lib\\core\\Axios.js:45:41)\n    at process.processTicksAndRejections (node:internal/process/task_queues:105:5)"],"timestamp":"2025-10-29T12:06:46.998Z"}
{"context":"NestFactory","level":"info","message":"Starting Nest application...","timestamp":"2025-10-29T12:10:05.724Z"}
{"context":"InstanceLoader","level":"info","message":"MongooseModule dependencies initialized","timestamp":"2025-10-29T12:10:05.752Z"}
{"context":"InstanceLoader","level":"info","message":"PassportModule dependencies initialized","timestamp":"2025-10-29T12:10:05.752Z"}
{"context":"InstanceLoader","level":"info","message":"ConfigHostModule dependencies initialized","timestamp":"2025-10-29T12:10:05.754Z"}
{"context":"InstanceLoader","level":"info","message":"HttpModule dependencies initialized","timestamp":"2025-10-29T12:10:05.755Z"}
{"context":"InstanceLoader","level":"info","message":"ConfigModule dependencies initialized","timestamp":"2025-10-29T12:10:05.758Z"}
{"context":"InstanceLoader","level":"info","message":"ConfigModule dependencies initialized","timestamp":"2025-10-29T12:10:05.758Z"}
{"context":"InstanceLoader","level":"info","message":"ServeStaticModule dependencies initialized","timestamp":"2025-10-29T12:10:05.759Z"}
{"context":"InstanceLoader","level":"info","message":"AppModule dependencies initialized","timestamp":"2025-10-29T12:10:05.794Z"}
{"context":"InstanceLoader","level":"info","message":"JwtModule dependencies initialized","timestamp":"2025-10-29T12:10:05.796Z"}
{"context":"InstanceLoader","level":"info","message":"MongooseCoreModule dependencies initialized","timestamp":"2025-10-29T12:10:05.841Z"}
{"context":"InstanceLoader","level":"info","message":"MongooseModule dependencies initialized","timestamp":"2025-10-29T12:10:05.844Z"}
{"context":"InstanceLoader","level":"info","message":"MongooseModule dependencies initialized","timestamp":"2025-10-29T12:10:05.844Z"}
{"context":"InstanceLoader","level":"info","message":"MongooseModule dependencies initialized","timestamp":"2025-10-29T12:10:05.845Z"}
{"context":"InstanceLoader","level":"info","message":"MongooseModule dependencies initialized","timestamp":"2025-10-29T12:10:05.845Z"}
{"context":"InstanceLoader","level":"info","message":"UserModule dependencies initialized","timestamp":"2025-10-29T12:10:05.849Z"}
{"context":"InstanceLoader","level":"info","message":"StokModule dependencies initialized","timestamp":"2025-10-29T12:10:05.849Z"}
{"context":"InstanceLoader","level":"info","message":"OrderModule dependencies initialized","timestamp":"2025-10-29T12:10:05.850Z"}
{"context":"InstanceLoader","level":"info","message":"MenuModule dependencies initialized","timestamp":"2025-10-29T12:10:05.851Z"}
{"context":"RoutesResolver","level":"info","message":"MenuController {/menu}:","timestamp":"2025-10-29T12:10:05.858Z"}
{"context":"RouterExplorer","level":"info","message":"Mapped {/menu, POST} route","timestamp":"2025-10-29T12:10:05.864Z"}
{"context":"RouterExplorer","level":"info","message":"Mapped {/menu, GET} route","timestamp":"2025-10-29T12:10:05.865Z"}
{"context":"RouterExplorer","level":"info","message":"Mapped {/menu/:id, PUT} route","timestamp":"2025-10-29T12:10:05.869Z"}
{"context":"RouterExplorer","level":"info","message":"Mapped {/menu/:id, DELETE} route","timestamp":"2025-10-29T12:10:05.869Z"}
{"context":"RoutesResolver","level":"info","message":"OrderController {/order}:","timestamp":"2025-10-29T12:10:05.870Z"}
{"context":"RouterExplorer","level":"info","message":"Mapped {/order, POST} route","timestamp":"2025-10-29T12:10:05.872Z"}
{"context":"RouterExplorer","level":"info","message":"Mapped {/order/:year/:month, GET} route","timestamp":"2025-10-29T12:10:05.873Z"}
{"context":"RoutesResolver","level":"info","message":"UserController {/user}:","timestamp":"2025-10-29T12:10:05.873Z"}
{"context":"RouterExplorer","level":"info","message":"Mapped {/user/register, POST} route","timestamp":"2025-10-29T12:10:05.874Z"}
{"context":"RouterExplorer","level":"info","message":"Mapped {/user/login, POST} route","timestamp":"2025-10-29T12:10:05.875Z"}
{"context":"RouterExplorer","level":"info","message":"Mapped {/user/profile, GET} route","timestamp":"2025-10-29T12:10:05.876Z"}
{"context":"RouterExplorer","level":"info","message":"Mapped {/user, GET} route","timestamp":"2025-10-29T12:10:05.877Z"}
{"context":"RouterExplorer","level":"info","message":"Mapped {/user/:id, GET} route","timestamp":"2025-10-29T12:10:05.878Z"}
{"context":"RouterExplorer","level":"info","message":"Mapped {/user/:id, PUT} route","timestamp":"2025-10-29T12:10:05.879Z"}
{"context":"RouterExplorer","level":"info","message":"Mapped {/user/:id, DELETE} route","timestamp":"2025-10-29T12:10:05.880Z"}
{"context":"RoutesResolver","level":"info","message":"StokController {/stok}:","timestamp":"2025-10-29T12:10:05.881Z"}
{"context":"RouterExplorer","level":"info","message":"Mapped {/stok, POST} route","timestamp":"2025-10-29T12:10:05.881Z"}
{"context":"RouterExplorer","level":"info","message":"Mapped {/stok, GET} route","timestamp":"2025-10-29T12:10:05.884Z"}
{"context":"RouterExplorer","level":"info","message":"Mapped {/stok/:id, PUT} route","timestamp":"2025-10-29T12:10:05.886Z"}
{"context":"RouterExplorer","level":"info","message":"Mapped {/stok/:id, DELETE} route","timestamp":"2025-10-29T12:10:05.886Z"}
{"context":"NestApplication","level":"info","message":"Nest application successfully started","timestamp":"2025-10-29T12:10:05.895Z"}
{"level":"info","message":"Application is running on: http://[::1]:3001","timestamp":"2025-10-29T12:10:05.907Z"}
{"context":"NestFactory","level":"info","message":"Starting Nest application...","timestamp":"2025-10-29T12:19:01.680Z"}
{"context":"InstanceLoader","level":"info","message":"MongooseModule dependencies initialized","timestamp":"2025-10-29T12:19:01.703Z"}
{"context":"InstanceLoader","level":"info","message":"PassportModule dependencies initialized","timestamp":"2025-10-29T12:19:01.704Z"}
{"context":"InstanceLoader","level":"info","message":"ConfigHostModule dependencies initialized","timestamp":"2025-10-29T12:19:01.706Z"}
{"context":"InstanceLoader","level":"info","message":"HttpModule dependencies initialized","timestamp":"2025-10-29T12:19:01.707Z"}
{"context":"InstanceLoader","level":"info","message":"ConfigModule dependencies initialized","timestamp":"2025-10-29T12:19:01.709Z"}
{"context":"InstanceLoader","level":"info","message":"ConfigModule dependencies initialized","timestamp":"2025-10-29T12:19:01.710Z"}
{"context":"InstanceLoader","level":"info","message":"ServeStaticModule dependencies initialized","timestamp":"2025-10-29T12:19:01.710Z"}
{"context":"InstanceLoader","level":"info","message":"AppModule dependencies initialized","timestamp":"2025-10-29T12:19:01.742Z"}
{"context":"InstanceLoader","level":"info","message":"JwtModule dependencies initialized","timestamp":"2025-10-29T12:19:01.744Z"}
{"context":"InstanceLoader","level":"info","message":"MongooseCoreModule dependencies initialized","timestamp":"2025-10-29T12:19:01.776Z"}
{"context":"InstanceLoader","level":"info","message":"MongooseModule dependencies initialized","timestamp":"2025-10-29T12:19:01.777Z"}
{"context":"InstanceLoader","level":"info","message":"MongooseModule dependencies initialized","timestamp":"2025-10-29T12:19:01.778Z"}
{"context":"InstanceLoader","level":"info","message":"MongooseModule dependencies initialized","timestamp":"2025-10-29T12:19:01.778Z"}
{"context":"InstanceLoader","level":"info","message":"MongooseModule dependencies initialized","timestamp":"2025-10-29T12:19:01.779Z"}
{"context":"InstanceLoader","level":"info","message":"UserModule dependencies initialized","timestamp":"2025-10-29T12:19:01.781Z"}
{"context":"InstanceLoader","level":"info","message":"StokModule dependencies initialized","timestamp":"2025-10-29T12:19:01.781Z"}
{"context":"InstanceLoader","level":"info","message":"OrderModule dependencies initialized","timestamp":"2025-10-29T12:19:01.782Z"}
{"context":"InstanceLoader","level":"info","message":"MenuModule dependencies initialized","timestamp":"2025-10-29T12:19:01.782Z"}
{"context":"RoutesResolver","level":"info","message":"MenuController {/menu}:","timestamp":"2025-10-29T12:19:01.790Z"}
{"context":"RouterExplorer","level":"info","message":"Mapped {/menu, POST} route","timestamp":"2025-10-29T12:19:01.797Z"}
{"context":"RouterExplorer","level":"info","message":"Mapped {/menu, GET} route","timestamp":"2025-10-29T12:19:01.798Z"}
{"context":"RouterExplorer","level":"info","message":"Mapped {/menu/:id, PUT} route","timestamp":"2025-10-29T12:19:01.800Z"}
{"context":"RouterExplorer","level":"info","message":"Mapped {/menu/:id, DELETE} route","timestamp":"2025-10-29T12:19:01.800Z"}
{"context":"RoutesResolver","level":"info","message":"OrderController {/order}:","timestamp":"2025-10-29T12:19:01.801Z"}
{"context":"RouterExplorer","level":"info","message":"Mapped {/order, POST} route","timestamp":"2025-10-29T12:19:01.802Z"}
{"context":"RouterExplorer","level":"info","message":"Mapped {/order/:year/:month, GET} route","timestamp":"2025-10-29T12:19:01.802Z"}
{"context":"RoutesResolver","level":"info","message":"UserController {/user}:","timestamp":"2025-10-29T12:19:01.803Z"}
{"context":"RouterExplorer","level":"info","message":"Mapped {/user/register, POST} route","timestamp":"2025-10-29T12:19:01.804Z"}
{"context":"RouterExplorer","level":"info","message":"Mapped {/user/login, POST} route","timestamp":"2025-10-29T12:19:01.804Z"}
{"context":"RouterExplorer","level":"info","message":"Mapped {/user/profile, GET} route","timestamp":"2025-10-29T12:19:01.806Z"}
{"context":"RouterExplorer","level":"info","message":"Mapped {/user, GET} route","timestamp":"2025-10-29T12:19:01.807Z"}
{"context":"RouterExplorer","level":"info","message":"Mapped {/user/:id, GET} route","timestamp":"2025-10-29T12:19:01.808Z"}
{"context":"RouterExplorer","level":"info","message":"Mapped {/user/:id, PUT} route","timestamp":"2025-10-29T12:19:01.808Z"}
{"context":"RouterExplorer","level":"info","message":"Mapped {/user/:id, DELETE} route","timestamp":"2025-10-29T12:19:01.808Z"}
{"context":"RoutesResolver","level":"info","message":"StokController {/stok}:","timestamp":"2025-10-29T12:19:01.809Z"}
{"context":"RouterExplorer","level":"info","message":"Mapped {/stok, POST} route","timestamp":"2025-10-29T12:19:01.810Z"}
{"context":"RouterExplorer","level":"info","message":"Mapped {/stok, GET} route","timestamp":"2025-10-29T12:19:01.811Z"}
{"context":"RouterExplorer","level":"info","message":"Mapped {/stok/:id, PUT} route","timestamp":"2025-10-29T12:19:01.811Z"}
{"context":"RouterExplorer","level":"info","message":"Mapped {/stok/:id, DELETE} route","timestamp":"2025-10-29T12:19:01.812Z"}
{"context":"NestApplication","level":"info","message":"Nest application successfully started","timestamp":"2025-10-29T12:19:01.816Z"}
{"level":"info","message":"Application is running on: http://[::1]:3001","timestamp":"2025-10-29T12:19:01.824Z"}
{"context":"NestFactory","level":"info","message":"Starting Nest application...","timestamp":"2025-10-29T12:20:20.317Z"}
{"context":"InstanceLoader","level":"info","message":"AppModule dependencies initialized","timestamp":"2025-10-29T12:20:20.348Z"}
{"context":"InstanceLoader","level":"info","message":"MongooseModule dependencies initialized","timestamp":"2025-10-29T12:20:20.350Z"}
{"context":"InstanceLoader","level":"info","message":"PassportModule dependencies initialized","timestamp":"2025-10-29T12:20:20.351Z"}
{"context":"InstanceLoader","level":"info","message":"ConfigHostModule dependencies initialized","timestamp":"2025-10-29T12:20:20.352Z"}
{"context":"InstanceLoader","level":"info","message":"HttpModule dependencies initialized","timestamp":"2025-10-29T12:20:20.352Z"}
{"context":"InstanceLoader","level":"info","message":"ConfigModule dependencies initialized","timestamp":"2025-10-29T12:20:20.356Z"}
{"context":"InstanceLoader","level":"info","message":"ConfigModule dependencies initialized","timestamp":"2025-10-29T12:20:20.356Z"}
{"context":"InstanceLoader","level":"info","message":"ServeStaticModule dependencies initialized","timestamp":"2025-10-29T12:20:20.357Z"}
{"context":"InstanceLoader","level":"info","message":"JwtModule dependencies initialized","timestamp":"2025-10-29T12:20:20.392Z"}
{"context":"InstanceLoader","level":"info","message":"MongooseCoreModule dependencies initialized","timestamp":"2025-10-29T12:20:20.421Z"}
{"context":"InstanceLoader","level":"info","message":"MongooseModule dependencies initialized","timestamp":"2025-10-29T12:20:20.422Z"}
{"context":"InstanceLoader","level":"info","message":"MongooseModule dependencies initialized","timestamp":"2025-10-29T12:20:20.423Z"}
{"context":"InstanceLoader","level":"info","message":"MongooseModule dependencies initialized","timestamp":"2025-10-29T12:20:20.423Z"}
{"context":"InstanceLoader","level":"info","message":"MongooseModule dependencies initialized","timestamp":"2025-10-29T12:20:20.424Z"}
{"context":"InstanceLoader","level":"info","message":"StokModule dependencies initialized","timestamp":"2025-10-29T12:20:20.425Z"}
{"context":"InstanceLoader","level":"info","message":"OrderModule dependencies initialized","timestamp":"2025-10-29T12:20:20.426Z"}
{"context":"InstanceLoader","level":"info","message":"MenuModule dependencies initialized","timestamp":"2025-10-29T12:20:20.427Z"}
{"context":"InstanceLoader","level":"info","message":"UserModule dependencies initialized","timestamp":"2025-10-29T12:20:20.427Z"}
{"context":"RoutesResolver","level":"info","message":"MenuController {/menu}:","timestamp":"2025-10-29T12:20:20.432Z"}
{"context":"RouterExplorer","level":"info","message":"Mapped {/menu, POST} route","timestamp":"2025-10-29T12:20:20.437Z"}
{"context":"RouterExplorer","level":"info","message":"Mapped {/menu, GET} route","timestamp":"2025-10-29T12:20:20.442Z"}
{"context":"RouterExplorer","level":"info","message":"Mapped {/menu/:id, PUT} route","timestamp":"2025-10-29T12:20:20.448Z"}
{"context":"RouterExplorer","level":"info","message":"Mapped {/menu/:id, DELETE} route","timestamp":"2025-10-29T12:20:20.449Z"}
{"context":"RoutesResolver","level":"info","message":"OrderController {/order}:","timestamp":"2025-10-29T12:20:20.450Z"}
{"context":"RouterExplorer","level":"info","message":"Mapped {/order, POST} route","timestamp":"2025-10-29T12:20:20.451Z"}
{"context":"RouterExplorer","level":"info","message":"Mapped {/order/:year/:month, GET} route","timestamp":"2025-10-29T12:20:20.454Z"}
{"context":"RoutesResolver","level":"info","message":"UserController {/user}:","timestamp":"2025-10-29T12:20:20.455Z"}
{"context":"RouterExplorer","level":"info","message":"Mapped {/user/register, POST} route","timestamp":"2025-10-29T12:20:20.458Z"}
{"context":"RouterExplorer","level":"info","message":"Mapped {/user/login, POST} route","timestamp":"2025-10-29T12:20:20.459Z"}
{"context":"RouterExplorer","level":"info","message":"Mapped {/user/profile, GET} route","timestamp":"2025-10-29T12:20:20.461Z"}
{"context":"RouterExplorer","level":"info","message":"Mapped {/user, GET} route","timestamp":"2025-10-29T12:20:20.461Z"}
{"context":"RouterExplorer","level":"info","message":"Mapped {/user/:id, GET} route","timestamp":"2025-10-29T12:20:20.462Z"}
{"context":"RouterExplorer","level":"info","message":"Mapped {/user/:id, PUT} route","timestamp":"2025-10-29T12:20:20.463Z"}
{"context":"RouterExplorer","level":"info","message":"Mapped {/user/:id, DELETE} route","timestamp":"2025-10-29T12:20:20.464Z"}
{"context":"RoutesResolver","level":"info","message":"StokController {/stok}:","timestamp":"2025-10-29T12:20:20.464Z"}
{"context":"RouterExplorer","level":"info","message":"Mapped {/stok, POST} route","timestamp":"2025-10-29T12:20:20.465Z"}
{"context":"RouterExplorer","level":"info","message":"Mapped {/stok, GET} route","timestamp":"2025-10-29T12:20:20.466Z"}
{"context":"RouterExplorer","level":"info","message":"Mapped {/stok/:id, PUT} route","timestamp":"2025-10-29T12:20:20.467Z"}
{"context":"RouterExplorer","level":"info","message":"Mapped {/stok/:id, DELETE} route","timestamp":"2025-10-29T12:20:20.467Z"}
{"context":"NestApplication","level":"info","message":"Nest application successfully started","timestamp":"2025-10-29T12:20:20.476Z"}
{"level":"info","message":"Application is running on: http://[::1]:3001","timestamp":"2025-10-29T12:20:20.487Z"}
