{"context":"NestFactory","level":"info","message":"Starting Nest application...","timestamp":"2025-09-17T13:21:43.189Z"}
{"context":"InstanceLoader","level":"info","message":"AppModule dependencies initialized","timestamp":"2025-09-17T13:21:43.200Z"}
{"context":"InstanceLoader","level":"info","message":"MongooseModule dependencies initialized","timestamp":"2025-09-17T13:21:43.202Z"}
{"context":"InstanceLoader","level":"info","message":"HttpModule dependencies initialized","timestamp":"2025-09-17T13:21:43.203Z"}
{"context":"InstanceLoader","level":"info","message":"ConfigHostModule dependencies initialized","timestamp":"2025-09-17T13:21:43.204Z"}
{"context":"InstanceLoader","level":"info","message":"ServeStaticModule dependencies initialized","timestamp":"2025-09-17T13:21:43.204Z"}
{"context":"InstanceLoader","level":"info","message":"ConfigModule dependencies initialized","timestamp":"2025-09-17T13:21:43.205Z"}
{"context":"InstanceLoader","level":"info","message":"ConfigModule dependencies initialized","timestamp":"2025-09-17T13:21:43.205Z"}
{"context":"InstanceLoader","level":"info","message":"MongooseCoreModule dependencies initialized","timestamp":"2025-09-17T13:21:43.242Z"}
{"context":"InstanceLoader","level":"info","message":"MongooseModule dependencies initialized","timestamp":"2025-09-17T13:21:43.249Z"}
{"context":"InstanceLoader","level":"info","message":"MongooseModule dependencies initialized","timestamp":"2025-09-17T13:21:43.250Z"}
{"context":"InstanceLoader","level":"info","message":"MenuModule dependencies initialized","timestamp":"2025-09-17T13:21:43.250Z"}
{"context":"InstanceLoader","level":"info","message":"OrderModule dependencies initialized","timestamp":"2025-09-17T13:21:43.251Z"}
{"context":"RoutesResolver","level":"info","message":"MenuController {/menu}:","timestamp":"2025-09-17T13:21:43.255Z"}
{"context":"RouterExplorer","level":"info","message":"Mapped {/menu, GET} route","timestamp":"2025-09-17T13:21:43.257Z"}
{"context":"RoutesResolver","level":"info","message":"OrderController {/order}:","timestamp":"2025-09-17T13:21:43.258Z"}
{"context":"RouterExplorer","level":"info","message":"Mapped {/order, POST} route","timestamp":"2025-09-17T13:21:43.259Z"}
{"context":"NestApplication","level":"info","message":"Nest application successfully started","timestamp":"2025-09-17T13:21:43.262Z"}
{"level":"info","message":"Application is running on: http://[::1]:3001","timestamp":"2025-09-17T13:21:43.269Z"}
{"context":"NestFactory","level":"info","message":"Starting Nest application...","timestamp":"2025-09-17T13:22:07.432Z"}
{"context":"InstanceLoader","level":"info","message":"AppModule dependencies initialized","timestamp":"2025-09-17T13:22:07.446Z"}
{"context":"InstanceLoader","level":"info","message":"MongooseModule dependencies initialized","timestamp":"2025-09-17T13:22:07.447Z"}
{"context":"InstanceLoader","level":"info","message":"HttpModule dependencies initialized","timestamp":"2025-09-17T13:22:07.448Z"}
{"context":"InstanceLoader","level":"info","message":"ConfigHostModule dependencies initialized","timestamp":"2025-09-17T13:22:07.448Z"}
{"context":"InstanceLoader","level":"info","message":"ServeStaticModule dependencies initialized","timestamp":"2025-09-17T13:22:07.449Z"}
{"context":"InstanceLoader","level":"info","message":"ConfigModule dependencies initialized","timestamp":"2025-09-17T13:22:07.449Z"}
{"context":"InstanceLoader","level":"info","message":"ConfigModule dependencies initialized","timestamp":"2025-09-17T13:22:07.450Z"}
{"context":"InstanceLoader","level":"info","message":"MongooseCoreModule dependencies initialized","timestamp":"2025-09-17T13:22:07.482Z"}
{"context":"InstanceLoader","level":"info","message":"MongooseModule dependencies initialized","timestamp":"2025-09-17T13:22:07.488Z"}
{"context":"InstanceLoader","level":"info","message":"MongooseModule dependencies initialized","timestamp":"2025-09-17T13:22:07.488Z"}
{"context":"InstanceLoader","level":"info","message":"MenuModule dependencies initialized","timestamp":"2025-09-17T13:22:07.489Z"}
{"context":"InstanceLoader","level":"info","message":"OrderModule dependencies initialized","timestamp":"2025-09-17T13:22:07.489Z"}
{"context":"RoutesResolver","level":"info","message":"MenuController {/menu}:","timestamp":"2025-09-17T13:22:07.493Z"}
{"context":"RouterExplorer","level":"info","message":"Mapped {/menu, GET} route","timestamp":"2025-09-17T13:22:07.496Z"}
{"context":"RoutesResolver","level":"info","message":"OrderController {/order}:","timestamp":"2025-09-17T13:22:07.497Z"}
{"context":"RouterExplorer","level":"info","message":"Mapped {/order, POST} route","timestamp":"2025-09-17T13:22:07.498Z"}
{"context":"NestApplication","level":"info","message":"Nest application successfully started","timestamp":"2025-09-17T13:22:07.502Z"}
{"level":"info","message":"Application is running on: http://[::1]:3001","timestamp":"2025-09-17T13:22:07.506Z"}
{"context":{"data":{"_id":"f088096c-32c0-4549-b61b-07208204538b","nama_pelanggan":"bobby","no_wa_pelanggan":"6281268778159","orders":[{"kuantiti":1,"menu_id":"68c675dd92af3629e55f99e1","modal":10000,"sub_total":12000,"subtotal_margin":2000,"subtotal_modal":10000}],"timestamp":"2025-09-17T13:22:31.292Z","total_kesuluruhan":12000,"total_margin_keseluruhan":2000,"total_modal_keseluruhan":10000}},"level":"error","message":"Failed to save order to database","stack":["ValidationError: Order validation failed: orders.0.nama_menu: Path `nama_menu` is required.\n    at Document.invalidate (D:\\Code\\react\\resto-qrcode-backend\\node_modules\\mongoose\\lib\\document.js:3358:32)\n    at Subdocument.invalidate (D:\\Code\\react\\resto-qrcode-backend\\node_modules\\mongoose\\lib\\types\\subdocument.js:229:12)\n    at D:\\Code\\react\\resto-qrcode-backend\\node_modules\\mongoose\\lib\\document.js:3119:17\n    at D:\\Code\\react\\resto-qrcode-backend\\node_modules\\mongoose\\lib\\schemaType.js:1416:9\n    at process.processTicksAndRejections (node:internal/process/task_queues:85:11)"],"timestamp":"2025-09-17T13:22:31.341Z"}
{"context":"ExceptionsHandler","level":"error","message":"Order validation failed: orders.0.nama_menu: Path `nama_menu` is required.","stack":["ValidationError: Order validation failed: orders.0.nama_menu: Path `nama_menu` is required.\n    at Document.invalidate (D:\\Code\\react\\resto-qrcode-backend\\node_modules\\mongoose\\lib\\document.js:3358:32)\n    at Subdocument.invalidate (D:\\Code\\react\\resto-qrcode-backend\\node_modules\\mongoose\\lib\\types\\subdocument.js:229:12)\n    at D:\\Code\\react\\resto-qrcode-backend\\node_modules\\mongoose\\lib\\document.js:3119:17\n    at D:\\Code\\react\\resto-qrcode-backend\\node_modules\\mongoose\\lib\\schemaType.js:1416:9\n    at process.processTicksAndRejections (node:internal/process/task_queues:85:11)"],"timestamp":"2025-09-17T13:22:31.344Z"}
{"context":{"data":{"_id":"2c55e3bb-d060-4762-b81c-f5c78b930b95","nama_pelanggan":"bobby","no_wa_pelanggan":"6281268778159","orders":[{"kuantiti":1,"menu_id":"68c675dd92af3629e55f99e2","modal":10000,"sub_total":11000,"subtotal_margin":1000,"subtotal_modal":10000}],"timestamp":"2025-09-17T13:23:19.843Z","total_kesuluruhan":11000,"total_margin_keseluruhan":1000,"total_modal_keseluruhan":10000}},"level":"error","message":"Failed to save order to database","stack":["ValidationError: Order validation failed: orders.0.nama_menu: Path `nama_menu` is required.\n    at Document.invalidate (D:\\Code\\react\\resto-qrcode-backend\\node_modules\\mongoose\\lib\\document.js:3358:32)\n    at Subdocument.invalidate (D:\\Code\\react\\resto-qrcode-backend\\node_modules\\mongoose\\lib\\types\\subdocument.js:229:12)\n    at D:\\Code\\react\\resto-qrcode-backend\\node_modules\\mongoose\\lib\\document.js:3119:17\n    at D:\\Code\\react\\resto-qrcode-backend\\node_modules\\mongoose\\lib\\schemaType.js:1416:9\n    at process.processTicksAndRejections (node:internal/process/task_queues:85:11)"],"timestamp":"2025-09-17T13:23:19.860Z"}
{"context":"ExceptionsHandler","level":"error","message":"Order validation failed: orders.0.nama_menu: Path `nama_menu` is required.","stack":["ValidationError: Order validation failed: orders.0.nama_menu: Path `nama_menu` is required.\n    at Document.invalidate (D:\\Code\\react\\resto-qrcode-backend\\node_modules\\mongoose\\lib\\document.js:3358:32)\n    at Subdocument.invalidate (D:\\Code\\react\\resto-qrcode-backend\\node_modules\\mongoose\\lib\\types\\subdocument.js:229:12)\n    at D:\\Code\\react\\resto-qrcode-backend\\node_modules\\mongoose\\lib\\document.js:3119:17\n    at D:\\Code\\react\\resto-qrcode-backend\\node_modules\\mongoose\\lib\\schemaType.js:1416:9\n    at process.processTicksAndRejections (node:internal/process/task_queues:85:11)"],"timestamp":"2025-09-17T13:23:19.865Z"}
{"context":"NestFactory","level":"info","message":"Starting Nest application...","timestamp":"2025-09-17T13:26:38.065Z"}
{"context":"InstanceLoader","level":"info","message":"AppModule dependencies initialized","timestamp":"2025-09-17T13:26:38.075Z"}
{"context":"InstanceLoader","level":"info","message":"MongooseModule dependencies initialized","timestamp":"2025-09-17T13:26:38.076Z"}
{"context":"InstanceLoader","level":"info","message":"HttpModule dependencies initialized","timestamp":"2025-09-17T13:26:38.077Z"}
{"context":"InstanceLoader","level":"info","message":"ConfigHostModule dependencies initialized","timestamp":"2025-09-17T13:26:38.077Z"}
{"context":"InstanceLoader","level":"info","message":"ServeStaticModule dependencies initialized","timestamp":"2025-09-17T13:26:38.078Z"}
{"context":"InstanceLoader","level":"info","message":"ConfigModule dependencies initialized","timestamp":"2025-09-17T13:26:38.078Z"}
{"context":"InstanceLoader","level":"info","message":"ConfigModule dependencies initialized","timestamp":"2025-09-17T13:26:38.079Z"}
{"context":"InstanceLoader","level":"info","message":"MongooseCoreModule dependencies initialized","timestamp":"2025-09-17T13:26:38.105Z"}
{"context":"InstanceLoader","level":"info","message":"MongooseModule dependencies initialized","timestamp":"2025-09-17T13:26:38.110Z"}
{"context":"InstanceLoader","level":"info","message":"MongooseModule dependencies initialized","timestamp":"2025-09-17T13:26:38.111Z"}
{"context":"InstanceLoader","level":"info","message":"MenuModule dependencies initialized","timestamp":"2025-09-17T13:26:38.111Z"}
{"context":"InstanceLoader","level":"info","message":"OrderModule dependencies initialized","timestamp":"2025-09-17T13:26:38.112Z"}
{"context":"RoutesResolver","level":"info","message":"MenuController {/menu}:","timestamp":"2025-09-17T13:26:38.115Z"}
{"context":"RouterExplorer","level":"info","message":"Mapped {/menu, GET} route","timestamp":"2025-09-17T13:26:38.117Z"}
{"context":"RoutesResolver","level":"info","message":"OrderController {/order}:","timestamp":"2025-09-17T13:26:38.118Z"}
{"context":"RouterExplorer","level":"info","message":"Mapped {/order, POST} route","timestamp":"2025-09-17T13:26:38.119Z"}
{"context":"NestApplication","level":"info","message":"Nest application successfully started","timestamp":"2025-09-17T13:26:38.122Z"}
{"level":"info","message":"Application is running on: http://[::1]:3001","timestamp":"2025-09-17T13:26:38.127Z"}
{"context":{"data":{"_id":"b07915ec-1022-4fec-ba4d-fab4d23b5516","nama_pelanggan":"bobb","no_wa_pelanggan":"6281268778159","orders":[{"kuantiti":1,"menu_id":"68c675dd92af3629e55f99e1","modal":10000,"sub_total":12000,"subtotal_margin":2000,"subtotal_modal":10000}],"timestamp":"2025-09-17T13:27:11.969Z","total_kesuluruhan":12000,"total_margin_keseluruhan":2000,"total_modal_keseluruhan":10000}},"level":"error","message":"Failed to save order to database","stack":["ValidationError: Order validation failed: orders.0.nama_menu: Path `nama_menu` is required.\n    at Document.invalidate (D:\\Code\\react\\resto-qrcode-backend\\node_modules\\mongoose\\lib\\document.js:3358:32)\n    at Subdocument.invalidate (D:\\Code\\react\\resto-qrcode-backend\\node_modules\\mongoose\\lib\\types\\subdocument.js:229:12)\n    at D:\\Code\\react\\resto-qrcode-backend\\node_modules\\mongoose\\lib\\document.js:3119:17\n    at D:\\Code\\react\\resto-qrcode-backend\\node_modules\\mongoose\\lib\\schemaType.js:1416:9\n    at process.processTicksAndRejections (node:internal/process/task_queues:85:11)"],"timestamp":"2025-09-17T13:27:12.037Z"}
{"context":"ExceptionsHandler","level":"error","message":"Order validation failed: orders.0.nama_menu: Path `nama_menu` is required.","stack":["ValidationError: Order validation failed: orders.0.nama_menu: Path `nama_menu` is required.\n    at Document.invalidate (D:\\Code\\react\\resto-qrcode-backend\\node_modules\\mongoose\\lib\\document.js:3358:32)\n    at Subdocument.invalidate (D:\\Code\\react\\resto-qrcode-backend\\node_modules\\mongoose\\lib\\types\\subdocument.js:229:12)\n    at D:\\Code\\react\\resto-qrcode-backend\\node_modules\\mongoose\\lib\\document.js:3119:17\n    at D:\\Code\\react\\resto-qrcode-backend\\node_modules\\mongoose\\lib\\schemaType.js:1416:9\n    at process.processTicksAndRejections (node:internal/process/task_queues:85:11)"],"timestamp":"2025-09-17T13:27:12.043Z"}
{"context":{"data":{"_id":"2c65e151-13e3-41e0-ab9f-30cfd4610c19","nama_pelanggan":"bobby","no_wa_pelanggan":"6281268778159","orders":[{"kuantiti":1,"menu_id":"68c675dd92af3629e55f99e1","modal":10000,"sub_total":12000,"subtotal_margin":2000,"subtotal_modal":10000}],"timestamp":"2025-09-17T13:28:11.303Z","total_kesuluruhan":12000,"total_margin_keseluruhan":2000,"total_modal_keseluruhan":10000}},"level":"error","message":"Failed to save order to database","stack":["ValidationError: Order validation failed: orders.0.nama_menu: Path `nama_menu` is required.\n    at Document.invalidate (D:\\Code\\react\\resto-qrcode-backend\\node_modules\\mongoose\\lib\\document.js:3358:32)\n    at Subdocument.invalidate (D:\\Code\\react\\resto-qrcode-backend\\node_modules\\mongoose\\lib\\types\\subdocument.js:229:12)\n    at D:\\Code\\react\\resto-qrcode-backend\\node_modules\\mongoose\\lib\\document.js:3119:17\n    at D:\\Code\\react\\resto-qrcode-backend\\node_modules\\mongoose\\lib\\schemaType.js:1416:9\n    at process.processTicksAndRejections (node:internal/process/task_queues:85:11)"],"timestamp":"2025-09-17T13:28:11.325Z"}
{"context":"ExceptionsHandler","level":"error","message":"Order validation failed: orders.0.nama_menu: Path `nama_menu` is required.","stack":["ValidationError: Order validation failed: orders.0.nama_menu: Path `nama_menu` is required.\n    at Document.invalidate (D:\\Code\\react\\resto-qrcode-backend\\node_modules\\mongoose\\lib\\document.js:3358:32)\n    at Subdocument.invalidate (D:\\Code\\react\\resto-qrcode-backend\\node_modules\\mongoose\\lib\\types\\subdocument.js:229:12)\n    at D:\\Code\\react\\resto-qrcode-backend\\node_modules\\mongoose\\lib\\document.js:3119:17\n    at D:\\Code\\react\\resto-qrcode-backend\\node_modules\\mongoose\\lib\\schemaType.js:1416:9\n    at process.processTicksAndRejections (node:internal/process/task_queues:85:11)"],"timestamp":"2025-09-17T13:28:11.328Z"}
{"context":"NestFactory","level":"info","message":"Starting Nest application...","timestamp":"2025-09-17T13:29:42.222Z"}
{"context":"InstanceLoader","level":"info","message":"AppModule dependencies initialized","timestamp":"2025-09-17T13:29:42.236Z"}
{"context":"InstanceLoader","level":"info","message":"MongooseModule dependencies initialized","timestamp":"2025-09-17T13:29:42.237Z"}
{"context":"InstanceLoader","level":"info","message":"HttpModule dependencies initialized","timestamp":"2025-09-17T13:29:42.238Z"}
{"context":"InstanceLoader","level":"info","message":"ConfigHostModule dependencies initialized","timestamp":"2025-09-17T13:29:42.239Z"}
{"context":"InstanceLoader","level":"info","message":"ServeStaticModule dependencies initialized","timestamp":"2025-09-17T13:29:42.239Z"}
{"context":"InstanceLoader","level":"info","message":"ConfigModule dependencies initialized","timestamp":"2025-09-17T13:29:42.239Z"}
{"context":"InstanceLoader","level":"info","message":"ConfigModule dependencies initialized","timestamp":"2025-09-17T13:29:42.240Z"}
{"context":"InstanceLoader","level":"info","message":"MongooseCoreModule dependencies initialized","timestamp":"2025-09-17T13:29:42.269Z"}
{"context":"InstanceLoader","level":"info","message":"MongooseModule dependencies initialized","timestamp":"2025-09-17T13:29:42.275Z"}
{"context":"InstanceLoader","level":"info","message":"MongooseModule dependencies initialized","timestamp":"2025-09-17T13:29:42.275Z"}
{"context":"InstanceLoader","level":"info","message":"MenuModule dependencies initialized","timestamp":"2025-09-17T13:29:42.276Z"}
{"context":"InstanceLoader","level":"info","message":"OrderModule dependencies initialized","timestamp":"2025-09-17T13:29:42.276Z"}
{"context":"RoutesResolver","level":"info","message":"MenuController {/menu}:","timestamp":"2025-09-17T13:29:42.280Z"}
{"context":"RouterExplorer","level":"info","message":"Mapped {/menu, GET} route","timestamp":"2025-09-17T13:29:42.282Z"}
{"context":"RoutesResolver","level":"info","message":"OrderController {/order}:","timestamp":"2025-09-17T13:29:42.283Z"}
{"context":"RouterExplorer","level":"info","message":"Mapped {/order, POST} route","timestamp":"2025-09-17T13:29:42.284Z"}
{"context":"NestApplication","level":"info","message":"Nest application successfully started","timestamp":"2025-09-17T13:29:42.290Z"}
{"level":"info","message":"Application is running on: http://[::1]:3001","timestamp":"2025-09-17T13:29:42.296Z"}
{"context":{"data":{"_id":"79cb5910-e62b-4995-8860-bbc9c8aa54b5","nama_pelanggan":"bob","no_wa_pelanggan":"6281268778159","orders":[{"kuantiti":1,"menu_id":"68c675dd92af3629e55f99e1","modal":10000,"sub_total":12000,"subtotal_margin":2000,"subtotal_modal":10000}],"timestamp":"2025-09-17T13:30:09.423Z","total_kesuluruhan":12000,"total_margin_keseluruhan":2000,"total_modal_keseluruhan":10000}},"level":"error","message":"Failed to save order to database","stack":["ValidationError: Order validation failed: orders.0.nama_menu: Path `nama_menu` is required.\n    at Document.invalidate (D:\\Code\\react\\resto-qrcode-backend\\node_modules\\mongoose\\lib\\document.js:3358:32)\n    at Subdocument.invalidate (D:\\Code\\react\\resto-qrcode-backend\\node_modules\\mongoose\\lib\\types\\subdocument.js:229:12)\n    at D:\\Code\\react\\resto-qrcode-backend\\node_modules\\mongoose\\lib\\document.js:3119:17\n    at D:\\Code\\react\\resto-qrcode-backend\\node_modules\\mongoose\\lib\\schemaType.js:1416:9\n    at process.processTicksAndRejections (node:internal/process/task_queues:85:11)"],"timestamp":"2025-09-17T13:30:09.485Z"}
{"context":"ExceptionsHandler","level":"error","message":"Order validation failed: orders.0.nama_menu: Path `nama_menu` is required.","stack":["ValidationError: Order validation failed: orders.0.nama_menu: Path `nama_menu` is required.\n    at Document.invalidate (D:\\Code\\react\\resto-qrcode-backend\\node_modules\\mongoose\\lib\\document.js:3358:32)\n    at Subdocument.invalidate (D:\\Code\\react\\resto-qrcode-backend\\node_modules\\mongoose\\lib\\types\\subdocument.js:229:12)\n    at D:\\Code\\react\\resto-qrcode-backend\\node_modules\\mongoose\\lib\\document.js:3119:17\n    at D:\\Code\\react\\resto-qrcode-backend\\node_modules\\mongoose\\lib\\schemaType.js:1416:9\n    at process.processTicksAndRejections (node:internal/process/task_queues:85:11)"],"timestamp":"2025-09-17T13:30:09.490Z"}
{"context":"NestFactory","level":"info","message":"Starting Nest application...","timestamp":"2025-09-17T13:32:35.438Z"}
{"context":"InstanceLoader","level":"info","message":"AppModule dependencies initialized","timestamp":"2025-09-17T13:32:35.463Z"}
{"context":"InstanceLoader","level":"info","message":"MongooseModule dependencies initialized","timestamp":"2025-09-17T13:32:35.465Z"}
{"context":"InstanceLoader","level":"info","message":"HttpModule dependencies initialized","timestamp":"2025-09-17T13:32:35.466Z"}
{"context":"InstanceLoader","level":"info","message":"ConfigHostModule dependencies initialized","timestamp":"2025-09-17T13:32:35.467Z"}
{"context":"InstanceLoader","level":"info","message":"ServeStaticModule dependencies initialized","timestamp":"2025-09-17T13:32:35.467Z"}
{"context":"InstanceLoader","level":"info","message":"ConfigModule dependencies initialized","timestamp":"2025-09-17T13:32:35.468Z"}
{"context":"InstanceLoader","level":"info","message":"ConfigModule dependencies initialized","timestamp":"2025-09-17T13:32:35.469Z"}
{"context":"InstanceLoader","level":"info","message":"MongooseCoreModule dependencies initialized","timestamp":"2025-09-17T13:32:35.508Z"}
{"context":"InstanceLoader","level":"info","message":"MongooseModule dependencies initialized","timestamp":"2025-09-17T13:32:35.516Z"}
{"context":"InstanceLoader","level":"info","message":"MongooseModule dependencies initialized","timestamp":"2025-09-17T13:32:35.517Z"}
{"context":"InstanceLoader","level":"info","message":"MenuModule dependencies initialized","timestamp":"2025-09-17T13:32:35.518Z"}
{"context":"InstanceLoader","level":"info","message":"OrderModule dependencies initialized","timestamp":"2025-09-17T13:32:35.519Z"}
{"context":"RoutesResolver","level":"info","message":"MenuController {/menu}:","timestamp":"2025-09-17T13:32:35.526Z"}
{"context":"RouterExplorer","level":"info","message":"Mapped {/menu, GET} route","timestamp":"2025-09-17T13:32:35.530Z"}
{"context":"RoutesResolver","level":"info","message":"OrderController {/order}:","timestamp":"2025-09-17T13:32:35.531Z"}
{"context":"RouterExplorer","level":"info","message":"Mapped {/order, POST} route","timestamp":"2025-09-17T13:32:35.532Z"}
{"context":"NestApplication","level":"info","message":"Nest application successfully started","timestamp":"2025-09-17T13:32:35.536Z"}
{"level":"info","message":"Application is running on: http://[::1]:3001","timestamp":"2025-09-17T13:32:35.544Z"}
{"context":{"data":{"_id":"f712214f-c7d8-4b25-9b1e-1773f055d4a5","nama_pelanggan":"bob","no_wa_pelanggan":"6281268778159","orders":[{"kuantiti":1,"menu_id":"68c675dd92af3629e55f99e1","modal":10000,"sub_total":12000,"subtotal_margin":2000,"subtotal_modal":10000}],"timestamp":"2025-09-17T13:32:53.693Z","total_kesuluruhan":12000,"total_margin_keseluruhan":2000,"total_modal_keseluruhan":10000}},"level":"error","message":"Failed to save order to database","stack":["ValidationError: Order validation failed: orders.0.name: Path `name` is required.\n    at Document.invalidate (D:\\Code\\react\\resto-qrcode-backend\\node_modules\\mongoose\\lib\\document.js:3358:32)\n    at Subdocument.invalidate (D:\\Code\\react\\resto-qrcode-backend\\node_modules\\mongoose\\lib\\types\\subdocument.js:229:12)\n    at D:\\Code\\react\\resto-qrcode-backend\\node_modules\\mongoose\\lib\\document.js:3119:17\n    at D:\\Code\\react\\resto-qrcode-backend\\node_modules\\mongoose\\lib\\schemaType.js:1416:9\n    at process.processTicksAndRejections (node:internal/process/task_queues:85:11)"],"timestamp":"2025-09-17T13:32:53.752Z"}
{"context":"ExceptionsHandler","level":"error","message":"Order validation failed: orders.0.name: Path `name` is required.","stack":["ValidationError: Order validation failed: orders.0.name: Path `name` is required.\n    at Document.invalidate (D:\\Code\\react\\resto-qrcode-backend\\node_modules\\mongoose\\lib\\document.js:3358:32)\n    at Subdocument.invalidate (D:\\Code\\react\\resto-qrcode-backend\\node_modules\\mongoose\\lib\\types\\subdocument.js:229:12)\n    at D:\\Code\\react\\resto-qrcode-backend\\node_modules\\mongoose\\lib\\document.js:3119:17\n    at D:\\Code\\react\\resto-qrcode-backend\\node_modules\\mongoose\\lib\\schemaType.js:1416:9\n    at process.processTicksAndRejections (node:internal/process/task_queues:85:11)"],"timestamp":"2025-09-17T13:32:53.756Z"}
{"context":"NestFactory","level":"info","message":"Starting Nest application...","timestamp":"2025-09-17T13:33:45.636Z"}
{"context":"InstanceLoader","level":"info","message":"AppModule dependencies initialized","timestamp":"2025-09-17T13:33:45.651Z"}
{"context":"InstanceLoader","level":"info","message":"MongooseModule dependencies initialized","timestamp":"2025-09-17T13:33:45.652Z"}
{"context":"InstanceLoader","level":"info","message":"HttpModule dependencies initialized","timestamp":"2025-09-17T13:33:45.653Z"}
{"context":"InstanceLoader","level":"info","message":"ConfigHostModule dependencies initialized","timestamp":"2025-09-17T13:33:45.653Z"}
{"context":"InstanceLoader","level":"info","message":"ServeStaticModule dependencies initialized","timestamp":"2025-09-17T13:33:45.654Z"}
{"context":"InstanceLoader","level":"info","message":"ConfigModule dependencies initialized","timestamp":"2025-09-17T13:33:45.654Z"}
{"context":"InstanceLoader","level":"info","message":"ConfigModule dependencies initialized","timestamp":"2025-09-17T13:33:45.655Z"}
{"context":"InstanceLoader","level":"info","message":"MongooseCoreModule dependencies initialized","timestamp":"2025-09-17T13:33:45.683Z"}
{"context":"InstanceLoader","level":"info","message":"MongooseModule dependencies initialized","timestamp":"2025-09-17T13:33:45.688Z"}
{"context":"InstanceLoader","level":"info","message":"MongooseModule dependencies initialized","timestamp":"2025-09-17T13:33:45.688Z"}
{"context":"InstanceLoader","level":"info","message":"MenuModule dependencies initialized","timestamp":"2025-09-17T13:33:45.689Z"}
{"context":"InstanceLoader","level":"info","message":"OrderModule dependencies initialized","timestamp":"2025-09-17T13:33:45.689Z"}
{"context":"RoutesResolver","level":"info","message":"MenuController {/menu}:","timestamp":"2025-09-17T13:33:45.693Z"}
{"context":"RouterExplorer","level":"info","message":"Mapped {/menu, GET} route","timestamp":"2025-09-17T13:33:45.696Z"}
{"context":"RoutesResolver","level":"info","message":"OrderController {/order}:","timestamp":"2025-09-17T13:33:45.696Z"}
{"context":"RouterExplorer","level":"info","message":"Mapped {/order, POST} route","timestamp":"2025-09-17T13:33:45.697Z"}
{"context":"NestApplication","level":"info","message":"Nest application successfully started","timestamp":"2025-09-17T13:33:45.701Z"}
{"level":"info","message":"Application is running on: http://[::1]:3001","timestamp":"2025-09-17T13:33:45.706Z"}
{"context":"OrderService","level":"info","message":"Order successfully saved with ID: f3c85a8d-790e-4413-a2ac-e5eff63a5934","timestamp":"2025-09-17T13:34:00.450Z"}
{"context":"OrderService","level":"info","message":"Sending WhatsApp message for order f3c85a8d-790e-4413-a2ac-e5eff63a5934 to 6281268778159","timestamp":"2025-09-17T13:34:00.461Z"}
{"context":"OrderService","level":"info","message":"WhatsApp message sent successfully for order f3c85a8d-790e-4413-a2ac-e5eff63a5934","timestamp":"2025-09-17T13:34:00.965Z"}
{"context":"NestFactory","level":"info","message":"Starting Nest application...","timestamp":"2025-09-17T13:38:34.187Z"}
{"context":"InstanceLoader","level":"info","message":"AppModule dependencies initialized","timestamp":"2025-09-17T13:38:34.200Z"}
{"context":"InstanceLoader","level":"info","message":"MongooseModule dependencies initialized","timestamp":"2025-09-17T13:38:34.201Z"}
{"context":"InstanceLoader","level":"info","message":"HttpModule dependencies initialized","timestamp":"2025-09-17T13:38:34.202Z"}
{"context":"InstanceLoader","level":"info","message":"ConfigHostModule dependencies initialized","timestamp":"2025-09-17T13:38:34.203Z"}
{"context":"InstanceLoader","level":"info","message":"ServeStaticModule dependencies initialized","timestamp":"2025-09-17T13:38:34.204Z"}
{"context":"InstanceLoader","level":"info","message":"ConfigModule dependencies initialized","timestamp":"2025-09-17T13:38:34.204Z"}
{"context":"InstanceLoader","level":"info","message":"ConfigModule dependencies initialized","timestamp":"2025-09-17T13:38:34.204Z"}
{"context":"InstanceLoader","level":"info","message":"MongooseCoreModule dependencies initialized","timestamp":"2025-09-17T13:38:34.231Z"}
{"context":"InstanceLoader","level":"info","message":"MongooseModule dependencies initialized","timestamp":"2025-09-17T13:38:34.236Z"}
{"context":"InstanceLoader","level":"info","message":"MongooseModule dependencies initialized","timestamp":"2025-09-17T13:38:34.236Z"}
{"context":"InstanceLoader","level":"info","message":"MenuModule dependencies initialized","timestamp":"2025-09-17T13:38:34.237Z"}
{"context":"InstanceLoader","level":"info","message":"OrderModule dependencies initialized","timestamp":"2025-09-17T13:38:34.237Z"}
{"context":"RoutesResolver","level":"info","message":"MenuController {/menu}:","timestamp":"2025-09-17T13:38:34.242Z"}
{"context":"RouterExplorer","level":"info","message":"Mapped {/menu, GET} route","timestamp":"2025-09-17T13:38:34.244Z"}
{"context":"RoutesResolver","level":"info","message":"OrderController {/order}:","timestamp":"2025-09-17T13:38:34.244Z"}
{"context":"RouterExplorer","level":"info","message":"Mapped {/order, POST} route","timestamp":"2025-09-17T13:38:34.245Z"}
{"context":"NestApplication","level":"info","message":"Nest application successfully started","timestamp":"2025-09-17T13:38:34.248Z"}
{"level":"info","message":"Application is running on: http://[::1]:3001","timestamp":"2025-09-17T13:38:34.252Z"}
{"context":"OrderService","level":"info","message":"Order successfully saved with ID: 47a046d2-f563-4594-a1ce-8526136cab16","timestamp":"2025-09-17T13:39:09.353Z"}
{"context":"OrderService","level":"info","message":"Sending WhatsApp message for order 47a046d2-f563-4594-a1ce-8526136cab16 to 6281268778159","timestamp":"2025-09-17T13:39:09.362Z"}
{"context":"OrderService","level":"info","message":"WhatsApp message sent successfully for order 47a046d2-f563-4594-a1ce-8526136cab16","timestamp":"2025-09-17T13:39:09.883Z"}
{"context":"NestFactory","level":"info","message":"Starting Nest application...","timestamp":"2025-09-17T13:42:31.797Z"}
{"context":"InstanceLoader","level":"info","message":"AppModule dependencies initialized","timestamp":"2025-09-17T13:42:31.808Z"}
{"context":"InstanceLoader","level":"info","message":"MongooseModule dependencies initialized","timestamp":"2025-09-17T13:42:31.809Z"}
{"context":"InstanceLoader","level":"info","message":"HttpModule dependencies initialized","timestamp":"2025-09-17T13:42:31.809Z"}
{"context":"InstanceLoader","level":"info","message":"ConfigHostModule dependencies initialized","timestamp":"2025-09-17T13:42:31.810Z"}
{"context":"InstanceLoader","level":"info","message":"ServeStaticModule dependencies initialized","timestamp":"2025-09-17T13:42:31.811Z"}
{"context":"InstanceLoader","level":"info","message":"ConfigModule dependencies initialized","timestamp":"2025-09-17T13:42:31.811Z"}
{"context":"InstanceLoader","level":"info","message":"ConfigModule dependencies initialized","timestamp":"2025-09-17T13:42:31.812Z"}
{"context":"InstanceLoader","level":"info","message":"MongooseCoreModule dependencies initialized","timestamp":"2025-09-17T13:42:31.843Z"}
{"context":"InstanceLoader","level":"info","message":"MongooseModule dependencies initialized","timestamp":"2025-09-17T13:42:31.849Z"}
{"context":"InstanceLoader","level":"info","message":"MongooseModule dependencies initialized","timestamp":"2025-09-17T13:42:31.850Z"}
{"context":"InstanceLoader","level":"info","message":"MenuModule dependencies initialized","timestamp":"2025-09-17T13:42:31.851Z"}
{"context":"InstanceLoader","level":"info","message":"OrderModule dependencies initialized","timestamp":"2025-09-17T13:42:31.851Z"}
{"context":"RoutesResolver","level":"info","message":"MenuController {/menu}:","timestamp":"2025-09-17T13:42:31.855Z"}
{"context":"RouterExplorer","level":"info","message":"Mapped {/menu, GET} route","timestamp":"2025-09-17T13:42:31.857Z"}
{"context":"RoutesResolver","level":"info","message":"OrderController {/order}:","timestamp":"2025-09-17T13:42:31.858Z"}
{"context":"RouterExplorer","level":"info","message":"Mapped {/order, POST} route","timestamp":"2025-09-17T13:42:31.858Z"}
{"context":"NestApplication","level":"info","message":"Nest application successfully started","timestamp":"2025-09-17T13:42:31.863Z"}
{"level":"info","message":"Application is running on: http://[::1]:3001","timestamp":"2025-09-17T13:42:31.868Z"}
{"context":{"data":{"_id":"a4fec134-486d-4cf0-8206-c95ae2bc8b17","nama_pelanggan":"ibnu","no_wa_pelanggan":"6281268778159","orders":[{"kuantiti":1,"menu_id":"68c675dd92af3629e55f99e1","modal":10000,"sub_total":12000,"subtotal_margin":2000,"subtotal_modal":10000}],"timestamp":"2025-09-17T13:42:56.412Z","total_kesuluruhan":12000,"total_margin_keseluruhan":2000,"total_modal_keseluruhan":10000}},"level":"error","message":"Failed to save order to database","stack":["ValidationError: Order validation failed: orders.0.name: Path `name` is required.\n    at Document.invalidate (D:\\Code\\react\\resto-qrcode-backend\\node_modules\\mongoose\\lib\\document.js:3358:32)\n    at Subdocument.invalidate (D:\\Code\\react\\resto-qrcode-backend\\node_modules\\mongoose\\lib\\types\\subdocument.js:229:12)\n    at D:\\Code\\react\\resto-qrcode-backend\\node_modules\\mongoose\\lib\\document.js:3119:17\n    at D:\\Code\\react\\resto-qrcode-backend\\node_modules\\mongoose\\lib\\schemaType.js:1416:9\n    at process.processTicksAndRejections (node:internal/process/task_queues:85:11)"],"timestamp":"2025-09-17T13:42:56.450Z"}
{"context":"ExceptionsHandler","level":"error","message":"Order validation failed: orders.0.name: Path `name` is required.","stack":["ValidationError: Order validation failed: orders.0.name: Path `name` is required.\n    at Document.invalidate (D:\\Code\\react\\resto-qrcode-backend\\node_modules\\mongoose\\lib\\document.js:3358:32)\n    at Subdocument.invalidate (D:\\Code\\react\\resto-qrcode-backend\\node_modules\\mongoose\\lib\\types\\subdocument.js:229:12)\n    at D:\\Code\\react\\resto-qrcode-backend\\node_modules\\mongoose\\lib\\document.js:3119:17\n    at D:\\Code\\react\\resto-qrcode-backend\\node_modules\\mongoose\\lib\\schemaType.js:1416:9\n    at process.processTicksAndRejections (node:internal/process/task_queues:85:11)"],"timestamp":"2025-09-17T13:42:56.452Z"}
{"context":{"data":{"_id":"9fbf50aa-e3eb-485c-899a-a11c92e30bd8","nama_pelanggan":"bob","no_wa_pelanggan":"6281268778159","orders":[{"kuantiti":1,"menu_id":"68c675dd92af3629e55f99e1","modal":10000,"sub_total":12000,"subtotal_margin":2000,"subtotal_modal":10000}],"timestamp":"2025-09-17T13:44:12.631Z","total_kesuluruhan":12000,"total_margin_keseluruhan":2000,"total_modal_keseluruhan":10000}},"level":"error","message":"Failed to save order to database","stack":["ValidationError: Order validation failed: orders.0.name: Path `name` is required.\n    at Document.invalidate (D:\\Code\\react\\resto-qrcode-backend\\node_modules\\mongoose\\lib\\document.js:3358:32)\n    at Subdocument.invalidate (D:\\Code\\react\\resto-qrcode-backend\\node_modules\\mongoose\\lib\\types\\subdocument.js:229:12)\n    at D:\\Code\\react\\resto-qrcode-backend\\node_modules\\mongoose\\lib\\document.js:3119:17\n    at D:\\Code\\react\\resto-qrcode-backend\\node_modules\\mongoose\\lib\\schemaType.js:1416:9\n    at process.processTicksAndRejections (node:internal/process/task_queues:85:11)"],"timestamp":"2025-09-17T13:44:12.648Z"}
{"context":"ExceptionsHandler","level":"error","message":"Order validation failed: orders.0.name: Path `name` is required.","stack":["ValidationError: Order validation failed: orders.0.name: Path `name` is required.\n    at Document.invalidate (D:\\Code\\react\\resto-qrcode-backend\\node_modules\\mongoose\\lib\\document.js:3358:32)\n    at Subdocument.invalidate (D:\\Code\\react\\resto-qrcode-backend\\node_modules\\mongoose\\lib\\types\\subdocument.js:229:12)\n    at D:\\Code\\react\\resto-qrcode-backend\\node_modules\\mongoose\\lib\\document.js:3119:17\n    at D:\\Code\\react\\resto-qrcode-backend\\node_modules\\mongoose\\lib\\schemaType.js:1416:9\n    at process.processTicksAndRejections (node:internal/process/task_queues:85:11)"],"timestamp":"2025-09-17T13:44:12.650Z"}
{"context":"NestFactory","level":"info","message":"Starting Nest application...","timestamp":"2025-09-17T13:45:07.447Z"}
{"context":"InstanceLoader","level":"info","message":"AppModule dependencies initialized","timestamp":"2025-09-17T13:45:07.457Z"}
{"context":"InstanceLoader","level":"info","message":"MongooseModule dependencies initialized","timestamp":"2025-09-17T13:45:07.457Z"}
{"context":"InstanceLoader","level":"info","message":"HttpModule dependencies initialized","timestamp":"2025-09-17T13:45:07.458Z"}
{"context":"InstanceLoader","level":"info","message":"ConfigHostModule dependencies initialized","timestamp":"2025-09-17T13:45:07.459Z"}
{"context":"InstanceLoader","level":"info","message":"ServeStaticModule dependencies initialized","timestamp":"2025-09-17T13:45:07.459Z"}
{"context":"InstanceLoader","level":"info","message":"ConfigModule dependencies initialized","timestamp":"2025-09-17T13:45:07.460Z"}
{"context":"InstanceLoader","level":"info","message":"ConfigModule dependencies initialized","timestamp":"2025-09-17T13:45:07.460Z"}
{"context":"InstanceLoader","level":"info","message":"MongooseCoreModule dependencies initialized","timestamp":"2025-09-17T13:45:07.484Z"}
{"context":"InstanceLoader","level":"info","message":"MongooseModule dependencies initialized","timestamp":"2025-09-17T13:45:07.489Z"}
{"context":"InstanceLoader","level":"info","message":"MongooseModule dependencies initialized","timestamp":"2025-09-17T13:45:07.489Z"}
{"context":"InstanceLoader","level":"info","message":"MenuModule dependencies initialized","timestamp":"2025-09-17T13:45:07.490Z"}
{"context":"InstanceLoader","level":"info","message":"OrderModule dependencies initialized","timestamp":"2025-09-17T13:45:07.490Z"}
{"context":"RoutesResolver","level":"info","message":"MenuController {/menu}:","timestamp":"2025-09-17T13:45:07.493Z"}
{"context":"RouterExplorer","level":"info","message":"Mapped {/menu, GET} route","timestamp":"2025-09-17T13:45:07.495Z"}
{"context":"RoutesResolver","level":"info","message":"OrderController {/order}:","timestamp":"2025-09-17T13:45:07.496Z"}
{"context":"RouterExplorer","level":"info","message":"Mapped {/order, POST} route","timestamp":"2025-09-17T13:45:07.497Z"}
{"context":"NestApplication","level":"info","message":"Nest application successfully started","timestamp":"2025-09-17T13:45:07.499Z"}
{"level":"info","message":"Application is running on: http://[::1]:3001","timestamp":"2025-09-17T13:45:07.504Z"}
{"context":"OrderService","level":"info","message":"Order successfully saved with ID: 52fa0cd5-034e-48b5-8b91-ee55dea66486","timestamp":"2025-09-17T13:45:20.386Z"}
{"context":"OrderService","level":"info","message":"Sending WhatsApp message for order 52fa0cd5-034e-48b5-8b91-ee55dea66486 to 6281268778159","timestamp":"2025-09-17T13:45:20.395Z"}
{"context":"OrderService","level":"info","message":"WhatsApp message sent successfully for order 52fa0cd5-034e-48b5-8b91-ee55dea66486","timestamp":"2025-09-17T13:45:20.893Z"}
