{"context":"NestFactory","level":"info","message":"Starting Nest application...","timestamp":"2025-10-24T02:46:02.122Z"}
{"context":"InstanceLoader","level":"info","message":"AppModule dependencies initialized","timestamp":"2025-10-24T02:46:02.139Z"}
{"context":"InstanceLoader","level":"info","message":"MongooseModule dependencies initialized","timestamp":"2025-10-24T02:46:02.140Z"}
{"context":"InstanceLoader","level":"info","message":"PassportModule dependencies initialized","timestamp":"2025-10-24T02:46:02.141Z"}
{"context":"InstanceLoader","level":"info","message":"ConfigHostModule dependencies initialized","timestamp":"2025-10-24T02:46:02.143Z"}
{"context":"InstanceLoader","level":"info","message":"HttpModule dependencies initialized","timestamp":"2025-10-24T02:46:02.144Z"}
{"context":"InstanceLoader","level":"info","message":"ConfigModule dependencies initialized","timestamp":"2025-10-24T02:46:02.146Z"}
{"context":"InstanceLoader","level":"info","message":"ConfigModule dependencies initialized","timestamp":"2025-10-24T02:46:02.146Z"}
{"context":"InstanceLoader","level":"info","message":"ServeStaticModule dependencies initialized","timestamp":"2025-10-24T02:46:02.147Z"}
{"context":"InstanceLoader","level":"info","message":"JwtModule dependencies initialized","timestamp":"2025-10-24T02:46:02.168Z"}
{"context":"InstanceLoader","level":"info","message":"MongooseCoreModule dependencies initialized","timestamp":"2025-10-24T02:46:02.183Z"}
{"context":"InstanceLoader","level":"info","message":"MongooseModule dependencies initialized","timestamp":"2025-10-24T02:46:02.184Z"}
{"context":"InstanceLoader","level":"info","message":"MongooseModule dependencies initialized","timestamp":"2025-10-24T02:46:02.185Z"}
{"context":"InstanceLoader","level":"info","message":"MongooseModule dependencies initialized","timestamp":"2025-10-24T02:46:02.185Z"}
{"context":"InstanceLoader","level":"info","message":"OrderModule dependencies initialized","timestamp":"2025-10-24T02:46:02.187Z"}
{"context":"InstanceLoader","level":"info","message":"MenuModule dependencies initialized","timestamp":"2025-10-24T02:46:02.188Z"}
{"context":"InstanceLoader","level":"info","message":"UserModule dependencies initialized","timestamp":"2025-10-24T02:46:02.188Z"}
{"context":"RoutesResolver","level":"info","message":"MenuController {/menu}:","timestamp":"2025-10-24T02:46:02.194Z"}
{"context":"RouterExplorer","level":"info","message":"Mapped {/menu, POST} route","timestamp":"2025-10-24T02:46:02.197Z"}
{"context":"RouterExplorer","level":"info","message":"Mapped {/menu, GET} route","timestamp":"2025-10-24T02:46:02.198Z"}
{"context":"RouterExplorer","level":"info","message":"Mapped {/menu/:id, PUT} route","timestamp":"2025-10-24T02:46:02.199Z"}
{"context":"RouterExplorer","level":"info","message":"Mapped {/menu/:id, DELETE} route","timestamp":"2025-10-24T02:46:02.199Z"}
{"context":"RoutesResolver","level":"info","message":"OrderController {/order}:","timestamp":"2025-10-24T02:46:02.200Z"}
{"context":"RouterExplorer","level":"info","message":"Mapped {/order, POST} route","timestamp":"2025-10-24T02:46:02.201Z"}
{"context":"RouterExplorer","level":"info","message":"Mapped {/order/:year/:month, GET} route","timestamp":"2025-10-24T02:46:02.201Z"}
{"context":"RoutesResolver","level":"info","message":"UserController {/user}:","timestamp":"2025-10-24T02:46:02.202Z"}
{"context":"RouterExplorer","level":"info","message":"Mapped {/user/register, POST} route","timestamp":"2025-10-24T02:46:02.202Z"}
{"context":"RouterExplorer","level":"info","message":"Mapped {/user/login, POST} route","timestamp":"2025-10-24T02:46:02.203Z"}
{"context":"RouterExplorer","level":"info","message":"Mapped {/user/profile, GET} route","timestamp":"2025-10-24T02:46:02.204Z"}
{"context":"RouterExplorer","level":"info","message":"Mapped {/user, GET} route","timestamp":"2025-10-24T02:46:02.205Z"}
{"context":"RouterExplorer","level":"info","message":"Mapped {/user/:id, GET} route","timestamp":"2025-10-24T02:46:02.206Z"}
{"context":"RouterExplorer","level":"info","message":"Mapped {/user/:id, PUT} route","timestamp":"2025-10-24T02:46:02.207Z"}
{"context":"RouterExplorer","level":"info","message":"Mapped {/user/:id, DELETE} route","timestamp":"2025-10-24T02:46:02.208Z"}
{"context":"NestApplication","level":"info","message":"Nest application successfully started","timestamp":"2025-10-24T02:46:02.211Z"}
{"level":"info","message":"Application is running on: http://[::1]:3001","timestamp":"2025-10-24T02:46:02.216Z"}
{"context":"OrderService","level":"info","message":"Order successfully saved with ID: 96e721ab-219f-4a4c-adca-3df8bb1ad408","timestamp":"2025-10-24T07:05:33.212Z"}
{"context":"OrderService","level":"info","message":"Sending WhatsApp message for order 96e721ab-219f-4a4c-adca-3df8bb1ad408 to 628","timestamp":"2025-10-24T07:05:33.229Z"}
{"context":"OrderService","level":"error","message":"Failed to send WhatsApp message for order 96e721ab-219f-4a4c-adca-3df8bb1ad408","stack":["AggregateError: Error\n    at Function.AxiosError.from (D:\\Code\\react\\baksopedasnikmat\\resto-qrcode-backend\\node_modules\\axios\\lib\\core\\AxiosError.js:96:14)\n    at RedirectableRequest.handleRequestError (D:\\Code\\react\\baksopedasnikmat\\resto-qrcode-backend\\node_modules\\axios\\lib\\adapters\\http.js:638:25)\n    at RedirectableRequest.emit (node:events:519:28)\n    at eventHandlers.<computed> (D:\\Code\\react\\baksopedasnikmat\\resto-qrcode-backend\\node_modules\\follow-redirects\\index.js:49:24)\n    at ClientRequest.emit (node:events:519:28)\n    at emitErrorEvent (node:_http_client:105:11)\n    at Socket.socketErrorListener (node:_http_client:518:5)\n    at Socket.emit (node:events:519:28)\n    at emitErrorNT (node:internal/streams/destroy:170:8)\n    at emitErrorCloseNT (node:internal/streams/destroy:129:3)\n    at Axios.request (D:\\Code\\react\\baksopedasnikmat\\resto-qrcode-backend\\node_modules\\axios\\lib\\core\\Axios.js:45:41)\n    at process.processTicksAndRejections (node:internal/process/task_queues:105:5)"],"timestamp":"2025-10-24T07:05:33.331Z"}
{"context":"OrderService","level":"info","message":"Order successfully saved with ID: 42db295e-e38a-4f78-ab6b-abc12e17389d","timestamp":"2025-10-24T07:05:48.097Z"}
{"context":"OrderService","level":"info","message":"Sending WhatsApp message for order 42db295e-e38a-4f78-ab6b-abc12e17389d to 1","timestamp":"2025-10-24T07:05:48.100Z"}
{"context":"OrderService","level":"error","message":"Failed to send WhatsApp message for order 42db295e-e38a-4f78-ab6b-abc12e17389d","stack":["AggregateError: Error\n    at Function.AxiosError.from (D:\\Code\\react\\baksopedasnikmat\\resto-qrcode-backend\\node_modules\\axios\\lib\\core\\AxiosError.js:96:14)\n    at RedirectableRequest.handleRequestError (D:\\Code\\react\\baksopedasnikmat\\resto-qrcode-backend\\node_modules\\axios\\lib\\adapters\\http.js:638:25)\n    at RedirectableRequest.emit (node:events:519:28)\n    at eventHandlers.<computed> (D:\\Code\\react\\baksopedasnikmat\\resto-qrcode-backend\\node_modules\\follow-redirects\\index.js:49:24)\n    at ClientRequest.emit (node:events:519:28)\n    at emitErrorEvent (node:_http_client:105:11)\n    at Socket.socketErrorListener (node:_http_client:518:5)\n    at Socket.emit (node:events:519:28)\n    at emitErrorNT (node:internal/streams/destroy:170:8)\n    at emitErrorCloseNT (node:internal/streams/destroy:129:3)\n    at Axios.request (D:\\Code\\react\\baksopedasnikmat\\resto-qrcode-backend\\node_modules\\axios\\lib\\core\\Axios.js:45:41)\n    at process.processTicksAndRejections (node:internal/process/task_queues:105:5)"],"timestamp":"2025-10-24T07:05:48.111Z"}
{"context":"OrderService","level":"info","message":"Order successfully saved with ID: e7ab6174-31fe-4fe1-baec-62826b204727","timestamp":"2025-10-24T07:06:24.322Z"}
{"context":"OrderService","level":"info","message":"Sending WhatsApp message for order e7ab6174-31fe-4fe1-baec-62826b204727 to 1","timestamp":"2025-10-24T07:06:24.324Z"}
{"context":"OrderService","level":"error","message":"Failed to send WhatsApp message for order e7ab6174-31fe-4fe1-baec-62826b204727","stack":["AggregateError: Error\n    at Function.AxiosError.from (D:\\Code\\react\\baksopedasnikmat\\resto-qrcode-backend\\node_modules\\axios\\lib\\core\\AxiosError.js:96:14)\n    at RedirectableRequest.handleRequestError (D:\\Code\\react\\baksopedasnikmat\\resto-qrcode-backend\\node_modules\\axios\\lib\\adapters\\http.js:638:25)\n    at RedirectableRequest.emit (node:events:519:28)\n    at eventHandlers.<computed> (D:\\Code\\react\\baksopedasnikmat\\resto-qrcode-backend\\node_modules\\follow-redirects\\index.js:49:24)\n    at ClientRequest.emit (node:events:519:28)\n    at emitErrorEvent (node:_http_client:105:11)\n    at Socket.socketErrorListener (node:_http_client:518:5)\n    at Socket.emit (node:events:519:28)\n    at emitErrorNT (node:internal/streams/destroy:170:8)\n    at emitErrorCloseNT (node:internal/streams/destroy:129:3)\n    at Axios.request (D:\\Code\\react\\baksopedasnikmat\\resto-qrcode-backend\\node_modules\\axios\\lib\\core\\Axios.js:45:41)\n    at process.processTicksAndRejections (node:internal/process/task_queues:105:5)"],"timestamp":"2025-10-24T07:06:24.333Z"}
