{"context":"NestFactory","level":"info","message":"Starting Nest application...","timestamp":"2025-10-04T11:47:14.299Z"}
{"context":"InstanceLoader","level":"info","message":"AppModule dependencies initialized","timestamp":"2025-10-04T11:47:14.340Z"}
{"context":"InstanceLoader","level":"info","message":"MongooseModule dependencies initialized","timestamp":"2025-10-04T11:47:14.345Z"}
{"context":"InstanceLoader","level":"info","message":"PassportModule dependencies initialized","timestamp":"2025-10-04T11:47:14.346Z"}
{"context":"InstanceLoader","level":"info","message":"HttpModule dependencies initialized","timestamp":"2025-10-04T11:47:14.348Z"}
{"context":"InstanceLoader","level":"info","message":"ConfigHostModule dependencies initialized","timestamp":"2025-10-04T11:47:14.350Z"}
{"context":"InstanceLoader","level":"info","message":"ServeStaticModule dependencies initialized","timestamp":"2025-10-04T11:47:14.351Z"}
{"context":"InstanceLoader","level":"info","message":"ConfigModule dependencies initialized","timestamp":"2025-10-04T11:47:14.353Z"}
{"context":"InstanceLoader","level":"info","message":"ConfigModule dependencies initialized","timestamp":"2025-10-04T11:47:14.359Z"}
{"context":"InstanceLoader","level":"info","message":"JwtModule dependencies initialized","timestamp":"2025-10-04T11:47:14.908Z"}
{"context":"InstanceLoader","level":"info","message":"MongooseCoreModule dependencies initialized","timestamp":"2025-10-04T11:47:15.323Z"}
{"context":"InstanceLoader","level":"info","message":"MongooseModule dependencies initialized","timestamp":"2025-10-04T11:47:15.389Z"}
{"context":"InstanceLoader","level":"info","message":"MongooseModule dependencies initialized","timestamp":"2025-10-04T11:47:15.391Z"}
{"context":"InstanceLoader","level":"info","message":"MongooseModule dependencies initialized","timestamp":"2025-10-04T11:47:15.397Z"}
{"context":"InstanceLoader","level":"info","message":"MenuModule dependencies initialized","timestamp":"2025-10-04T11:47:15.400Z"}
{"context":"InstanceLoader","level":"info","message":"OrderModule dependencies initialized","timestamp":"2025-10-04T11:47:15.409Z"}
{"context":"InstanceLoader","level":"info","message":"UserModule dependencies initialized","timestamp":"2025-10-04T11:47:15.411Z"}
{"context":"RoutesResolver","level":"info","message":"MenuController {/menu}:","timestamp":"2025-10-04T11:47:15.434Z"}
{"context":"RouterExplorer","level":"info","message":"Mapped {/menu, GET} route","timestamp":"2025-10-04T11:47:15.446Z"}
{"context":"RoutesResolver","level":"info","message":"OrderController {/order}:","timestamp":"2025-10-04T11:47:15.447Z"}
{"context":"RouterExplorer","level":"info","message":"Mapped {/order, POST} route","timestamp":"2025-10-04T11:47:15.450Z"}
{"context":"RoutesResolver","level":"info","message":"UserController {/user}:","timestamp":"2025-10-04T11:47:15.452Z"}
{"context":"RouterExplorer","level":"info","message":"Mapped {/user/register, POST} route","timestamp":"2025-10-04T11:47:15.454Z"}
{"context":"RouterExplorer","level":"info","message":"Mapped {/user/login, POST} route","timestamp":"2025-10-04T11:47:15.458Z"}
{"context":"RouterExplorer","level":"info","message":"Mapped {/user/logout, POST} route","timestamp":"2025-10-04T11:47:15.462Z"}
{"context":"RouterExplorer","level":"info","message":"Mapped {/user/profile, GET} route","timestamp":"2025-10-04T11:47:15.464Z"}
{"context":"NestApplication","level":"info","message":"Nest application successfully started","timestamp":"2025-10-04T11:47:15.480Z"}
{"level":"info","message":"Application is running on: http://[::1]:3001","timestamp":"2025-10-04T11:47:15.509Z"}
{"context":"NestFactory","level":"info","message":"Starting Nest application...","timestamp":"2025-10-04T11:47:20.954Z"}
{"context":"InstanceLoader","level":"info","message":"AppModule dependencies initialized","timestamp":"2025-10-04T11:47:20.989Z"}
{"context":"InstanceLoader","level":"info","message":"MongooseModule dependencies initialized","timestamp":"2025-10-04T11:47:20.993Z"}
{"context":"InstanceLoader","level":"info","message":"PassportModule dependencies initialized","timestamp":"2025-10-04T11:47:20.994Z"}
{"context":"InstanceLoader","level":"info","message":"HttpModule dependencies initialized","timestamp":"2025-10-04T11:47:20.996Z"}
{"context":"InstanceLoader","level":"info","message":"ConfigHostModule dependencies initialized","timestamp":"2025-10-04T11:47:20.997Z"}
{"context":"InstanceLoader","level":"info","message":"ServeStaticModule dependencies initialized","timestamp":"2025-10-04T11:47:20.999Z"}
{"context":"InstanceLoader","level":"info","message":"ConfigModule dependencies initialized","timestamp":"2025-10-04T11:47:20.999Z"}
{"context":"InstanceLoader","level":"info","message":"ConfigModule dependencies initialized","timestamp":"2025-10-04T11:47:21.001Z"}
{"context":"InstanceLoader","level":"info","message":"JwtModule dependencies initialized","timestamp":"2025-10-04T11:47:21.045Z"}
{"context":"InstanceLoader","level":"info","message":"MongooseCoreModule dependencies initialized","timestamp":"2025-10-04T11:47:21.070Z"}
{"context":"InstanceLoader","level":"info","message":"MongooseModule dependencies initialized","timestamp":"2025-10-04T11:47:21.081Z"}
{"context":"InstanceLoader","level":"info","message":"MongooseModule dependencies initialized","timestamp":"2025-10-04T11:47:21.083Z"}
{"context":"InstanceLoader","level":"info","message":"MongooseModule dependencies initialized","timestamp":"2025-10-04T11:47:21.084Z"}
{"context":"InstanceLoader","level":"info","message":"MenuModule dependencies initialized","timestamp":"2025-10-04T11:47:21.086Z"}
{"context":"InstanceLoader","level":"info","message":"OrderModule dependencies initialized","timestamp":"2025-10-04T11:47:21.091Z"}
{"context":"InstanceLoader","level":"info","message":"UserModule dependencies initialized","timestamp":"2025-10-04T11:47:21.094Z"}
{"context":"RoutesResolver","level":"info","message":"MenuController {/menu}:","timestamp":"2025-10-04T11:47:21.103Z"}
{"context":"RouterExplorer","level":"info","message":"Mapped {/menu, GET} route","timestamp":"2025-10-04T11:47:21.111Z"}
{"context":"RoutesResolver","level":"info","message":"OrderController {/order}:","timestamp":"2025-10-04T11:47:21.112Z"}
{"context":"RouterExplorer","level":"info","message":"Mapped {/order, POST} route","timestamp":"2025-10-04T11:47:21.114Z"}
{"context":"RoutesResolver","level":"info","message":"UserController {/user}:","timestamp":"2025-10-04T11:47:21.115Z"}
{"context":"RouterExplorer","level":"info","message":"Mapped {/user/register, POST} route","timestamp":"2025-10-04T11:47:21.116Z"}
{"context":"RouterExplorer","level":"info","message":"Mapped {/user/login, POST} route","timestamp":"2025-10-04T11:47:21.117Z"}
{"context":"RouterExplorer","level":"info","message":"Mapped {/user/logout, POST} route","timestamp":"2025-10-04T11:47:21.117Z"}
{"context":"RouterExplorer","level":"info","message":"Mapped {/user/profile, GET} route","timestamp":"2025-10-04T11:47:21.118Z"}
{"context":"NestApplication","level":"info","message":"Nest application successfully started","timestamp":"2025-10-04T11:47:21.129Z"}
{"level":"info","message":"Application is running on: http://[::1]:3001","timestamp":"2025-10-04T11:47:21.336Z"}
{"context":"NestFactory","level":"info","message":"Starting Nest application...","timestamp":"2025-10-04T11:48:09.159Z"}
{"context":"InstanceLoader","level":"info","message":"AppModule dependencies initialized","timestamp":"2025-10-04T11:48:09.180Z"}
{"context":"InstanceLoader","level":"info","message":"MongooseModule dependencies initialized","timestamp":"2025-10-04T11:48:09.181Z"}
{"context":"InstanceLoader","level":"info","message":"PassportModule dependencies initialized","timestamp":"2025-10-04T11:48:09.182Z"}
{"context":"InstanceLoader","level":"info","message":"HttpModule dependencies initialized","timestamp":"2025-10-04T11:48:09.184Z"}
{"context":"InstanceLoader","level":"info","message":"ConfigHostModule dependencies initialized","timestamp":"2025-10-04T11:48:09.184Z"}
{"context":"InstanceLoader","level":"info","message":"ServeStaticModule dependencies initialized","timestamp":"2025-10-04T11:48:09.185Z"}
{"context":"InstanceLoader","level":"info","message":"ConfigModule dependencies initialized","timestamp":"2025-10-04T11:48:09.186Z"}
{"context":"InstanceLoader","level":"info","message":"ConfigModule dependencies initialized","timestamp":"2025-10-04T11:48:09.189Z"}
{"context":"InstanceLoader","level":"info","message":"JwtModule dependencies initialized","timestamp":"2025-10-04T11:48:09.232Z"}
{"context":"InstanceLoader","level":"info","message":"MongooseCoreModule dependencies initialized","timestamp":"2025-10-04T11:48:09.258Z"}
{"context":"InstanceLoader","level":"info","message":"MongooseModule dependencies initialized","timestamp":"2025-10-04T11:48:09.269Z"}
{"context":"InstanceLoader","level":"info","message":"MongooseModule dependencies initialized","timestamp":"2025-10-04T11:48:09.270Z"}
{"context":"InstanceLoader","level":"info","message":"MongooseModule dependencies initialized","timestamp":"2025-10-04T11:48:09.270Z"}
{"context":"InstanceLoader","level":"info","message":"MenuModule dependencies initialized","timestamp":"2025-10-04T11:48:09.274Z"}
{"context":"InstanceLoader","level":"info","message":"OrderModule dependencies initialized","timestamp":"2025-10-04T11:48:09.275Z"}
{"context":"InstanceLoader","level":"info","message":"UserModule dependencies initialized","timestamp":"2025-10-04T11:48:09.275Z"}
{"context":"RoutesResolver","level":"info","message":"MenuController {/menu}:","timestamp":"2025-10-04T11:48:09.282Z"}
{"context":"RouterExplorer","level":"info","message":"Mapped {/menu, GET} route","timestamp":"2025-10-04T11:48:09.293Z"}
{"context":"RoutesResolver","level":"info","message":"OrderController {/order}:","timestamp":"2025-10-04T11:48:09.294Z"}
{"context":"RouterExplorer","level":"info","message":"Mapped {/order, POST} route","timestamp":"2025-10-04T11:48:09.298Z"}
{"context":"RoutesResolver","level":"info","message":"UserController {/user}:","timestamp":"2025-10-04T11:48:09.300Z"}
{"context":"RouterExplorer","level":"info","message":"Mapped {/user/register, POST} route","timestamp":"2025-10-04T11:48:09.303Z"}
{"context":"RouterExplorer","level":"info","message":"Mapped {/user/login, POST} route","timestamp":"2025-10-04T11:48:09.309Z"}
{"context":"RouterExplorer","level":"info","message":"Mapped {/user/logout, POST} route","timestamp":"2025-10-04T11:48:09.311Z"}
{"context":"RouterExplorer","level":"info","message":"Mapped {/user/profile, GET} route","timestamp":"2025-10-04T11:48:09.312Z"}
{"context":"NestApplication","level":"info","message":"Nest application successfully started","timestamp":"2025-10-04T11:48:09.318Z"}
{"level":"info","message":"Application is running on: http://[::1]:3001","timestamp":"2025-10-04T11:48:09.335Z"}
{"context":"NestFactory","level":"info","message":"Starting Nest application...","timestamp":"2025-10-04T11:48:17.332Z"}
{"context":"InstanceLoader","level":"info","message":"AppModule dependencies initialized","timestamp":"2025-10-04T11:48:17.363Z"}
{"context":"InstanceLoader","level":"info","message":"MongooseModule dependencies initialized","timestamp":"2025-10-04T11:48:17.364Z"}
{"context":"InstanceLoader","level":"info","message":"PassportModule dependencies initialized","timestamp":"2025-10-04T11:48:17.365Z"}
{"context":"InstanceLoader","level":"info","message":"HttpModule dependencies initialized","timestamp":"2025-10-04T11:48:17.366Z"}
{"context":"InstanceLoader","level":"info","message":"ConfigHostModule dependencies initialized","timestamp":"2025-10-04T11:48:17.368Z"}
{"context":"InstanceLoader","level":"info","message":"ServeStaticModule dependencies initialized","timestamp":"2025-10-04T11:48:17.368Z"}
{"context":"InstanceLoader","level":"info","message":"ConfigModule dependencies initialized","timestamp":"2025-10-04T11:48:17.369Z"}
{"context":"InstanceLoader","level":"info","message":"ConfigModule dependencies initialized","timestamp":"2025-10-04T11:48:17.370Z"}
{"context":"InstanceLoader","level":"info","message":"JwtModule dependencies initialized","timestamp":"2025-10-04T11:48:17.406Z"}
{"context":"InstanceLoader","level":"info","message":"MongooseCoreModule dependencies initialized","timestamp":"2025-10-04T11:48:17.429Z"}
{"context":"InstanceLoader","level":"info","message":"MongooseModule dependencies initialized","timestamp":"2025-10-04T11:48:17.444Z"}
{"context":"InstanceLoader","level":"info","message":"MongooseModule dependencies initialized","timestamp":"2025-10-04T11:48:17.444Z"}
{"context":"InstanceLoader","level":"info","message":"MongooseModule dependencies initialized","timestamp":"2025-10-04T11:48:17.445Z"}
{"context":"InstanceLoader","level":"info","message":"MenuModule dependencies initialized","timestamp":"2025-10-04T11:48:17.447Z"}
{"context":"InstanceLoader","level":"info","message":"OrderModule dependencies initialized","timestamp":"2025-10-04T11:48:17.448Z"}
{"context":"InstanceLoader","level":"info","message":"UserModule dependencies initialized","timestamp":"2025-10-04T11:48:17.448Z"}
{"context":"RoutesResolver","level":"info","message":"MenuController {/menu}:","timestamp":"2025-10-04T11:48:17.458Z"}
{"context":"RouterExplorer","level":"info","message":"Mapped {/menu, GET} route","timestamp":"2025-10-04T11:48:17.462Z"}
{"context":"RoutesResolver","level":"info","message":"OrderController {/order}:","timestamp":"2025-10-04T11:48:17.463Z"}
{"context":"RouterExplorer","level":"info","message":"Mapped {/order, POST} route","timestamp":"2025-10-04T11:48:17.467Z"}
{"context":"RoutesResolver","level":"info","message":"UserController {/user}:","timestamp":"2025-10-04T11:48:17.468Z"}
{"context":"RouterExplorer","level":"info","message":"Mapped {/user/register, POST} route","timestamp":"2025-10-04T11:48:17.468Z"}
{"context":"RouterExplorer","level":"info","message":"Mapped {/user/login, POST} route","timestamp":"2025-10-04T11:48:17.469Z"}
{"context":"RouterExplorer","level":"info","message":"Mapped {/user/profile, GET} route","timestamp":"2025-10-04T11:48:17.470Z"}
{"context":"NestApplication","level":"info","message":"Nest application successfully started","timestamp":"2025-10-04T11:48:17.480Z"}
{"level":"info","message":"Application is running on: http://[::1]:3001","timestamp":"2025-10-04T11:48:17.494Z"}
{"context":"NestFactory","level":"info","message":"Starting Nest application...","timestamp":"2025-10-04T11:48:27.625Z"}
{"context":"InstanceLoader","level":"info","message":"AppModule dependencies initialized","timestamp":"2025-10-04T11:48:27.650Z"}
{"context":"InstanceLoader","level":"info","message":"MongooseModule dependencies initialized","timestamp":"2025-10-04T11:48:27.651Z"}
{"context":"InstanceLoader","level":"info","message":"PassportModule dependencies initialized","timestamp":"2025-10-04T11:48:27.652Z"}
{"context":"InstanceLoader","level":"info","message":"HttpModule dependencies initialized","timestamp":"2025-10-04T11:48:27.654Z"}
{"context":"InstanceLoader","level":"info","message":"ConfigHostModule dependencies initialized","timestamp":"2025-10-04T11:48:27.655Z"}
{"context":"InstanceLoader","level":"info","message":"ServeStaticModule dependencies initialized","timestamp":"2025-10-04T11:48:27.658Z"}
{"context":"InstanceLoader","level":"info","message":"ConfigModule dependencies initialized","timestamp":"2025-10-04T11:48:27.659Z"}
{"context":"InstanceLoader","level":"info","message":"ConfigModule dependencies initialized","timestamp":"2025-10-04T11:48:27.660Z"}
{"context":"InstanceLoader","level":"info","message":"JwtModule dependencies initialized","timestamp":"2025-10-04T11:48:27.697Z"}
{"context":"InstanceLoader","level":"info","message":"MongooseCoreModule dependencies initialized","timestamp":"2025-10-04T11:48:27.724Z"}
{"context":"InstanceLoader","level":"info","message":"MongooseModule dependencies initialized","timestamp":"2025-10-04T11:48:27.740Z"}
{"context":"InstanceLoader","level":"info","message":"MongooseModule dependencies initialized","timestamp":"2025-10-04T11:48:27.742Z"}
{"context":"InstanceLoader","level":"info","message":"MongooseModule dependencies initialized","timestamp":"2025-10-04T11:48:27.743Z"}
{"context":"InstanceLoader","level":"info","message":"MenuModule dependencies initialized","timestamp":"2025-10-04T11:48:27.745Z"}
{"context":"InstanceLoader","level":"info","message":"OrderModule dependencies initialized","timestamp":"2025-10-04T11:48:27.746Z"}
{"context":"InstanceLoader","level":"info","message":"UserModule dependencies initialized","timestamp":"2025-10-04T11:48:27.746Z"}
{"context":"RoutesResolver","level":"info","message":"MenuController {/menu}:","timestamp":"2025-10-04T11:48:27.755Z"}
{"context":"RouterExplorer","level":"info","message":"Mapped {/menu, GET} route","timestamp":"2025-10-04T11:48:27.760Z"}
{"context":"RoutesResolver","level":"info","message":"OrderController {/order}:","timestamp":"2025-10-04T11:48:27.761Z"}
{"context":"RouterExplorer","level":"info","message":"Mapped {/order, POST} route","timestamp":"2025-10-04T11:48:27.762Z"}
{"context":"RoutesResolver","level":"info","message":"UserController {/user}:","timestamp":"2025-10-04T11:48:27.763Z"}
{"context":"RouterExplorer","level":"info","message":"Mapped {/user/register, POST} route","timestamp":"2025-10-04T11:48:27.764Z"}
{"context":"RouterExplorer","level":"info","message":"Mapped {/user/login, POST} route","timestamp":"2025-10-04T11:48:27.765Z"}
{"context":"RouterExplorer","level":"info","message":"Mapped {/user/profile, GET} route","timestamp":"2025-10-04T11:48:27.766Z"}
{"context":"NestApplication","level":"info","message":"Nest application successfully started","timestamp":"2025-10-04T11:48:27.772Z"}
{"level":"info","message":"Application is running on: http://[::1]:3001","timestamp":"2025-10-04T11:48:27.784Z"}
{"context":"NestFactory","level":"info","message":"Starting Nest application...","timestamp":"2025-10-04T11:48:36.657Z"}
{"context":"InstanceLoader","level":"info","message":"AppModule dependencies initialized","timestamp":"2025-10-04T11:48:36.679Z"}
{"context":"InstanceLoader","level":"info","message":"MongooseModule dependencies initialized","timestamp":"2025-10-04T11:48:36.680Z"}
{"context":"InstanceLoader","level":"info","message":"PassportModule dependencies initialized","timestamp":"2025-10-04T11:48:36.681Z"}
{"context":"InstanceLoader","level":"info","message":"HttpModule dependencies initialized","timestamp":"2025-10-04T11:48:36.682Z"}
{"context":"InstanceLoader","level":"info","message":"ConfigHostModule dependencies initialized","timestamp":"2025-10-04T11:48:36.683Z"}
{"context":"InstanceLoader","level":"info","message":"ServeStaticModule dependencies initialized","timestamp":"2025-10-04T11:48:36.684Z"}
{"context":"InstanceLoader","level":"info","message":"ConfigModule dependencies initialized","timestamp":"2025-10-04T11:48:36.685Z"}
{"context":"InstanceLoader","level":"info","message":"ConfigModule dependencies initialized","timestamp":"2025-10-04T11:48:36.686Z"}
{"context":"InstanceLoader","level":"info","message":"JwtModule dependencies initialized","timestamp":"2025-10-04T11:48:36.722Z"}
{"context":"InstanceLoader","level":"info","message":"MongooseCoreModule dependencies initialized","timestamp":"2025-10-04T11:48:36.770Z"}
{"context":"InstanceLoader","level":"info","message":"MongooseModule dependencies initialized","timestamp":"2025-10-04T11:48:36.782Z"}
{"context":"InstanceLoader","level":"info","message":"MongooseModule dependencies initialized","timestamp":"2025-10-04T11:48:36.783Z"}
{"context":"InstanceLoader","level":"info","message":"MongooseModule dependencies initialized","timestamp":"2025-10-04T11:48:36.783Z"}
{"context":"InstanceLoader","level":"info","message":"MenuModule dependencies initialized","timestamp":"2025-10-04T11:48:36.785Z"}
{"context":"InstanceLoader","level":"info","message":"OrderModule dependencies initialized","timestamp":"2025-10-04T11:48:36.786Z"}
{"context":"InstanceLoader","level":"info","message":"UserModule dependencies initialized","timestamp":"2025-10-04T11:48:36.786Z"}
{"context":"RoutesResolver","level":"info","message":"MenuController {/menu}:","timestamp":"2025-10-04T11:48:36.797Z"}
{"context":"RouterExplorer","level":"info","message":"Mapped {/menu, GET} route","timestamp":"2025-10-04T11:48:36.800Z"}
{"context":"RoutesResolver","level":"info","message":"OrderController {/order}:","timestamp":"2025-10-04T11:48:36.801Z"}
{"context":"RouterExplorer","level":"info","message":"Mapped {/order, POST} route","timestamp":"2025-10-04T11:48:36.802Z"}
{"context":"RoutesResolver","level":"info","message":"UserController {/user}:","timestamp":"2025-10-04T11:48:36.803Z"}
{"context":"RouterExplorer","level":"info","message":"Mapped {/user/register, POST} route","timestamp":"2025-10-04T11:48:36.804Z"}
{"context":"RouterExplorer","level":"info","message":"Mapped {/user/login, POST} route","timestamp":"2025-10-04T11:48:36.805Z"}
{"context":"RouterExplorer","level":"info","message":"Mapped {/user/profile, GET} route","timestamp":"2025-10-04T11:48:36.806Z"}
{"context":"NestApplication","level":"info","message":"Nest application successfully started","timestamp":"2025-10-04T11:48:36.814Z"}
{"level":"info","message":"Application is running on: http://[::1]:3001","timestamp":"2025-10-04T11:48:36.824Z"}
{"context":"NestFactory","level":"info","message":"Starting Nest application...","timestamp":"2025-10-04T13:32:12.343Z"}
{"context":"InstanceLoader","level":"info","message":"AppModule dependencies initialized","timestamp":"2025-10-04T13:32:12.362Z"}
{"context":"InstanceLoader","level":"info","message":"MongooseModule dependencies initialized","timestamp":"2025-10-04T13:32:12.363Z"}
{"context":"InstanceLoader","level":"info","message":"PassportModule dependencies initialized","timestamp":"2025-10-04T13:32:12.364Z"}
{"context":"InstanceLoader","level":"info","message":"HttpModule dependencies initialized","timestamp":"2025-10-04T13:32:12.366Z"}
{"context":"InstanceLoader","level":"info","message":"ConfigHostModule dependencies initialized","timestamp":"2025-10-04T13:32:12.367Z"}
{"context":"InstanceLoader","level":"info","message":"ServeStaticModule dependencies initialized","timestamp":"2025-10-04T13:32:12.368Z"}
{"context":"InstanceLoader","level":"info","message":"ConfigModule dependencies initialized","timestamp":"2025-10-04T13:32:12.368Z"}
{"context":"InstanceLoader","level":"info","message":"ConfigModule dependencies initialized","timestamp":"2025-10-04T13:32:12.370Z"}
{"context":"InstanceLoader","level":"info","message":"JwtModule dependencies initialized","timestamp":"2025-10-04T13:32:12.395Z"}
{"context":"InstanceLoader","level":"info","message":"MongooseCoreModule dependencies initialized","timestamp":"2025-10-04T13:32:12.409Z"}
{"context":"InstanceLoader","level":"info","message":"MongooseModule dependencies initialized","timestamp":"2025-10-04T13:32:12.419Z"}
{"context":"InstanceLoader","level":"info","message":"MongooseModule dependencies initialized","timestamp":"2025-10-04T13:32:12.420Z"}
{"context":"InstanceLoader","level":"info","message":"MongooseModule dependencies initialized","timestamp":"2025-10-04T13:32:12.420Z"}
{"context":"InstanceLoader","level":"info","message":"MenuModule dependencies initialized","timestamp":"2025-10-04T13:32:12.422Z"}
{"context":"InstanceLoader","level":"info","message":"OrderModule dependencies initialized","timestamp":"2025-10-04T13:32:12.423Z"}
{"context":"InstanceLoader","level":"info","message":"UserModule dependencies initialized","timestamp":"2025-10-04T13:32:12.423Z"}
{"context":"RoutesResolver","level":"info","message":"MenuController {/menu}:","timestamp":"2025-10-04T13:32:12.427Z"}
{"context":"RouterExplorer","level":"info","message":"Mapped {/menu, GET} route","timestamp":"2025-10-04T13:32:12.431Z"}
{"context":"RoutesResolver","level":"info","message":"OrderController {/order}:","timestamp":"2025-10-04T13:32:12.432Z"}
{"context":"RouterExplorer","level":"info","message":"Mapped {/order, POST} route","timestamp":"2025-10-04T13:32:12.434Z"}
{"context":"RoutesResolver","level":"info","message":"UserController {/user}:","timestamp":"2025-10-04T13:32:12.435Z"}
{"context":"RouterExplorer","level":"info","message":"Mapped {/user/register, POST} route","timestamp":"2025-10-04T13:32:12.435Z"}
{"context":"RouterExplorer","level":"info","message":"Mapped {/user/login, POST} route","timestamp":"2025-10-04T13:32:12.436Z"}
{"context":"RouterExplorer","level":"info","message":"Mapped {/user/profile, GET} route","timestamp":"2025-10-04T13:32:12.436Z"}
{"context":"NestApplication","level":"info","message":"Nest application successfully started","timestamp":"2025-10-04T13:32:12.439Z"}
{"level":"info","message":"Application is running on: http://[::1]:3001","timestamp":"2025-10-04T13:32:12.445Z"}
{"context":"NestFactory","level":"info","message":"Starting Nest application...","timestamp":"2025-10-04T13:32:16.094Z"}
{"context":"InstanceLoader","level":"info","message":"AppModule dependencies initialized","timestamp":"2025-10-04T13:32:16.108Z"}
{"context":"InstanceLoader","level":"info","message":"MongooseModule dependencies initialized","timestamp":"2025-10-04T13:32:16.109Z"}
{"context":"InstanceLoader","level":"info","message":"PassportModule dependencies initialized","timestamp":"2025-10-04T13:32:16.109Z"}
{"context":"InstanceLoader","level":"info","message":"HttpModule dependencies initialized","timestamp":"2025-10-04T13:32:16.110Z"}
{"context":"InstanceLoader","level":"info","message":"ConfigHostModule dependencies initialized","timestamp":"2025-10-04T13:32:16.110Z"}
{"context":"InstanceLoader","level":"info","message":"ServeStaticModule dependencies initialized","timestamp":"2025-10-04T13:32:16.111Z"}
{"context":"InstanceLoader","level":"info","message":"ConfigModule dependencies initialized","timestamp":"2025-10-04T13:32:16.111Z"}
{"context":"InstanceLoader","level":"info","message":"ConfigModule dependencies initialized","timestamp":"2025-10-04T13:32:16.111Z"}
{"context":"InstanceLoader","level":"info","message":"JwtModule dependencies initialized","timestamp":"2025-10-04T13:32:16.130Z"}
{"context":"InstanceLoader","level":"info","message":"MongooseCoreModule dependencies initialized","timestamp":"2025-10-04T13:32:16.142Z"}
{"context":"InstanceLoader","level":"info","message":"MongooseModule dependencies initialized","timestamp":"2025-10-04T13:32:16.148Z"}
{"context":"InstanceLoader","level":"info","message":"MongooseModule dependencies initialized","timestamp":"2025-10-04T13:32:16.149Z"}
{"context":"InstanceLoader","level":"info","message":"MongooseModule dependencies initialized","timestamp":"2025-10-04T13:32:16.149Z"}
{"context":"InstanceLoader","level":"info","message":"MenuModule dependencies initialized","timestamp":"2025-10-04T13:32:16.151Z"}
{"context":"InstanceLoader","level":"info","message":"OrderModule dependencies initialized","timestamp":"2025-10-04T13:32:16.151Z"}
{"context":"InstanceLoader","level":"info","message":"UserModule dependencies initialized","timestamp":"2025-10-04T13:32:16.151Z"}
{"context":"RoutesResolver","level":"info","message":"MenuController {/menu}:","timestamp":"2025-10-04T13:32:16.156Z"}
{"context":"RouterExplorer","level":"info","message":"Mapped {/menu, GET} route","timestamp":"2025-10-04T13:32:16.158Z"}
{"context":"RoutesResolver","level":"info","message":"OrderController {/order}:","timestamp":"2025-10-04T13:32:16.158Z"}
{"context":"RouterExplorer","level":"info","message":"Mapped {/order, POST} route","timestamp":"2025-10-04T13:32:16.159Z"}
{"context":"RoutesResolver","level":"info","message":"UserController {/user}:","timestamp":"2025-10-04T13:32:16.159Z"}
{"context":"RouterExplorer","level":"info","message":"Mapped {/user/register, POST} route","timestamp":"2025-10-04T13:32:16.160Z"}
{"context":"RouterExplorer","level":"info","message":"Mapped {/user/login, POST} route","timestamp":"2025-10-04T13:32:16.160Z"}
{"context":"RouterExplorer","level":"info","message":"Mapped {/user/profile, GET} route","timestamp":"2025-10-04T13:32:16.161Z"}
{"context":"NestApplication","level":"info","message":"Nest application successfully started","timestamp":"2025-10-04T13:32:16.164Z"}
{"level":"info","message":"Application is running on: http://[::1]:3001","timestamp":"2025-10-04T13:32:16.171Z"}
