{"context":"NestFactory","level":"info","message":"Starting Nest application...","timestamp":"2025-10-03T14:19:37.311Z"}
{"context":"InstanceLoader","level":"info","message":"AppModule dependencies initialized","timestamp":"2025-10-03T14:19:37.322Z"}
{"context":"InstanceLoader","level":"info","message":"MongooseModule dependencies initialized","timestamp":"2025-10-03T14:19:37.323Z"}
{"context":"InstanceLoader","level":"info","message":"HttpModule dependencies initialized","timestamp":"2025-10-03T14:19:37.323Z"}
{"context":"InstanceLoader","level":"info","message":"ConfigHostModule dependencies initialized","timestamp":"2025-10-03T14:19:37.324Z"}
{"context":"InstanceLoader","level":"info","message":"ServeStaticModule dependencies initialized","timestamp":"2025-10-03T14:19:37.324Z"}
{"context":"InstanceLoader","level":"info","message":"ConfigModule dependencies initialized","timestamp":"2025-10-03T14:19:37.325Z"}
{"context":"InstanceLoader","level":"info","message":"ConfigModule dependencies initialized","timestamp":"2025-10-03T14:19:37.326Z"}
{"context":"InstanceLoader","level":"info","message":"JwtModule dependencies initialized","timestamp":"2025-10-03T14:19:37.343Z"}
{"context":"InstanceLoader","level":"info","message":"MongooseCoreModule dependencies initialized","timestamp":"2025-10-03T14:19:37.353Z"}
{"context":"InstanceLoader","level":"info","message":"MongooseModule dependencies initialized","timestamp":"2025-10-03T14:19:37.358Z"}
{"context":"InstanceLoader","level":"info","message":"MongooseModule dependencies initialized","timestamp":"2025-10-03T14:19:37.359Z"}
{"context":"InstanceLoader","level":"info","message":"MongooseModule dependencies initialized","timestamp":"2025-10-03T14:19:37.360Z"}
{"context":"InstanceLoader","level":"info","message":"MenuModule dependencies initialized","timestamp":"2025-10-03T14:19:37.361Z"}
{"context":"InstanceLoader","level":"info","message":"UserModule dependencies initialized","timestamp":"2025-10-03T14:19:37.361Z"}
{"context":"InstanceLoader","level":"info","message":"OrderModule dependencies initialized","timestamp":"2025-10-03T14:19:37.362Z"}
{"context":"RoutesResolver","level":"info","message":"MenuController {/menu}:","timestamp":"2025-10-03T14:19:37.366Z"}
{"context":"RouterExplorer","level":"info","message":"Mapped {/menu, GET} route","timestamp":"2025-10-03T14:19:37.368Z"}
{"context":"RoutesResolver","level":"info","message":"OrderController {/order}:","timestamp":"2025-10-03T14:19:37.368Z"}
{"context":"RouterExplorer","level":"info","message":"Mapped {/order, POST} route","timestamp":"2025-10-03T14:19:37.369Z"}
{"context":"RoutesResolver","level":"info","message":"UserController {/users}:","timestamp":"2025-10-03T14:19:37.369Z"}
{"context":"RouterExplorer","level":"info","message":"Mapped {/users/register, POST} route","timestamp":"2025-10-03T14:19:37.370Z"}
{"context":"RouterExplorer","level":"info","message":"Mapped {/users/login, POST} route","timestamp":"2025-10-03T14:19:37.371Z"}
{"context":"NestApplication","level":"info","message":"Nest application successfully started","timestamp":"2025-10-03T14:19:37.375Z"}
{"level":"info","message":"Application is running on: http://[::1]:3001","timestamp":"2025-10-03T14:19:37.381Z"}
{"context":"ExceptionsHandler","level":"error","message":"ENOENT: no such file or directory, stat 'D:\\Code\\react\\resto-qrcode-backend\\public\\index.html'","stack":["Error: ENOENT: no such file or directory, stat 'D:\\Code\\react\\resto-qrcode-backend\\public\\index.html'"],"timestamp":"2025-10-03T14:22:38.140Z"}
{"context":"ExceptionsHandler","level":"error","message":"ENOENT: no such file or directory, stat 'D:\\Code\\react\\resto-qrcode-backend\\public\\index.html'","stack":["Error: ENOENT: no such file or directory, stat 'D:\\Code\\react\\resto-qrcode-backend\\public\\index.html'"],"timestamp":"2025-10-03T14:22:38.237Z"}
{"context":"NestFactory","level":"info","message":"Starting Nest application...","timestamp":"2025-10-03T14:23:18.952Z"}
{"context":"InstanceLoader","level":"info","message":"AppModule dependencies initialized","timestamp":"2025-10-03T14:23:18.962Z"}
{"context":"InstanceLoader","level":"info","message":"MongooseModule dependencies initialized","timestamp":"2025-10-03T14:23:18.963Z"}
{"context":"InstanceLoader","level":"info","message":"HttpModule dependencies initialized","timestamp":"2025-10-03T14:23:18.965Z"}
{"context":"InstanceLoader","level":"info","message":"ConfigHostModule dependencies initialized","timestamp":"2025-10-03T14:23:18.966Z"}
{"context":"InstanceLoader","level":"info","message":"ServeStaticModule dependencies initialized","timestamp":"2025-10-03T14:23:18.967Z"}
{"context":"InstanceLoader","level":"info","message":"ConfigModule dependencies initialized","timestamp":"2025-10-03T14:23:18.967Z"}
{"context":"InstanceLoader","level":"info","message":"ConfigModule dependencies initialized","timestamp":"2025-10-03T14:23:18.967Z"}
{"context":"InstanceLoader","level":"info","message":"JwtModule dependencies initialized","timestamp":"2025-10-03T14:23:18.985Z"}
{"context":"InstanceLoader","level":"info","message":"MongooseCoreModule dependencies initialized","timestamp":"2025-10-03T14:23:18.996Z"}
{"context":"InstanceLoader","level":"info","message":"MongooseModule dependencies initialized","timestamp":"2025-10-03T14:23:19.001Z"}
{"context":"InstanceLoader","level":"info","message":"MongooseModule dependencies initialized","timestamp":"2025-10-03T14:23:19.002Z"}
{"context":"InstanceLoader","level":"info","message":"MongooseModule dependencies initialized","timestamp":"2025-10-03T14:23:19.002Z"}
{"context":"InstanceLoader","level":"info","message":"MenuModule dependencies initialized","timestamp":"2025-10-03T14:23:19.003Z"}
{"context":"InstanceLoader","level":"info","message":"UserModule dependencies initialized","timestamp":"2025-10-03T14:23:19.003Z"}
{"context":"InstanceLoader","level":"info","message":"OrderModule dependencies initialized","timestamp":"2025-10-03T14:23:19.004Z"}
{"context":"RoutesResolver","level":"info","message":"MenuController {/menu}:","timestamp":"2025-10-03T14:23:19.008Z"}
{"context":"RouterExplorer","level":"info","message":"Mapped {/menu, GET} route","timestamp":"2025-10-03T14:23:19.010Z"}
{"context":"RoutesResolver","level":"info","message":"OrderController {/order}:","timestamp":"2025-10-03T14:23:19.011Z"}
{"context":"RouterExplorer","level":"info","message":"Mapped {/order, POST} route","timestamp":"2025-10-03T14:23:19.012Z"}
{"context":"RoutesResolver","level":"info","message":"UserController {/user}:","timestamp":"2025-10-03T14:23:19.013Z"}
{"context":"RouterExplorer","level":"info","message":"Mapped {/user/register, POST} route","timestamp":"2025-10-03T14:23:19.013Z"}
{"context":"RouterExplorer","level":"info","message":"Mapped {/user/login, POST} route","timestamp":"2025-10-03T14:23:19.014Z"}
{"context":"NestApplication","level":"info","message":"Nest application successfully started","timestamp":"2025-10-03T14:23:19.017Z"}
{"level":"info","message":"Application is running on: http://[::1]:3001","timestamp":"2025-10-03T14:23:19.022Z"}
{"context":"NestFactory","level":"info","message":"Starting Nest application...","timestamp":"2025-10-03T14:23:36.478Z"}
{"context":"InstanceLoader","level":"info","message":"AppModule dependencies initialized","timestamp":"2025-10-03T14:23:36.489Z"}
{"context":"InstanceLoader","level":"info","message":"MongooseModule dependencies initialized","timestamp":"2025-10-03T14:23:36.490Z"}
{"context":"InstanceLoader","level":"info","message":"HttpModule dependencies initialized","timestamp":"2025-10-03T14:23:36.490Z"}
{"context":"InstanceLoader","level":"info","message":"ConfigHostModule dependencies initialized","timestamp":"2025-10-03T14:23:36.491Z"}
{"context":"InstanceLoader","level":"info","message":"ServeStaticModule dependencies initialized","timestamp":"2025-10-03T14:23:36.492Z"}
{"context":"InstanceLoader","level":"info","message":"ConfigModule dependencies initialized","timestamp":"2025-10-03T14:23:36.493Z"}
{"context":"InstanceLoader","level":"info","message":"ConfigModule dependencies initialized","timestamp":"2025-10-03T14:23:36.493Z"}
{"context":"InstanceLoader","level":"info","message":"JwtModule dependencies initialized","timestamp":"2025-10-03T14:23:36.510Z"}
{"context":"InstanceLoader","level":"info","message":"MongooseCoreModule dependencies initialized","timestamp":"2025-10-03T14:23:36.523Z"}
{"context":"InstanceLoader","level":"info","message":"MongooseModule dependencies initialized","timestamp":"2025-10-03T14:23:36.527Z"}
{"context":"InstanceLoader","level":"info","message":"MongooseModule dependencies initialized","timestamp":"2025-10-03T14:23:36.528Z"}
{"context":"InstanceLoader","level":"info","message":"MongooseModule dependencies initialized","timestamp":"2025-10-03T14:23:36.528Z"}
{"context":"InstanceLoader","level":"info","message":"MenuModule dependencies initialized","timestamp":"2025-10-03T14:23:36.529Z"}
{"context":"InstanceLoader","level":"info","message":"UserModule dependencies initialized","timestamp":"2025-10-03T14:23:36.530Z"}
{"context":"InstanceLoader","level":"info","message":"OrderModule dependencies initialized","timestamp":"2025-10-03T14:23:36.530Z"}
{"context":"RoutesResolver","level":"info","message":"MenuController {/menu}:","timestamp":"2025-10-03T14:23:36.535Z"}
{"context":"RouterExplorer","level":"info","message":"Mapped {/menu, GET} route","timestamp":"2025-10-03T14:23:36.537Z"}
{"context":"RoutesResolver","level":"info","message":"OrderController {/order}:","timestamp":"2025-10-03T14:23:36.537Z"}
{"context":"RouterExplorer","level":"info","message":"Mapped {/order, POST} route","timestamp":"2025-10-03T14:23:36.538Z"}
{"context":"RoutesResolver","level":"info","message":"UserController {/}:","timestamp":"2025-10-03T14:23:36.538Z"}
{"context":"RouterExplorer","level":"info","message":"Mapped {/register, POST} route","timestamp":"2025-10-03T14:23:36.539Z"}
{"context":"RouterExplorer","level":"info","message":"Mapped {/login, POST} route","timestamp":"2025-10-03T14:23:36.539Z"}
{"context":"NestApplication","level":"info","message":"Nest application successfully started","timestamp":"2025-10-03T14:23:36.543Z"}
{"level":"info","message":"Application is running on: http://[::1]:3001","timestamp":"2025-10-03T14:23:36.549Z"}
{"context":"ExceptionsHandler","level":"error","message":"ENOENT: no such file or directory, stat 'D:\\Code\\react\\resto-qrcode-backend\\public\\index.html'","stack":["Error: ENOENT: no such file or directory, stat 'D:\\Code\\react\\resto-qrcode-backend\\public\\index.html'"],"timestamp":"2025-10-03T14:24:13.677Z"}
{"context":"NestFactory","level":"info","message":"Starting Nest application...","timestamp":"2025-10-03T14:24:47.472Z"}
{"context":"InstanceLoader","level":"info","message":"AppModule dependencies initialized","timestamp":"2025-10-03T14:24:47.483Z"}
{"context":"InstanceLoader","level":"info","message":"MongooseModule dependencies initialized","timestamp":"2025-10-03T14:24:47.484Z"}
{"context":"InstanceLoader","level":"info","message":"HttpModule dependencies initialized","timestamp":"2025-10-03T14:24:47.485Z"}
{"context":"InstanceLoader","level":"info","message":"ConfigHostModule dependencies initialized","timestamp":"2025-10-03T14:24:47.485Z"}
{"context":"InstanceLoader","level":"info","message":"ServeStaticModule dependencies initialized","timestamp":"2025-10-03T14:24:47.486Z"}
{"context":"InstanceLoader","level":"info","message":"ConfigModule dependencies initialized","timestamp":"2025-10-03T14:24:47.486Z"}
{"context":"InstanceLoader","level":"info","message":"ConfigModule dependencies initialized","timestamp":"2025-10-03T14:24:47.487Z"}
{"context":"InstanceLoader","level":"info","message":"JwtModule dependencies initialized","timestamp":"2025-10-03T14:24:47.506Z"}
{"context":"InstanceLoader","level":"info","message":"MongooseCoreModule dependencies initialized","timestamp":"2025-10-03T14:24:47.517Z"}
{"context":"InstanceLoader","level":"info","message":"MongooseModule dependencies initialized","timestamp":"2025-10-03T14:24:47.522Z"}
{"context":"InstanceLoader","level":"info","message":"MongooseModule dependencies initialized","timestamp":"2025-10-03T14:24:47.523Z"}
{"context":"InstanceLoader","level":"info","message":"MongooseModule dependencies initialized","timestamp":"2025-10-03T14:24:47.523Z"}
{"context":"InstanceLoader","level":"info","message":"MenuModule dependencies initialized","timestamp":"2025-10-03T14:24:47.524Z"}
{"context":"InstanceLoader","level":"info","message":"UserModule dependencies initialized","timestamp":"2025-10-03T14:24:47.524Z"}
{"context":"InstanceLoader","level":"info","message":"OrderModule dependencies initialized","timestamp":"2025-10-03T14:24:47.525Z"}
{"context":"RoutesResolver","level":"info","message":"MenuController {/menu}:","timestamp":"2025-10-03T14:24:47.529Z"}
{"context":"RouterExplorer","level":"info","message":"Mapped {/menu, GET} route","timestamp":"2025-10-03T14:24:47.531Z"}
{"context":"RoutesResolver","level":"info","message":"OrderController {/order}:","timestamp":"2025-10-03T14:24:47.532Z"}
{"context":"RouterExplorer","level":"info","message":"Mapped {/order, POST} route","timestamp":"2025-10-03T14:24:47.533Z"}
{"context":"RoutesResolver","level":"info","message":"UserController {/}:","timestamp":"2025-10-03T14:24:47.533Z"}
{"context":"RouterExplorer","level":"info","message":"Mapped {/register, POST} route","timestamp":"2025-10-03T14:24:47.534Z"}
{"context":"RouterExplorer","level":"info","message":"Mapped {/login, POST} route","timestamp":"2025-10-03T14:24:47.534Z"}
{"context":"NestApplication","level":"info","message":"Nest application successfully started","timestamp":"2025-10-03T14:24:47.537Z"}
{"level":"info","message":"Application is running on: http://[::1]:3001","timestamp":"2025-10-03T14:24:47.544Z"}
{"context":"NestFactory","level":"info","message":"Starting Nest application...","timestamp":"2025-10-03T14:26:18.555Z"}
{"context":"InstanceLoader","level":"info","message":"AppModule dependencies initialized","timestamp":"2025-10-03T14:26:18.566Z"}
{"context":"InstanceLoader","level":"info","message":"MongooseModule dependencies initialized","timestamp":"2025-10-03T14:26:18.567Z"}
{"context":"InstanceLoader","level":"info","message":"HttpModule dependencies initialized","timestamp":"2025-10-03T14:26:18.568Z"}
{"context":"InstanceLoader","level":"info","message":"ConfigHostModule dependencies initialized","timestamp":"2025-10-03T14:26:18.568Z"}
{"context":"InstanceLoader","level":"info","message":"ServeStaticModule dependencies initialized","timestamp":"2025-10-03T14:26:18.569Z"}
{"context":"InstanceLoader","level":"info","message":"ConfigModule dependencies initialized","timestamp":"2025-10-03T14:26:18.569Z"}
{"context":"InstanceLoader","level":"info","message":"ConfigModule dependencies initialized","timestamp":"2025-10-03T14:26:18.570Z"}
{"context":"InstanceLoader","level":"info","message":"JwtModule dependencies initialized","timestamp":"2025-10-03T14:26:18.588Z"}
{"context":"InstanceLoader","level":"info","message":"MongooseCoreModule dependencies initialized","timestamp":"2025-10-03T14:26:18.599Z"}
{"context":"InstanceLoader","level":"info","message":"MongooseModule dependencies initialized","timestamp":"2025-10-03T14:26:18.604Z"}
{"context":"InstanceLoader","level":"info","message":"MongooseModule dependencies initialized","timestamp":"2025-10-03T14:26:18.604Z"}
{"context":"InstanceLoader","level":"info","message":"MongooseModule dependencies initialized","timestamp":"2025-10-03T14:26:18.604Z"}
{"context":"InstanceLoader","level":"info","message":"MenuModule dependencies initialized","timestamp":"2025-10-03T14:26:18.605Z"}
{"context":"InstanceLoader","level":"info","message":"UserModule dependencies initialized","timestamp":"2025-10-03T14:26:18.605Z"}
{"context":"InstanceLoader","level":"info","message":"OrderModule dependencies initialized","timestamp":"2025-10-03T14:26:18.606Z"}
{"context":"RoutesResolver","level":"info","message":"MenuController {/menu}:","timestamp":"2025-10-03T14:26:18.610Z"}
{"context":"RouterExplorer","level":"info","message":"Mapped {/menu, GET} route","timestamp":"2025-10-03T14:26:18.612Z"}
{"context":"RoutesResolver","level":"info","message":"OrderController {/order}:","timestamp":"2025-10-03T14:26:18.613Z"}
{"context":"RouterExplorer","level":"info","message":"Mapped {/order, POST} route","timestamp":"2025-10-03T14:26:18.614Z"}
{"context":"RoutesResolver","level":"info","message":"UserController {/user}:","timestamp":"2025-10-03T14:26:18.614Z"}
{"context":"RouterExplorer","level":"info","message":"Mapped {/user/register, POST} route","timestamp":"2025-10-03T14:26:18.615Z"}
{"context":"RouterExplorer","level":"info","message":"Mapped {/user/login, POST} route","timestamp":"2025-10-03T14:26:18.615Z"}
{"context":"NestApplication","level":"info","message":"Nest application successfully started","timestamp":"2025-10-03T14:26:18.618Z"}
{"level":"info","message":"Application is running on: http://[::1]:3001","timestamp":"2025-10-03T14:26:18.624Z"}
{"context":"NestFactory","level":"info","message":"Starting Nest application...","timestamp":"2025-10-03T14:38:21.776Z"}
{"context":"InstanceLoader","level":"info","message":"AppModule dependencies initialized","timestamp":"2025-10-03T14:38:21.787Z"}
{"context":"InstanceLoader","level":"info","message":"MongooseModule dependencies initialized","timestamp":"2025-10-03T14:38:21.787Z"}
{"context":"InstanceLoader","level":"info","message":"HttpModule dependencies initialized","timestamp":"2025-10-03T14:38:21.788Z"}
{"context":"InstanceLoader","level":"info","message":"ConfigHostModule dependencies initialized","timestamp":"2025-10-03T14:38:21.789Z"}
{"context":"InstanceLoader","level":"info","message":"ServeStaticModule dependencies initialized","timestamp":"2025-10-03T14:38:21.790Z"}
{"context":"InstanceLoader","level":"info","message":"ConfigModule dependencies initialized","timestamp":"2025-10-03T14:38:21.790Z"}
{"context":"InstanceLoader","level":"info","message":"ConfigModule dependencies initialized","timestamp":"2025-10-03T14:38:21.791Z"}
{"context":"InstanceLoader","level":"info","message":"JwtModule dependencies initialized","timestamp":"2025-10-03T14:38:21.808Z"}
{"context":"InstanceLoader","level":"info","message":"MongooseCoreModule dependencies initialized","timestamp":"2025-10-03T14:38:21.818Z"}
{"context":"InstanceLoader","level":"info","message":"MongooseModule dependencies initialized","timestamp":"2025-10-03T14:38:21.824Z"}
{"context":"InstanceLoader","level":"info","message":"MongooseModule dependencies initialized","timestamp":"2025-10-03T14:38:21.825Z"}
{"context":"InstanceLoader","level":"info","message":"MongooseModule dependencies initialized","timestamp":"2025-10-03T14:38:21.825Z"}
{"context":"InstanceLoader","level":"info","message":"MenuModule dependencies initialized","timestamp":"2025-10-03T14:38:21.826Z"}
{"context":"InstanceLoader","level":"info","message":"UserModule dependencies initialized","timestamp":"2025-10-03T14:38:21.826Z"}
{"context":"InstanceLoader","level":"info","message":"OrderModule dependencies initialized","timestamp":"2025-10-03T14:38:21.827Z"}
{"context":"RoutesResolver","level":"info","message":"MenuController {/menu}:","timestamp":"2025-10-03T14:38:21.830Z"}
{"context":"RouterExplorer","level":"info","message":"Mapped {/menu, GET} route","timestamp":"2025-10-03T14:38:21.832Z"}
{"context":"RoutesResolver","level":"info","message":"OrderController {/order}:","timestamp":"2025-10-03T14:38:21.833Z"}
{"context":"RouterExplorer","level":"info","message":"Mapped {/order, POST} route","timestamp":"2025-10-03T14:38:21.833Z"}
{"context":"RoutesResolver","level":"info","message":"UserController {/user}:","timestamp":"2025-10-03T14:38:21.834Z"}
{"context":"RouterExplorer","level":"info","message":"Mapped {/user/register, POST} route","timestamp":"2025-10-03T14:38:21.834Z"}
{"context":"RouterExplorer","level":"info","message":"Mapped {/user/login, POST} route","timestamp":"2025-10-03T14:38:21.835Z"}
{"context":"NestApplication","level":"info","message":"Nest application successfully started","timestamp":"2025-10-03T14:38:21.838Z"}
{"level":"info","message":"Application is running on: http://[::1]:3001","timestamp":"2025-10-03T14:38:21.844Z"}
{"context":"ExceptionsHandler","level":"error","message":"ENOENT: no such file or directory, stat 'D:\\Code\\react\\resto-qrcode-backend\\public\\index.html'","stack":["Error: ENOENT: no such file or directory, stat 'D:\\Code\\react\\resto-qrcode-backend\\public\\index.html'"],"timestamp":"2025-10-03T14:42:17.658Z"}
{"context":"ExceptionsHandler","level":"error","message":"ENOENT: no such file or directory, stat 'D:\\Code\\react\\resto-qrcode-backend\\public\\index.html'","stack":["Error: ENOENT: no such file or directory, stat 'D:\\Code\\react\\resto-qrcode-backend\\public\\index.html'"],"timestamp":"2025-10-03T14:42:23.608Z"}
{"context":"ExceptionsHandler","level":"error","message":"ENOENT: no such file or directory, stat 'D:\\Code\\react\\resto-qrcode-backend\\public\\index.html'","stack":["Error: ENOENT: no such file or directory, stat 'D:\\Code\\react\\resto-qrcode-backend\\public\\index.html'"],"timestamp":"2025-10-03T14:42:23.619Z"}
{"context":"ExceptionsHandler","level":"error","message":"ENOENT: no such file or directory, stat 'D:\\Code\\react\\resto-qrcode-backend\\public\\index.html'","stack":["Error: ENOENT: no such file or directory, stat 'D:\\Code\\react\\resto-qrcode-backend\\public\\index.html'"],"timestamp":"2025-10-03T14:46:50.029Z"}
{"context":"ExceptionsHandler","level":"error","message":"ENOENT: no such file or directory, stat 'D:\\Code\\react\\resto-qrcode-backend\\public\\index.html'","stack":["Error: ENOENT: no such file or directory, stat 'D:\\Code\\react\\resto-qrcode-backend\\public\\index.html'"],"timestamp":"2025-10-03T14:46:50.033Z"}
{"context":"NestFactory","level":"info","message":"Starting Nest application...","timestamp":"2025-10-03T14:51:04.666Z"}
{"context":"InstanceLoader","level":"info","message":"AppModule dependencies initialized","timestamp":"2025-10-03T14:51:04.687Z"}
{"context":"InstanceLoader","level":"info","message":"MongooseModule dependencies initialized","timestamp":"2025-10-03T14:51:04.688Z"}
{"context":"InstanceLoader","level":"info","message":"HttpModule dependencies initialized","timestamp":"2025-10-03T14:51:04.690Z"}
{"context":"InstanceLoader","level":"info","message":"ConfigHostModule dependencies initialized","timestamp":"2025-10-03T14:51:04.691Z"}
{"context":"InstanceLoader","level":"info","message":"ServeStaticModule dependencies initialized","timestamp":"2025-10-03T14:51:04.692Z"}
{"context":"InstanceLoader","level":"info","message":"ConfigModule dependencies initialized","timestamp":"2025-10-03T14:51:04.692Z"}
{"context":"InstanceLoader","level":"info","message":"ConfigModule dependencies initialized","timestamp":"2025-10-03T14:51:04.693Z"}
{"context":"InstanceLoader","level":"info","message":"JwtModule dependencies initialized","timestamp":"2025-10-03T14:51:04.716Z"}
{"context":"InstanceLoader","level":"info","message":"MongooseCoreModule dependencies initialized","timestamp":"2025-10-03T14:51:04.732Z"}
{"context":"InstanceLoader","level":"info","message":"MongooseModule dependencies initialized","timestamp":"2025-10-03T14:51:04.739Z"}
{"context":"InstanceLoader","level":"info","message":"MongooseModule dependencies initialized","timestamp":"2025-10-03T14:51:04.740Z"}
{"context":"InstanceLoader","level":"info","message":"MongooseModule dependencies initialized","timestamp":"2025-10-03T14:51:04.740Z"}
{"context":"InstanceLoader","level":"info","message":"MenuModule dependencies initialized","timestamp":"2025-10-03T14:51:04.741Z"}
{"context":"InstanceLoader","level":"info","message":"UserModule dependencies initialized","timestamp":"2025-10-03T14:51:04.742Z"}
{"context":"InstanceLoader","level":"info","message":"OrderModule dependencies initialized","timestamp":"2025-10-03T14:51:04.742Z"}
{"context":"RoutesResolver","level":"info","message":"MenuController {/menu}:","timestamp":"2025-10-03T14:51:04.750Z"}
{"context":"RouterExplorer","level":"info","message":"Mapped {/menu, GET} route","timestamp":"2025-10-03T14:51:04.754Z"}
{"context":"RoutesResolver","level":"info","message":"OrderController {/order}:","timestamp":"2025-10-03T14:51:04.755Z"}
{"context":"RouterExplorer","level":"info","message":"Mapped {/order, POST} route","timestamp":"2025-10-03T14:51:04.757Z"}
{"context":"RoutesResolver","level":"info","message":"UserController {/user}:","timestamp":"2025-10-03T14:51:04.758Z"}
{"context":"RouterExplorer","level":"info","message":"Mapped {/user/register, POST} route","timestamp":"2025-10-03T14:51:04.761Z"}
{"context":"RouterExplorer","level":"info","message":"Mapped {/user/login, POST} route","timestamp":"2025-10-03T14:51:04.763Z"}
{"context":"NestApplication","level":"info","message":"Nest application successfully started","timestamp":"2025-10-03T14:51:04.772Z"}
{"level":"info","message":"Application is running on: http://[::1]:3001","timestamp":"2025-10-03T14:51:04.779Z"}
{"context":"NestFactory","level":"info","message":"Starting Nest application...","timestamp":"2025-10-03T14:51:07.626Z"}
{"context":"InstanceLoader","level":"info","message":"AppModule dependencies initialized","timestamp":"2025-10-03T14:51:07.638Z"}
{"context":"InstanceLoader","level":"info","message":"MongooseModule dependencies initialized","timestamp":"2025-10-03T14:51:07.638Z"}
{"context":"InstanceLoader","level":"info","message":"HttpModule dependencies initialized","timestamp":"2025-10-03T14:51:07.639Z"}
{"context":"InstanceLoader","level":"info","message":"ConfigHostModule dependencies initialized","timestamp":"2025-10-03T14:51:07.639Z"}
{"context":"InstanceLoader","level":"info","message":"ServeStaticModule dependencies initialized","timestamp":"2025-10-03T14:51:07.640Z"}
{"context":"InstanceLoader","level":"info","message":"ConfigModule dependencies initialized","timestamp":"2025-10-03T14:51:07.640Z"}
{"context":"InstanceLoader","level":"info","message":"ConfigModule dependencies initialized","timestamp":"2025-10-03T14:51:07.640Z"}
{"context":"InstanceLoader","level":"info","message":"JwtModule dependencies initialized","timestamp":"2025-10-03T14:51:07.658Z"}
{"context":"InstanceLoader","level":"info","message":"MongooseCoreModule dependencies initialized","timestamp":"2025-10-03T14:51:07.668Z"}
{"context":"InstanceLoader","level":"info","message":"MongooseModule dependencies initialized","timestamp":"2025-10-03T14:51:07.672Z"}
{"context":"InstanceLoader","level":"info","message":"MongooseModule dependencies initialized","timestamp":"2025-10-03T14:51:07.673Z"}
{"context":"InstanceLoader","level":"info","message":"MongooseModule dependencies initialized","timestamp":"2025-10-03T14:51:07.673Z"}
{"context":"InstanceLoader","level":"info","message":"MenuModule dependencies initialized","timestamp":"2025-10-03T14:51:07.673Z"}
{"context":"InstanceLoader","level":"info","message":"UserModule dependencies initialized","timestamp":"2025-10-03T14:51:07.674Z"}
{"context":"InstanceLoader","level":"info","message":"OrderModule dependencies initialized","timestamp":"2025-10-03T14:51:07.674Z"}
{"context":"RoutesResolver","level":"info","message":"MenuController {/menu}:","timestamp":"2025-10-03T14:51:07.678Z"}
{"context":"RouterExplorer","level":"info","message":"Mapped {/menu, GET} route","timestamp":"2025-10-03T14:51:07.679Z"}
{"context":"RoutesResolver","level":"info","message":"OrderController {/order}:","timestamp":"2025-10-03T14:51:07.680Z"}
{"context":"RouterExplorer","level":"info","message":"Mapped {/order, POST} route","timestamp":"2025-10-03T14:51:07.680Z"}
{"context":"RoutesResolver","level":"info","message":"UserController {/user}:","timestamp":"2025-10-03T14:51:07.681Z"}
{"context":"RouterExplorer","level":"info","message":"Mapped {/user/register, POST} route","timestamp":"2025-10-03T14:51:07.681Z"}
{"context":"RouterExplorer","level":"info","message":"Mapped {/user/login, POST} route","timestamp":"2025-10-03T14:51:07.682Z"}
{"context":"NestApplication","level":"info","message":"Nest application successfully started","timestamp":"2025-10-03T14:51:07.684Z"}
{"level":"info","message":"Application is running on: http://[::1]:3001","timestamp":"2025-10-03T14:51:07.689Z"}
{"context":"NestFactory","level":"info","message":"Starting Nest application...","timestamp":"2025-10-03T14:52:39.686Z"}
{"context":"InstanceLoader","level":"info","message":"AppModule dependencies initialized","timestamp":"2025-10-03T14:52:39.698Z"}
{"context":"InstanceLoader","level":"info","message":"MongooseModule dependencies initialized","timestamp":"2025-10-03T14:52:39.698Z"}
{"context":"InstanceLoader","level":"info","message":"HttpModule dependencies initialized","timestamp":"2025-10-03T14:52:39.700Z"}
{"context":"InstanceLoader","level":"info","message":"ConfigHostModule dependencies initialized","timestamp":"2025-10-03T14:52:39.702Z"}
{"context":"InstanceLoader","level":"info","message":"ServeStaticModule dependencies initialized","timestamp":"2025-10-03T14:52:39.703Z"}
{"context":"InstanceLoader","level":"info","message":"ConfigModule dependencies initialized","timestamp":"2025-10-03T14:52:39.703Z"}
{"context":"InstanceLoader","level":"info","message":"ConfigModule dependencies initialized","timestamp":"2025-10-03T14:52:39.703Z"}
{"context":"InstanceLoader","level":"info","message":"JwtModule dependencies initialized","timestamp":"2025-10-03T14:52:39.732Z"}
{"context":"InstanceLoader","level":"info","message":"MongooseCoreModule dependencies initialized","timestamp":"2025-10-03T14:52:39.747Z"}
{"context":"InstanceLoader","level":"info","message":"MongooseModule dependencies initialized","timestamp":"2025-10-03T14:52:39.753Z"}
{"context":"InstanceLoader","level":"info","message":"MongooseModule dependencies initialized","timestamp":"2025-10-03T14:52:39.754Z"}
{"context":"InstanceLoader","level":"info","message":"MongooseModule dependencies initialized","timestamp":"2025-10-03T14:52:39.754Z"}
{"context":"InstanceLoader","level":"info","message":"MenuModule dependencies initialized","timestamp":"2025-10-03T14:52:39.755Z"}
{"context":"InstanceLoader","level":"info","message":"UserModule dependencies initialized","timestamp":"2025-10-03T14:52:39.756Z"}
{"context":"InstanceLoader","level":"info","message":"OrderModule dependencies initialized","timestamp":"2025-10-03T14:52:39.756Z"}
{"context":"RoutesResolver","level":"info","message":"MenuController {/menu}:","timestamp":"2025-10-03T14:52:39.762Z"}
{"context":"RouterExplorer","level":"info","message":"Mapped {/menu, GET} route","timestamp":"2025-10-03T14:52:39.764Z"}
{"context":"RoutesResolver","level":"info","message":"OrderController {/order}:","timestamp":"2025-10-03T14:52:39.765Z"}
{"context":"RouterExplorer","level":"info","message":"Mapped {/order, POST} route","timestamp":"2025-10-03T14:52:39.767Z"}
{"context":"RoutesResolver","level":"info","message":"UserController {/user}:","timestamp":"2025-10-03T14:52:39.767Z"}
{"context":"RouterExplorer","level":"info","message":"Mapped {/user/register, POST} route","timestamp":"2025-10-03T14:52:39.768Z"}
{"context":"RouterExplorer","level":"info","message":"Mapped {/user/login, POST} route","timestamp":"2025-10-03T14:52:39.769Z"}
{"context":"NestApplication","level":"info","message":"Nest application successfully started","timestamp":"2025-10-03T14:52:39.774Z"}
{"level":"info","message":"Application is running on: http://[::1]:3001","timestamp":"2025-10-03T14:52:39.783Z"}
{"context":"NestFactory","level":"info","message":"Starting Nest application...","timestamp":"2025-10-03T14:54:00.869Z"}
{"context":"InstanceLoader","level":"info","message":"AppModule dependencies initialized","timestamp":"2025-10-03T14:54:00.880Z"}
{"context":"InstanceLoader","level":"info","message":"MongooseModule dependencies initialized","timestamp":"2025-10-03T14:54:00.881Z"}
{"context":"InstanceLoader","level":"info","message":"HttpModule dependencies initialized","timestamp":"2025-10-03T14:54:00.882Z"}
{"context":"InstanceLoader","level":"info","message":"ConfigHostModule dependencies initialized","timestamp":"2025-10-03T14:54:00.882Z"}
{"context":"InstanceLoader","level":"info","message":"ServeStaticModule dependencies initialized","timestamp":"2025-10-03T14:54:00.883Z"}
{"context":"InstanceLoader","level":"info","message":"ConfigModule dependencies initialized","timestamp":"2025-10-03T14:54:00.883Z"}
{"context":"InstanceLoader","level":"info","message":"ConfigModule dependencies initialized","timestamp":"2025-10-03T14:54:00.884Z"}
{"context":"InstanceLoader","level":"info","message":"JwtModule dependencies initialized","timestamp":"2025-10-03T14:54:00.903Z"}
{"context":"InstanceLoader","level":"info","message":"MongooseCoreModule dependencies initialized","timestamp":"2025-10-03T14:54:00.914Z"}
{"context":"InstanceLoader","level":"info","message":"MongooseModule dependencies initialized","timestamp":"2025-10-03T14:54:00.920Z"}
{"context":"InstanceLoader","level":"info","message":"MongooseModule dependencies initialized","timestamp":"2025-10-03T14:54:00.920Z"}
{"context":"InstanceLoader","level":"info","message":"MongooseModule dependencies initialized","timestamp":"2025-10-03T14:54:00.920Z"}
{"context":"InstanceLoader","level":"info","message":"MenuModule dependencies initialized","timestamp":"2025-10-03T14:54:00.921Z"}
{"context":"InstanceLoader","level":"info","message":"UserModule dependencies initialized","timestamp":"2025-10-03T14:54:00.921Z"}
{"context":"InstanceLoader","level":"info","message":"OrderModule dependencies initialized","timestamp":"2025-10-03T14:54:00.921Z"}
{"context":"RoutesResolver","level":"info","message":"MenuController {/menu}:","timestamp":"2025-10-03T14:54:00.925Z"}
{"context":"RouterExplorer","level":"info","message":"Mapped {/menu, GET} route","timestamp":"2025-10-03T14:54:00.927Z"}
{"context":"RoutesResolver","level":"info","message":"OrderController {/order}:","timestamp":"2025-10-03T14:54:00.928Z"}
{"context":"RouterExplorer","level":"info","message":"Mapped {/order, POST} route","timestamp":"2025-10-03T14:54:00.928Z"}
{"context":"RoutesResolver","level":"info","message":"UserController {/user}:","timestamp":"2025-10-03T14:54:00.929Z"}
{"context":"RouterExplorer","level":"info","message":"Mapped {/user/register, POST} route","timestamp":"2025-10-03T14:54:00.929Z"}
{"context":"RouterExplorer","level":"info","message":"Mapped {/user/login, POST} route","timestamp":"2025-10-03T14:54:00.929Z"}
{"context":"NestApplication","level":"info","message":"Nest application successfully started","timestamp":"2025-10-03T14:54:00.933Z"}
{"level":"info","message":"Application is running on: http://[::1]:3001","timestamp":"2025-10-03T14:54:00.939Z"}
{"context":"NestFactory","level":"info","message":"Starting Nest application...","timestamp":"2025-10-03T14:54:11.920Z"}
{"context":"InstanceLoader","level":"info","message":"AppModule dependencies initialized","timestamp":"2025-10-03T14:54:11.934Z"}
{"context":"InstanceLoader","level":"info","message":"MongooseModule dependencies initialized","timestamp":"2025-10-03T14:54:11.936Z"}
{"context":"InstanceLoader","level":"info","message":"HttpModule dependencies initialized","timestamp":"2025-10-03T14:54:11.937Z"}
{"context":"InstanceLoader","level":"info","message":"ConfigHostModule dependencies initialized","timestamp":"2025-10-03T14:54:11.938Z"}
{"context":"InstanceLoader","level":"info","message":"ServeStaticModule dependencies initialized","timestamp":"2025-10-03T14:54:11.939Z"}
{"context":"InstanceLoader","level":"info","message":"ConfigModule dependencies initialized","timestamp":"2025-10-03T14:54:11.939Z"}
{"context":"InstanceLoader","level":"info","message":"ConfigModule dependencies initialized","timestamp":"2025-10-03T14:54:11.939Z"}
{"context":"InstanceLoader","level":"info","message":"JwtModule dependencies initialized","timestamp":"2025-10-03T14:54:11.970Z"}
{"context":"InstanceLoader","level":"info","message":"MongooseCoreModule dependencies initialized","timestamp":"2025-10-03T14:54:11.986Z"}
{"context":"InstanceLoader","level":"info","message":"MongooseModule dependencies initialized","timestamp":"2025-10-03T14:54:11.996Z"}
{"context":"InstanceLoader","level":"info","message":"MongooseModule dependencies initialized","timestamp":"2025-10-03T14:54:11.996Z"}
{"context":"InstanceLoader","level":"info","message":"MongooseModule dependencies initialized","timestamp":"2025-10-03T14:54:11.996Z"}
{"context":"InstanceLoader","level":"info","message":"MenuModule dependencies initialized","timestamp":"2025-10-03T14:54:11.997Z"}
{"context":"InstanceLoader","level":"info","message":"UserModule dependencies initialized","timestamp":"2025-10-03T14:54:11.998Z"}
{"context":"InstanceLoader","level":"info","message":"OrderModule dependencies initialized","timestamp":"2025-10-03T14:54:11.998Z"}
{"context":"RoutesResolver","level":"info","message":"MenuController {/menu}:","timestamp":"2025-10-03T14:54:12.008Z"}
{"context":"RouterExplorer","level":"info","message":"Mapped {/menu, GET} route","timestamp":"2025-10-03T14:54:12.010Z"}
{"context":"RoutesResolver","level":"info","message":"OrderController {/order}:","timestamp":"2025-10-03T14:54:12.011Z"}
{"context":"RouterExplorer","level":"info","message":"Mapped {/order, POST} route","timestamp":"2025-10-03T14:54:12.012Z"}
{"context":"RoutesResolver","level":"info","message":"UserController {/user}:","timestamp":"2025-10-03T14:54:12.012Z"}
{"context":"RouterExplorer","level":"info","message":"Mapped {/user/register, POST} route","timestamp":"2025-10-03T14:54:12.013Z"}
{"context":"RouterExplorer","level":"info","message":"Mapped {/user/login, POST} route","timestamp":"2025-10-03T14:54:12.013Z"}
{"context":"RouterExplorer","level":"info","message":"Mapped {/user/logout, POST} route","timestamp":"2025-10-03T14:54:12.014Z"}
{"context":"NestApplication","level":"info","message":"Nest application successfully started","timestamp":"2025-10-03T14:54:12.021Z"}
{"level":"info","message":"Application is running on: http://[::1]:3001","timestamp":"2025-10-03T14:54:12.029Z"}
{"context":"ExceptionsHandler","level":"error","message":"ENOENT: no such file or directory, stat 'D:\\Code\\react\\resto-qrcode-backend\\public\\index.html'","stack":["Error: ENOENT: no such file or directory, stat 'D:\\Code\\react\\resto-qrcode-backend\\public\\index.html'"],"timestamp":"2025-10-03T14:56:56.492Z"}
{"context":"ExceptionsHandler","level":"error","message":"ENOENT: no such file or directory, stat 'D:\\Code\\react\\resto-qrcode-backend\\public\\index.html'","stack":["Error: ENOENT: no such file or directory, stat 'D:\\Code\\react\\resto-qrcode-backend\\public\\index.html'"],"timestamp":"2025-10-03T14:56:56.497Z"}
{"context":"ExceptionsHandler","level":"error","message":"ENOENT: no such file or directory, stat 'D:\\Code\\react\\resto-qrcode-backend\\public\\index.html'","stack":["Error: ENOENT: no such file or directory, stat 'D:\\Code\\react\\resto-qrcode-backend\\public\\index.html'"],"timestamp":"2025-10-03T14:57:06.444Z"}
{"context":"ExceptionsHandler","level":"error","message":"ENOENT: no such file or directory, stat 'D:\\Code\\react\\resto-qrcode-backend\\public\\index.html'","stack":["Error: ENOENT: no such file or directory, stat 'D:\\Code\\react\\resto-qrcode-backend\\public\\index.html'"],"timestamp":"2025-10-03T14:59:21.413Z"}
{"context":"ExceptionsHandler","level":"error","message":"ENOENT: no such file or directory, stat 'D:\\Code\\react\\resto-qrcode-backend\\public\\index.html'","stack":["Error: ENOENT: no such file or directory, stat 'D:\\Code\\react\\resto-qrcode-backend\\public\\index.html'"],"timestamp":"2025-10-03T14:59:21.418Z"}
{"context":"ExceptionsHandler","level":"error","message":"ENOENT: no such file or directory, stat 'D:\\Code\\react\\resto-qrcode-backend\\public\\index.html'","stack":["Error: ENOENT: no such file or directory, stat 'D:\\Code\\react\\resto-qrcode-backend\\public\\index.html'"],"timestamp":"2025-10-03T14:59:29.562Z"}
{"context":"ExceptionsHandler","level":"error","message":"ENOENT: no such file or directory, stat 'D:\\Code\\react\\resto-qrcode-backend\\public\\index.html'","stack":["Error: ENOENT: no such file or directory, stat 'D:\\Code\\react\\resto-qrcode-backend\\public\\index.html'"],"timestamp":"2025-10-03T14:59:48.787Z"}
{"context":"ExceptionsHandler","level":"error","message":"ENOENT: no such file or directory, stat 'D:\\Code\\react\\resto-qrcode-backend\\public\\index.html'","stack":["Error: ENOENT: no such file or directory, stat 'D:\\Code\\react\\resto-qrcode-backend\\public\\index.html'"],"timestamp":"2025-10-03T14:59:48.791Z"}
{"context":"ExceptionsHandler","level":"error","message":"ENOENT: no such file or directory, stat 'D:\\Code\\react\\resto-qrcode-backend\\public\\index.html'","stack":["Error: ENOENT: no such file or directory, stat 'D:\\Code\\react\\resto-qrcode-backend\\public\\index.html'"],"timestamp":"2025-10-03T15:01:40.165Z"}
{"context":"ExceptionsHandler","level":"error","message":"ENOENT: no such file or directory, stat 'D:\\Code\\react\\resto-qrcode-backend\\public\\index.html'","stack":["Error: ENOENT: no such file or directory, stat 'D:\\Code\\react\\resto-qrcode-backend\\public\\index.html'"],"timestamp":"2025-10-03T15:01:40.178Z"}
{"context":"NestFactory","level":"info","message":"Starting Nest application...","timestamp":"2025-10-03T15:02:32.566Z"}
{"context":"InstanceLoader","level":"info","message":"AppModule dependencies initialized","timestamp":"2025-10-03T15:02:32.588Z"}
{"context":"InstanceLoader","level":"info","message":"MongooseModule dependencies initialized","timestamp":"2025-10-03T15:02:32.589Z"}
{"context":"InstanceLoader","level":"info","message":"PassportModule dependencies initialized","timestamp":"2025-10-03T15:02:32.590Z"}
{"context":"InstanceLoader","level":"info","message":"HttpModule dependencies initialized","timestamp":"2025-10-03T15:02:32.591Z"}
{"context":"InstanceLoader","level":"info","message":"ConfigHostModule dependencies initialized","timestamp":"2025-10-03T15:02:32.591Z"}
{"context":"InstanceLoader","level":"info","message":"ServeStaticModule dependencies initialized","timestamp":"2025-10-03T15:02:32.592Z"}
{"context":"InstanceLoader","level":"info","message":"ConfigModule dependencies initialized","timestamp":"2025-10-03T15:02:32.592Z"}
{"context":"InstanceLoader","level":"info","message":"ConfigModule dependencies initialized","timestamp":"2025-10-03T15:02:32.593Z"}
{"context":"InstanceLoader","level":"info","message":"JwtModule dependencies initialized","timestamp":"2025-10-03T15:02:32.611Z"}
{"context":"InstanceLoader","level":"info","message":"MongooseCoreModule dependencies initialized","timestamp":"2025-10-03T15:02:32.624Z"}
{"context":"InstanceLoader","level":"info","message":"MongooseModule dependencies initialized","timestamp":"2025-10-03T15:02:32.629Z"}
{"context":"InstanceLoader","level":"info","message":"MongooseModule dependencies initialized","timestamp":"2025-10-03T15:02:32.630Z"}
{"context":"InstanceLoader","level":"info","message":"MongooseModule dependencies initialized","timestamp":"2025-10-03T15:02:32.630Z"}
{"context":"InstanceLoader","level":"info","message":"MenuModule dependencies initialized","timestamp":"2025-10-03T15:02:32.632Z"}
{"context":"InstanceLoader","level":"info","message":"OrderModule dependencies initialized","timestamp":"2025-10-03T15:02:32.633Z"}
{"context":"InstanceLoader","level":"info","message":"UserModule dependencies initialized","timestamp":"2025-10-03T15:02:32.633Z"}
{"context":"RoutesResolver","level":"info","message":"MenuController {/menu}:","timestamp":"2025-10-03T15:02:32.637Z"}
{"context":"RouterExplorer","level":"info","message":"Mapped {/menu, GET} route","timestamp":"2025-10-03T15:02:32.639Z"}
{"context":"RoutesResolver","level":"info","message":"OrderController {/order}:","timestamp":"2025-10-03T15:02:32.639Z"}
{"context":"RouterExplorer","level":"info","message":"Mapped {/order, POST} route","timestamp":"2025-10-03T15:02:32.641Z"}
{"context":"RoutesResolver","level":"info","message":"UserController {/user}:","timestamp":"2025-10-03T15:02:32.643Z"}
{"context":"RouterExplorer","level":"info","message":"Mapped {/user/register, POST} route","timestamp":"2025-10-03T15:02:32.644Z"}
{"context":"RouterExplorer","level":"info","message":"Mapped {/user/login, POST} route","timestamp":"2025-10-03T15:02:32.644Z"}
{"context":"RouterExplorer","level":"info","message":"Mapped {/user/logout, POST} route","timestamp":"2025-10-03T15:02:32.645Z"}
{"context":"RouterExplorer","level":"info","message":"Mapped {/user/profile, GET} route","timestamp":"2025-10-03T15:02:32.646Z"}
{"context":"NestApplication","level":"info","message":"Nest application successfully started","timestamp":"2025-10-03T15:02:32.649Z"}
{"level":"info","message":"Application is running on: http://[::1]:3001","timestamp":"2025-10-03T15:02:32.655Z"}
