{"context":"NestFactory","level":"info","message":"Starting Nest application...","timestamp":"2025-10-25T07:05:50.826Z"}
{"context":"InstanceLoader","level":"info","message":"AppModule dependencies initialized","timestamp":"2025-10-25T07:05:50.853Z"}
{"context":"InstanceLoader","level":"info","message":"MongooseModule dependencies initialized","timestamp":"2025-10-25T07:05:50.855Z"}
{"context":"InstanceLoader","level":"info","message":"PassportModule dependencies initialized","timestamp":"2025-10-25T07:05:50.857Z"}
{"context":"InstanceLoader","level":"info","message":"ConfigHostModule dependencies initialized","timestamp":"2025-10-25T07:05:50.858Z"}
{"context":"InstanceLoader","level":"info","message":"HttpModule dependencies initialized","timestamp":"2025-10-25T07:05:50.860Z"}
{"context":"InstanceLoader","level":"info","message":"ConfigModule dependencies initialized","timestamp":"2025-10-25T07:05:50.863Z"}
{"context":"InstanceLoader","level":"info","message":"ConfigModule dependencies initialized","timestamp":"2025-10-25T07:05:50.864Z"}
{"context":"InstanceLoader","level":"info","message":"ServeStaticModule dependencies initialized","timestamp":"2025-10-25T07:05:50.865Z"}
{"context":"InstanceLoader","level":"info","message":"JwtModule dependencies initialized","timestamp":"2025-10-25T07:05:50.901Z"}
{"context":"InstanceLoader","level":"info","message":"MongooseCoreModule dependencies initialized","timestamp":"2025-10-25T07:05:50.945Z"}
{"context":"InstanceLoader","level":"info","message":"MongooseModule dependencies initialized","timestamp":"2025-10-25T07:05:50.947Z"}
{"context":"InstanceLoader","level":"info","message":"MongooseModule dependencies initialized","timestamp":"2025-10-25T07:05:50.947Z"}
{"context":"InstanceLoader","level":"info","message":"MongooseModule dependencies initialized","timestamp":"2025-10-25T07:05:50.948Z"}
{"context":"InstanceLoader","level":"info","message":"MongooseModule dependencies initialized","timestamp":"2025-10-25T07:05:50.948Z"}
{"context":"InstanceLoader","level":"info","message":"StokModule dependencies initialized","timestamp":"2025-10-25T07:05:50.950Z"}
{"context":"InstanceLoader","level":"info","message":"OrderModule dependencies initialized","timestamp":"2025-10-25T07:05:50.951Z"}
{"context":"InstanceLoader","level":"info","message":"MenuModule dependencies initialized","timestamp":"2025-10-25T07:05:50.952Z"}
{"context":"InstanceLoader","level":"info","message":"UserModule dependencies initialized","timestamp":"2025-10-25T07:05:50.952Z"}
{"context":"RoutesResolver","level":"info","message":"MenuController {/menu}:","timestamp":"2025-10-25T07:05:50.962Z"}
{"context":"RouterExplorer","level":"info","message":"Mapped {/menu, POST} route","timestamp":"2025-10-25T07:05:50.967Z"}
{"context":"RouterExplorer","level":"info","message":"Mapped {/menu, GET} route","timestamp":"2025-10-25T07:05:50.968Z"}
{"context":"RouterExplorer","level":"info","message":"Mapped {/menu/:id, PUT} route","timestamp":"2025-10-25T07:05:50.970Z"}
{"context":"RouterExplorer","level":"info","message":"Mapped {/menu/:id, DELETE} route","timestamp":"2025-10-25T07:05:50.971Z"}
{"context":"RoutesResolver","level":"info","message":"OrderController {/order}:","timestamp":"2025-10-25T07:05:50.972Z"}
{"context":"RouterExplorer","level":"info","message":"Mapped {/order, POST} route","timestamp":"2025-10-25T07:05:50.973Z"}
{"context":"RouterExplorer","level":"info","message":"Mapped {/order/:year/:month, GET} route","timestamp":"2025-10-25T07:05:50.974Z"}
{"context":"RoutesResolver","level":"info","message":"UserController {/user}:","timestamp":"2025-10-25T07:05:50.975Z"}
{"context":"RouterExplorer","level":"info","message":"Mapped {/user/register, POST} route","timestamp":"2025-10-25T07:05:50.976Z"}
{"context":"RouterExplorer","level":"info","message":"Mapped {/user/login, POST} route","timestamp":"2025-10-25T07:05:50.977Z"}
{"context":"RouterExplorer","level":"info","message":"Mapped {/user/profile, GET} route","timestamp":"2025-10-25T07:05:50.978Z"}
{"context":"RouterExplorer","level":"info","message":"Mapped {/user, GET} route","timestamp":"2025-10-25T07:05:50.979Z"}
{"context":"RouterExplorer","level":"info","message":"Mapped {/user/:id, GET} route","timestamp":"2025-10-25T07:05:50.980Z"}
{"context":"RouterExplorer","level":"info","message":"Mapped {/user/:id, PUT} route","timestamp":"2025-10-25T07:05:50.980Z"}
{"context":"RouterExplorer","level":"info","message":"Mapped {/user/:id, DELETE} route","timestamp":"2025-10-25T07:05:50.981Z"}
{"context":"RoutesResolver","level":"info","message":"StokController {/stok}:","timestamp":"2025-10-25T07:05:50.982Z"}
{"context":"RouterExplorer","level":"info","message":"Mapped {/stok, POST} route","timestamp":"2025-10-25T07:05:50.982Z"}
{"context":"NestApplication","level":"info","message":"Nest application successfully started","timestamp":"2025-10-25T07:05:50.989Z"}
{"level":"info","message":"Application is running on: http://[::1]:3001","timestamp":"2025-10-25T07:05:51.000Z"}
{"context":"NestFactory","level":"info","message":"Starting Nest application...","timestamp":"2025-10-25T07:10:45.894Z"}
{"context":"InstanceLoader","level":"info","message":"AppModule dependencies initialized","timestamp":"2025-10-25T07:10:45.921Z"}
{"context":"InstanceLoader","level":"info","message":"MongooseModule dependencies initialized","timestamp":"2025-10-25T07:10:45.922Z"}
{"context":"InstanceLoader","level":"info","message":"PassportModule dependencies initialized","timestamp":"2025-10-25T07:10:45.923Z"}
{"context":"InstanceLoader","level":"info","message":"ConfigHostModule dependencies initialized","timestamp":"2025-10-25T07:10:45.924Z"}
{"context":"InstanceLoader","level":"info","message":"HttpModule dependencies initialized","timestamp":"2025-10-25T07:10:45.925Z"}
{"context":"InstanceLoader","level":"info","message":"ConfigModule dependencies initialized","timestamp":"2025-10-25T07:10:45.927Z"}
{"context":"InstanceLoader","level":"info","message":"ConfigModule dependencies initialized","timestamp":"2025-10-25T07:10:45.928Z"}
{"context":"InstanceLoader","level":"info","message":"ServeStaticModule dependencies initialized","timestamp":"2025-10-25T07:10:45.929Z"}
{"context":"InstanceLoader","level":"info","message":"JwtModule dependencies initialized","timestamp":"2025-10-25T07:10:45.962Z"}
{"context":"InstanceLoader","level":"info","message":"MongooseCoreModule dependencies initialized","timestamp":"2025-10-25T07:10:45.996Z"}
{"context":"InstanceLoader","level":"info","message":"MongooseModule dependencies initialized","timestamp":"2025-10-25T07:10:45.997Z"}
{"context":"InstanceLoader","level":"info","message":"MongooseModule dependencies initialized","timestamp":"2025-10-25T07:10:45.997Z"}
{"context":"InstanceLoader","level":"info","message":"MongooseModule dependencies initialized","timestamp":"2025-10-25T07:10:45.998Z"}
{"context":"InstanceLoader","level":"info","message":"MongooseModule dependencies initialized","timestamp":"2025-10-25T07:10:45.998Z"}
{"context":"InstanceLoader","level":"info","message":"StokModule dependencies initialized","timestamp":"2025-10-25T07:10:46.001Z"}
{"context":"InstanceLoader","level":"info","message":"OrderModule dependencies initialized","timestamp":"2025-10-25T07:10:46.002Z"}
{"context":"InstanceLoader","level":"info","message":"MenuModule dependencies initialized","timestamp":"2025-10-25T07:10:46.003Z"}
{"context":"InstanceLoader","level":"info","message":"UserModule dependencies initialized","timestamp":"2025-10-25T07:10:46.004Z"}
{"context":"RoutesResolver","level":"info","message":"MenuController {/menu}:","timestamp":"2025-10-25T07:10:46.013Z"}
{"context":"RouterExplorer","level":"info","message":"Mapped {/menu, POST} route","timestamp":"2025-10-25T07:10:46.019Z"}
{"context":"RouterExplorer","level":"info","message":"Mapped {/menu, GET} route","timestamp":"2025-10-25T07:10:46.020Z"}
{"context":"RouterExplorer","level":"info","message":"Mapped {/menu/:id, PUT} route","timestamp":"2025-10-25T07:10:46.024Z"}
{"context":"RouterExplorer","level":"info","message":"Mapped {/menu/:id, DELETE} route","timestamp":"2025-10-25T07:10:46.027Z"}
{"context":"RoutesResolver","level":"info","message":"OrderController {/order}:","timestamp":"2025-10-25T07:10:46.028Z"}
{"context":"RouterExplorer","level":"info","message":"Mapped {/order, POST} route","timestamp":"2025-10-25T07:10:46.029Z"}
{"context":"RouterExplorer","level":"info","message":"Mapped {/order/:year/:month, GET} route","timestamp":"2025-10-25T07:10:46.029Z"}
{"context":"RoutesResolver","level":"info","message":"UserController {/user}:","timestamp":"2025-10-25T07:10:46.030Z"}
{"context":"RouterExplorer","level":"info","message":"Mapped {/user/register, POST} route","timestamp":"2025-10-25T07:10:46.031Z"}
{"context":"RouterExplorer","level":"info","message":"Mapped {/user/login, POST} route","timestamp":"2025-10-25T07:10:46.031Z"}
{"context":"RouterExplorer","level":"info","message":"Mapped {/user/profile, GET} route","timestamp":"2025-10-25T07:10:46.033Z"}
{"context":"RouterExplorer","level":"info","message":"Mapped {/user, GET} route","timestamp":"2025-10-25T07:10:46.034Z"}
{"context":"RouterExplorer","level":"info","message":"Mapped {/user/:id, GET} route","timestamp":"2025-10-25T07:10:46.035Z"}
{"context":"RouterExplorer","level":"info","message":"Mapped {/user/:id, PUT} route","timestamp":"2025-10-25T07:10:46.036Z"}
{"context":"RouterExplorer","level":"info","message":"Mapped {/user/:id, DELETE} route","timestamp":"2025-10-25T07:10:46.037Z"}
{"context":"RoutesResolver","level":"info","message":"StokController {/stok}:","timestamp":"2025-10-25T07:10:46.038Z"}
{"context":"RouterExplorer","level":"info","message":"Mapped {/stok, POST} route","timestamp":"2025-10-25T07:10:46.038Z"}
{"context":"NestApplication","level":"info","message":"Nest application successfully started","timestamp":"2025-10-25T07:10:46.048Z"}
{"level":"info","message":"Application is running on: http://[::1]:3001","timestamp":"2025-10-25T07:10:46.063Z"}
{"context":"NestFactory","level":"info","message":"Starting Nest application...","timestamp":"2025-10-25T07:10:52.571Z"}
{"context":"InstanceLoader","level":"info","message":"AppModule dependencies initialized","timestamp":"2025-10-25T07:10:52.604Z"}
{"context":"InstanceLoader","level":"info","message":"MongooseModule dependencies initialized","timestamp":"2025-10-25T07:10:52.606Z"}
{"context":"InstanceLoader","level":"info","message":"PassportModule dependencies initialized","timestamp":"2025-10-25T07:10:52.607Z"}
{"context":"InstanceLoader","level":"info","message":"ConfigHostModule dependencies initialized","timestamp":"2025-10-25T07:10:52.609Z"}
{"context":"InstanceLoader","level":"info","message":"HttpModule dependencies initialized","timestamp":"2025-10-25T07:10:52.610Z"}
{"context":"InstanceLoader","level":"info","message":"ConfigModule dependencies initialized","timestamp":"2025-10-25T07:10:52.612Z"}
{"context":"InstanceLoader","level":"info","message":"ConfigModule dependencies initialized","timestamp":"2025-10-25T07:10:52.612Z"}
{"context":"InstanceLoader","level":"info","message":"ServeStaticModule dependencies initialized","timestamp":"2025-10-25T07:10:52.613Z"}
{"context":"InstanceLoader","level":"info","message":"JwtModule dependencies initialized","timestamp":"2025-10-25T07:10:52.650Z"}
{"context":"InstanceLoader","level":"info","message":"MongooseCoreModule dependencies initialized","timestamp":"2025-10-25T07:10:52.697Z"}
{"context":"InstanceLoader","level":"info","message":"MongooseModule dependencies initialized","timestamp":"2025-10-25T07:10:52.699Z"}
{"context":"InstanceLoader","level":"info","message":"MongooseModule dependencies initialized","timestamp":"2025-10-25T07:10:52.700Z"}
{"context":"InstanceLoader","level":"info","message":"MongooseModule dependencies initialized","timestamp":"2025-10-25T07:10:52.701Z"}
{"context":"InstanceLoader","level":"info","message":"MongooseModule dependencies initialized","timestamp":"2025-10-25T07:10:52.701Z"}
{"context":"InstanceLoader","level":"info","message":"StokModule dependencies initialized","timestamp":"2025-10-25T07:10:52.705Z"}
{"context":"InstanceLoader","level":"info","message":"OrderModule dependencies initialized","timestamp":"2025-10-25T07:10:52.706Z"}
{"context":"InstanceLoader","level":"info","message":"MenuModule dependencies initialized","timestamp":"2025-10-25T07:10:52.707Z"}
{"context":"InstanceLoader","level":"info","message":"UserModule dependencies initialized","timestamp":"2025-10-25T07:10:52.708Z"}
{"context":"RoutesResolver","level":"info","message":"MenuController {/menu}:","timestamp":"2025-10-25T07:10:52.717Z"}
{"context":"RouterExplorer","level":"info","message":"Mapped {/menu, POST} route","timestamp":"2025-10-25T07:10:52.725Z"}
{"context":"RouterExplorer","level":"info","message":"Mapped {/menu, GET} route","timestamp":"2025-10-25T07:10:52.727Z"}
{"context":"RouterExplorer","level":"info","message":"Mapped {/menu/:id, PUT} route","timestamp":"2025-10-25T07:10:52.728Z"}
{"context":"RouterExplorer","level":"info","message":"Mapped {/menu/:id, DELETE} route","timestamp":"2025-10-25T07:10:52.730Z"}
{"context":"RoutesResolver","level":"info","message":"OrderController {/order}:","timestamp":"2025-10-25T07:10:52.731Z"}
{"context":"RouterExplorer","level":"info","message":"Mapped {/order, POST} route","timestamp":"2025-10-25T07:10:52.732Z"}
{"context":"RouterExplorer","level":"info","message":"Mapped {/order/:year/:month, GET} route","timestamp":"2025-10-25T07:10:52.733Z"}
{"context":"RoutesResolver","level":"info","message":"UserController {/user}:","timestamp":"2025-10-25T07:10:52.734Z"}
{"context":"RouterExplorer","level":"info","message":"Mapped {/user/register, POST} route","timestamp":"2025-10-25T07:10:52.735Z"}
{"context":"RouterExplorer","level":"info","message":"Mapped {/user/login, POST} route","timestamp":"2025-10-25T07:10:52.736Z"}
{"context":"RouterExplorer","level":"info","message":"Mapped {/user/profile, GET} route","timestamp":"2025-10-25T07:10:52.737Z"}
{"context":"RouterExplorer","level":"info","message":"Mapped {/user, GET} route","timestamp":"2025-10-25T07:10:52.738Z"}
{"context":"RouterExplorer","level":"info","message":"Mapped {/user/:id, GET} route","timestamp":"2025-10-25T07:10:52.739Z"}
{"context":"RouterExplorer","level":"info","message":"Mapped {/user/:id, PUT} route","timestamp":"2025-10-25T07:10:52.740Z"}
{"context":"RouterExplorer","level":"info","message":"Mapped {/user/:id, DELETE} route","timestamp":"2025-10-25T07:10:52.741Z"}
{"context":"RoutesResolver","level":"info","message":"StokController {/stok}:","timestamp":"2025-10-25T07:10:52.741Z"}
{"context":"RouterExplorer","level":"info","message":"Mapped {/stok, POST} route","timestamp":"2025-10-25T07:10:52.743Z"}
{"context":"RouterExplorer","level":"info","message":"Mapped {/stok, GET} route","timestamp":"2025-10-25T07:10:52.744Z"}
{"context":"NestApplication","level":"info","message":"Nest application successfully started","timestamp":"2025-10-25T07:10:52.751Z"}
{"level":"info","message":"Application is running on: http://[::1]:3001","timestamp":"2025-10-25T07:10:52.763Z"}
{"code":2,"context":"ExceptionsHandler","error":{"code":2,"errorLabelSet":{},"errorResponse":{"code":2,"errmsg":"'timestamp' must be present and contain a valid BSON UTC datetime value","index":0},"index":0},"errorLabelSet":{},"errorResponse":{"code":2,"errmsg":"'timestamp' must be present and contain a valid BSON UTC datetime value","index":0},"index":0,"level":"error","message":"'timestamp' must be present and contain a valid BSON UTC datetime value","stack":["MongoServerError: 'timestamp' must be present and contain a valid BSON UTC datetime value\n    at InsertOneOperation.execute (D:\\Code\\react\\baksopedasnikmat\\resto-qrcode-backend\\node_modules\\mongodb\\src\\operations\\insert.ts:88:13)\n    at process.processTicksAndRejections (node:internal/process/task_queues:105:5)\n    at async tryOperation (D:\\Code\\react\\baksopedasnikmat\\resto-qrcode-backend\\node_modules\\mongodb\\src\\operations\\execute_operation.ts:283:14)\n    at async executeOperation (D:\\Code\\react\\baksopedasnikmat\\resto-qrcode-backend\\node_modules\\mongodb\\src\\operations\\execute_operation.ts:115:12)\n    at async Collection.insertOne (D:\\Code\\react\\baksopedasnikmat\\resto-qrcode-backend\\node_modules\\mongodb\\src\\collection.ts:286:12)"],"timestamp":"2025-10-25T07:21:58.234Z"}
{"context":"NestFactory","level":"info","message":"Starting Nest application...","timestamp":"2025-10-25T07:28:15.902Z"}
{"context":"InstanceLoader","level":"info","message":"AppModule dependencies initialized","timestamp":"2025-10-25T07:28:15.934Z"}
{"context":"InstanceLoader","level":"info","message":"MongooseModule dependencies initialized","timestamp":"2025-10-25T07:28:15.936Z"}
{"context":"InstanceLoader","level":"info","message":"PassportModule dependencies initialized","timestamp":"2025-10-25T07:28:15.937Z"}
{"context":"InstanceLoader","level":"info","message":"ConfigHostModule dependencies initialized","timestamp":"2025-10-25T07:28:15.938Z"}
{"context":"InstanceLoader","level":"info","message":"HttpModule dependencies initialized","timestamp":"2025-10-25T07:28:15.939Z"}
{"context":"InstanceLoader","level":"info","message":"ConfigModule dependencies initialized","timestamp":"2025-10-25T07:28:15.941Z"}
{"context":"InstanceLoader","level":"info","message":"ConfigModule dependencies initialized","timestamp":"2025-10-25T07:28:15.942Z"}
{"context":"InstanceLoader","level":"info","message":"ServeStaticModule dependencies initialized","timestamp":"2025-10-25T07:28:15.944Z"}
{"context":"InstanceLoader","level":"info","message":"JwtModule dependencies initialized","timestamp":"2025-10-25T07:28:15.981Z"}
{"context":"InstanceLoader","level":"info","message":"MongooseCoreModule dependencies initialized","timestamp":"2025-10-25T07:28:16.015Z"}
{"context":"InstanceLoader","level":"info","message":"MongooseModule dependencies initialized","timestamp":"2025-10-25T07:28:16.017Z"}
{"context":"InstanceLoader","level":"info","message":"MongooseModule dependencies initialized","timestamp":"2025-10-25T07:28:16.017Z"}
{"context":"InstanceLoader","level":"info","message":"MongooseModule dependencies initialized","timestamp":"2025-10-25T07:28:16.018Z"}
{"context":"InstanceLoader","level":"info","message":"MongooseModule dependencies initialized","timestamp":"2025-10-25T07:28:16.019Z"}
{"context":"InstanceLoader","level":"info","message":"StokModule dependencies initialized","timestamp":"2025-10-25T07:28:16.022Z"}
{"context":"InstanceLoader","level":"info","message":"OrderModule dependencies initialized","timestamp":"2025-10-25T07:28:16.024Z"}
{"context":"InstanceLoader","level":"info","message":"MenuModule dependencies initialized","timestamp":"2025-10-25T07:28:16.025Z"}
{"context":"InstanceLoader","level":"info","message":"UserModule dependencies initialized","timestamp":"2025-10-25T07:28:16.026Z"}
{"context":"RoutesResolver","level":"info","message":"MenuController {/menu}:","timestamp":"2025-10-25T07:28:16.033Z"}
{"context":"RouterExplorer","level":"info","message":"Mapped {/menu, POST} route","timestamp":"2025-10-25T07:28:16.039Z"}
{"context":"RouterExplorer","level":"info","message":"Mapped {/menu, GET} route","timestamp":"2025-10-25T07:28:16.040Z"}
{"context":"RouterExplorer","level":"info","message":"Mapped {/menu/:id, PUT} route","timestamp":"2025-10-25T07:28:16.042Z"}
{"context":"RouterExplorer","level":"info","message":"Mapped {/menu/:id, DELETE} route","timestamp":"2025-10-25T07:28:16.044Z"}
{"context":"RoutesResolver","level":"info","message":"OrderController {/order}:","timestamp":"2025-10-25T07:28:16.045Z"}
{"context":"RouterExplorer","level":"info","message":"Mapped {/order, POST} route","timestamp":"2025-10-25T07:28:16.046Z"}
{"context":"RouterExplorer","level":"info","message":"Mapped {/order/:year/:month, GET} route","timestamp":"2025-10-25T07:28:16.047Z"}
{"context":"RoutesResolver","level":"info","message":"UserController {/user}:","timestamp":"2025-10-25T07:28:16.048Z"}
{"context":"RouterExplorer","level":"info","message":"Mapped {/user/register, POST} route","timestamp":"2025-10-25T07:28:16.049Z"}
{"context":"RouterExplorer","level":"info","message":"Mapped {/user/login, POST} route","timestamp":"2025-10-25T07:28:16.050Z"}
{"context":"RouterExplorer","level":"info","message":"Mapped {/user/profile, GET} route","timestamp":"2025-10-25T07:28:16.052Z"}
{"context":"RouterExplorer","level":"info","message":"Mapped {/user, GET} route","timestamp":"2025-10-25T07:28:16.054Z"}
{"context":"RouterExplorer","level":"info","message":"Mapped {/user/:id, GET} route","timestamp":"2025-10-25T07:28:16.057Z"}
{"context":"RouterExplorer","level":"info","message":"Mapped {/user/:id, PUT} route","timestamp":"2025-10-25T07:28:16.059Z"}
{"context":"RouterExplorer","level":"info","message":"Mapped {/user/:id, DELETE} route","timestamp":"2025-10-25T07:28:16.060Z"}
{"context":"RoutesResolver","level":"info","message":"StokController {/stok}:","timestamp":"2025-10-25T07:28:16.061Z"}
{"context":"RouterExplorer","level":"info","message":"Mapped {/stok, POST} route","timestamp":"2025-10-25T07:28:16.062Z"}
{"context":"RouterExplorer","level":"info","message":"Mapped {/stok, GET} route","timestamp":"2025-10-25T07:28:16.063Z"}
{"context":"NestApplication","level":"info","message":"Nest application successfully started","timestamp":"2025-10-25T07:28:16.070Z"}
{"level":"info","message":"Application is running on: http://[::1]:3001","timestamp":"2025-10-25T07:28:16.079Z"}
{"context":"NestFactory","level":"info","message":"Starting Nest application...","timestamp":"2025-10-25T07:28:42.279Z"}
{"context":"InstanceLoader","level":"info","message":"AppModule dependencies initialized","timestamp":"2025-10-25T07:28:42.305Z"}
{"context":"InstanceLoader","level":"info","message":"MongooseModule dependencies initialized","timestamp":"2025-10-25T07:28:42.306Z"}
{"context":"InstanceLoader","level":"info","message":"PassportModule dependencies initialized","timestamp":"2025-10-25T07:28:42.307Z"}
{"context":"InstanceLoader","level":"info","message":"ConfigHostModule dependencies initialized","timestamp":"2025-10-25T07:28:42.308Z"}
{"context":"InstanceLoader","level":"info","message":"HttpModule dependencies initialized","timestamp":"2025-10-25T07:28:42.309Z"}
{"context":"InstanceLoader","level":"info","message":"ConfigModule dependencies initialized","timestamp":"2025-10-25T07:28:42.311Z"}
{"context":"InstanceLoader","level":"info","message":"ConfigModule dependencies initialized","timestamp":"2025-10-25T07:28:42.311Z"}
{"context":"InstanceLoader","level":"info","message":"ServeStaticModule dependencies initialized","timestamp":"2025-10-25T07:28:42.312Z"}
{"context":"InstanceLoader","level":"info","message":"JwtModule dependencies initialized","timestamp":"2025-10-25T07:28:42.342Z"}
{"context":"InstanceLoader","level":"info","message":"MongooseCoreModule dependencies initialized","timestamp":"2025-10-25T07:28:42.368Z"}
{"context":"InstanceLoader","level":"info","message":"MongooseModule dependencies initialized","timestamp":"2025-10-25T07:28:42.370Z"}
{"context":"InstanceLoader","level":"info","message":"MongooseModule dependencies initialized","timestamp":"2025-10-25T07:28:42.370Z"}
{"context":"InstanceLoader","level":"info","message":"MongooseModule dependencies initialized","timestamp":"2025-10-25T07:28:42.371Z"}
{"context":"InstanceLoader","level":"info","message":"MongooseModule dependencies initialized","timestamp":"2025-10-25T07:28:42.371Z"}
{"context":"InstanceLoader","level":"info","message":"StokModule dependencies initialized","timestamp":"2025-10-25T07:28:42.373Z"}
{"context":"InstanceLoader","level":"info","message":"OrderModule dependencies initialized","timestamp":"2025-10-25T07:28:42.373Z"}
{"context":"InstanceLoader","level":"info","message":"MenuModule dependencies initialized","timestamp":"2025-10-25T07:28:42.374Z"}
{"context":"InstanceLoader","level":"info","message":"UserModule dependencies initialized","timestamp":"2025-10-25T07:28:42.374Z"}
{"context":"RoutesResolver","level":"info","message":"MenuController {/menu}:","timestamp":"2025-10-25T07:28:42.380Z"}
{"context":"RouterExplorer","level":"info","message":"Mapped {/menu, POST} route","timestamp":"2025-10-25T07:28:42.385Z"}
{"context":"RouterExplorer","level":"info","message":"Mapped {/menu, GET} route","timestamp":"2025-10-25T07:28:42.388Z"}
{"context":"RouterExplorer","level":"info","message":"Mapped {/menu/:id, PUT} route","timestamp":"2025-10-25T07:28:42.390Z"}
{"context":"RouterExplorer","level":"info","message":"Mapped {/menu/:id, DELETE} route","timestamp":"2025-10-25T07:28:42.393Z"}
{"context":"RoutesResolver","level":"info","message":"OrderController {/order}:","timestamp":"2025-10-25T07:28:42.393Z"}
{"context":"RouterExplorer","level":"info","message":"Mapped {/order, POST} route","timestamp":"2025-10-25T07:28:42.394Z"}
{"context":"RouterExplorer","level":"info","message":"Mapped {/order/:year/:month, GET} route","timestamp":"2025-10-25T07:28:42.395Z"}
{"context":"RoutesResolver","level":"info","message":"UserController {/user}:","timestamp":"2025-10-25T07:28:42.395Z"}
{"context":"RouterExplorer","level":"info","message":"Mapped {/user/register, POST} route","timestamp":"2025-10-25T07:28:42.396Z"}
{"context":"RouterExplorer","level":"info","message":"Mapped {/user/login, POST} route","timestamp":"2025-10-25T07:28:42.396Z"}
{"context":"RouterExplorer","level":"info","message":"Mapped {/user/profile, GET} route","timestamp":"2025-10-25T07:28:42.398Z"}
{"context":"RouterExplorer","level":"info","message":"Mapped {/user, GET} route","timestamp":"2025-10-25T07:28:42.398Z"}
{"context":"RouterExplorer","level":"info","message":"Mapped {/user/:id, GET} route","timestamp":"2025-10-25T07:28:42.399Z"}
{"context":"RouterExplorer","level":"info","message":"Mapped {/user/:id, PUT} route","timestamp":"2025-10-25T07:28:42.400Z"}
{"context":"RouterExplorer","level":"info","message":"Mapped {/user/:id, DELETE} route","timestamp":"2025-10-25T07:28:42.400Z"}
{"context":"RoutesResolver","level":"info","message":"StokController {/stok}:","timestamp":"2025-10-25T07:28:42.400Z"}
{"context":"RouterExplorer","level":"info","message":"Mapped {/stok, POST} route","timestamp":"2025-10-25T07:28:42.401Z"}
{"context":"RouterExplorer","level":"info","message":"Mapped {/stok, GET} route","timestamp":"2025-10-25T07:28:42.403Z"}
{"context":"NestApplication","level":"info","message":"Nest application successfully started","timestamp":"2025-10-25T07:28:42.408Z"}
{"level":"info","message":"Application is running on: http://[::1]:3001","timestamp":"2025-10-25T07:28:42.413Z"}
{"context":"NestFactory","level":"info","message":"Starting Nest application...","timestamp":"2025-10-25T07:28:51.984Z"}
{"context":"InstanceLoader","level":"info","message":"AppModule dependencies initialized","timestamp":"2025-10-25T07:28:52.006Z"}
{"context":"InstanceLoader","level":"info","message":"MongooseModule dependencies initialized","timestamp":"2025-10-25T07:28:52.007Z"}
{"context":"InstanceLoader","level":"info","message":"PassportModule dependencies initialized","timestamp":"2025-10-25T07:28:52.008Z"}
{"context":"InstanceLoader","level":"info","message":"ConfigHostModule dependencies initialized","timestamp":"2025-10-25T07:28:52.009Z"}
{"context":"InstanceLoader","level":"info","message":"HttpModule dependencies initialized","timestamp":"2025-10-25T07:28:52.009Z"}
{"context":"InstanceLoader","level":"info","message":"ConfigModule dependencies initialized","timestamp":"2025-10-25T07:28:52.011Z"}
{"context":"InstanceLoader","level":"info","message":"ConfigModule dependencies initialized","timestamp":"2025-10-25T07:28:52.012Z"}
{"context":"InstanceLoader","level":"info","message":"ServeStaticModule dependencies initialized","timestamp":"2025-10-25T07:28:52.013Z"}
{"context":"InstanceLoader","level":"info","message":"JwtModule dependencies initialized","timestamp":"2025-10-25T07:28:52.042Z"}
{"context":"InstanceLoader","level":"info","message":"MongooseCoreModule dependencies initialized","timestamp":"2025-10-25T07:28:52.070Z"}
{"context":"InstanceLoader","level":"info","message":"MongooseModule dependencies initialized","timestamp":"2025-10-25T07:28:52.071Z"}
{"context":"InstanceLoader","level":"info","message":"MongooseModule dependencies initialized","timestamp":"2025-10-25T07:28:52.071Z"}
{"context":"InstanceLoader","level":"info","message":"MongooseModule dependencies initialized","timestamp":"2025-10-25T07:28:52.072Z"}
{"context":"InstanceLoader","level":"info","message":"MongooseModule dependencies initialized","timestamp":"2025-10-25T07:28:52.072Z"}
{"context":"InstanceLoader","level":"info","message":"StokModule dependencies initialized","timestamp":"2025-10-25T07:28:52.074Z"}
{"context":"InstanceLoader","level":"info","message":"OrderModule dependencies initialized","timestamp":"2025-10-25T07:28:52.075Z"}
{"context":"InstanceLoader","level":"info","message":"MenuModule dependencies initialized","timestamp":"2025-10-25T07:28:52.075Z"}
{"context":"InstanceLoader","level":"info","message":"UserModule dependencies initialized","timestamp":"2025-10-25T07:28:52.076Z"}
{"context":"RoutesResolver","level":"info","message":"MenuController {/menu}:","timestamp":"2025-10-25T07:28:52.082Z"}
{"context":"RouterExplorer","level":"info","message":"Mapped {/menu, POST} route","timestamp":"2025-10-25T07:28:52.088Z"}
{"context":"RouterExplorer","level":"info","message":"Mapped {/menu, GET} route","timestamp":"2025-10-25T07:28:52.090Z"}
{"context":"RouterExplorer","level":"info","message":"Mapped {/menu/:id, PUT} route","timestamp":"2025-10-25T07:28:52.093Z"}
{"context":"RouterExplorer","level":"info","message":"Mapped {/menu/:id, DELETE} route","timestamp":"2025-10-25T07:28:52.095Z"}
{"context":"RoutesResolver","level":"info","message":"OrderController {/order}:","timestamp":"2025-10-25T07:28:52.095Z"}
{"context":"RouterExplorer","level":"info","message":"Mapped {/order, POST} route","timestamp":"2025-10-25T07:28:52.096Z"}
{"context":"RouterExplorer","level":"info","message":"Mapped {/order/:year/:month, GET} route","timestamp":"2025-10-25T07:28:52.097Z"}
{"context":"RoutesResolver","level":"info","message":"UserController {/user}:","timestamp":"2025-10-25T07:28:52.097Z"}
{"context":"RouterExplorer","level":"info","message":"Mapped {/user/register, POST} route","timestamp":"2025-10-25T07:28:52.098Z"}
{"context":"RouterExplorer","level":"info","message":"Mapped {/user/login, POST} route","timestamp":"2025-10-25T07:28:52.099Z"}
{"context":"RouterExplorer","level":"info","message":"Mapped {/user/profile, GET} route","timestamp":"2025-10-25T07:28:52.100Z"}
{"context":"RouterExplorer","level":"info","message":"Mapped {/user, GET} route","timestamp":"2025-10-25T07:28:52.101Z"}
{"context":"RouterExplorer","level":"info","message":"Mapped {/user/:id, GET} route","timestamp":"2025-10-25T07:28:52.102Z"}
{"context":"RouterExplorer","level":"info","message":"Mapped {/user/:id, PUT} route","timestamp":"2025-10-25T07:28:52.103Z"}
{"context":"RouterExplorer","level":"info","message":"Mapped {/user/:id, DELETE} route","timestamp":"2025-10-25T07:28:52.104Z"}
{"context":"RoutesResolver","level":"info","message":"StokController {/stok}:","timestamp":"2025-10-25T07:28:52.104Z"}
{"context":"RouterExplorer","level":"info","message":"Mapped {/stok, POST} route","timestamp":"2025-10-25T07:28:52.105Z"}
{"context":"RouterExplorer","level":"info","message":"Mapped {/stok, GET} route","timestamp":"2025-10-25T07:28:52.105Z"}
{"context":"RouterExplorer","level":"info","message":"Mapped {/stok/:id, PATCH} route","timestamp":"2025-10-25T07:28:52.106Z"}
{"context":"RouterExplorer","level":"info","message":"Mapped {/stok/:id, DELETE} route","timestamp":"2025-10-25T07:28:52.106Z"}
{"context":"NestApplication","level":"info","message":"Nest application successfully started","timestamp":"2025-10-25T07:28:52.112Z"}
{"level":"info","message":"Application is running on: http://[::1]:3001","timestamp":"2025-10-25T07:28:52.119Z"}
{"context":"NestFactory","level":"info","message":"Starting Nest application...","timestamp":"2025-10-25T07:41:16.214Z"}
{"context":"InstanceLoader","level":"info","message":"AppModule dependencies initialized","timestamp":"2025-10-25T07:41:16.226Z"}
{"context":"InstanceLoader","level":"info","message":"MongooseModule dependencies initialized","timestamp":"2025-10-25T07:41:16.227Z"}
{"context":"InstanceLoader","level":"info","message":"PassportModule dependencies initialized","timestamp":"2025-10-25T07:41:16.227Z"}
{"context":"InstanceLoader","level":"info","message":"ConfigHostModule dependencies initialized","timestamp":"2025-10-25T07:41:16.228Z"}
{"context":"InstanceLoader","level":"info","message":"HttpModule dependencies initialized","timestamp":"2025-10-25T07:41:16.229Z"}
{"context":"InstanceLoader","level":"info","message":"ConfigModule dependencies initialized","timestamp":"2025-10-25T07:41:16.230Z"}
{"context":"InstanceLoader","level":"info","message":"ConfigModule dependencies initialized","timestamp":"2025-10-25T07:41:16.230Z"}
{"context":"InstanceLoader","level":"info","message":"ServeStaticModule dependencies initialized","timestamp":"2025-10-25T07:41:16.231Z"}
{"context":"InstanceLoader","level":"info","message":"JwtModule dependencies initialized","timestamp":"2025-10-25T07:41:16.254Z"}
{"context":"InstanceLoader","level":"info","message":"MongooseCoreModule dependencies initialized","timestamp":"2025-10-25T07:41:16.275Z"}
{"context":"InstanceLoader","level":"info","message":"MongooseModule dependencies initialized","timestamp":"2025-10-25T07:41:16.276Z"}
{"context":"InstanceLoader","level":"info","message":"MongooseModule dependencies initialized","timestamp":"2025-10-25T07:41:16.276Z"}
{"context":"InstanceLoader","level":"info","message":"MongooseModule dependencies initialized","timestamp":"2025-10-25T07:41:16.277Z"}
{"context":"InstanceLoader","level":"info","message":"MongooseModule dependencies initialized","timestamp":"2025-10-25T07:41:16.277Z"}
{"context":"InstanceLoader","level":"info","message":"StokModule dependencies initialized","timestamp":"2025-10-25T07:41:16.280Z"}
{"context":"InstanceLoader","level":"info","message":"OrderModule dependencies initialized","timestamp":"2025-10-25T07:41:16.281Z"}
{"context":"InstanceLoader","level":"info","message":"MenuModule dependencies initialized","timestamp":"2025-10-25T07:41:16.283Z"}
{"context":"InstanceLoader","level":"info","message":"UserModule dependencies initialized","timestamp":"2025-10-25T07:41:16.283Z"}
{"context":"RoutesResolver","level":"info","message":"MenuController {/menu}:","timestamp":"2025-10-25T07:41:16.287Z"}
{"context":"RouterExplorer","level":"info","message":"Mapped {/menu, POST} route","timestamp":"2025-10-25T07:41:16.290Z"}
{"context":"RouterExplorer","level":"info","message":"Mapped {/menu, GET} route","timestamp":"2025-10-25T07:41:16.291Z"}
{"context":"RouterExplorer","level":"info","message":"Mapped {/menu/:id, PUT} route","timestamp":"2025-10-25T07:41:16.293Z"}
{"context":"RouterExplorer","level":"info","message":"Mapped {/menu/:id, DELETE} route","timestamp":"2025-10-25T07:41:16.293Z"}
{"context":"RoutesResolver","level":"info","message":"OrderController {/order}:","timestamp":"2025-10-25T07:41:16.294Z"}
{"context":"RouterExplorer","level":"info","message":"Mapped {/order, POST} route","timestamp":"2025-10-25T07:41:16.294Z"}
{"context":"RouterExplorer","level":"info","message":"Mapped {/order/:year/:month, GET} route","timestamp":"2025-10-25T07:41:16.295Z"}
{"context":"RoutesResolver","level":"info","message":"UserController {/user}:","timestamp":"2025-10-25T07:41:16.295Z"}
{"context":"RouterExplorer","level":"info","message":"Mapped {/user/register, POST} route","timestamp":"2025-10-25T07:41:16.296Z"}
{"context":"RouterExplorer","level":"info","message":"Mapped {/user/login, POST} route","timestamp":"2025-10-25T07:41:16.296Z"}
{"context":"RouterExplorer","level":"info","message":"Mapped {/user/profile, GET} route","timestamp":"2025-10-25T07:41:16.297Z"}
{"context":"RouterExplorer","level":"info","message":"Mapped {/user, GET} route","timestamp":"2025-10-25T07:41:16.298Z"}
{"context":"RouterExplorer","level":"info","message":"Mapped {/user/:id, GET} route","timestamp":"2025-10-25T07:41:16.298Z"}
{"context":"RouterExplorer","level":"info","message":"Mapped {/user/:id, PUT} route","timestamp":"2025-10-25T07:41:16.299Z"}
{"context":"RouterExplorer","level":"info","message":"Mapped {/user/:id, DELETE} route","timestamp":"2025-10-25T07:41:16.299Z"}
{"context":"RoutesResolver","level":"info","message":"StokController {/stok}:","timestamp":"2025-10-25T07:41:16.299Z"}
{"context":"RouterExplorer","level":"info","message":"Mapped {/stok, POST} route","timestamp":"2025-10-25T07:41:16.300Z"}
{"context":"RouterExplorer","level":"info","message":"Mapped {/stok, GET} route","timestamp":"2025-10-25T07:41:16.301Z"}
{"context":"RouterExplorer","level":"info","message":"Mapped {/stok/:id, PATCH} route","timestamp":"2025-10-25T07:41:16.301Z"}
{"context":"RouterExplorer","level":"info","message":"Mapped {/stok/:id, DELETE} route","timestamp":"2025-10-25T07:41:16.302Z"}
{"context":"NestApplication","level":"info","message":"Nest application successfully started","timestamp":"2025-10-25T07:41:16.306Z"}
{"level":"info","message":"Application is running on: http://[::1]:3001","timestamp":"2025-10-25T07:41:16.310Z"}
{"context":"NestFactory","level":"info","message":"Starting Nest application...","timestamp":"2025-10-25T07:41:18.736Z"}
{"context":"InstanceLoader","level":"info","message":"AppModule dependencies initialized","timestamp":"2025-10-25T07:41:18.748Z"}
{"context":"InstanceLoader","level":"info","message":"MongooseModule dependencies initialized","timestamp":"2025-10-25T07:41:18.748Z"}
{"context":"InstanceLoader","level":"info","message":"PassportModule dependencies initialized","timestamp":"2025-10-25T07:41:18.749Z"}
{"context":"InstanceLoader","level":"info","message":"ConfigHostModule dependencies initialized","timestamp":"2025-10-25T07:41:18.750Z"}
{"context":"InstanceLoader","level":"info","message":"HttpModule dependencies initialized","timestamp":"2025-10-25T07:41:18.751Z"}
{"context":"InstanceLoader","level":"info","message":"ConfigModule dependencies initialized","timestamp":"2025-10-25T07:41:18.752Z"}
{"context":"InstanceLoader","level":"info","message":"ConfigModule dependencies initialized","timestamp":"2025-10-25T07:41:18.752Z"}
{"context":"InstanceLoader","level":"info","message":"ServeStaticModule dependencies initialized","timestamp":"2025-10-25T07:41:18.753Z"}
{"context":"InstanceLoader","level":"info","message":"JwtModule dependencies initialized","timestamp":"2025-10-25T07:41:18.775Z"}
{"context":"InstanceLoader","level":"info","message":"MongooseCoreModule dependencies initialized","timestamp":"2025-10-25T07:41:18.805Z"}
{"context":"InstanceLoader","level":"info","message":"MongooseModule dependencies initialized","timestamp":"2025-10-25T07:41:18.806Z"}
{"context":"InstanceLoader","level":"info","message":"MongooseModule dependencies initialized","timestamp":"2025-10-25T07:41:18.806Z"}
{"context":"InstanceLoader","level":"info","message":"MongooseModule dependencies initialized","timestamp":"2025-10-25T07:41:18.807Z"}
{"context":"InstanceLoader","level":"info","message":"MongooseModule dependencies initialized","timestamp":"2025-10-25T07:41:18.807Z"}
{"context":"InstanceLoader","level":"info","message":"StokModule dependencies initialized","timestamp":"2025-10-25T07:41:18.808Z"}
{"context":"InstanceLoader","level":"info","message":"OrderModule dependencies initialized","timestamp":"2025-10-25T07:41:18.809Z"}
{"context":"InstanceLoader","level":"info","message":"MenuModule dependencies initialized","timestamp":"2025-10-25T07:41:18.809Z"}
{"context":"InstanceLoader","level":"info","message":"UserModule dependencies initialized","timestamp":"2025-10-25T07:41:18.810Z"}
{"context":"RoutesResolver","level":"info","message":"MenuController {/menu}:","timestamp":"2025-10-25T07:41:18.817Z"}
{"context":"RouterExplorer","level":"info","message":"Mapped {/menu, POST} route","timestamp":"2025-10-25T07:41:18.821Z"}
{"context":"RouterExplorer","level":"info","message":"Mapped {/menu, GET} route","timestamp":"2025-10-25T07:41:18.822Z"}
{"context":"RouterExplorer","level":"info","message":"Mapped {/menu/:id, PUT} route","timestamp":"2025-10-25T07:41:18.824Z"}
{"context":"RouterExplorer","level":"info","message":"Mapped {/menu/:id, DELETE} route","timestamp":"2025-10-25T07:41:18.825Z"}
{"context":"RoutesResolver","level":"info","message":"OrderController {/order}:","timestamp":"2025-10-25T07:41:18.825Z"}
{"context":"RouterExplorer","level":"info","message":"Mapped {/order, POST} route","timestamp":"2025-10-25T07:41:18.826Z"}
{"context":"RouterExplorer","level":"info","message":"Mapped {/order/:year/:month, GET} route","timestamp":"2025-10-25T07:41:18.827Z"}
{"context":"RoutesResolver","level":"info","message":"UserController {/user}:","timestamp":"2025-10-25T07:41:18.828Z"}
{"context":"RouterExplorer","level":"info","message":"Mapped {/user/register, POST} route","timestamp":"2025-10-25T07:41:18.829Z"}
{"context":"RouterExplorer","level":"info","message":"Mapped {/user/login, POST} route","timestamp":"2025-10-25T07:41:18.829Z"}
{"context":"RouterExplorer","level":"info","message":"Mapped {/user/profile, GET} route","timestamp":"2025-10-25T07:41:18.831Z"}
{"context":"RouterExplorer","level":"info","message":"Mapped {/user, GET} route","timestamp":"2025-10-25T07:41:18.832Z"}
{"context":"RouterExplorer","level":"info","message":"Mapped {/user/:id, GET} route","timestamp":"2025-10-25T07:41:18.833Z"}
{"context":"RouterExplorer","level":"info","message":"Mapped {/user/:id, PUT} route","timestamp":"2025-10-25T07:41:18.834Z"}
{"context":"RouterExplorer","level":"info","message":"Mapped {/user/:id, DELETE} route","timestamp":"2025-10-25T07:41:18.835Z"}
{"context":"RoutesResolver","level":"info","message":"StokController {/stok}:","timestamp":"2025-10-25T07:41:18.835Z"}
{"context":"RouterExplorer","level":"info","message":"Mapped {/stok, POST} route","timestamp":"2025-10-25T07:41:18.836Z"}
{"context":"RouterExplorer","level":"info","message":"Mapped {/stok, GET} route","timestamp":"2025-10-25T07:41:18.837Z"}
{"context":"RouterExplorer","level":"info","message":"Mapped {/stok/:id, PATCH} route","timestamp":"2025-10-25T07:41:18.838Z"}
{"context":"RouterExplorer","level":"info","message":"Mapped {/stok/:id, DELETE} route","timestamp":"2025-10-25T07:41:18.839Z"}
{"context":"NestApplication","level":"info","message":"Nest application successfully started","timestamp":"2025-10-25T07:41:18.844Z"}
{"level":"info","message":"Application is running on: http://[::1]:3001","timestamp":"2025-10-25T07:41:18.856Z"}
