{"context":"NestFactory","level":"info","message":"Starting Nest application...","timestamp":"2025-10-31T15:14:34.560Z"}
{"context":"InstanceLoader","level":"info","message":"AppModule dependencies initialized","timestamp":"2025-10-31T15:14:34.577Z"}
{"context":"InstanceLoader","level":"info","message":"MongooseModule dependencies initialized","timestamp":"2025-10-31T15:14:34.578Z"}
{"context":"InstanceLoader","level":"info","message":"PassportModule dependencies initialized","timestamp":"2025-10-31T15:14:34.579Z"}
{"context":"InstanceLoader","level":"info","message":"ConfigHostModule dependencies initialized","timestamp":"2025-10-31T15:14:34.580Z"}
{"context":"InstanceLoader","level":"info","message":"HttpModule dependencies initialized","timestamp":"2025-10-31T15:14:34.581Z"}
{"context":"InstanceLoader","level":"info","message":"ConfigModule dependencies initialized","timestamp":"2025-10-31T15:14:34.583Z"}
{"context":"InstanceLoader","level":"info","message":"ConfigModule dependencies initialized","timestamp":"2025-10-31T15:14:34.584Z"}
{"context":"InstanceLoader","level":"info","message":"ServeStaticModule dependencies initialized","timestamp":"2025-10-31T15:14:34.586Z"}
{"context":"InstanceLoader","level":"info","message":"JwtModule dependencies initialized","timestamp":"2025-10-31T15:14:34.612Z"}
{"context":"InstanceLoader","level":"info","message":"MongooseCoreModule dependencies initialized","timestamp":"2025-10-31T15:14:34.635Z"}
{"context":"InstanceLoader","level":"info","message":"MongooseModule dependencies initialized","timestamp":"2025-10-31T15:14:34.636Z"}
{"context":"InstanceLoader","level":"info","message":"MongooseModule dependencies initialized","timestamp":"2025-10-31T15:14:34.636Z"}
{"context":"InstanceLoader","level":"info","message":"MongooseModule dependencies initialized","timestamp":"2025-10-31T15:14:34.637Z"}
{"context":"InstanceLoader","level":"info","message":"MongooseModule dependencies initialized","timestamp":"2025-10-31T15:14:34.637Z"}
{"context":"InstanceLoader","level":"info","message":"MongooseModule dependencies initialized","timestamp":"2025-10-31T15:14:34.638Z"}
{"context":"InstanceLoader","level":"info","message":"StokModule dependencies initialized","timestamp":"2025-10-31T15:14:34.641Z"}
{"context":"InstanceLoader","level":"info","message":"OrderModule dependencies initialized","timestamp":"2025-10-31T15:14:34.643Z"}
{"context":"InstanceLoader","level":"info","message":"MenuModule dependencies initialized","timestamp":"2025-10-31T15:14:34.644Z"}
{"context":"InstanceLoader","level":"info","message":"OpsiMenuModule dependencies initialized","timestamp":"2025-10-31T15:14:34.644Z"}
{"context":"InstanceLoader","level":"info","message":"UserModule dependencies initialized","timestamp":"2025-10-31T15:14:34.645Z"}
{"context":"RoutesResolver","level":"info","message":"MenuController {/menu}:","timestamp":"2025-10-31T15:14:34.649Z"}
{"context":"RouterExplorer","level":"info","message":"Mapped {/menu, POST} route","timestamp":"2025-10-31T15:14:34.654Z"}
{"context":"RouterExplorer","level":"info","message":"Mapped {/menu, GET} route","timestamp":"2025-10-31T15:14:34.655Z"}
{"context":"RouterExplorer","level":"info","message":"Mapped {/menu/:id, PUT} route","timestamp":"2025-10-31T15:14:34.657Z"}
{"context":"RouterExplorer","level":"info","message":"Mapped {/menu/:id, DELETE} route","timestamp":"2025-10-31T15:14:34.658Z"}
{"context":"RoutesResolver","level":"info","message":"OrderController {/order}:","timestamp":"2025-10-31T15:14:34.659Z"}
{"context":"RouterExplorer","level":"info","message":"Mapped {/order, POST} route","timestamp":"2025-10-31T15:14:34.660Z"}
{"context":"RouterExplorer","level":"info","message":"Mapped {/order/:year/:month, GET} route","timestamp":"2025-10-31T15:14:34.661Z"}
{"context":"RoutesResolver","level":"info","message":"UserController {/user}:","timestamp":"2025-10-31T15:14:34.662Z"}
{"context":"RouterExplorer","level":"info","message":"Mapped {/user/register, POST} route","timestamp":"2025-10-31T15:14:34.663Z"}
{"context":"RouterExplorer","level":"info","message":"Mapped {/user/profile, GET} route","timestamp":"2025-10-31T15:14:34.664Z"}
{"context":"RouterExplorer","level":"info","message":"Mapped {/user, GET} route","timestamp":"2025-10-31T15:14:34.666Z"}
{"context":"RouterExplorer","level":"info","message":"Mapped {/user/:id, GET} route","timestamp":"2025-10-31T15:14:34.667Z"}
{"context":"RouterExplorer","level":"info","message":"Mapped {/user/:id, PUT} route","timestamp":"2025-10-31T15:14:34.668Z"}
{"context":"RouterExplorer","level":"info","message":"Mapped {/user/:id, DELETE} route","timestamp":"2025-10-31T15:14:34.669Z"}
{"context":"RoutesResolver","level":"info","message":"StokController {/stok}:","timestamp":"2025-10-31T15:14:34.669Z"}
{"context":"RouterExplorer","level":"info","message":"Mapped {/stok, POST} route","timestamp":"2025-10-31T15:14:34.670Z"}
{"context":"RouterExplorer","level":"info","message":"Mapped {/stok, GET} route","timestamp":"2025-10-31T15:14:34.671Z"}
{"context":"RouterExplorer","level":"info","message":"Mapped {/stok/:id, PUT} route","timestamp":"2025-10-31T15:14:34.672Z"}
{"context":"RouterExplorer","level":"info","message":"Mapped {/stok/:id, DELETE} route","timestamp":"2025-10-31T15:14:34.674Z"}
{"context":"RoutesResolver","level":"info","message":"OpsiMenuController {/opsi-menu}:","timestamp":"2025-10-31T15:14:34.675Z"}
{"context":"RouterExplorer","level":"info","message":"Mapped {/opsi-menu, POST} route","timestamp":"2025-10-31T15:14:34.676Z"}
{"context":"RouterExplorer","level":"info","message":"Mapped {/opsi-menu, GET} route","timestamp":"2025-10-31T15:14:34.677Z"}
{"context":"RouterExplorer","level":"info","message":"Mapped {/opsi-menu/:id, GET} route","timestamp":"2025-10-31T15:14:34.678Z"}
{"context":"RouterExplorer","level":"info","message":"Mapped {/opsi-menu/:id, PUT} route","timestamp":"2025-10-31T15:14:34.678Z"}
{"context":"RouterExplorer","level":"info","message":"Mapped {/opsi-menu/:id, DELETE} route","timestamp":"2025-10-31T15:14:34.679Z"}
{"context":"NestApplication","level":"info","message":"Nest application successfully started","timestamp":"2025-10-31T15:14:34.683Z"}
{"level":"info","message":"Application is running on: http://[::1]:3001","timestamp":"2025-10-31T15:14:34.693Z"}
