{"context":"NestFactory","level":"info","message":"Starting Nest application...","timestamp":"2025-10-10T02:56:24.137Z"}
{"context":"InstanceLoader","level":"info","message":"AppModule dependencies initialized","timestamp":"2025-10-10T02:56:24.148Z"}
{"context":"InstanceLoader","level":"info","message":"MongooseModule dependencies initialized","timestamp":"2025-10-10T02:56:24.149Z"}
{"context":"InstanceLoader","level":"info","message":"PassportModule dependencies initialized","timestamp":"2025-10-10T02:56:24.149Z"}
{"context":"InstanceLoader","level":"info","message":"HttpModule dependencies initialized","timestamp":"2025-10-10T02:56:24.150Z"}
{"context":"InstanceLoader","level":"info","message":"ConfigHostModule dependencies initialized","timestamp":"2025-10-10T02:56:24.150Z"}
{"context":"InstanceLoader","level":"info","message":"ServeStaticModule dependencies initialized","timestamp":"2025-10-10T02:56:24.151Z"}
{"context":"InstanceLoader","level":"info","message":"ConfigModule dependencies initialized","timestamp":"2025-10-10T02:56:24.151Z"}
{"context":"InstanceLoader","level":"info","message":"ConfigModule dependencies initialized","timestamp":"2025-10-10T02:56:24.151Z"}
{"context":"InstanceLoader","level":"info","message":"JwtModule dependencies initialized","timestamp":"2025-10-10T02:56:24.169Z"}
{"context":"InstanceLoader","level":"info","message":"MongooseCoreModule dependencies initialized","timestamp":"2025-10-10T02:56:24.185Z"}
{"context":"InstanceLoader","level":"info","message":"MongooseModule dependencies initialized","timestamp":"2025-10-10T02:56:24.190Z"}
{"context":"InstanceLoader","level":"info","message":"MongooseModule dependencies initialized","timestamp":"2025-10-10T02:56:24.191Z"}
{"context":"InstanceLoader","level":"info","message":"MongooseModule dependencies initialized","timestamp":"2025-10-10T02:56:24.191Z"}
{"context":"InstanceLoader","level":"info","message":"MenuModule dependencies initialized","timestamp":"2025-10-10T02:56:24.192Z"}
{"context":"InstanceLoader","level":"info","message":"OrderModule dependencies initialized","timestamp":"2025-10-10T02:56:24.192Z"}
{"context":"InstanceLoader","level":"info","message":"UserModule dependencies initialized","timestamp":"2025-10-10T02:56:24.193Z"}
{"context":"RoutesResolver","level":"info","message":"MenuController {/menu}:","timestamp":"2025-10-10T02:56:24.196Z"}
{"context":"RouterExplorer","level":"info","message":"Mapped {/menu, GET} route","timestamp":"2025-10-10T02:56:24.198Z"}
{"context":"RoutesResolver","level":"info","message":"OrderController {/order}:","timestamp":"2025-10-10T02:56:24.198Z"}
{"context":"RouterExplorer","level":"info","message":"Mapped {/order, POST} route","timestamp":"2025-10-10T02:56:24.199Z"}
{"context":"RouterExplorer","level":"info","message":"Mapped {/order/:year/:month, GET} route","timestamp":"2025-10-10T02:56:24.200Z"}
{"context":"RoutesResolver","level":"info","message":"UserController {/user}:","timestamp":"2025-10-10T02:56:24.201Z"}
{"context":"RouterExplorer","level":"info","message":"Mapped {/user/register, POST} route","timestamp":"2025-10-10T02:56:24.201Z"}
{"context":"RouterExplorer","level":"info","message":"Mapped {/user/login, POST} route","timestamp":"2025-10-10T02:56:24.202Z"}
{"context":"RouterExplorer","level":"info","message":"Mapped {/user/profile, GET} route","timestamp":"2025-10-10T02:56:24.202Z"}
{"context":"NestApplication","level":"info","message":"Nest application successfully started","timestamp":"2025-10-10T02:56:24.303Z"}
{"level":"info","message":"Application is running on: http://[::1]:3001","timestamp":"2025-10-10T02:56:24.309Z"}
{"context":"NestFactory","level":"info","message":"Starting Nest application...","timestamp":"2025-10-10T06:40:41.619Z"}
{"context":"InstanceLoader","level":"info","message":"AppModule dependencies initialized","timestamp":"2025-10-10T06:40:41.681Z"}
{"context":"InstanceLoader","level":"info","message":"MongooseModule dependencies initialized","timestamp":"2025-10-10T06:40:41.683Z"}
{"context":"InstanceLoader","level":"info","message":"PassportModule dependencies initialized","timestamp":"2025-10-10T06:40:41.684Z"}
{"context":"InstanceLoader","level":"info","message":"HttpModule dependencies initialized","timestamp":"2025-10-10T06:40:41.686Z"}
{"context":"InstanceLoader","level":"info","message":"ConfigHostModule dependencies initialized","timestamp":"2025-10-10T06:40:41.687Z"}
{"context":"InstanceLoader","level":"info","message":"ServeStaticModule dependencies initialized","timestamp":"2025-10-10T06:40:41.688Z"}
{"context":"InstanceLoader","level":"info","message":"ConfigModule dependencies initialized","timestamp":"2025-10-10T06:40:41.688Z"}
{"context":"InstanceLoader","level":"info","message":"ConfigModule dependencies initialized","timestamp":"2025-10-10T06:40:41.691Z"}
{"context":"InstanceLoader","level":"info","message":"JwtModule dependencies initialized","timestamp":"2025-10-10T06:40:41.739Z"}
{"context":"InstanceLoader","level":"info","message":"MongooseCoreModule dependencies initialized","timestamp":"2025-10-10T06:40:41.762Z"}
{"context":"NestFactory","level":"info","message":"Starting Nest application...","timestamp":"2025-10-10T06:40:43.810Z"}
{"context":"InstanceLoader","level":"info","message":"AppModule dependencies initialized","timestamp":"2025-10-10T06:40:43.838Z"}
{"context":"InstanceLoader","level":"info","message":"MongooseModule dependencies initialized","timestamp":"2025-10-10T06:40:43.839Z"}
{"context":"InstanceLoader","level":"info","message":"PassportModule dependencies initialized","timestamp":"2025-10-10T06:40:43.840Z"}
{"context":"InstanceLoader","level":"info","message":"HttpModule dependencies initialized","timestamp":"2025-10-10T06:40:43.841Z"}
{"context":"InstanceLoader","level":"info","message":"ConfigHostModule dependencies initialized","timestamp":"2025-10-10T06:40:43.842Z"}
{"context":"InstanceLoader","level":"info","message":"ServeStaticModule dependencies initialized","timestamp":"2025-10-10T06:40:43.843Z"}
{"context":"InstanceLoader","level":"info","message":"ConfigModule dependencies initialized","timestamp":"2025-10-10T06:40:43.843Z"}
{"context":"InstanceLoader","level":"info","message":"ConfigModule dependencies initialized","timestamp":"2025-10-10T06:40:43.845Z"}
{"context":"InstanceLoader","level":"info","message":"JwtModule dependencies initialized","timestamp":"2025-10-10T06:40:43.879Z"}
{"context":"InstanceLoader","level":"info","message":"MongooseCoreModule dependencies initialized","timestamp":"2025-10-10T06:40:43.896Z"}
{"context":"InstanceLoader","level":"info","message":"MongooseModule dependencies initialized","timestamp":"2025-10-10T06:40:43.902Z"}
{"context":"InstanceLoader","level":"info","message":"MongooseModule dependencies initialized","timestamp":"2025-10-10T06:40:43.903Z"}
{"context":"InstanceLoader","level":"info","message":"MongooseModule dependencies initialized","timestamp":"2025-10-10T06:40:43.904Z"}
{"context":"InstanceLoader","level":"info","message":"MenuModule dependencies initialized","timestamp":"2025-10-10T06:40:43.906Z"}
{"context":"InstanceLoader","level":"info","message":"OrderModule dependencies initialized","timestamp":"2025-10-10T06:40:43.906Z"}
{"context":"InstanceLoader","level":"info","message":"UserModule dependencies initialized","timestamp":"2025-10-10T06:40:43.907Z"}
{"context":"RoutesResolver","level":"info","message":"MenuController {/menu}:","timestamp":"2025-10-10T06:40:43.912Z"}
{"context":"RouterExplorer","level":"info","message":"Mapped {/menu, GET} route","timestamp":"2025-10-10T06:40:43.918Z"}
{"context":"RoutesResolver","level":"info","message":"OrderController {/order}:","timestamp":"2025-10-10T06:40:43.918Z"}
{"context":"RouterExplorer","level":"info","message":"Mapped {/order, POST} route","timestamp":"2025-10-10T06:40:43.919Z"}
{"context":"RouterExplorer","level":"info","message":"Mapped {/order/:year/:month, GET} route","timestamp":"2025-10-10T06:40:43.921Z"}
{"context":"RoutesResolver","level":"info","message":"UserController {/user}:","timestamp":"2025-10-10T06:40:43.922Z"}
{"context":"RouterExplorer","level":"info","message":"Mapped {/user/register, POST} route","timestamp":"2025-10-10T06:40:43.923Z"}
{"context":"RouterExplorer","level":"info","message":"Mapped {/user/login, POST} route","timestamp":"2025-10-10T06:40:43.924Z"}
{"context":"RouterExplorer","level":"info","message":"Mapped {/user/profile, GET} route","timestamp":"2025-10-10T06:40:43.925Z"}
{"context":"NestApplication","level":"info","message":"Nest application successfully started","timestamp":"2025-10-10T06:40:44.036Z"}
{"level":"info","message":"Application is running on: http://[::1]:3001","timestamp":"2025-10-10T06:40:44.048Z"}
{"context":"NestFactory","level":"info","message":"Starting Nest application...","timestamp":"2025-10-10T07:52:55.717Z"}
{"context":"InstanceLoader","level":"info","message":"AppModule dependencies initialized","timestamp":"2025-10-10T07:52:55.749Z"}
{"context":"InstanceLoader","level":"info","message":"MongooseModule dependencies initialized","timestamp":"2025-10-10T07:52:55.751Z"}
{"context":"InstanceLoader","level":"info","message":"PassportModule dependencies initialized","timestamp":"2025-10-10T07:52:55.753Z"}
{"context":"InstanceLoader","level":"info","message":"HttpModule dependencies initialized","timestamp":"2025-10-10T07:52:55.755Z"}
{"context":"InstanceLoader","level":"info","message":"ConfigHostModule dependencies initialized","timestamp":"2025-10-10T07:52:55.756Z"}
{"context":"InstanceLoader","level":"info","message":"ServeStaticModule dependencies initialized","timestamp":"2025-10-10T07:52:55.758Z"}
{"context":"InstanceLoader","level":"info","message":"ConfigModule dependencies initialized","timestamp":"2025-10-10T07:52:55.759Z"}
{"context":"InstanceLoader","level":"info","message":"ConfigModule dependencies initialized","timestamp":"2025-10-10T07:52:55.760Z"}
{"context":"InstanceLoader","level":"info","message":"JwtModule dependencies initialized","timestamp":"2025-10-10T07:52:55.794Z"}
{"context":"InstanceLoader","level":"info","message":"MongooseCoreModule dependencies initialized","timestamp":"2025-10-10T07:52:55.826Z"}
{"context":"InstanceLoader","level":"info","message":"MongooseModule dependencies initialized","timestamp":"2025-10-10T07:52:55.837Z"}
{"context":"InstanceLoader","level":"info","message":"MongooseModule dependencies initialized","timestamp":"2025-10-10T07:52:55.838Z"}
{"context":"InstanceLoader","level":"info","message":"MongooseModule dependencies initialized","timestamp":"2025-10-10T07:52:55.838Z"}
{"context":"InstanceLoader","level":"info","message":"MenuModule dependencies initialized","timestamp":"2025-10-10T07:52:55.840Z"}
{"context":"InstanceLoader","level":"info","message":"OrderModule dependencies initialized","timestamp":"2025-10-10T07:52:55.841Z"}
{"context":"InstanceLoader","level":"info","message":"UserModule dependencies initialized","timestamp":"2025-10-10T07:52:55.841Z"}
{"context":"RoutesResolver","level":"info","message":"MenuController {/menu}:","timestamp":"2025-10-10T07:52:55.850Z"}
{"context":"RouterExplorer","level":"info","message":"Mapped {/menu, GET} route","timestamp":"2025-10-10T07:52:55.854Z"}
{"context":"RoutesResolver","level":"info","message":"OrderController {/order}:","timestamp":"2025-10-10T07:52:55.854Z"}
{"context":"RouterExplorer","level":"info","message":"Mapped {/order, POST} route","timestamp":"2025-10-10T07:52:55.856Z"}
{"context":"RouterExplorer","level":"info","message":"Mapped {/order/:year/:month, GET} route","timestamp":"2025-10-10T07:52:55.858Z"}
{"context":"RoutesResolver","level":"info","message":"UserController {/user}:","timestamp":"2025-10-10T07:52:55.858Z"}
{"context":"RouterExplorer","level":"info","message":"Mapped {/user/register, POST} route","timestamp":"2025-10-10T07:52:55.859Z"}
{"context":"RouterExplorer","level":"info","message":"Mapped {/user/login, POST} route","timestamp":"2025-10-10T07:52:55.860Z"}
{"context":"RouterExplorer","level":"info","message":"Mapped {/user/profile, GET} route","timestamp":"2025-10-10T07:52:55.861Z"}
{"context":"NestApplication","level":"info","message":"Nest application successfully started","timestamp":"2025-10-10T07:52:55.992Z"}
{"level":"info","message":"Application is running on: http://[::1]:3001","timestamp":"2025-10-10T07:52:56.012Z"}
{"context":"NestFactory","level":"info","message":"Starting Nest application...","timestamp":"2025-10-10T07:52:58.044Z"}
{"context":"InstanceLoader","level":"info","message":"AppModule dependencies initialized","timestamp":"2025-10-10T07:52:58.065Z"}
{"context":"InstanceLoader","level":"info","message":"MongooseModule dependencies initialized","timestamp":"2025-10-10T07:52:58.066Z"}
{"context":"InstanceLoader","level":"info","message":"PassportModule dependencies initialized","timestamp":"2025-10-10T07:52:58.066Z"}
{"context":"InstanceLoader","level":"info","message":"HttpModule dependencies initialized","timestamp":"2025-10-10T07:52:58.067Z"}
{"context":"InstanceLoader","level":"info","message":"ConfigHostModule dependencies initialized","timestamp":"2025-10-10T07:52:58.068Z"}
{"context":"InstanceLoader","level":"info","message":"ServeStaticModule dependencies initialized","timestamp":"2025-10-10T07:52:58.069Z"}
{"context":"InstanceLoader","level":"info","message":"ConfigModule dependencies initialized","timestamp":"2025-10-10T07:52:58.069Z"}
{"context":"InstanceLoader","level":"info","message":"ConfigModule dependencies initialized","timestamp":"2025-10-10T07:52:58.071Z"}
{"context":"InstanceLoader","level":"info","message":"JwtModule dependencies initialized","timestamp":"2025-10-10T07:52:58.107Z"}
{"context":"InstanceLoader","level":"info","message":"MongooseCoreModule dependencies initialized","timestamp":"2025-10-10T07:52:58.124Z"}
{"context":"InstanceLoader","level":"info","message":"MongooseModule dependencies initialized","timestamp":"2025-10-10T07:52:58.134Z"}
{"context":"InstanceLoader","level":"info","message":"MongooseModule dependencies initialized","timestamp":"2025-10-10T07:52:58.135Z"}
{"context":"InstanceLoader","level":"info","message":"MongooseModule dependencies initialized","timestamp":"2025-10-10T07:52:58.135Z"}
{"context":"InstanceLoader","level":"info","message":"MenuModule dependencies initialized","timestamp":"2025-10-10T07:52:58.137Z"}
{"context":"InstanceLoader","level":"info","message":"OrderModule dependencies initialized","timestamp":"2025-10-10T07:52:58.137Z"}
{"context":"InstanceLoader","level":"info","message":"UserModule dependencies initialized","timestamp":"2025-10-10T07:52:58.138Z"}
{"context":"RoutesResolver","level":"info","message":"MenuController {/menu}:","timestamp":"2025-10-10T07:52:58.145Z"}
{"context":"RouterExplorer","level":"info","message":"Mapped {/menu, GET} route","timestamp":"2025-10-10T07:52:58.149Z"}
{"context":"RoutesResolver","level":"info","message":"OrderController {/order}:","timestamp":"2025-10-10T07:52:58.150Z"}
{"context":"RouterExplorer","level":"info","message":"Mapped {/order, POST} route","timestamp":"2025-10-10T07:52:58.151Z"}
{"context":"RouterExplorer","level":"info","message":"Mapped {/order/:year/:month, GET} route","timestamp":"2025-10-10T07:52:58.153Z"}
{"context":"RoutesResolver","level":"info","message":"UserController {/user}:","timestamp":"2025-10-10T07:52:58.153Z"}
{"context":"RouterExplorer","level":"info","message":"Mapped {/user/register, POST} route","timestamp":"2025-10-10T07:52:58.154Z"}
{"context":"RouterExplorer","level":"info","message":"Mapped {/user/login, POST} route","timestamp":"2025-10-10T07:52:58.155Z"}
{"context":"RouterExplorer","level":"info","message":"Mapped {/user/profile, GET} route","timestamp":"2025-10-10T07:52:58.157Z"}
{"context":"NestApplication","level":"info","message":"Nest application successfully started","timestamp":"2025-10-10T07:52:58.252Z"}
{"level":"info","message":"Application is running on: http://[::1]:3001","timestamp":"2025-10-10T07:52:58.260Z"}
{"context":"NestFactory","level":"info","message":"Starting Nest application...","timestamp":"2025-10-10T07:54:59.015Z"}
{"context":"InstanceLoader","level":"info","message":"AppModule dependencies initialized","timestamp":"2025-10-10T07:54:59.046Z"}
{"context":"InstanceLoader","level":"info","message":"MongooseModule dependencies initialized","timestamp":"2025-10-10T07:54:59.047Z"}
{"context":"InstanceLoader","level":"info","message":"PassportModule dependencies initialized","timestamp":"2025-10-10T07:54:59.048Z"}
{"context":"InstanceLoader","level":"info","message":"HttpModule dependencies initialized","timestamp":"2025-10-10T07:54:59.049Z"}
{"context":"InstanceLoader","level":"info","message":"ConfigHostModule dependencies initialized","timestamp":"2025-10-10T07:54:59.050Z"}
{"context":"InstanceLoader","level":"info","message":"ServeStaticModule dependencies initialized","timestamp":"2025-10-10T07:54:59.052Z"}
{"context":"InstanceLoader","level":"info","message":"ConfigModule dependencies initialized","timestamp":"2025-10-10T07:54:59.052Z"}
{"context":"InstanceLoader","level":"info","message":"ConfigModule dependencies initialized","timestamp":"2025-10-10T07:54:59.053Z"}
{"context":"InstanceLoader","level":"info","message":"JwtModule dependencies initialized","timestamp":"2025-10-10T07:54:59.093Z"}
{"context":"InstanceLoader","level":"info","message":"MongooseCoreModule dependencies initialized","timestamp":"2025-10-10T07:54:59.116Z"}
{"context":"InstanceLoader","level":"info","message":"MongooseModule dependencies initialized","timestamp":"2025-10-10T07:54:59.128Z"}
{"context":"InstanceLoader","level":"info","message":"MongooseModule dependencies initialized","timestamp":"2025-10-10T07:54:59.129Z"}
{"context":"InstanceLoader","level":"info","message":"MongooseModule dependencies initialized","timestamp":"2025-10-10T07:54:59.129Z"}
{"context":"InstanceLoader","level":"info","message":"MenuModule dependencies initialized","timestamp":"2025-10-10T07:54:59.133Z"}
{"context":"InstanceLoader","level":"info","message":"OrderModule dependencies initialized","timestamp":"2025-10-10T07:54:59.134Z"}
{"context":"InstanceLoader","level":"info","message":"UserModule dependencies initialized","timestamp":"2025-10-10T07:54:59.135Z"}
{"context":"RoutesResolver","level":"info","message":"MenuController {/menu}:","timestamp":"2025-10-10T07:54:59.145Z"}
{"context":"RouterExplorer","level":"info","message":"Mapped {/menu, GET} route","timestamp":"2025-10-10T07:54:59.151Z"}
{"context":"RoutesResolver","level":"info","message":"OrderController {/order}:","timestamp":"2025-10-10T07:54:59.152Z"}
{"context":"RouterExplorer","level":"info","message":"Mapped {/order, POST} route","timestamp":"2025-10-10T07:54:59.153Z"}
{"context":"RouterExplorer","level":"info","message":"Mapped {/order/:year/:month, GET} route","timestamp":"2025-10-10T07:54:59.155Z"}
{"context":"RoutesResolver","level":"info","message":"UserController {/user}:","timestamp":"2025-10-10T07:54:59.155Z"}
{"context":"RouterExplorer","level":"info","message":"Mapped {/user/register, POST} route","timestamp":"2025-10-10T07:54:59.156Z"}
{"context":"RouterExplorer","level":"info","message":"Mapped {/user/login, POST} route","timestamp":"2025-10-10T07:54:59.157Z"}
{"context":"RouterExplorer","level":"info","message":"Mapped {/user/profile, GET} route","timestamp":"2025-10-10T07:54:59.159Z"}
{"context":"NestApplication","level":"info","message":"Nest application successfully started","timestamp":"2025-10-10T07:54:59.295Z"}
{"level":"info","message":"Application is running on: http://[::1]:3001","timestamp":"2025-10-10T07:54:59.308Z"}
{"context":"NestFactory","level":"info","message":"Starting Nest application...","timestamp":"2025-10-10T08:06:49.099Z"}
{"context":"InstanceLoader","level":"info","message":"AppModule dependencies initialized","timestamp":"2025-10-10T08:06:49.128Z"}
{"context":"InstanceLoader","level":"info","message":"MongooseModule dependencies initialized","timestamp":"2025-10-10T08:06:49.129Z"}
{"context":"InstanceLoader","level":"info","message":"PassportModule dependencies initialized","timestamp":"2025-10-10T08:06:49.130Z"}
{"context":"InstanceLoader","level":"info","message":"HttpModule dependencies initialized","timestamp":"2025-10-10T08:06:49.132Z"}
{"context":"InstanceLoader","level":"info","message":"ConfigHostModule dependencies initialized","timestamp":"2025-10-10T08:06:49.133Z"}
{"context":"InstanceLoader","level":"info","message":"ServeStaticModule dependencies initialized","timestamp":"2025-10-10T08:06:49.134Z"}
{"context":"InstanceLoader","level":"info","message":"ConfigModule dependencies initialized","timestamp":"2025-10-10T08:06:49.134Z"}
{"context":"InstanceLoader","level":"info","message":"ConfigModule dependencies initialized","timestamp":"2025-10-10T08:06:49.135Z"}
{"context":"InstanceLoader","level":"info","message":"JwtModule dependencies initialized","timestamp":"2025-10-10T08:06:49.166Z"}
{"context":"InstanceLoader","level":"info","message":"MongooseCoreModule dependencies initialized","timestamp":"2025-10-10T08:06:49.190Z"}
{"context":"NestFactory","level":"info","message":"Starting Nest application...","timestamp":"2025-10-10T08:08:12.146Z"}
{"context":"InstanceLoader","level":"info","message":"AppModule dependencies initialized","timestamp":"2025-10-10T08:08:12.177Z"}
{"context":"InstanceLoader","level":"info","message":"MongooseModule dependencies initialized","timestamp":"2025-10-10T08:08:12.178Z"}
{"context":"InstanceLoader","level":"info","message":"PassportModule dependencies initialized","timestamp":"2025-10-10T08:08:12.179Z"}
{"context":"InstanceLoader","level":"info","message":"HttpModule dependencies initialized","timestamp":"2025-10-10T08:08:12.180Z"}
{"context":"InstanceLoader","level":"info","message":"ConfigHostModule dependencies initialized","timestamp":"2025-10-10T08:08:12.180Z"}
{"context":"InstanceLoader","level":"info","message":"ServeStaticModule dependencies initialized","timestamp":"2025-10-10T08:08:12.181Z"}
{"context":"InstanceLoader","level":"info","message":"ConfigModule dependencies initialized","timestamp":"2025-10-10T08:08:12.183Z"}
{"context":"InstanceLoader","level":"info","message":"ConfigModule dependencies initialized","timestamp":"2025-10-10T08:08:12.184Z"}
{"context":"InstanceLoader","level":"info","message":"JwtModule dependencies initialized","timestamp":"2025-10-10T08:08:12.224Z"}
{"context":"InstanceLoader","level":"info","message":"MongooseCoreModule dependencies initialized","timestamp":"2025-10-10T08:08:12.249Z"}
{"context":"NestFactory","level":"info","message":"Starting Nest application...","timestamp":"2025-10-10T08:08:18.558Z"}
{"context":"InstanceLoader","level":"info","message":"AppModule dependencies initialized","timestamp":"2025-10-10T08:08:18.583Z"}
{"context":"InstanceLoader","level":"info","message":"MongooseModule dependencies initialized","timestamp":"2025-10-10T08:08:18.583Z"}
{"context":"InstanceLoader","level":"info","message":"PassportModule dependencies initialized","timestamp":"2025-10-10T08:08:18.584Z"}
{"context":"InstanceLoader","level":"info","message":"HttpModule dependencies initialized","timestamp":"2025-10-10T08:08:18.586Z"}
{"context":"InstanceLoader","level":"info","message":"ConfigHostModule dependencies initialized","timestamp":"2025-10-10T08:08:18.587Z"}
{"context":"InstanceLoader","level":"info","message":"ServeStaticModule dependencies initialized","timestamp":"2025-10-10T08:08:18.588Z"}
{"context":"InstanceLoader","level":"info","message":"ConfigModule dependencies initialized","timestamp":"2025-10-10T08:08:18.588Z"}
{"context":"InstanceLoader","level":"info","message":"ConfigModule dependencies initialized","timestamp":"2025-10-10T08:08:18.590Z"}
{"context":"InstanceLoader","level":"info","message":"JwtModule dependencies initialized","timestamp":"2025-10-10T08:08:18.625Z"}
{"context":"InstanceLoader","level":"info","message":"MongooseCoreModule dependencies initialized","timestamp":"2025-10-10T08:08:18.644Z"}
{"context":"NestFactory","level":"info","message":"Starting Nest application...","timestamp":"2025-10-10T08:09:31.006Z"}
{"context":"InstanceLoader","level":"info","message":"AppModule dependencies initialized","timestamp":"2025-10-10T08:09:31.035Z"}
{"context":"InstanceLoader","level":"info","message":"MongooseModule dependencies initialized","timestamp":"2025-10-10T08:09:31.036Z"}
{"context":"InstanceLoader","level":"info","message":"PassportModule dependencies initialized","timestamp":"2025-10-10T08:09:31.037Z"}
{"context":"InstanceLoader","level":"info","message":"HttpModule dependencies initialized","timestamp":"2025-10-10T08:09:31.038Z"}
{"context":"InstanceLoader","level":"info","message":"ConfigHostModule dependencies initialized","timestamp":"2025-10-10T08:09:31.039Z"}
{"context":"InstanceLoader","level":"info","message":"ServeStaticModule dependencies initialized","timestamp":"2025-10-10T08:09:31.040Z"}
{"context":"InstanceLoader","level":"info","message":"ConfigModule dependencies initialized","timestamp":"2025-10-10T08:09:31.041Z"}
{"context":"InstanceLoader","level":"info","message":"ConfigModule dependencies initialized","timestamp":"2025-10-10T08:09:31.042Z"}
{"context":"InstanceLoader","level":"info","message":"JwtModule dependencies initialized","timestamp":"2025-10-10T08:09:31.080Z"}
{"context":"InstanceLoader","level":"info","message":"MongooseCoreModule dependencies initialized","timestamp":"2025-10-10T08:09:31.103Z"}
{"context":"NestFactory","level":"info","message":"Starting Nest application...","timestamp":"2025-10-10T08:12:16.452Z"}
{"context":"InstanceLoader","level":"info","message":"AppModule dependencies initialized","timestamp":"2025-10-10T08:12:16.484Z"}
{"context":"InstanceLoader","level":"info","message":"MongooseModule dependencies initialized","timestamp":"2025-10-10T08:12:16.486Z"}
{"context":"InstanceLoader","level":"info","message":"PassportModule dependencies initialized","timestamp":"2025-10-10T08:12:16.487Z"}
{"context":"InstanceLoader","level":"info","message":"HttpModule dependencies initialized","timestamp":"2025-10-10T08:12:16.488Z"}
{"context":"InstanceLoader","level":"info","message":"ConfigHostModule dependencies initialized","timestamp":"2025-10-10T08:12:16.489Z"}
{"context":"InstanceLoader","level":"info","message":"ServeStaticModule dependencies initialized","timestamp":"2025-10-10T08:12:16.491Z"}
{"context":"InstanceLoader","level":"info","message":"ConfigModule dependencies initialized","timestamp":"2025-10-10T08:12:16.491Z"}
{"context":"InstanceLoader","level":"info","message":"ConfigModule dependencies initialized","timestamp":"2025-10-10T08:12:16.493Z"}
{"context":"InstanceLoader","level":"info","message":"JwtModule dependencies initialized","timestamp":"2025-10-10T08:12:16.525Z"}
{"context":"InstanceLoader","level":"info","message":"MongooseCoreModule dependencies initialized","timestamp":"2025-10-10T08:12:16.542Z"}
{"context":"InstanceLoader","level":"info","message":"MongooseModule dependencies initialized","timestamp":"2025-10-10T08:12:16.551Z"}
{"context":"InstanceLoader","level":"info","message":"MongooseModule dependencies initialized","timestamp":"2025-10-10T08:12:16.551Z"}
{"context":"InstanceLoader","level":"info","message":"MongooseModule dependencies initialized","timestamp":"2025-10-10T08:12:16.551Z"}
{"context":"InstanceLoader","level":"info","message":"OrderModule dependencies initialized","timestamp":"2025-10-10T08:12:16.554Z"}
{"context":"InstanceLoader","level":"info","message":"MenuModule dependencies initialized","timestamp":"2025-10-10T08:12:16.554Z"}
{"context":"InstanceLoader","level":"info","message":"UserModule dependencies initialized","timestamp":"2025-10-10T08:12:16.555Z"}
{"context":"RoutesResolver","level":"info","message":"MenuController {/menu}:","timestamp":"2025-10-10T08:12:16.562Z"}
{"context":"RouterExplorer","level":"info","message":"Mapped {/menu, POST} route","timestamp":"2025-10-10T08:12:16.566Z"}
{"context":"RouterExplorer","level":"info","message":"Mapped {/menu, GET} route","timestamp":"2025-10-10T08:12:16.567Z"}
{"context":"RoutesResolver","level":"info","message":"OrderController {/order}:","timestamp":"2025-10-10T08:12:16.568Z"}
{"context":"RouterExplorer","level":"info","message":"Mapped {/order, POST} route","timestamp":"2025-10-10T08:12:16.569Z"}
{"context":"RouterExplorer","level":"info","message":"Mapped {/order/:year/:month, GET} route","timestamp":"2025-10-10T08:12:16.571Z"}
{"context":"RoutesResolver","level":"info","message":"UserController {/user}:","timestamp":"2025-10-10T08:12:16.571Z"}
{"context":"RouterExplorer","level":"info","message":"Mapped {/user/register, POST} route","timestamp":"2025-10-10T08:12:16.573Z"}
{"context":"RouterExplorer","level":"info","message":"Mapped {/user/login, POST} route","timestamp":"2025-10-10T08:12:16.573Z"}
{"context":"RouterExplorer","level":"info","message":"Mapped {/user/profile, GET} route","timestamp":"2025-10-10T08:12:16.574Z"}
{"context":"NestApplication","level":"info","message":"Nest application successfully started","timestamp":"2025-10-10T08:12:16.581Z"}
{"level":"info","message":"Application is running on: http://[::1]:3001","timestamp":"2025-10-10T08:12:16.591Z"}
{"context":"ExceptionsHandler","level":"error","message":"ENOENT: no such file or directory, stat 'D:\\Code\\react\\public\\index.html'","stack":["Error: ENOENT: no such file or directory, stat 'D:\\Code\\react\\public\\index.html'"],"timestamp":"2025-10-10T08:12:23.037Z"}
{"context":"NestFactory","level":"info","message":"Starting Nest application...","timestamp":"2025-10-10T08:13:31.930Z"}
{"context":"InstanceLoader","level":"info","message":"AppModule dependencies initialized","timestamp":"2025-10-10T08:13:31.956Z"}
{"context":"InstanceLoader","level":"info","message":"MongooseModule dependencies initialized","timestamp":"2025-10-10T08:13:31.957Z"}
{"context":"InstanceLoader","level":"info","message":"PassportModule dependencies initialized","timestamp":"2025-10-10T08:13:31.958Z"}
{"context":"InstanceLoader","level":"info","message":"HttpModule dependencies initialized","timestamp":"2025-10-10T08:13:31.959Z"}
{"context":"InstanceLoader","level":"info","message":"ConfigHostModule dependencies initialized","timestamp":"2025-10-10T08:13:31.959Z"}
{"context":"InstanceLoader","level":"info","message":"ServeStaticModule dependencies initialized","timestamp":"2025-10-10T08:13:31.960Z"}
{"context":"InstanceLoader","level":"info","message":"ConfigModule dependencies initialized","timestamp":"2025-10-10T08:13:31.960Z"}
{"context":"InstanceLoader","level":"info","message":"ConfigModule dependencies initialized","timestamp":"2025-10-10T08:13:31.963Z"}
{"context":"InstanceLoader","level":"info","message":"JwtModule dependencies initialized","timestamp":"2025-10-10T08:13:31.997Z"}
{"context":"InstanceLoader","level":"info","message":"MongooseCoreModule dependencies initialized","timestamp":"2025-10-10T08:13:32.018Z"}
{"context":"InstanceLoader","level":"info","message":"MongooseModule dependencies initialized","timestamp":"2025-10-10T08:13:32.026Z"}
{"context":"InstanceLoader","level":"info","message":"MongooseModule dependencies initialized","timestamp":"2025-10-10T08:13:32.027Z"}
{"context":"InstanceLoader","level":"info","message":"MongooseModule dependencies initialized","timestamp":"2025-10-10T08:13:32.027Z"}
{"context":"InstanceLoader","level":"info","message":"OrderModule dependencies initialized","timestamp":"2025-10-10T08:13:32.030Z"}
{"context":"InstanceLoader","level":"info","message":"MenuModule dependencies initialized","timestamp":"2025-10-10T08:13:32.030Z"}
{"context":"InstanceLoader","level":"info","message":"UserModule dependencies initialized","timestamp":"2025-10-10T08:13:32.031Z"}
{"context":"RoutesResolver","level":"info","message":"MenuController {/menu}:","timestamp":"2025-10-10T08:13:32.038Z"}
{"context":"RouterExplorer","level":"info","message":"Mapped {/menu, POST} route","timestamp":"2025-10-10T08:13:32.042Z"}
{"context":"RouterExplorer","level":"info","message":"Mapped {/menu, GET} route","timestamp":"2025-10-10T08:13:32.044Z"}
{"context":"RoutesResolver","level":"info","message":"OrderController {/order}:","timestamp":"2025-10-10T08:13:32.044Z"}
{"context":"RouterExplorer","level":"info","message":"Mapped {/order, POST} route","timestamp":"2025-10-10T08:13:32.046Z"}
{"context":"RouterExplorer","level":"info","message":"Mapped {/order/:year/:month, GET} route","timestamp":"2025-10-10T08:13:32.047Z"}
{"context":"RoutesResolver","level":"info","message":"UserController {/user}:","timestamp":"2025-10-10T08:13:32.047Z"}
{"context":"RouterExplorer","level":"info","message":"Mapped {/user/register, POST} route","timestamp":"2025-10-10T08:13:32.048Z"}
{"context":"RouterExplorer","level":"info","message":"Mapped {/user/login, POST} route","timestamp":"2025-10-10T08:13:32.049Z"}
{"context":"RouterExplorer","level":"info","message":"Mapped {/user/profile, GET} route","timestamp":"2025-10-10T08:13:32.050Z"}
{"context":"NestApplication","level":"info","message":"Nest application successfully started","timestamp":"2025-10-10T08:13:32.054Z"}
{"level":"info","message":"Application is running on: http://[::1]:3001","timestamp":"2025-10-10T08:13:32.061Z"}
{"context":"ExceptionsHandler","level":"error","message":"Menu validation failed: nama: Path `nama` is required.","stack":["ValidationError: Menu validation failed: nama: Path `nama` is required.\n    at Document.invalidate (D:\\Code\\react\\resto-qrcode-backend\\node_modules\\mongoose\\lib\\document.js:3358:32)\n    at D:\\Code\\react\\resto-qrcode-backend\\node_modules\\mongoose\\lib\\document.js:3119:17\n    at D:\\Code\\react\\resto-qrcode-backend\\node_modules\\mongoose\\lib\\schemaType.js:1416:9\n    at process.processTicksAndRejections (node:internal/process/task_queues:85:11)"],"timestamp":"2025-10-10T08:23:36.511Z"}
{"context":"ExceptionsHandler","level":"error","message":"Menu validation failed: nama: Path `nama` is required.","stack":["ValidationError: Menu validation failed: nama: Path `nama` is required.\n    at Document.invalidate (D:\\Code\\react\\resto-qrcode-backend\\node_modules\\mongoose\\lib\\document.js:3358:32)\n    at D:\\Code\\react\\resto-qrcode-backend\\node_modules\\mongoose\\lib\\document.js:3119:17\n    at D:\\Code\\react\\resto-qrcode-backend\\node_modules\\mongoose\\lib\\schemaType.js:1416:9\n    at process.processTicksAndRejections (node:internal/process/task_queues:85:11)"],"timestamp":"2025-10-10T08:56:30.124Z"}
{"context":"NestFactory","level":"info","message":"Starting Nest application...","timestamp":"2025-10-10T08:58:06.910Z"}
{"context":"InstanceLoader","level":"info","message":"AppModule dependencies initialized","timestamp":"2025-10-10T08:58:06.923Z"}
{"context":"InstanceLoader","level":"info","message":"MongooseModule dependencies initialized","timestamp":"2025-10-10T08:58:06.924Z"}
{"context":"InstanceLoader","level":"info","message":"PassportModule dependencies initialized","timestamp":"2025-10-10T08:58:06.925Z"}
{"context":"InstanceLoader","level":"info","message":"HttpModule dependencies initialized","timestamp":"2025-10-10T08:58:06.926Z"}
{"context":"InstanceLoader","level":"info","message":"ConfigHostModule dependencies initialized","timestamp":"2025-10-10T08:58:06.927Z"}
{"context":"InstanceLoader","level":"info","message":"ServeStaticModule dependencies initialized","timestamp":"2025-10-10T08:58:06.927Z"}
{"context":"InstanceLoader","level":"info","message":"ConfigModule dependencies initialized","timestamp":"2025-10-10T08:58:06.928Z"}
{"context":"InstanceLoader","level":"info","message":"ConfigModule dependencies initialized","timestamp":"2025-10-10T08:58:06.928Z"}
{"context":"InstanceLoader","level":"info","message":"JwtModule dependencies initialized","timestamp":"2025-10-10T08:58:06.947Z"}
{"context":"InstanceLoader","level":"info","message":"MongooseCoreModule dependencies initialized","timestamp":"2025-10-10T08:58:06.960Z"}
{"context":"InstanceLoader","level":"info","message":"MongooseModule dependencies initialized","timestamp":"2025-10-10T08:58:06.965Z"}
{"context":"InstanceLoader","level":"info","message":"MongooseModule dependencies initialized","timestamp":"2025-10-10T08:58:06.966Z"}
{"context":"InstanceLoader","level":"info","message":"MongooseModule dependencies initialized","timestamp":"2025-10-10T08:58:06.966Z"}
{"context":"InstanceLoader","level":"info","message":"OrderModule dependencies initialized","timestamp":"2025-10-10T08:58:06.968Z"}
{"context":"InstanceLoader","level":"info","message":"MenuModule dependencies initialized","timestamp":"2025-10-10T08:58:06.969Z"}
{"context":"InstanceLoader","level":"info","message":"UserModule dependencies initialized","timestamp":"2025-10-10T08:58:06.969Z"}
{"context":"RoutesResolver","level":"info","message":"MenuController {/menu}:","timestamp":"2025-10-10T08:58:06.975Z"}
{"context":"RouterExplorer","level":"info","message":"Mapped {/menu, POST} route","timestamp":"2025-10-10T08:58:06.978Z"}
{"context":"RouterExplorer","level":"info","message":"Mapped {/menu, GET} route","timestamp":"2025-10-10T08:58:06.978Z"}
{"context":"RoutesResolver","level":"info","message":"OrderController {/order}:","timestamp":"2025-10-10T08:58:06.979Z"}
{"context":"RouterExplorer","level":"info","message":"Mapped {/order, POST} route","timestamp":"2025-10-10T08:58:06.980Z"}
{"context":"RouterExplorer","level":"info","message":"Mapped {/order/:year/:month, GET} route","timestamp":"2025-10-10T08:58:06.980Z"}
{"context":"RoutesResolver","level":"info","message":"UserController {/user}:","timestamp":"2025-10-10T08:58:06.981Z"}
{"context":"RouterExplorer","level":"info","message":"Mapped {/user/register, POST} route","timestamp":"2025-10-10T08:58:06.981Z"}
{"context":"RouterExplorer","level":"info","message":"Mapped {/user/login, POST} route","timestamp":"2025-10-10T08:58:06.982Z"}
{"context":"RouterExplorer","level":"info","message":"Mapped {/user/profile, GET} route","timestamp":"2025-10-10T08:58:06.982Z"}
{"context":"NestApplication","level":"info","message":"Nest application successfully started","timestamp":"2025-10-10T08:58:06.985Z"}
{"level":"info","message":"Application is running on: http://[::1]:3001","timestamp":"2025-10-10T08:58:06.990Z"}
{"context":"NestFactory","level":"info","message":"Starting Nest application...","timestamp":"2025-10-10T08:58:08.621Z"}
{"context":"InstanceLoader","level":"info","message":"AppModule dependencies initialized","timestamp":"2025-10-10T08:58:08.634Z"}
{"context":"InstanceLoader","level":"info","message":"MongooseModule dependencies initialized","timestamp":"2025-10-10T08:58:08.635Z"}
{"context":"InstanceLoader","level":"info","message":"PassportModule dependencies initialized","timestamp":"2025-10-10T08:58:08.635Z"}
{"context":"InstanceLoader","level":"info","message":"HttpModule dependencies initialized","timestamp":"2025-10-10T08:58:08.637Z"}
{"context":"InstanceLoader","level":"info","message":"ConfigHostModule dependencies initialized","timestamp":"2025-10-10T08:58:08.638Z"}
{"context":"InstanceLoader","level":"info","message":"ServeStaticModule dependencies initialized","timestamp":"2025-10-10T08:58:08.639Z"}
{"context":"InstanceLoader","level":"info","message":"ConfigModule dependencies initialized","timestamp":"2025-10-10T08:58:08.639Z"}
{"context":"InstanceLoader","level":"info","message":"ConfigModule dependencies initialized","timestamp":"2025-10-10T08:58:08.640Z"}
{"context":"InstanceLoader","level":"info","message":"JwtModule dependencies initialized","timestamp":"2025-10-10T08:58:08.659Z"}
{"context":"InstanceLoader","level":"info","message":"MongooseCoreModule dependencies initialized","timestamp":"2025-10-10T08:58:08.670Z"}
{"context":"InstanceLoader","level":"info","message":"MongooseModule dependencies initialized","timestamp":"2025-10-10T08:58:08.677Z"}
{"context":"InstanceLoader","level":"info","message":"MongooseModule dependencies initialized","timestamp":"2025-10-10T08:58:08.678Z"}
{"context":"InstanceLoader","level":"info","message":"MongooseModule dependencies initialized","timestamp":"2025-10-10T08:58:08.678Z"}
{"context":"InstanceLoader","level":"info","message":"OrderModule dependencies initialized","timestamp":"2025-10-10T08:58:08.680Z"}
{"context":"InstanceLoader","level":"info","message":"MenuModule dependencies initialized","timestamp":"2025-10-10T08:58:08.681Z"}
{"context":"InstanceLoader","level":"info","message":"UserModule dependencies initialized","timestamp":"2025-10-10T08:58:08.681Z"}
{"context":"RoutesResolver","level":"info","message":"MenuController {/menu}:","timestamp":"2025-10-10T08:58:08.686Z"}
{"context":"RouterExplorer","level":"info","message":"Mapped {/menu, POST} route","timestamp":"2025-10-10T08:58:08.688Z"}
{"context":"RouterExplorer","level":"info","message":"Mapped {/menu, GET} route","timestamp":"2025-10-10T08:58:08.689Z"}
{"context":"RoutesResolver","level":"info","message":"OrderController {/order}:","timestamp":"2025-10-10T08:58:08.690Z"}
{"context":"RouterExplorer","level":"info","message":"Mapped {/order, POST} route","timestamp":"2025-10-10T08:58:08.690Z"}
{"context":"RouterExplorer","level":"info","message":"Mapped {/order/:year/:month, GET} route","timestamp":"2025-10-10T08:58:08.691Z"}
{"context":"RoutesResolver","level":"info","message":"UserController {/user}:","timestamp":"2025-10-10T08:58:08.692Z"}
{"context":"RouterExplorer","level":"info","message":"Mapped {/user/register, POST} route","timestamp":"2025-10-10T08:58:08.693Z"}
{"context":"RouterExplorer","level":"info","message":"Mapped {/user/login, POST} route","timestamp":"2025-10-10T08:58:08.694Z"}
{"context":"RouterExplorer","level":"info","message":"Mapped {/user/profile, GET} route","timestamp":"2025-10-10T08:58:08.694Z"}
{"context":"NestApplication","level":"info","message":"Nest application successfully started","timestamp":"2025-10-10T08:58:08.697Z"}
{"level":"info","message":"Application is running on: http://[::1]:3001","timestamp":"2025-10-10T08:58:08.702Z"}
{"context":"NestFactory","level":"info","message":"Starting Nest application...","timestamp":"2025-10-10T09:36:10.637Z"}
{"context":"InstanceLoader","level":"info","message":"AppModule dependencies initialized","timestamp":"2025-10-10T09:36:10.672Z"}
{"context":"InstanceLoader","level":"info","message":"MongooseModule dependencies initialized","timestamp":"2025-10-10T09:36:10.673Z"}
{"context":"InstanceLoader","level":"info","message":"PassportModule dependencies initialized","timestamp":"2025-10-10T09:36:10.674Z"}
{"context":"InstanceLoader","level":"info","message":"HttpModule dependencies initialized","timestamp":"2025-10-10T09:36:10.676Z"}
{"context":"InstanceLoader","level":"info","message":"ConfigHostModule dependencies initialized","timestamp":"2025-10-10T09:36:10.678Z"}
{"context":"InstanceLoader","level":"info","message":"ServeStaticModule dependencies initialized","timestamp":"2025-10-10T09:36:10.679Z"}
{"context":"InstanceLoader","level":"info","message":"ConfigModule dependencies initialized","timestamp":"2025-10-10T09:36:10.679Z"}
{"context":"InstanceLoader","level":"info","message":"ConfigModule dependencies initialized","timestamp":"2025-10-10T09:36:10.681Z"}
{"context":"InstanceLoader","level":"info","message":"JwtModule dependencies initialized","timestamp":"2025-10-10T09:36:10.722Z"}
{"context":"InstanceLoader","level":"info","message":"MongooseCoreModule dependencies initialized","timestamp":"2025-10-10T09:36:10.745Z"}
{"context":"InstanceLoader","level":"info","message":"MongooseModule dependencies initialized","timestamp":"2025-10-10T09:36:10.759Z"}
{"context":"InstanceLoader","level":"info","message":"MongooseModule dependencies initialized","timestamp":"2025-10-10T09:36:10.760Z"}
{"context":"InstanceLoader","level":"info","message":"MongooseModule dependencies initialized","timestamp":"2025-10-10T09:36:10.760Z"}
{"context":"InstanceLoader","level":"info","message":"OrderModule dependencies initialized","timestamp":"2025-10-10T09:36:10.763Z"}
{"context":"InstanceLoader","level":"info","message":"MenuModule dependencies initialized","timestamp":"2025-10-10T09:36:10.764Z"}
{"context":"InstanceLoader","level":"info","message":"UserModule dependencies initialized","timestamp":"2025-10-10T09:36:10.764Z"}
{"context":"RoutesResolver","level":"info","message":"MenuController {/menu}:","timestamp":"2025-10-10T09:36:10.775Z"}
{"context":"RouterExplorer","level":"info","message":"Mapped {/menu, POST} route","timestamp":"2025-10-10T09:36:10.781Z"}
{"context":"RouterExplorer","level":"info","message":"Mapped {/menu, GET} route","timestamp":"2025-10-10T09:36:10.783Z"}
{"context":"RoutesResolver","level":"info","message":"OrderController {/order}:","timestamp":"2025-10-10T09:36:10.783Z"}
{"context":"RouterExplorer","level":"info","message":"Mapped {/order, POST} route","timestamp":"2025-10-10T09:36:10.785Z"}
{"context":"RouterExplorer","level":"info","message":"Mapped {/order/:year/:month, GET} route","timestamp":"2025-10-10T09:36:10.787Z"}
{"context":"RoutesResolver","level":"info","message":"UserController {/user}:","timestamp":"2025-10-10T09:36:10.788Z"}
{"context":"RouterExplorer","level":"info","message":"Mapped {/user/register, POST} route","timestamp":"2025-10-10T09:36:10.789Z"}
{"context":"RouterExplorer","level":"info","message":"Mapped {/user/login, POST} route","timestamp":"2025-10-10T09:36:10.790Z"}
{"context":"RouterExplorer","level":"info","message":"Mapped {/user/profile, GET} route","timestamp":"2025-10-10T09:36:10.791Z"}
{"context":"NestApplication","level":"info","message":"Nest application successfully started","timestamp":"2025-10-10T09:36:10.797Z"}
{"level":"info","message":"Application is running on: http://[::1]:3001","timestamp":"2025-10-10T09:36:10.808Z"}
{"context":"NestFactory","level":"info","message":"Starting Nest application...","timestamp":"2025-10-10T09:36:14.042Z"}
{"context":"InstanceLoader","level":"info","message":"AppModule dependencies initialized","timestamp":"2025-10-10T09:36:14.066Z"}
{"context":"InstanceLoader","level":"info","message":"MongooseModule dependencies initialized","timestamp":"2025-10-10T09:36:14.067Z"}
{"context":"InstanceLoader","level":"info","message":"PassportModule dependencies initialized","timestamp":"2025-10-10T09:36:14.068Z"}
{"context":"InstanceLoader","level":"info","message":"HttpModule dependencies initialized","timestamp":"2025-10-10T09:36:14.070Z"}
{"context":"InstanceLoader","level":"info","message":"ConfigHostModule dependencies initialized","timestamp":"2025-10-10T09:36:14.071Z"}
{"context":"InstanceLoader","level":"info","message":"ServeStaticModule dependencies initialized","timestamp":"2025-10-10T09:36:14.072Z"}
{"context":"InstanceLoader","level":"info","message":"ConfigModule dependencies initialized","timestamp":"2025-10-10T09:36:14.073Z"}
{"context":"InstanceLoader","level":"info","message":"ConfigModule dependencies initialized","timestamp":"2025-10-10T09:36:14.074Z"}
{"context":"InstanceLoader","level":"info","message":"JwtModule dependencies initialized","timestamp":"2025-10-10T09:36:14.103Z"}
{"context":"InstanceLoader","level":"info","message":"MongooseCoreModule dependencies initialized","timestamp":"2025-10-10T09:36:14.117Z"}
{"context":"InstanceLoader","level":"info","message":"MongooseModule dependencies initialized","timestamp":"2025-10-10T09:36:14.124Z"}
{"context":"InstanceLoader","level":"info","message":"MongooseModule dependencies initialized","timestamp":"2025-10-10T09:36:14.124Z"}
{"context":"InstanceLoader","level":"info","message":"MongooseModule dependencies initialized","timestamp":"2025-10-10T09:36:14.125Z"}
{"context":"InstanceLoader","level":"info","message":"OrderModule dependencies initialized","timestamp":"2025-10-10T09:36:14.127Z"}
{"context":"InstanceLoader","level":"info","message":"MenuModule dependencies initialized","timestamp":"2025-10-10T09:36:14.127Z"}
{"context":"InstanceLoader","level":"info","message":"UserModule dependencies initialized","timestamp":"2025-10-10T09:36:14.128Z"}
{"context":"RoutesResolver","level":"info","message":"MenuController {/menu}:","timestamp":"2025-10-10T09:36:14.135Z"}
{"context":"RouterExplorer","level":"info","message":"Mapped {/menu, POST} route","timestamp":"2025-10-10T09:36:14.138Z"}
{"context":"RouterExplorer","level":"info","message":"Mapped {/menu, GET} route","timestamp":"2025-10-10T09:36:14.139Z"}
{"context":"RoutesResolver","level":"info","message":"OrderController {/order}:","timestamp":"2025-10-10T09:36:14.140Z"}
{"context":"RouterExplorer","level":"info","message":"Mapped {/order, POST} route","timestamp":"2025-10-10T09:36:14.141Z"}
{"context":"RouterExplorer","level":"info","message":"Mapped {/order/:year/:month, GET} route","timestamp":"2025-10-10T09:36:14.142Z"}
{"context":"RoutesResolver","level":"info","message":"UserController {/user}:","timestamp":"2025-10-10T09:36:14.142Z"}
{"context":"RouterExplorer","level":"info","message":"Mapped {/user/register, POST} route","timestamp":"2025-10-10T09:36:14.142Z"}
{"context":"RouterExplorer","level":"info","message":"Mapped {/user/login, POST} route","timestamp":"2025-10-10T09:36:14.143Z"}
{"context":"RouterExplorer","level":"info","message":"Mapped {/user/profile, GET} route","timestamp":"2025-10-10T09:36:14.144Z"}
{"context":"NestApplication","level":"info","message":"Nest application successfully started","timestamp":"2025-10-10T09:36:14.149Z"}
{"level":"info","message":"Application is running on: http://[::1]:3001","timestamp":"2025-10-10T09:36:14.156Z"}
{"context":"NestFactory","level":"info","message":"Starting Nest application...","timestamp":"2025-10-10T09:36:57.559Z"}
{"context":"InstanceLoader","level":"info","message":"AppModule dependencies initialized","timestamp":"2025-10-10T09:36:57.587Z"}
{"context":"InstanceLoader","level":"info","message":"MongooseModule dependencies initialized","timestamp":"2025-10-10T09:36:57.588Z"}
{"context":"InstanceLoader","level":"info","message":"PassportModule dependencies initialized","timestamp":"2025-10-10T09:36:57.589Z"}
{"context":"InstanceLoader","level":"info","message":"HttpModule dependencies initialized","timestamp":"2025-10-10T09:36:57.591Z"}
{"context":"InstanceLoader","level":"info","message":"ConfigHostModule dependencies initialized","timestamp":"2025-10-10T09:36:57.591Z"}
{"context":"InstanceLoader","level":"info","message":"ServeStaticModule dependencies initialized","timestamp":"2025-10-10T09:36:57.592Z"}
{"context":"InstanceLoader","level":"info","message":"ConfigModule dependencies initialized","timestamp":"2025-10-10T09:36:57.593Z"}
{"context":"InstanceLoader","level":"info","message":"ConfigModule dependencies initialized","timestamp":"2025-10-10T09:36:57.594Z"}
{"context":"InstanceLoader","level":"info","message":"JwtModule dependencies initialized","timestamp":"2025-10-10T09:36:57.632Z"}
{"context":"InstanceLoader","level":"info","message":"MongooseCoreModule dependencies initialized","timestamp":"2025-10-10T09:36:57.651Z"}
{"context":"InstanceLoader","level":"info","message":"MongooseModule dependencies initialized","timestamp":"2025-10-10T09:36:57.661Z"}
{"context":"InstanceLoader","level":"info","message":"MongooseModule dependencies initialized","timestamp":"2025-10-10T09:36:57.662Z"}
{"context":"InstanceLoader","level":"info","message":"MongooseModule dependencies initialized","timestamp":"2025-10-10T09:36:57.663Z"}
{"context":"InstanceLoader","level":"info","message":"OrderModule dependencies initialized","timestamp":"2025-10-10T09:36:57.665Z"}
{"context":"InstanceLoader","level":"info","message":"MenuModule dependencies initialized","timestamp":"2025-10-10T09:36:57.666Z"}
{"context":"InstanceLoader","level":"info","message":"UserModule dependencies initialized","timestamp":"2025-10-10T09:36:57.667Z"}
{"context":"RoutesResolver","level":"info","message":"MenuController {/menu}:","timestamp":"2025-10-10T09:36:57.673Z"}
{"context":"RouterExplorer","level":"info","message":"Mapped {/menu, POST} route","timestamp":"2025-10-10T09:36:57.677Z"}
{"context":"RouterExplorer","level":"info","message":"Mapped {/menu, GET} route","timestamp":"2025-10-10T09:36:57.677Z"}
{"context":"RoutesResolver","level":"info","message":"OrderController {/order}:","timestamp":"2025-10-10T09:36:57.678Z"}
{"context":"RouterExplorer","level":"info","message":"Mapped {/order, POST} route","timestamp":"2025-10-10T09:36:57.679Z"}
{"context":"RouterExplorer","level":"info","message":"Mapped {/order/:year/:month, GET} route","timestamp":"2025-10-10T09:36:57.680Z"}
{"context":"RoutesResolver","level":"info","message":"UserController {/user}:","timestamp":"2025-10-10T09:36:57.681Z"}
{"context":"RouterExplorer","level":"info","message":"Mapped {/user/register, POST} route","timestamp":"2025-10-10T09:36:57.681Z"}
{"context":"RouterExplorer","level":"info","message":"Mapped {/user/login, POST} route","timestamp":"2025-10-10T09:36:57.682Z"}
{"context":"RouterExplorer","level":"info","message":"Mapped {/user/profile, GET} route","timestamp":"2025-10-10T09:36:57.683Z"}
{"context":"NestApplication","level":"info","message":"Nest application successfully started","timestamp":"2025-10-10T09:36:57.689Z"}
{"level":"info","message":"Application is running on: http://[::1]:3001","timestamp":"2025-10-10T09:36:57.697Z"}
{"context":"NestFactory","level":"info","message":"Starting Nest application...","timestamp":"2025-10-10T09:37:08.458Z"}
{"context":"InstanceLoader","level":"info","message":"AppModule dependencies initialized","timestamp":"2025-10-10T09:37:08.490Z"}
{"context":"InstanceLoader","level":"info","message":"MongooseModule dependencies initialized","timestamp":"2025-10-10T09:37:08.492Z"}
{"context":"InstanceLoader","level":"info","message":"PassportModule dependencies initialized","timestamp":"2025-10-10T09:37:08.493Z"}
{"context":"InstanceLoader","level":"info","message":"HttpModule dependencies initialized","timestamp":"2025-10-10T09:37:08.495Z"}
{"context":"InstanceLoader","level":"info","message":"ConfigHostModule dependencies initialized","timestamp":"2025-10-10T09:37:08.496Z"}
{"context":"InstanceLoader","level":"info","message":"ServeStaticModule dependencies initialized","timestamp":"2025-10-10T09:37:08.497Z"}
{"context":"InstanceLoader","level":"info","message":"ConfigModule dependencies initialized","timestamp":"2025-10-10T09:37:08.497Z"}
{"context":"InstanceLoader","level":"info","message":"ConfigModule dependencies initialized","timestamp":"2025-10-10T09:37:08.498Z"}
{"context":"InstanceLoader","level":"info","message":"JwtModule dependencies initialized","timestamp":"2025-10-10T09:37:08.560Z"}
{"context":"InstanceLoader","level":"info","message":"MongooseCoreModule dependencies initialized","timestamp":"2025-10-10T09:37:08.589Z"}
{"context":"InstanceLoader","level":"info","message":"MongooseModule dependencies initialized","timestamp":"2025-10-10T09:37:08.603Z"}
{"context":"InstanceLoader","level":"info","message":"MongooseModule dependencies initialized","timestamp":"2025-10-10T09:37:08.604Z"}
{"context":"InstanceLoader","level":"info","message":"MongooseModule dependencies initialized","timestamp":"2025-10-10T09:37:08.604Z"}
{"context":"InstanceLoader","level":"info","message":"OrderModule dependencies initialized","timestamp":"2025-10-10T09:37:08.608Z"}
{"context":"InstanceLoader","level":"info","message":"MenuModule dependencies initialized","timestamp":"2025-10-10T09:37:08.608Z"}
{"context":"InstanceLoader","level":"info","message":"UserModule dependencies initialized","timestamp":"2025-10-10T09:37:08.609Z"}
{"context":"RoutesResolver","level":"info","message":"MenuController {/menu}:","timestamp":"2025-10-10T09:37:08.621Z"}
{"context":"RouterExplorer","level":"info","message":"Mapped {/menu, POST} route","timestamp":"2025-10-10T09:37:08.626Z"}
{"context":"RouterExplorer","level":"info","message":"Mapped {/menu, GET} route","timestamp":"2025-10-10T09:37:08.627Z"}
{"context":"RouterExplorer","level":"info","message":"Mapped {/menu/:id, DELETE} route","timestamp":"2025-10-10T09:37:08.628Z"}
{"context":"RoutesResolver","level":"info","message":"OrderController {/order}:","timestamp":"2025-10-10T09:37:08.629Z"}
{"context":"RouterExplorer","level":"info","message":"Mapped {/order, POST} route","timestamp":"2025-10-10T09:37:08.630Z"}
{"context":"RouterExplorer","level":"info","message":"Mapped {/order/:year/:month, GET} route","timestamp":"2025-10-10T09:37:08.631Z"}
{"context":"RoutesResolver","level":"info","message":"UserController {/user}:","timestamp":"2025-10-10T09:37:08.631Z"}
{"context":"RouterExplorer","level":"info","message":"Mapped {/user/register, POST} route","timestamp":"2025-10-10T09:37:08.632Z"}
{"context":"RouterExplorer","level":"info","message":"Mapped {/user/login, POST} route","timestamp":"2025-10-10T09:37:08.633Z"}
{"context":"RouterExplorer","level":"info","message":"Mapped {/user/profile, GET} route","timestamp":"2025-10-10T09:37:08.634Z"}
{"context":"NestApplication","level":"info","message":"Nest application successfully started","timestamp":"2025-10-10T09:37:08.640Z"}
{"level":"info","message":"Application is running on: http://[::1]:3001","timestamp":"2025-10-10T09:37:08.650Z"}
{"context":"NestFactory","level":"info","message":"Starting Nest application...","timestamp":"2025-10-10T09:40:06.203Z"}
{"context":"InstanceLoader","level":"info","message":"AppModule dependencies initialized","timestamp":"2025-10-10T09:40:06.215Z"}
{"context":"InstanceLoader","level":"info","message":"MongooseModule dependencies initialized","timestamp":"2025-10-10T09:40:06.216Z"}
{"context":"InstanceLoader","level":"info","message":"PassportModule dependencies initialized","timestamp":"2025-10-10T09:40:06.217Z"}
{"context":"InstanceLoader","level":"info","message":"HttpModule dependencies initialized","timestamp":"2025-10-10T09:40:06.218Z"}
{"context":"InstanceLoader","level":"info","message":"ConfigHostModule dependencies initialized","timestamp":"2025-10-10T09:40:06.218Z"}
{"context":"InstanceLoader","level":"info","message":"ServeStaticModule dependencies initialized","timestamp":"2025-10-10T09:40:06.219Z"}
{"context":"InstanceLoader","level":"info","message":"ConfigModule dependencies initialized","timestamp":"2025-10-10T09:40:06.220Z"}
{"context":"InstanceLoader","level":"info","message":"ConfigModule dependencies initialized","timestamp":"2025-10-10T09:40:06.222Z"}
{"context":"InstanceLoader","level":"info","message":"JwtModule dependencies initialized","timestamp":"2025-10-10T09:40:06.243Z"}
{"context":"InstanceLoader","level":"info","message":"MongooseCoreModule dependencies initialized","timestamp":"2025-10-10T09:40:06.252Z"}
{"context":"InstanceLoader","level":"info","message":"MongooseModule dependencies initialized","timestamp":"2025-10-10T09:40:06.259Z"}
{"context":"InstanceLoader","level":"info","message":"MongooseModule dependencies initialized","timestamp":"2025-10-10T09:40:06.260Z"}
{"context":"InstanceLoader","level":"info","message":"MongooseModule dependencies initialized","timestamp":"2025-10-10T09:40:06.260Z"}
{"context":"InstanceLoader","level":"info","message":"OrderModule dependencies initialized","timestamp":"2025-10-10T09:40:06.261Z"}
{"context":"InstanceLoader","level":"info","message":"MenuModule dependencies initialized","timestamp":"2025-10-10T09:40:06.262Z"}
{"context":"InstanceLoader","level":"info","message":"UserModule dependencies initialized","timestamp":"2025-10-10T09:40:06.262Z"}
{"context":"RoutesResolver","level":"info","message":"MenuController {/menu}:","timestamp":"2025-10-10T09:40:06.265Z"}
{"context":"RouterExplorer","level":"info","message":"Mapped {/menu, POST} route","timestamp":"2025-10-10T09:40:06.267Z"}
{"context":"RouterExplorer","level":"info","message":"Mapped {/menu, GET} route","timestamp":"2025-10-10T09:40:06.268Z"}
{"context":"RouterExplorer","level":"info","message":"Mapped {/menu/:id, DELETE} route","timestamp":"2025-10-10T09:40:06.269Z"}
{"context":"RoutesResolver","level":"info","message":"OrderController {/order}:","timestamp":"2025-10-10T09:40:06.270Z"}
{"context":"RouterExplorer","level":"info","message":"Mapped {/order, POST} route","timestamp":"2025-10-10T09:40:06.271Z"}
{"context":"RouterExplorer","level":"info","message":"Mapped {/order/:year/:month, GET} route","timestamp":"2025-10-10T09:40:06.272Z"}
{"context":"RoutesResolver","level":"info","message":"UserController {/user}:","timestamp":"2025-10-10T09:40:06.272Z"}
{"context":"RouterExplorer","level":"info","message":"Mapped {/user/register, POST} route","timestamp":"2025-10-10T09:40:06.273Z"}
{"context":"RouterExplorer","level":"info","message":"Mapped {/user/login, POST} route","timestamp":"2025-10-10T09:40:06.273Z"}
{"context":"RouterExplorer","level":"info","message":"Mapped {/user/profile, GET} route","timestamp":"2025-10-10T09:40:06.274Z"}
{"context":"NestApplication","level":"info","message":"Nest application successfully started","timestamp":"2025-10-10T09:40:06.277Z"}
{"level":"info","message":"Application is running on: http://[::1]:3001","timestamp":"2025-10-10T09:40:06.281Z"}
{"context":"NestFactory","level":"info","message":"Starting Nest application...","timestamp":"2025-10-10T09:51:44.275Z"}
{"context":"InstanceLoader","level":"info","message":"AppModule dependencies initialized","timestamp":"2025-10-10T09:51:44.311Z"}
{"context":"InstanceLoader","level":"info","message":"MongooseModule dependencies initialized","timestamp":"2025-10-10T09:51:44.314Z"}
{"context":"InstanceLoader","level":"info","message":"PassportModule dependencies initialized","timestamp":"2025-10-10T09:51:44.315Z"}
{"context":"InstanceLoader","level":"info","message":"HttpModule dependencies initialized","timestamp":"2025-10-10T09:51:44.317Z"}
{"context":"InstanceLoader","level":"info","message":"ConfigHostModule dependencies initialized","timestamp":"2025-10-10T09:51:44.318Z"}
{"context":"InstanceLoader","level":"info","message":"ServeStaticModule dependencies initialized","timestamp":"2025-10-10T09:51:44.319Z"}
{"context":"InstanceLoader","level":"info","message":"ConfigModule dependencies initialized","timestamp":"2025-10-10T09:51:44.320Z"}
{"context":"InstanceLoader","level":"info","message":"ConfigModule dependencies initialized","timestamp":"2025-10-10T09:51:44.321Z"}
{"context":"InstanceLoader","level":"info","message":"JwtModule dependencies initialized","timestamp":"2025-10-10T09:51:44.362Z"}
{"context":"InstanceLoader","level":"info","message":"MongooseCoreModule dependencies initialized","timestamp":"2025-10-10T09:51:44.390Z"}
{"context":"InstanceLoader","level":"info","message":"MongooseModule dependencies initialized","timestamp":"2025-10-10T09:51:44.402Z"}
{"context":"InstanceLoader","level":"info","message":"MongooseModule dependencies initialized","timestamp":"2025-10-10T09:51:44.403Z"}
{"context":"InstanceLoader","level":"info","message":"MongooseModule dependencies initialized","timestamp":"2025-10-10T09:51:44.403Z"}
{"context":"InstanceLoader","level":"info","message":"OrderModule dependencies initialized","timestamp":"2025-10-10T09:51:44.408Z"}
{"context":"InstanceLoader","level":"info","message":"MenuModule dependencies initialized","timestamp":"2025-10-10T09:51:44.408Z"}
{"context":"InstanceLoader","level":"info","message":"UserModule dependencies initialized","timestamp":"2025-10-10T09:51:44.409Z"}
{"context":"RoutesResolver","level":"info","message":"MenuController {/menu}:","timestamp":"2025-10-10T09:51:44.422Z"}
{"context":"RouterExplorer","level":"info","message":"Mapped {/menu, POST} route","timestamp":"2025-10-10T09:51:44.427Z"}
{"context":"RouterExplorer","level":"info","message":"Mapped {/menu, GET} route","timestamp":"2025-10-10T09:51:44.428Z"}
{"context":"RouterExplorer","level":"info","message":"Mapped {/menu/:id, DELETE} route","timestamp":"2025-10-10T09:51:44.430Z"}
{"context":"RoutesResolver","level":"info","message":"OrderController {/order}:","timestamp":"2025-10-10T09:51:44.431Z"}
{"context":"RouterExplorer","level":"info","message":"Mapped {/order, POST} route","timestamp":"2025-10-10T09:51:44.433Z"}
{"context":"RouterExplorer","level":"info","message":"Mapped {/order/:year/:month, GET} route","timestamp":"2025-10-10T09:51:44.434Z"}
{"context":"RoutesResolver","level":"info","message":"UserController {/user}:","timestamp":"2025-10-10T09:51:44.434Z"}
{"context":"RouterExplorer","level":"info","message":"Mapped {/user/register, POST} route","timestamp":"2025-10-10T09:51:44.436Z"}
{"context":"RouterExplorer","level":"info","message":"Mapped {/user/login, POST} route","timestamp":"2025-10-10T09:51:44.436Z"}
{"context":"RouterExplorer","level":"info","message":"Mapped {/user/profile, GET} route","timestamp":"2025-10-10T09:51:44.437Z"}
{"context":"NestApplication","level":"info","message":"Nest application successfully started","timestamp":"2025-10-10T09:51:44.444Z"}
{"level":"info","message":"Application is running on: http://[::1]:3001","timestamp":"2025-10-10T09:51:44.456Z"}
{"context":"NestFactory","level":"info","message":"Starting Nest application...","timestamp":"2025-10-10T09:52:10.146Z"}
{"context":"InstanceLoader","level":"info","message":"AppModule dependencies initialized","timestamp":"2025-10-10T09:52:10.181Z"}
{"context":"InstanceLoader","level":"info","message":"MongooseModule dependencies initialized","timestamp":"2025-10-10T09:52:10.184Z"}
{"context":"InstanceLoader","level":"info","message":"PassportModule dependencies initialized","timestamp":"2025-10-10T09:52:10.186Z"}
{"context":"InstanceLoader","level":"info","message":"HttpModule dependencies initialized","timestamp":"2025-10-10T09:52:10.187Z"}
{"context":"InstanceLoader","level":"info","message":"ConfigHostModule dependencies initialized","timestamp":"2025-10-10T09:52:10.188Z"}
{"context":"InstanceLoader","level":"info","message":"ServeStaticModule dependencies initialized","timestamp":"2025-10-10T09:52:10.189Z"}
{"context":"InstanceLoader","level":"info","message":"ConfigModule dependencies initialized","timestamp":"2025-10-10T09:52:10.190Z"}
{"context":"InstanceLoader","level":"info","message":"ConfigModule dependencies initialized","timestamp":"2025-10-10T09:52:10.192Z"}
{"context":"InstanceLoader","level":"info","message":"JwtModule dependencies initialized","timestamp":"2025-10-10T09:52:10.240Z"}
{"context":"InstanceLoader","level":"info","message":"MongooseCoreModule dependencies initialized","timestamp":"2025-10-10T09:52:10.270Z"}
{"context":"InstanceLoader","level":"info","message":"MongooseModule dependencies initialized","timestamp":"2025-10-10T09:52:10.287Z"}
{"context":"InstanceLoader","level":"info","message":"MongooseModule dependencies initialized","timestamp":"2025-10-10T09:52:10.288Z"}
{"context":"InstanceLoader","level":"info","message":"MongooseModule dependencies initialized","timestamp":"2025-10-10T09:52:10.288Z"}
{"context":"InstanceLoader","level":"info","message":"OrderModule dependencies initialized","timestamp":"2025-10-10T09:52:10.292Z"}
{"context":"InstanceLoader","level":"info","message":"MenuModule dependencies initialized","timestamp":"2025-10-10T09:52:10.293Z"}
{"context":"InstanceLoader","level":"info","message":"UserModule dependencies initialized","timestamp":"2025-10-10T09:52:10.295Z"}
{"context":"RoutesResolver","level":"info","message":"MenuController {/menu}:","timestamp":"2025-10-10T09:52:10.304Z"}
{"context":"RouterExplorer","level":"info","message":"Mapped {/menu, POST} route","timestamp":"2025-10-10T09:52:10.309Z"}
{"context":"RouterExplorer","level":"info","message":"Mapped {/menu, GET} route","timestamp":"2025-10-10T09:52:10.310Z"}
{"context":"RouterExplorer","level":"info","message":"Mapped {/menu/:id, DELETE} route","timestamp":"2025-10-10T09:52:10.313Z"}
{"context":"RoutesResolver","level":"info","message":"OrderController {/order}:","timestamp":"2025-10-10T09:52:10.315Z"}
{"context":"RouterExplorer","level":"info","message":"Mapped {/order, POST} route","timestamp":"2025-10-10T09:52:10.317Z"}
{"context":"RouterExplorer","level":"info","message":"Mapped {/order/:year/:month, GET} route","timestamp":"2025-10-10T09:52:10.318Z"}
{"context":"RoutesResolver","level":"info","message":"UserController {/user}:","timestamp":"2025-10-10T09:52:10.319Z"}
{"context":"RouterExplorer","level":"info","message":"Mapped {/user/register, POST} route","timestamp":"2025-10-10T09:52:10.320Z"}
{"context":"RouterExplorer","level":"info","message":"Mapped {/user/login, POST} route","timestamp":"2025-10-10T09:52:10.320Z"}
{"context":"RouterExplorer","level":"info","message":"Mapped {/user/profile, GET} route","timestamp":"2025-10-10T09:52:10.321Z"}
{"context":"NestApplication","level":"info","message":"Nest application successfully started","timestamp":"2025-10-10T09:52:10.328Z"}
{"level":"info","message":"Application is running on: http://[::1]:3001","timestamp":"2025-10-10T09:52:10.339Z"}
{"context":"NestFactory","level":"info","message":"Starting Nest application...","timestamp":"2025-10-10T09:52:32.930Z"}
{"context":"InstanceLoader","level":"info","message":"AppModule dependencies initialized","timestamp":"2025-10-10T09:52:32.952Z"}
{"context":"InstanceLoader","level":"info","message":"MongooseModule dependencies initialized","timestamp":"2025-10-10T09:52:32.953Z"}
{"context":"InstanceLoader","level":"info","message":"PassportModule dependencies initialized","timestamp":"2025-10-10T09:52:32.953Z"}
{"context":"InstanceLoader","level":"info","message":"HttpModule dependencies initialized","timestamp":"2025-10-10T09:52:32.954Z"}
{"context":"InstanceLoader","level":"info","message":"ConfigHostModule dependencies initialized","timestamp":"2025-10-10T09:52:32.955Z"}
{"context":"InstanceLoader","level":"info","message":"ServeStaticModule dependencies initialized","timestamp":"2025-10-10T09:52:32.956Z"}
{"context":"InstanceLoader","level":"info","message":"ConfigModule dependencies initialized","timestamp":"2025-10-10T09:52:32.956Z"}
{"context":"InstanceLoader","level":"info","message":"ConfigModule dependencies initialized","timestamp":"2025-10-10T09:52:32.957Z"}
{"context":"InstanceLoader","level":"info","message":"JwtModule dependencies initialized","timestamp":"2025-10-10T09:52:32.989Z"}
{"context":"InstanceLoader","level":"info","message":"MongooseCoreModule dependencies initialized","timestamp":"2025-10-10T09:52:33.009Z"}
{"context":"InstanceLoader","level":"info","message":"MongooseModule dependencies initialized","timestamp":"2025-10-10T09:52:33.021Z"}
{"context":"InstanceLoader","level":"info","message":"MongooseModule dependencies initialized","timestamp":"2025-10-10T09:52:33.021Z"}
{"context":"InstanceLoader","level":"info","message":"MongooseModule dependencies initialized","timestamp":"2025-10-10T09:52:33.022Z"}
{"context":"InstanceLoader","level":"info","message":"OrderModule dependencies initialized","timestamp":"2025-10-10T09:52:33.024Z"}
{"context":"InstanceLoader","level":"info","message":"MenuModule dependencies initialized","timestamp":"2025-10-10T09:52:33.025Z"}
{"context":"InstanceLoader","level":"info","message":"UserModule dependencies initialized","timestamp":"2025-10-10T09:52:33.026Z"}
{"context":"RoutesResolver","level":"info","message":"MenuController {/menu}:","timestamp":"2025-10-10T09:52:33.034Z"}
{"context":"RouterExplorer","level":"info","message":"Mapped {/menu, POST} route","timestamp":"2025-10-10T09:52:33.040Z"}
{"context":"RouterExplorer","level":"info","message":"Mapped {/menu, GET} route","timestamp":"2025-10-10T09:52:33.040Z"}
{"context":"RouterExplorer","level":"info","message":"Mapped {/menu/:id, PUT} route","timestamp":"2025-10-10T09:52:33.042Z"}
{"context":"RouterExplorer","level":"info","message":"Mapped {/menu/:id, DELETE} route","timestamp":"2025-10-10T09:52:33.043Z"}
{"context":"RoutesResolver","level":"info","message":"OrderController {/order}:","timestamp":"2025-10-10T09:52:33.043Z"}
{"context":"RouterExplorer","level":"info","message":"Mapped {/order, POST} route","timestamp":"2025-10-10T09:52:33.044Z"}
{"context":"RouterExplorer","level":"info","message":"Mapped {/order/:year/:month, GET} route","timestamp":"2025-10-10T09:52:33.044Z"}
{"context":"RoutesResolver","level":"info","message":"UserController {/user}:","timestamp":"2025-10-10T09:52:33.045Z"}
{"context":"RouterExplorer","level":"info","message":"Mapped {/user/register, POST} route","timestamp":"2025-10-10T09:52:33.046Z"}
{"context":"RouterExplorer","level":"info","message":"Mapped {/user/login, POST} route","timestamp":"2025-10-10T09:52:33.047Z"}
{"context":"RouterExplorer","level":"info","message":"Mapped {/user/profile, GET} route","timestamp":"2025-10-10T09:52:33.048Z"}
{"context":"NestApplication","level":"info","message":"Nest application successfully started","timestamp":"2025-10-10T09:52:33.054Z"}
{"level":"info","message":"Application is running on: http://[::1]:3001","timestamp":"2025-10-10T09:52:33.063Z"}
{"context":"ExceptionsHandler","level":"error","message":"ENOENT: no such file or directory, stat 'D:\\Code\\react\\resto-qrcode-backend\\public\\index.html'","stack":["Error: ENOENT: no such file or directory, stat 'D:\\Code\\react\\resto-qrcode-backend\\public\\index.html'"],"timestamp":"2025-10-10T09:57:29.004Z"}
{"context":"ExceptionsHandler","level":"error","message":"ENOENT: no such file or directory, stat 'D:\\Code\\react\\resto-qrcode-backend\\public\\index.html'","stack":["Error: ENOENT: no such file or directory, stat 'D:\\Code\\react\\resto-qrcode-backend\\public\\index.html'"],"timestamp":"2025-10-10T09:57:37.279Z"}
{"context":"ExceptionsHandler","level":"error","message":"ENOENT: no such file or directory, stat 'D:\\Code\\react\\resto-qrcode-backend\\public\\index.html'","stack":["Error: ENOENT: no such file or directory, stat 'D:\\Code\\react\\resto-qrcode-backend\\public\\index.html'"],"timestamp":"2025-10-10T09:58:32.003Z"}
{"context":"ExceptionsHandler","level":"error","message":"ENOENT: no such file or directory, stat 'D:\\Code\\react\\resto-qrcode-backend\\public\\index.html'","stack":["Error: ENOENT: no such file or directory, stat 'D:\\Code\\react\\resto-qrcode-backend\\public\\index.html'"],"timestamp":"2025-10-10T09:58:32.062Z"}
{"context":"ExceptionsHandler","level":"error","message":"ENOENT: no such file or directory, stat 'D:\\Code\\react\\resto-qrcode-backend\\public\\index.html'","stack":["Error: ENOENT: no such file or directory, stat 'D:\\Code\\react\\resto-qrcode-backend\\public\\index.html'"],"timestamp":"2025-10-10T10:00:54.805Z"}
{"context":"ExceptionsHandler","level":"error","message":"ENOENT: no such file or directory, stat 'D:\\Code\\react\\resto-qrcode-backend\\public\\index.html'","stack":["Error: ENOENT: no such file or directory, stat 'D:\\Code\\react\\resto-qrcode-backend\\public\\index.html'"],"timestamp":"2025-10-10T10:01:15.234Z"}
{"context":"ExceptionsHandler","level":"error","message":"ENOENT: no such file or directory, stat 'D:\\Code\\react\\resto-qrcode-backend\\public\\index.html'","stack":["Error: ENOENT: no such file or directory, stat 'D:\\Code\\react\\resto-qrcode-backend\\public\\index.html'"],"timestamp":"2025-10-10T10:01:36.212Z"}
{"context":"ExceptionsHandler","level":"error","message":"ENOENT: no such file or directory, stat 'D:\\Code\\react\\resto-qrcode-backend\\public\\index.html'","stack":["Error: ENOENT: no such file or directory, stat 'D:\\Code\\react\\resto-qrcode-backend\\public\\index.html'"],"timestamp":"2025-10-10T10:01:41.704Z"}
{"context":"NestFactory","level":"info","message":"Starting Nest application...","timestamp":"2025-10-10T10:13:00.068Z"}
{"context":"InstanceLoader","level":"info","message":"AppModule dependencies initialized","timestamp":"2025-10-10T10:13:00.108Z"}
{"context":"InstanceLoader","level":"info","message":"MongooseModule dependencies initialized","timestamp":"2025-10-10T10:13:00.110Z"}
{"context":"InstanceLoader","level":"info","message":"PassportModule dependencies initialized","timestamp":"2025-10-10T10:13:00.111Z"}
{"context":"InstanceLoader","level":"info","message":"HttpModule dependencies initialized","timestamp":"2025-10-10T10:13:00.112Z"}
{"context":"InstanceLoader","level":"info","message":"ConfigHostModule dependencies initialized","timestamp":"2025-10-10T10:13:00.113Z"}
{"context":"InstanceLoader","level":"info","message":"ServeStaticModule dependencies initialized","timestamp":"2025-10-10T10:13:00.114Z"}
{"context":"InstanceLoader","level":"info","message":"ConfigModule dependencies initialized","timestamp":"2025-10-10T10:13:00.115Z"}
{"context":"InstanceLoader","level":"info","message":"ConfigModule dependencies initialized","timestamp":"2025-10-10T10:13:00.116Z"}
{"context":"InstanceLoader","level":"info","message":"JwtModule dependencies initialized","timestamp":"2025-10-10T10:13:00.156Z"}
{"context":"InstanceLoader","level":"info","message":"MongooseCoreModule dependencies initialized","timestamp":"2025-10-10T10:13:00.184Z"}
{"context":"InstanceLoader","level":"info","message":"MongooseModule dependencies initialized","timestamp":"2025-10-10T10:13:00.198Z"}
{"context":"InstanceLoader","level":"info","message":"MongooseModule dependencies initialized","timestamp":"2025-10-10T10:13:00.199Z"}
{"context":"InstanceLoader","level":"info","message":"MongooseModule dependencies initialized","timestamp":"2025-10-10T10:13:00.199Z"}
{"context":"InstanceLoader","level":"info","message":"OrderModule dependencies initialized","timestamp":"2025-10-10T10:13:00.204Z"}
{"context":"InstanceLoader","level":"info","message":"MenuModule dependencies initialized","timestamp":"2025-10-10T10:13:00.204Z"}
{"context":"InstanceLoader","level":"info","message":"UserModule dependencies initialized","timestamp":"2025-10-10T10:13:00.205Z"}
{"context":"RoutesResolver","level":"info","message":"MenuController {/menu}:","timestamp":"2025-10-10T10:13:00.215Z"}
{"context":"RouterExplorer","level":"info","message":"Mapped {/menu, POST} route","timestamp":"2025-10-10T10:13:00.221Z"}
{"context":"RouterExplorer","level":"info","message":"Mapped {/menu, GET} route","timestamp":"2025-10-10T10:13:00.222Z"}
{"context":"RouterExplorer","level":"info","message":"Mapped {/menu/:id, PUT} route","timestamp":"2025-10-10T10:13:00.224Z"}
{"context":"RouterExplorer","level":"info","message":"Mapped {/menu/:id, DELETE} route","timestamp":"2025-10-10T10:13:00.225Z"}
{"context":"RoutesResolver","level":"info","message":"OrderController {/order}:","timestamp":"2025-10-10T10:13:00.225Z"}
{"context":"RouterExplorer","level":"info","message":"Mapped {/order, POST} route","timestamp":"2025-10-10T10:13:00.226Z"}
{"context":"RouterExplorer","level":"info","message":"Mapped {/order/:year/:month, GET} route","timestamp":"2025-10-10T10:13:00.227Z"}
{"context":"RoutesResolver","level":"info","message":"UserController {/user}:","timestamp":"2025-10-10T10:13:00.227Z"}
{"context":"RouterExplorer","level":"info","message":"Mapped {/user/register, POST} route","timestamp":"2025-10-10T10:13:00.228Z"}
{"context":"RouterExplorer","level":"info","message":"Mapped {/user/login, POST} route","timestamp":"2025-10-10T10:13:00.229Z"}
{"context":"RouterExplorer","level":"info","message":"Mapped {/user/profile, GET} route","timestamp":"2025-10-10T10:13:00.230Z"}
{"context":"NestApplication","level":"info","message":"Nest application successfully started","timestamp":"2025-10-10T10:13:00.237Z"}
{"level":"info","message":"Application is running on: http://[::1]:3001","timestamp":"2025-10-10T10:13:00.247Z"}
