{"context":"NestFactory","level":"info","message":"Starting Nest application...","timestamp":"2025-11-01T14:16:35.105Z"}
{"context":"InstanceLoader","level":"info","message":"AppModule dependencies initialized","timestamp":"2025-11-01T14:16:35.121Z"}
{"context":"InstanceLoader","level":"info","message":"MongooseModule dependencies initialized","timestamp":"2025-11-01T14:16:35.122Z"}
{"context":"InstanceLoader","level":"info","message":"PassportModule dependencies initialized","timestamp":"2025-11-01T14:16:35.123Z"}
{"context":"InstanceLoader","level":"info","message":"ConfigHostModule dependencies initialized","timestamp":"2025-11-01T14:16:35.124Z"}
{"context":"InstanceLoader","level":"info","message":"HttpModule dependencies initialized","timestamp":"2025-11-01T14:16:35.126Z"}
{"context":"InstanceLoader","level":"info","message":"ConfigModule dependencies initialized","timestamp":"2025-11-01T14:16:35.129Z"}
{"context":"InstanceLoader","level":"info","message":"ConfigModule dependencies initialized","timestamp":"2025-11-01T14:16:35.129Z"}
{"context":"InstanceLoader","level":"info","message":"ServeStaticModule dependencies initialized","timestamp":"2025-11-01T14:16:35.130Z"}
{"context":"InstanceLoader","level":"info","message":"JwtModule dependencies initialized","timestamp":"2025-11-01T14:16:35.151Z"}
{"context":"InstanceLoader","level":"info","message":"MongooseCoreModule dependencies initialized","timestamp":"2025-11-01T14:16:35.186Z"}
{"context":"InstanceLoader","level":"info","message":"MongooseModule dependencies initialized","timestamp":"2025-11-01T14:16:35.186Z"}
{"context":"InstanceLoader","level":"info","message":"MongooseModule dependencies initialized","timestamp":"2025-11-01T14:16:35.187Z"}
{"context":"InstanceLoader","level":"info","message":"MongooseModule dependencies initialized","timestamp":"2025-11-01T14:16:35.187Z"}
{"context":"InstanceLoader","level":"info","message":"MongooseModule dependencies initialized","timestamp":"2025-11-01T14:16:35.188Z"}
{"context":"InstanceLoader","level":"info","message":"MongooseModule dependencies initialized","timestamp":"2025-11-01T14:16:35.188Z"}
{"context":"InstanceLoader","level":"info","message":"StokModule dependencies initialized","timestamp":"2025-11-01T14:16:35.191Z"}
{"context":"InstanceLoader","level":"info","message":"OrderModule dependencies initialized","timestamp":"2025-11-01T14:16:35.192Z"}
{"context":"InstanceLoader","level":"info","message":"MenuModule dependencies initialized","timestamp":"2025-11-01T14:16:35.193Z"}
{"context":"InstanceLoader","level":"info","message":"OpsiMenuModule dependencies initialized","timestamp":"2025-11-01T14:16:35.194Z"}
{"context":"InstanceLoader","level":"info","message":"UserModule dependencies initialized","timestamp":"2025-11-01T14:16:35.194Z"}
{"context":"RoutesResolver","level":"info","message":"MenuController {/menu}:","timestamp":"2025-11-01T14:16:35.198Z"}
{"context":"RouterExplorer","level":"info","message":"Mapped {/menu, POST} route","timestamp":"2025-11-01T14:16:35.201Z"}
{"context":"RouterExplorer","level":"info","message":"Mapped {/menu, GET} route","timestamp":"2025-11-01T14:16:35.202Z"}
{"context":"RouterExplorer","level":"info","message":"Mapped {/menu/:id, PUT} route","timestamp":"2025-11-01T14:16:35.203Z"}
{"context":"RouterExplorer","level":"info","message":"Mapped {/menu/:id, DELETE} route","timestamp":"2025-11-01T14:16:35.204Z"}
{"context":"RoutesResolver","level":"info","message":"OrderController {/order}:","timestamp":"2025-11-01T14:16:35.205Z"}
{"context":"RouterExplorer","level":"info","message":"Mapped {/order, POST} route","timestamp":"2025-11-01T14:16:35.206Z"}
{"context":"RouterExplorer","level":"info","message":"Mapped {/order/:year/:month, GET} route","timestamp":"2025-11-01T14:16:35.207Z"}
{"context":"RoutesResolver","level":"info","message":"UserController {/user}:","timestamp":"2025-11-01T14:16:35.208Z"}
{"context":"RouterExplorer","level":"info","message":"Mapped {/user/register, POST} route","timestamp":"2025-11-01T14:16:35.209Z"}
{"context":"RouterExplorer","level":"info","message":"Mapped {/user/profile, GET} route","timestamp":"2025-11-01T14:16:35.210Z"}
{"context":"RouterExplorer","level":"info","message":"Mapped {/user, GET} route","timestamp":"2025-11-01T14:16:35.212Z"}
{"context":"RouterExplorer","level":"info","message":"Mapped {/user/:id, GET} route","timestamp":"2025-11-01T14:16:35.213Z"}
{"context":"RouterExplorer","level":"info","message":"Mapped {/user/:id, PUT} route","timestamp":"2025-11-01T14:16:35.213Z"}
{"context":"RouterExplorer","level":"info","message":"Mapped {/user/:id, DELETE} route","timestamp":"2025-11-01T14:16:35.214Z"}
{"context":"RoutesResolver","level":"info","message":"StokController {/stok}:","timestamp":"2025-11-01T14:16:35.215Z"}
{"context":"RouterExplorer","level":"info","message":"Mapped {/stok, POST} route","timestamp":"2025-11-01T14:16:35.215Z"}
{"context":"RouterExplorer","level":"info","message":"Mapped {/stok, GET} route","timestamp":"2025-11-01T14:16:35.216Z"}
{"context":"RouterExplorer","level":"info","message":"Mapped {/stok/:id, PUT} route","timestamp":"2025-11-01T14:16:35.217Z"}
{"context":"RouterExplorer","level":"info","message":"Mapped {/stok/:id, DELETE} route","timestamp":"2025-11-01T14:16:35.217Z"}
{"context":"RoutesResolver","level":"info","message":"OpsiMenuController {/opsi-menu}:","timestamp":"2025-11-01T14:16:35.218Z"}
{"context":"RouterExplorer","level":"info","message":"Mapped {/opsi-menu, POST} route","timestamp":"2025-11-01T14:16:35.219Z"}
{"context":"RouterExplorer","level":"info","message":"Mapped {/opsi-menu, GET} route","timestamp":"2025-11-01T14:16:35.219Z"}
{"context":"RouterExplorer","level":"info","message":"Mapped {/opsi-menu/:id, GET} route","timestamp":"2025-11-01T14:16:35.220Z"}
{"context":"RouterExplorer","level":"info","message":"Mapped {/opsi-menu/:id, PUT} route","timestamp":"2025-11-01T14:16:35.221Z"}
{"context":"RouterExplorer","level":"info","message":"Mapped {/opsi-menu/:id, DELETE} route","timestamp":"2025-11-01T14:16:35.222Z"}
{"context":"NestApplication","level":"info","message":"Nest application successfully started","timestamp":"2025-11-01T14:16:35.227Z"}
{"level":"info","message":"Application is running on: http://[::1]:3001","timestamp":"2025-11-01T14:16:35.233Z"}
{"context":"NestFactory","level":"info","message":"Starting Nest application...","timestamp":"2025-11-01T14:52:33.548Z"}
{"context":"InstanceLoader","level":"info","message":"AppModule dependencies initialized","timestamp":"2025-11-01T14:52:33.562Z"}
{"context":"InstanceLoader","level":"info","message":"MongooseModule dependencies initialized","timestamp":"2025-11-01T14:52:33.563Z"}
{"context":"InstanceLoader","level":"info","message":"PassportModule dependencies initialized","timestamp":"2025-11-01T14:52:33.564Z"}
{"context":"InstanceLoader","level":"info","message":"ConfigHostModule dependencies initialized","timestamp":"2025-11-01T14:52:33.565Z"}
{"context":"InstanceLoader","level":"info","message":"HttpModule dependencies initialized","timestamp":"2025-11-01T14:52:33.566Z"}
{"context":"InstanceLoader","level":"info","message":"ConfigModule dependencies initialized","timestamp":"2025-11-01T14:52:33.567Z"}
{"context":"InstanceLoader","level":"info","message":"ConfigModule dependencies initialized","timestamp":"2025-11-01T14:52:33.568Z"}
{"context":"InstanceLoader","level":"info","message":"ServeStaticModule dependencies initialized","timestamp":"2025-11-01T14:52:33.569Z"}
{"context":"InstanceLoader","level":"info","message":"JwtModule dependencies initialized","timestamp":"2025-11-01T14:52:33.590Z"}
{"context":"InstanceLoader","level":"info","message":"MongooseCoreModule dependencies initialized","timestamp":"2025-11-01T14:52:33.623Z"}
{"context":"InstanceLoader","level":"info","message":"MongooseModule dependencies initialized","timestamp":"2025-11-01T14:52:33.624Z"}
{"context":"InstanceLoader","level":"info","message":"MongooseModule dependencies initialized","timestamp":"2025-11-01T14:52:33.624Z"}
{"context":"InstanceLoader","level":"info","message":"MongooseModule dependencies initialized","timestamp":"2025-11-01T14:52:33.625Z"}
{"context":"InstanceLoader","level":"info","message":"MongooseModule dependencies initialized","timestamp":"2025-11-01T14:52:33.625Z"}
{"context":"InstanceLoader","level":"info","message":"MongooseModule dependencies initialized","timestamp":"2025-11-01T14:52:33.625Z"}
{"context":"InstanceLoader","level":"info","message":"StokModule dependencies initialized","timestamp":"2025-11-01T14:52:33.627Z"}
{"context":"InstanceLoader","level":"info","message":"OrderModule dependencies initialized","timestamp":"2025-11-01T14:52:33.628Z"}
{"context":"InstanceLoader","level":"info","message":"MenuModule dependencies initialized","timestamp":"2025-11-01T14:52:33.629Z"}
{"context":"InstanceLoader","level":"info","message":"OpsiMenuModule dependencies initialized","timestamp":"2025-11-01T14:52:33.629Z"}
{"context":"InstanceLoader","level":"info","message":"UserModule dependencies initialized","timestamp":"2025-11-01T14:52:33.630Z"}
{"context":"RoutesResolver","level":"info","message":"MenuController {/menu}:","timestamp":"2025-11-01T14:52:33.635Z"}
{"context":"RouterExplorer","level":"info","message":"Mapped {/menu, POST} route","timestamp":"2025-11-01T14:52:33.640Z"}
{"context":"RouterExplorer","level":"info","message":"Mapped {/menu, GET} route","timestamp":"2025-11-01T14:52:33.641Z"}
{"context":"RouterExplorer","level":"info","message":"Mapped {/menu/:id, PUT} route","timestamp":"2025-11-01T14:52:33.643Z"}
{"context":"RouterExplorer","level":"info","message":"Mapped {/menu/:id, DELETE} route","timestamp":"2025-11-01T14:52:33.644Z"}
{"context":"RoutesResolver","level":"info","message":"OrderController {/order}:","timestamp":"2025-11-01T14:52:33.644Z"}
{"context":"RouterExplorer","level":"info","message":"Mapped {/order, POST} route","timestamp":"2025-11-01T14:52:33.645Z"}
{"context":"RouterExplorer","level":"info","message":"Mapped {/order/:year/:month, GET} route","timestamp":"2025-11-01T14:52:33.646Z"}
{"context":"RoutesResolver","level":"info","message":"UserController {/user}:","timestamp":"2025-11-01T14:52:33.646Z"}
{"context":"RouterExplorer","level":"info","message":"Mapped {/user/register, POST} route","timestamp":"2025-11-01T14:52:33.647Z"}
{"context":"RouterExplorer","level":"info","message":"Mapped {/user/login, POST} route","timestamp":"2025-11-01T14:52:33.648Z"}
{"context":"RouterExplorer","level":"info","message":"Mapped {/user/profile, GET} route","timestamp":"2025-11-01T14:52:33.649Z"}
{"context":"RouterExplorer","level":"info","message":"Mapped {/user, GET} route","timestamp":"2025-11-01T14:52:33.651Z"}
{"context":"RouterExplorer","level":"info","message":"Mapped {/user/:id, GET} route","timestamp":"2025-11-01T14:52:33.651Z"}
{"context":"RouterExplorer","level":"info","message":"Mapped {/user/:id, PUT} route","timestamp":"2025-11-01T14:52:33.652Z"}
{"context":"RouterExplorer","level":"info","message":"Mapped {/user/:id, DELETE} route","timestamp":"2025-11-01T14:52:33.652Z"}
{"context":"RoutesResolver","level":"info","message":"StokController {/stok}:","timestamp":"2025-11-01T14:52:33.653Z"}
{"context":"RouterExplorer","level":"info","message":"Mapped {/stok, POST} route","timestamp":"2025-11-01T14:52:33.654Z"}
{"context":"RouterExplorer","level":"info","message":"Mapped {/stok, GET} route","timestamp":"2025-11-01T14:52:33.654Z"}
{"context":"RouterExplorer","level":"info","message":"Mapped {/stok/:id, PUT} route","timestamp":"2025-11-01T14:52:33.655Z"}
{"context":"RouterExplorer","level":"info","message":"Mapped {/stok/:id, DELETE} route","timestamp":"2025-11-01T14:52:33.656Z"}
{"context":"RoutesResolver","level":"info","message":"OpsiMenuController {/opsi-menu}:","timestamp":"2025-11-01T14:52:33.656Z"}
{"context":"RouterExplorer","level":"info","message":"Mapped {/opsi-menu, POST} route","timestamp":"2025-11-01T14:52:33.657Z"}
{"context":"RouterExplorer","level":"info","message":"Mapped {/opsi-menu, GET} route","timestamp":"2025-11-01T14:52:33.657Z"}
{"context":"RouterExplorer","level":"info","message":"Mapped {/opsi-menu/:id, GET} route","timestamp":"2025-11-01T14:52:33.658Z"}
{"context":"RouterExplorer","level":"info","message":"Mapped {/opsi-menu/:id, PUT} route","timestamp":"2025-11-01T14:52:33.659Z"}
{"context":"RouterExplorer","level":"info","message":"Mapped {/opsi-menu/:id, DELETE} route","timestamp":"2025-11-01T14:52:33.660Z"}
{"context":"NestApplication","level":"info","message":"Nest application successfully started","timestamp":"2025-11-01T14:52:33.664Z"}
{"level":"info","message":"Application is running on: http://[::1]:3001","timestamp":"2025-11-01T14:52:33.671Z"}
{"context":"NestFactory","level":"info","message":"Starting Nest application...","timestamp":"2025-11-01T14:52:45.317Z"}
{"context":"InstanceLoader","level":"info","message":"AppModule dependencies initialized","timestamp":"2025-11-01T14:52:45.332Z"}
{"context":"InstanceLoader","level":"info","message":"MongooseModule dependencies initialized","timestamp":"2025-11-01T14:52:45.333Z"}
{"context":"InstanceLoader","level":"info","message":"PassportModule dependencies initialized","timestamp":"2025-11-01T14:52:45.333Z"}
{"context":"InstanceLoader","level":"info","message":"ConfigHostModule dependencies initialized","timestamp":"2025-11-01T14:52:45.334Z"}
{"context":"InstanceLoader","level":"info","message":"HttpModule dependencies initialized","timestamp":"2025-11-01T14:52:45.335Z"}
{"context":"InstanceLoader","level":"info","message":"ConfigModule dependencies initialized","timestamp":"2025-11-01T14:52:45.337Z"}
{"context":"InstanceLoader","level":"info","message":"ConfigModule dependencies initialized","timestamp":"2025-11-01T14:52:45.337Z"}
{"context":"InstanceLoader","level":"info","message":"ServeStaticModule dependencies initialized","timestamp":"2025-11-01T14:52:45.338Z"}
{"context":"InstanceLoader","level":"info","message":"JwtModule dependencies initialized","timestamp":"2025-11-01T14:52:45.357Z"}
{"context":"InstanceLoader","level":"info","message":"MongooseCoreModule dependencies initialized","timestamp":"2025-11-01T14:52:45.375Z"}
{"context":"InstanceLoader","level":"info","message":"MongooseModule dependencies initialized","timestamp":"2025-11-01T14:52:45.375Z"}
{"context":"InstanceLoader","level":"info","message":"MongooseModule dependencies initialized","timestamp":"2025-11-01T14:52:45.376Z"}
{"context":"InstanceLoader","level":"info","message":"MongooseModule dependencies initialized","timestamp":"2025-11-01T14:52:45.376Z"}
{"context":"InstanceLoader","level":"info","message":"MongooseModule dependencies initialized","timestamp":"2025-11-01T14:52:45.377Z"}
{"context":"InstanceLoader","level":"info","message":"MongooseModule dependencies initialized","timestamp":"2025-11-01T14:52:45.377Z"}
{"context":"InstanceLoader","level":"info","message":"StokModule dependencies initialized","timestamp":"2025-11-01T14:52:45.380Z"}
{"context":"InstanceLoader","level":"info","message":"OrderModule dependencies initialized","timestamp":"2025-11-01T14:52:45.381Z"}
{"context":"InstanceLoader","level":"info","message":"MenuModule dependencies initialized","timestamp":"2025-11-01T14:52:45.381Z"}
{"context":"InstanceLoader","level":"info","message":"OpsiMenuModule dependencies initialized","timestamp":"2025-11-01T14:52:45.382Z"}
{"context":"InstanceLoader","level":"info","message":"UserModule dependencies initialized","timestamp":"2025-11-01T14:52:45.382Z"}
{"context":"RoutesResolver","level":"info","message":"MenuController {/menu}:","timestamp":"2025-11-01T14:52:45.388Z"}
{"context":"RouterExplorer","level":"info","message":"Mapped {/menu, POST} route","timestamp":"2025-11-01T14:52:45.393Z"}
{"context":"RouterExplorer","level":"info","message":"Mapped {/menu, GET} route","timestamp":"2025-11-01T14:52:45.394Z"}
{"context":"RouterExplorer","level":"info","message":"Mapped {/menu/:id, PUT} route","timestamp":"2025-11-01T14:52:45.396Z"}
{"context":"RouterExplorer","level":"info","message":"Mapped {/menu/:id, DELETE} route","timestamp":"2025-11-01T14:52:45.397Z"}
{"context":"RoutesResolver","level":"info","message":"OrderController {/order}:","timestamp":"2025-11-01T14:52:45.397Z"}
{"context":"RouterExplorer","level":"info","message":"Mapped {/order, POST} route","timestamp":"2025-11-01T14:52:45.398Z"}
{"context":"RouterExplorer","level":"info","message":"Mapped {/order/:year/:month, GET} route","timestamp":"2025-11-01T14:52:45.398Z"}
{"context":"RoutesResolver","level":"info","message":"UserController {/user}:","timestamp":"2025-11-01T14:52:45.399Z"}
{"context":"RouterExplorer","level":"info","message":"Mapped {/user/register, POST} route","timestamp":"2025-11-01T14:52:45.400Z"}
{"context":"RouterExplorer","level":"info","message":"Mapped {/user/login, POST} route","timestamp":"2025-11-01T14:52:45.400Z"}
{"context":"RouterExplorer","level":"info","message":"Mapped {/user/profile, GET} route","timestamp":"2025-11-01T14:52:45.402Z"}
{"context":"RouterExplorer","level":"info","message":"Mapped {/user, GET} route","timestamp":"2025-11-01T14:52:45.403Z"}
{"context":"RouterExplorer","level":"info","message":"Mapped {/user/:id, GET} route","timestamp":"2025-11-01T14:52:45.404Z"}
{"context":"RouterExplorer","level":"info","message":"Mapped {/user/:id, PUT} route","timestamp":"2025-11-01T14:52:45.405Z"}
{"context":"RouterExplorer","level":"info","message":"Mapped {/user/:id, DELETE} route","timestamp":"2025-11-01T14:52:45.405Z"}
{"context":"RoutesResolver","level":"info","message":"StokController {/stok}:","timestamp":"2025-11-01T14:52:45.405Z"}
{"context":"RouterExplorer","level":"info","message":"Mapped {/stok, POST} route","timestamp":"2025-11-01T14:52:45.406Z"}
{"context":"RouterExplorer","level":"info","message":"Mapped {/stok, GET} route","timestamp":"2025-11-01T14:52:45.406Z"}
{"context":"RouterExplorer","level":"info","message":"Mapped {/stok/:id, PUT} route","timestamp":"2025-11-01T14:52:45.407Z"}
{"context":"RouterExplorer","level":"info","message":"Mapped {/stok/:id, DELETE} route","timestamp":"2025-11-01T14:52:45.408Z"}
{"context":"RoutesResolver","level":"info","message":"OpsiMenuController {/opsi-menu}:","timestamp":"2025-11-01T14:52:45.408Z"}
{"context":"RouterExplorer","level":"info","message":"Mapped {/opsi-menu, POST} route","timestamp":"2025-11-01T14:52:45.409Z"}
{"context":"RouterExplorer","level":"info","message":"Mapped {/opsi-menu, GET} route","timestamp":"2025-11-01T14:52:45.410Z"}
{"context":"RouterExplorer","level":"info","message":"Mapped {/opsi-menu/:id, GET} route","timestamp":"2025-11-01T14:52:45.410Z"}
{"context":"RouterExplorer","level":"info","message":"Mapped {/opsi-menu/:id, PUT} route","timestamp":"2025-11-01T14:52:45.411Z"}
{"context":"RouterExplorer","level":"info","message":"Mapped {/opsi-menu/:id, DELETE} route","timestamp":"2025-11-01T14:52:45.411Z"}
{"context":"NestApplication","level":"info","message":"Nest application successfully started","timestamp":"2025-11-01T14:52:45.415Z"}
{"level":"info","message":"Application is running on: http://[::1]:3001","timestamp":"2025-11-01T14:52:45.420Z"}
