{"context":"NestFactory","level":"info","message":"Starting Nest application...","timestamp":"2025-10-21T03:59:44.478Z"}
{"context":"InstanceLoader","level":"info","message":"AppModule dependencies initialized","timestamp":"2025-10-21T03:59:44.492Z"}
{"context":"InstanceLoader","level":"info","message":"MongooseModule dependencies initialized","timestamp":"2025-10-21T03:59:44.493Z"}
{"context":"InstanceLoader","level":"info","message":"PassportModule dependencies initialized","timestamp":"2025-10-21T03:59:44.494Z"}
{"context":"InstanceLoader","level":"info","message":"HttpModule dependencies initialized","timestamp":"2025-10-21T03:59:44.495Z"}
{"context":"InstanceLoader","level":"info","message":"ConfigHostModule dependencies initialized","timestamp":"2025-10-21T03:59:44.495Z"}
{"context":"InstanceLoader","level":"info","message":"ServeStaticModule dependencies initialized","timestamp":"2025-10-21T03:59:44.496Z"}
{"context":"InstanceLoader","level":"info","message":"ConfigModule dependencies initialized","timestamp":"2025-10-21T03:59:44.496Z"}
{"context":"InstanceLoader","level":"info","message":"ConfigModule dependencies initialized","timestamp":"2025-10-21T03:59:44.498Z"}
{"context":"InstanceLoader","level":"info","message":"JwtModule dependencies initialized","timestamp":"2025-10-21T03:59:44.518Z"}
{"context":"InstanceLoader","level":"info","message":"MongooseCoreModule dependencies initialized","timestamp":"2025-10-21T03:59:44.527Z"}
{"context":"InstanceLoader","level":"info","message":"MongooseModule dependencies initialized","timestamp":"2025-10-21T03:59:44.532Z"}
{"context":"InstanceLoader","level":"info","message":"MongooseModule dependencies initialized","timestamp":"2025-10-21T03:59:44.533Z"}
{"context":"InstanceLoader","level":"info","message":"MongooseModule dependencies initialized","timestamp":"2025-10-21T03:59:44.533Z"}
{"context":"InstanceLoader","level":"info","message":"OrderModule dependencies initialized","timestamp":"2025-10-21T03:59:44.535Z"}
{"context":"InstanceLoader","level":"info","message":"MenuModule dependencies initialized","timestamp":"2025-10-21T03:59:44.535Z"}
{"context":"InstanceLoader","level":"info","message":"UserModule dependencies initialized","timestamp":"2025-10-21T03:59:44.535Z"}
{"context":"RoutesResolver","level":"info","message":"MenuController {/menu}:","timestamp":"2025-10-21T03:59:44.539Z"}
{"context":"RouterExplorer","level":"info","message":"Mapped {/menu, POST} route","timestamp":"2025-10-21T03:59:44.541Z"}
{"context":"RouterExplorer","level":"info","message":"Mapped {/menu, GET} route","timestamp":"2025-10-21T03:59:44.542Z"}
{"context":"RouterExplorer","level":"info","message":"Mapped {/menu/:id, PUT} route","timestamp":"2025-10-21T03:59:44.543Z"}
{"context":"RouterExplorer","level":"info","message":"Mapped {/menu/:id, DELETE} route","timestamp":"2025-10-21T03:59:44.544Z"}
{"context":"RoutesResolver","level":"info","message":"OrderController {/order}:","timestamp":"2025-10-21T03:59:44.544Z"}
{"context":"RouterExplorer","level":"info","message":"Mapped {/order, POST} route","timestamp":"2025-10-21T03:59:44.545Z"}
{"context":"RouterExplorer","level":"info","message":"Mapped {/order/:year/:month, GET} route","timestamp":"2025-10-21T03:59:44.545Z"}
{"context":"RoutesResolver","level":"info","message":"UserController {/user}:","timestamp":"2025-10-21T03:59:44.546Z"}
{"context":"RouterExplorer","level":"info","message":"Mapped {/user/register, POST} route","timestamp":"2025-10-21T03:59:44.547Z"}
{"context":"RouterExplorer","level":"info","message":"Mapped {/user/login, POST} route","timestamp":"2025-10-21T03:59:44.548Z"}
{"context":"RouterExplorer","level":"info","message":"Mapped {/user/profile, GET} route","timestamp":"2025-10-21T03:59:44.550Z"}
{"context":"RouterExplorer","level":"info","message":"Mapped {/user, GET} route","timestamp":"2025-10-21T03:59:44.551Z"}
{"context":"RouterExplorer","level":"info","message":"Mapped {/user/:id, GET} route","timestamp":"2025-10-21T03:59:44.552Z"}
{"context":"RouterExplorer","level":"info","message":"Mapped {/user/:id, PUT} route","timestamp":"2025-10-21T03:59:44.552Z"}
{"context":"RouterExplorer","level":"info","message":"Mapped {/user/:id, DELETE} route","timestamp":"2025-10-21T03:59:44.553Z"}
{"context":"NestApplication","level":"info","message":"Nest application successfully started","timestamp":"2025-10-21T03:59:44.555Z"}
{"level":"info","message":"Application is running on: http://[::1]:3001","timestamp":"2025-10-21T03:59:44.559Z"}
{"context":"NestFactory","level":"info","message":"Starting Nest application...","timestamp":"2025-10-21T04:02:53.862Z"}
{"context":"InstanceLoader","level":"info","message":"AppModule dependencies initialized","timestamp":"2025-10-21T04:02:53.874Z"}
{"context":"InstanceLoader","level":"info","message":"MongooseModule dependencies initialized","timestamp":"2025-10-21T04:02:53.875Z"}
{"context":"InstanceLoader","level":"info","message":"PassportModule dependencies initialized","timestamp":"2025-10-21T04:02:53.875Z"}
{"context":"InstanceLoader","level":"info","message":"HttpModule dependencies initialized","timestamp":"2025-10-21T04:02:53.876Z"}
{"context":"InstanceLoader","level":"info","message":"ConfigHostModule dependencies initialized","timestamp":"2025-10-21T04:02:53.877Z"}
{"context":"InstanceLoader","level":"info","message":"ServeStaticModule dependencies initialized","timestamp":"2025-10-21T04:02:53.877Z"}
{"context":"InstanceLoader","level":"info","message":"ConfigModule dependencies initialized","timestamp":"2025-10-21T04:02:53.877Z"}
{"context":"InstanceLoader","level":"info","message":"ConfigModule dependencies initialized","timestamp":"2025-10-21T04:02:53.878Z"}
{"context":"InstanceLoader","level":"info","message":"JwtModule dependencies initialized","timestamp":"2025-10-21T04:02:53.898Z"}
{"context":"InstanceLoader","level":"info","message":"MongooseCoreModule dependencies initialized","timestamp":"2025-10-21T04:02:53.910Z"}
{"context":"InstanceLoader","level":"info","message":"MongooseModule dependencies initialized","timestamp":"2025-10-21T04:02:53.916Z"}
{"context":"InstanceLoader","level":"info","message":"MongooseModule dependencies initialized","timestamp":"2025-10-21T04:02:53.917Z"}
{"context":"InstanceLoader","level":"info","message":"MongooseModule dependencies initialized","timestamp":"2025-10-21T04:02:53.918Z"}
{"context":"InstanceLoader","level":"info","message":"OrderModule dependencies initialized","timestamp":"2025-10-21T04:02:53.920Z"}
{"context":"InstanceLoader","level":"info","message":"MenuModule dependencies initialized","timestamp":"2025-10-21T04:02:53.921Z"}
{"context":"InstanceLoader","level":"info","message":"UserModule dependencies initialized","timestamp":"2025-10-21T04:02:53.921Z"}
{"context":"RoutesResolver","level":"info","message":"MenuController {/menu}:","timestamp":"2025-10-21T04:02:53.925Z"}
{"context":"RouterExplorer","level":"info","message":"Mapped {/menu, POST} route","timestamp":"2025-10-21T04:02:53.929Z"}
{"context":"RouterExplorer","level":"info","message":"Mapped {/menu, GET} route","timestamp":"2025-10-21T04:02:53.930Z"}
{"context":"RouterExplorer","level":"info","message":"Mapped {/menu/:id, PUT} route","timestamp":"2025-10-21T04:02:53.931Z"}
{"context":"RouterExplorer","level":"info","message":"Mapped {/menu/:id, DELETE} route","timestamp":"2025-10-21T04:02:53.931Z"}
{"context":"RoutesResolver","level":"info","message":"OrderController {/order}:","timestamp":"2025-10-21T04:02:53.932Z"}
{"context":"RouterExplorer","level":"info","message":"Mapped {/order, POST} route","timestamp":"2025-10-21T04:02:53.932Z"}
{"context":"RouterExplorer","level":"info","message":"Mapped {/order/:year/:month, GET} route","timestamp":"2025-10-21T04:02:53.933Z"}
{"context":"RoutesResolver","level":"info","message":"UserController {/user}:","timestamp":"2025-10-21T04:02:53.933Z"}
{"context":"RouterExplorer","level":"info","message":"Mapped {/user/register, POST} route","timestamp":"2025-10-21T04:02:53.934Z"}
{"context":"RouterExplorer","level":"info","message":"Mapped {/user/login, POST} route","timestamp":"2025-10-21T04:02:53.934Z"}
{"context":"RouterExplorer","level":"info","message":"Mapped {/user/profile, GET} route","timestamp":"2025-10-21T04:02:53.935Z"}
{"context":"RouterExplorer","level":"info","message":"Mapped {/user, GET} route","timestamp":"2025-10-21T04:02:53.935Z"}
{"context":"RouterExplorer","level":"info","message":"Mapped {/user/:id, GET} route","timestamp":"2025-10-21T04:02:53.936Z"}
{"context":"RouterExplorer","level":"info","message":"Mapped {/user/:id, PUT} route","timestamp":"2025-10-21T04:02:53.936Z"}
{"context":"RouterExplorer","level":"info","message":"Mapped {/user/:id, DELETE} route","timestamp":"2025-10-21T04:02:53.937Z"}
{"context":"NestApplication","level":"info","message":"Nest application successfully started","timestamp":"2025-10-21T04:02:53.940Z"}
{"level":"info","message":"Application is running on: http://[::1]:3001","timestamp":"2025-10-21T04:02:53.945Z"}
{"context":"NestFactory","level":"info","message":"Starting Nest application...","timestamp":"2025-10-21T04:02:58.946Z"}
{"context":"InstanceLoader","level":"info","message":"AppModule dependencies initialized","timestamp":"2025-10-21T04:02:58.956Z"}
{"context":"InstanceLoader","level":"info","message":"MongooseModule dependencies initialized","timestamp":"2025-10-21T04:02:58.957Z"}
{"context":"InstanceLoader","level":"info","message":"PassportModule dependencies initialized","timestamp":"2025-10-21T04:02:58.957Z"}
{"context":"InstanceLoader","level":"info","message":"HttpModule dependencies initialized","timestamp":"2025-10-21T04:02:58.958Z"}
{"context":"InstanceLoader","level":"info","message":"ConfigHostModule dependencies initialized","timestamp":"2025-10-21T04:02:58.959Z"}
{"context":"InstanceLoader","level":"info","message":"ServeStaticModule dependencies initialized","timestamp":"2025-10-21T04:02:58.959Z"}
{"context":"InstanceLoader","level":"info","message":"ConfigModule dependencies initialized","timestamp":"2025-10-21T04:02:58.960Z"}
{"context":"InstanceLoader","level":"info","message":"ConfigModule dependencies initialized","timestamp":"2025-10-21T04:02:58.960Z"}
{"context":"InstanceLoader","level":"info","message":"JwtModule dependencies initialized","timestamp":"2025-10-21T04:02:58.976Z"}
{"context":"InstanceLoader","level":"info","message":"MongooseCoreModule dependencies initialized","timestamp":"2025-10-21T04:02:58.986Z"}
{"context":"InstanceLoader","level":"info","message":"MongooseModule dependencies initialized","timestamp":"2025-10-21T04:02:58.991Z"}
{"context":"InstanceLoader","level":"info","message":"MongooseModule dependencies initialized","timestamp":"2025-10-21T04:02:58.991Z"}
{"context":"InstanceLoader","level":"info","message":"MongooseModule dependencies initialized","timestamp":"2025-10-21T04:02:58.991Z"}
{"context":"InstanceLoader","level":"info","message":"OrderModule dependencies initialized","timestamp":"2025-10-21T04:02:58.994Z"}
{"context":"InstanceLoader","level":"info","message":"MenuModule dependencies initialized","timestamp":"2025-10-21T04:02:58.994Z"}
{"context":"InstanceLoader","level":"info","message":"UserModule dependencies initialized","timestamp":"2025-10-21T04:02:58.995Z"}
{"context":"RoutesResolver","level":"info","message":"MenuController {/menu}:","timestamp":"2025-10-21T04:02:58.998Z"}
{"context":"RouterExplorer","level":"info","message":"Mapped {/menu, POST} route","timestamp":"2025-10-21T04:02:59.001Z"}
{"context":"RouterExplorer","level":"info","message":"Mapped {/menu, GET} route","timestamp":"2025-10-21T04:02:59.001Z"}
{"context":"RouterExplorer","level":"info","message":"Mapped {/menu/:id, PUT} route","timestamp":"2025-10-21T04:02:59.002Z"}
{"context":"RouterExplorer","level":"info","message":"Mapped {/menu/:id, DELETE} route","timestamp":"2025-10-21T04:02:59.003Z"}
{"context":"RoutesResolver","level":"info","message":"OrderController {/order}:","timestamp":"2025-10-21T04:02:59.003Z"}
{"context":"RouterExplorer","level":"info","message":"Mapped {/order, POST} route","timestamp":"2025-10-21T04:02:59.003Z"}
{"context":"RouterExplorer","level":"info","message":"Mapped {/order/:year/:month, GET} route","timestamp":"2025-10-21T04:02:59.004Z"}
{"context":"RoutesResolver","level":"info","message":"UserController {/user}:","timestamp":"2025-10-21T04:02:59.004Z"}
{"context":"RouterExplorer","level":"info","message":"Mapped {/user/register, POST} route","timestamp":"2025-10-21T04:02:59.004Z"}
{"context":"RouterExplorer","level":"info","message":"Mapped {/user/login, POST} route","timestamp":"2025-10-21T04:02:59.005Z"}
{"context":"RouterExplorer","level":"info","message":"Mapped {/user/profile, GET} route","timestamp":"2025-10-21T04:02:59.005Z"}
{"context":"RouterExplorer","level":"info","message":"Mapped {/user, GET} route","timestamp":"2025-10-21T04:02:59.006Z"}
{"context":"RouterExplorer","level":"info","message":"Mapped {/user/:id, GET} route","timestamp":"2025-10-21T04:02:59.007Z"}
{"context":"RouterExplorer","level":"info","message":"Mapped {/user/:id, PUT} route","timestamp":"2025-10-21T04:02:59.008Z"}
{"context":"RouterExplorer","level":"info","message":"Mapped {/user/:id, DELETE} route","timestamp":"2025-10-21T04:02:59.009Z"}
{"context":"NestApplication","level":"info","message":"Nest application successfully started","timestamp":"2025-10-21T04:02:59.012Z"}
{"level":"info","message":"Application is running on: http://[::1]:3001","timestamp":"2025-10-21T04:02:59.017Z"}
{"context":"NestFactory","level":"info","message":"Starting Nest application...","timestamp":"2025-10-21T04:03:10.877Z"}
{"context":"InstanceLoader","level":"info","message":"AppModule dependencies initialized","timestamp":"2025-10-21T04:03:10.889Z"}
{"context":"InstanceLoader","level":"info","message":"MongooseModule dependencies initialized","timestamp":"2025-10-21T04:03:10.891Z"}
{"context":"InstanceLoader","level":"info","message":"PassportModule dependencies initialized","timestamp":"2025-10-21T04:03:10.893Z"}
{"context":"InstanceLoader","level":"info","message":"HttpModule dependencies initialized","timestamp":"2025-10-21T04:03:10.894Z"}
{"context":"InstanceLoader","level":"info","message":"ConfigHostModule dependencies initialized","timestamp":"2025-10-21T04:03:10.895Z"}
{"context":"InstanceLoader","level":"info","message":"ServeStaticModule dependencies initialized","timestamp":"2025-10-21T04:03:10.895Z"}
{"context":"InstanceLoader","level":"info","message":"ConfigModule dependencies initialized","timestamp":"2025-10-21T04:03:10.895Z"}
{"context":"InstanceLoader","level":"info","message":"ConfigModule dependencies initialized","timestamp":"2025-10-21T04:03:10.896Z"}
{"context":"InstanceLoader","level":"info","message":"JwtModule dependencies initialized","timestamp":"2025-10-21T04:03:10.915Z"}
{"context":"InstanceLoader","level":"info","message":"MongooseCoreModule dependencies initialized","timestamp":"2025-10-21T04:03:10.925Z"}
{"context":"InstanceLoader","level":"info","message":"MongooseModule dependencies initialized","timestamp":"2025-10-21T04:03:10.930Z"}
{"context":"InstanceLoader","level":"info","message":"MongooseModule dependencies initialized","timestamp":"2025-10-21T04:03:10.930Z"}
{"context":"InstanceLoader","level":"info","message":"MongooseModule dependencies initialized","timestamp":"2025-10-21T04:03:10.931Z"}
{"context":"InstanceLoader","level":"info","message":"OrderModule dependencies initialized","timestamp":"2025-10-21T04:03:10.932Z"}
{"context":"InstanceLoader","level":"info","message":"MenuModule dependencies initialized","timestamp":"2025-10-21T04:03:10.932Z"}
{"context":"InstanceLoader","level":"info","message":"UserModule dependencies initialized","timestamp":"2025-10-21T04:03:10.933Z"}
{"context":"RoutesResolver","level":"info","message":"MenuController {/menu}:","timestamp":"2025-10-21T04:03:10.937Z"}
{"context":"RouterExplorer","level":"info","message":"Mapped {/menu, POST} route","timestamp":"2025-10-21T04:03:10.939Z"}
{"context":"RouterExplorer","level":"info","message":"Mapped {/menu, GET} route","timestamp":"2025-10-21T04:03:10.940Z"}
{"context":"RouterExplorer","level":"info","message":"Mapped {/menu/:id, PUT} route","timestamp":"2025-10-21T04:03:10.940Z"}
{"context":"RouterExplorer","level":"info","message":"Mapped {/menu/:id, DELETE} route","timestamp":"2025-10-21T04:03:10.941Z"}
{"context":"RoutesResolver","level":"info","message":"OrderController {/order}:","timestamp":"2025-10-21T04:03:10.942Z"}
{"context":"RouterExplorer","level":"info","message":"Mapped {/order, POST} route","timestamp":"2025-10-21T04:03:10.942Z"}
{"context":"RouterExplorer","level":"info","message":"Mapped {/order/:year/:month, GET} route","timestamp":"2025-10-21T04:03:10.942Z"}
{"context":"RoutesResolver","level":"info","message":"UserController {/user}:","timestamp":"2025-10-21T04:03:10.943Z"}
{"context":"RouterExplorer","level":"info","message":"Mapped {/user/register, POST} route","timestamp":"2025-10-21T04:03:10.943Z"}
{"context":"RouterExplorer","level":"info","message":"Mapped {/user/login, POST} route","timestamp":"2025-10-21T04:03:10.944Z"}
{"context":"RouterExplorer","level":"info","message":"Mapped {/user/profile, GET} route","timestamp":"2025-10-21T04:03:10.945Z"}
{"context":"RouterExplorer","level":"info","message":"Mapped {/user, GET} route","timestamp":"2025-10-21T04:03:10.946Z"}
{"context":"RouterExplorer","level":"info","message":"Mapped {/user/:id, GET} route","timestamp":"2025-10-21T04:03:10.946Z"}
{"context":"RouterExplorer","level":"info","message":"Mapped {/user/:id, PUT} route","timestamp":"2025-10-21T04:03:10.947Z"}
{"context":"RouterExplorer","level":"info","message":"Mapped {/user/:id, DELETE} route","timestamp":"2025-10-21T04:03:10.947Z"}
{"context":"NestApplication","level":"info","message":"Nest application successfully started","timestamp":"2025-10-21T04:03:10.951Z"}
{"level":"info","message":"Application is running on: http://[::1]:3001","timestamp":"2025-10-21T04:03:10.958Z"}
{"context":"OrderService","level":"info","message":"Order successfully saved with ID: fcc81aa3-6e7a-42a2-9888-6d7427439309","timestamp":"2025-10-21T04:08:47.797Z"}
{"context":"OrderService","level":"info","message":"Sending WhatsApp message for order fcc81aa3-6e7a-42a2-9888-6d7427439309 to 6281268778159","timestamp":"2025-10-21T04:08:47.811Z"}
{"context":"OrderService","level":"info","message":"WhatsApp message sent successfully for order fcc81aa3-6e7a-42a2-9888-6d7427439309","timestamp":"2025-10-21T04:08:48.124Z"}
{"context":"NestFactory","level":"info","message":"Starting Nest application...","timestamp":"2025-10-21T04:25:17.665Z"}
{"context":"InstanceLoader","level":"info","message":"AppModule dependencies initialized","timestamp":"2025-10-21T04:25:17.678Z"}
{"context":"InstanceLoader","level":"info","message":"MongooseModule dependencies initialized","timestamp":"2025-10-21T04:25:17.679Z"}
{"context":"InstanceLoader","level":"info","message":"PassportModule dependencies initialized","timestamp":"2025-10-21T04:25:17.680Z"}
{"context":"InstanceLoader","level":"info","message":"HttpModule dependencies initialized","timestamp":"2025-10-21T04:25:17.681Z"}
{"context":"InstanceLoader","level":"info","message":"ConfigHostModule dependencies initialized","timestamp":"2025-10-21T04:25:17.682Z"}
{"context":"InstanceLoader","level":"info","message":"ServeStaticModule dependencies initialized","timestamp":"2025-10-21T04:25:17.684Z"}
{"context":"InstanceLoader","level":"info","message":"ConfigModule dependencies initialized","timestamp":"2025-10-21T04:25:17.684Z"}
{"context":"InstanceLoader","level":"info","message":"ConfigModule dependencies initialized","timestamp":"2025-10-21T04:25:17.686Z"}
{"context":"InstanceLoader","level":"info","message":"JwtModule dependencies initialized","timestamp":"2025-10-21T04:25:17.708Z"}
{"context":"InstanceLoader","level":"info","message":"MongooseCoreModule dependencies initialized","timestamp":"2025-10-21T04:25:17.721Z"}
{"context":"InstanceLoader","level":"info","message":"MongooseModule dependencies initialized","timestamp":"2025-10-21T04:25:17.728Z"}
{"context":"InstanceLoader","level":"info","message":"MongooseModule dependencies initialized","timestamp":"2025-10-21T04:25:17.728Z"}
{"context":"InstanceLoader","level":"info","message":"MongooseModule dependencies initialized","timestamp":"2025-10-21T04:25:17.729Z"}
{"context":"InstanceLoader","level":"info","message":"OrderModule dependencies initialized","timestamp":"2025-10-21T04:25:17.731Z"}
{"context":"InstanceLoader","level":"info","message":"MenuModule dependencies initialized","timestamp":"2025-10-21T04:25:17.732Z"}
{"context":"InstanceLoader","level":"info","message":"UserModule dependencies initialized","timestamp":"2025-10-21T04:25:17.733Z"}
{"context":"RoutesResolver","level":"info","message":"MenuController {/menu}:","timestamp":"2025-10-21T04:25:17.737Z"}
{"context":"RouterExplorer","level":"info","message":"Mapped {/menu, POST} route","timestamp":"2025-10-21T04:25:17.739Z"}
{"context":"RouterExplorer","level":"info","message":"Mapped {/menu, GET} route","timestamp":"2025-10-21T04:25:17.740Z"}
{"context":"RouterExplorer","level":"info","message":"Mapped {/menu/:id, PUT} route","timestamp":"2025-10-21T04:25:17.741Z"}
{"context":"RouterExplorer","level":"info","message":"Mapped {/menu/:id, DELETE} route","timestamp":"2025-10-21T04:25:17.743Z"}
{"context":"RoutesResolver","level":"info","message":"OrderController {/order}:","timestamp":"2025-10-21T04:25:17.745Z"}
{"context":"RouterExplorer","level":"info","message":"Mapped {/order, POST} route","timestamp":"2025-10-21T04:25:17.746Z"}
{"context":"RouterExplorer","level":"info","message":"Mapped {/order/:year/:month, GET} route","timestamp":"2025-10-21T04:25:17.747Z"}
{"context":"RoutesResolver","level":"info","message":"UserController {/user}:","timestamp":"2025-10-21T04:25:17.748Z"}
{"context":"RouterExplorer","level":"info","message":"Mapped {/user/register, POST} route","timestamp":"2025-10-21T04:25:17.749Z"}
{"context":"RouterExplorer","level":"info","message":"Mapped {/user/login, POST} route","timestamp":"2025-10-21T04:25:17.749Z"}
{"context":"RouterExplorer","level":"info","message":"Mapped {/user/profile, GET} route","timestamp":"2025-10-21T04:25:17.751Z"}
{"context":"RouterExplorer","level":"info","message":"Mapped {/user, GET} route","timestamp":"2025-10-21T04:25:17.752Z"}
{"context":"RouterExplorer","level":"info","message":"Mapped {/user/:id, GET} route","timestamp":"2025-10-21T04:25:17.753Z"}
{"context":"RouterExplorer","level":"info","message":"Mapped {/user/:id, PUT} route","timestamp":"2025-10-21T04:25:17.753Z"}
{"context":"RouterExplorer","level":"info","message":"Mapped {/user/:id, DELETE} route","timestamp":"2025-10-21T04:25:17.754Z"}
{"context":"NestApplication","level":"info","message":"Nest application successfully started","timestamp":"2025-10-21T04:25:17.759Z"}
{"level":"info","message":"Application is running on: http://[::1]:3001","timestamp":"2025-10-21T04:25:17.768Z"}
{"context":"OrderService","level":"info","message":"Order successfully saved with ID: 5bfa110a-9be7-473c-b8f0-7e2e9ff5d288","timestamp":"2025-10-21T04:25:32.379Z"}
{"context":"OrderService","level":"info","message":"Sending WhatsApp message for order 5bfa110a-9be7-473c-b8f0-7e2e9ff5d288 to 6281268778159","timestamp":"2025-10-21T04:25:32.390Z"}
{"context":"OrderService","level":"info","message":"WhatsApp message sent successfully for order 5bfa110a-9be7-473c-b8f0-7e2e9ff5d288","timestamp":"2025-10-21T04:25:32.717Z"}
